04 20, 2021 14:34:44 下午 cn.ycx.ycxtomcat.catalina.Context deploy
INFO : Deploying web application directory /Users/chuancey/Idea-Workspace/YcxTomcat/webapps/a
04 20, 2021 14:34:44 下午 cn.ycx.ycxtomcat.catalina.Context deploy
INFO : Deployment of web application directory /Users/chuancey/Idea-Workspace/YcxTomcat/webapps/a has finished in 348 ms.
04 20, 2021 14:34:44 下午 cn.ycx.ycxtomcat.catalina.Context deploy
INFO : Deploying web application directory /Users/chuancey/Idea-Workspace/YcxTomcat/webapps/b
04 20, 2021 14:34:44 下午 cn.ycx.ycxtomcat.catalina.Context deploy
INFO : Deployment of web application directory /Users/chuancey/Idea-Workspace/YcxTomcat/webapps/b has finished in 0 ms.
04 20, 2021 14:34:44 下午 cn.ycx.ycxtomcat.catalina.Context deploy
INFO : Deploying web application directory /Users/chuancey/Idea-Workspace/YcxTomcat/webapps/ROOT
04 20, 2021 14:34:44 下午 cn.ycx.ycxtomcat.catalina.Context deploy
INFO : Deployment of web application directory /Users/chuancey/Idea-Workspace/YcxTomcat/webapps/ROOT has finished in 9 ms.
04 20, 2021 14:34:44 下午 cn.ycx.ycxtomcat.catalina.Context deploy
INFO : Deploying web application directory /Users/chuancey/Idea-Workspace/YcxTomcat/webapps/b
04 20, 2021 14:34:44 下午 cn.ycx.ycxtomcat.catalina.Context deploy
INFO : Deployment of web application directory /Users/chuancey/Idea-Workspace/YcxTomcat/webapps/b has finished in 1 ms.
04 20, 2021 14:34:44 下午 cn.ycx.ycxtomcat.catalina.Server logJVM
INFO : OS Version:		10.12.6
04 20, 2021 14:34:44 下午 cn.ycx.ycxtomcat.catalina.Server logJVM
INFO : OS Name	:		Mac OS X
04 20, 2021 14:34:44 下午 cn.ycx.ycxtomcat.catalina.Server logJVM
INFO : Architecture:		x86_64
04 20, 2021 14:34:44 下午 cn.ycx.ycxtomcat.catalina.Server logJVM
INFO : Server version:		Ycx DiyTomcat/1.0.1
04 20, 2021 14:34:44 下午 cn.ycx.ycxtomcat.catalina.Server logJVM
INFO : Server built:		2020-04-08 10:20:22
04 20, 2021 14:34:44 下午 cn.ycx.ycxtomcat.catalina.Server logJVM
INFO : Java Home:		/Library/Java/JavaVirtualMachines/jdk1.8.0_144.jdk/Contents/Home/jre
04 20, 2021 14:34:44 下午 cn.ycx.ycxtomcat.catalina.Server logJVM
INFO : JVM Version:		1.8.0_144-b01
04 20, 2021 14:34:44 下午 cn.ycx.ycxtomcat.catalina.Server logJVM
INFO : JVM Vendor:		Oracle Corporation
04 20, 2021 14:34:44 下午 cn.ycx.ycxtomcat.catalina.Server logJVM
INFO : Server number:		1.0.1
04 20, 2021 14:34:44 下午 cn.ycx.ycxtomcat.catalina.Connector init
INFO : Initializing ProtocolHandler [http-bio-18080]
04 20, 2021 14:34:44 下午 cn.ycx.ycxtomcat.catalina.Connector init
INFO : Initializing ProtocolHandler [http-bio-18081]
04 20, 2021 14:34:44 下午 cn.ycx.ycxtomcat.catalina.Connector init
INFO : Initializing ProtocolHandler [http-bio-18082]
04 20, 2021 14:34:44 下午 cn.ycx.ycxtomcat.catalina.Service init
INFO : Initialization processed in 3 ms
04 20, 2021 14:34:44 下午 cn.ycx.ycxtomcat.catalina.Connector start
INFO : Starting ProtocolHandler [http-bio-18080]
04 20, 2021 14:34:44 下午 cn.ycx.ycxtomcat.catalina.Connector start
INFO : Starting ProtocolHandler [http-bio-18081]
04 20, 2021 14:34:44 下午 cn.ycx.ycxtomcat.catalina.Connector start
INFO : Starting ProtocolHandler [http-bio-18082]
04 20, 2021 14:34:44 下午 cn.ycx.ycxtomcat.catalina.Server start
INFO : Server startup in 18 ms
04 20, 2021 14:55:31 下午 cn.ycx.ycxtomcat.catalina.Context deploy
INFO : Deploying web application directory /Users/chuancey/Idea-Workspace/YcxTomcat/webapps/a
04 20, 2021 14:55:31 下午 cn.ycx.ycxtomcat.catalina.Context deploy
INFO : Deployment of web application directory /Users/chuancey/Idea-Workspace/YcxTomcat/webapps/a has finished in 322 ms.
04 20, 2021 14:55:31 下午 cn.ycx.ycxtomcat.catalina.Context deploy
INFO : Deploying web application directory /Users/chuancey/Idea-Workspace/YcxTomcat/webapps/b
04 20, 2021 14:55:31 下午 cn.ycx.ycxtomcat.catalina.Context deploy
INFO : Deployment of web application directory /Users/chuancey/Idea-Workspace/YcxTomcat/webapps/b has finished in 1 ms.
04 20, 2021 14:55:31 下午 cn.ycx.ycxtomcat.catalina.Context deploy
INFO : Deploying web application directory /Users/chuancey/Idea-Workspace/YcxTomcat/webapps/ROOT
04 20, 2021 14:55:31 下午 cn.ycx.ycxtomcat.catalina.Context deploy
INFO : Deployment of web application directory /Users/chuancey/Idea-Workspace/YcxTomcat/webapps/ROOT has finished in 16 ms.
04 20, 2021 14:55:31 下午 cn.ycx.ycxtomcat.catalina.Context deploy
INFO : Deploying web application directory /Users/chuancey/Idea-Workspace/YcxTomcat/webapps/b
04 20, 2021 14:55:31 下午 cn.ycx.ycxtomcat.catalina.Context deploy
INFO : Deployment of web application directory /Users/chuancey/Idea-Workspace/YcxTomcat/webapps/b has finished in 2 ms.
04 20, 2021 14:55:31 下午 cn.ycx.ycxtomcat.catalina.Server logJVM
INFO : OS Version:		10.12.6
04 20, 2021 14:55:31 下午 cn.ycx.ycxtomcat.catalina.Server logJVM
INFO : OS Name	:		Mac OS X
04 20, 2021 14:55:31 下午 cn.ycx.ycxtomcat.catalina.Server logJVM
INFO : Architecture:		x86_64
04 20, 2021 14:55:31 下午 cn.ycx.ycxtomcat.catalina.Server logJVM
INFO : Server version:		Ycx DiyTomcat/1.0.1
04 20, 2021 14:55:31 下午 cn.ycx.ycxtomcat.catalina.Server logJVM
INFO : Server built:		2020-04-08 10:20:22
04 20, 2021 14:55:31 下午 cn.ycx.ycxtomcat.catalina.Server logJVM
INFO : Java Home:		/Library/Java/JavaVirtualMachines/jdk1.8.0_144.jdk/Contents/Home/jre
04 20, 2021 14:55:31 下午 cn.ycx.ycxtomcat.catalina.Server logJVM
INFO : JVM Version:		1.8.0_144-b01
04 20, 2021 14:55:31 下午 cn.ycx.ycxtomcat.catalina.Server logJVM
INFO : JVM Vendor:		Oracle Corporation
04 20, 2021 14:55:31 下午 cn.ycx.ycxtomcat.catalina.Server logJVM
INFO : Server number:		1.0.1
04 20, 2021 14:55:31 下午 cn.ycx.ycxtomcat.catalina.Connector init
INFO : Initializing ProtocolHandler [http-bio-18080]
04 20, 2021 14:55:31 下午 cn.ycx.ycxtomcat.catalina.Connector init
INFO : Initializing ProtocolHandler [http-bio-18081]
04 20, 2021 14:55:31 下午 cn.ycx.ycxtomcat.catalina.Connector init
INFO : Initializing ProtocolHandler [http-bio-18082]
04 20, 2021 14:55:31 下午 cn.ycx.ycxtomcat.catalina.Service init
INFO : Initialization processed in 1 ms
04 20, 2021 14:55:31 下午 cn.ycx.ycxtomcat.catalina.Connector start
INFO : Starting ProtocolHandler [http-bio-18080]
04 20, 2021 14:55:31 下午 cn.ycx.ycxtomcat.catalina.Connector start
INFO : Starting ProtocolHandler [http-bio-18081]
04 20, 2021 14:55:31 下午 cn.ycx.ycxtomcat.catalina.Connector start
INFO : Starting ProtocolHandler [http-bio-18082]
04 20, 2021 14:55:31 下午 cn.ycx.ycxtomcat.catalina.Server start
INFO : Server startup in 10 ms
04 20, 2021 14:57:52 下午 cn.ycx.ycxtomcat.catalina.Context deploy
INFO : Deploying web application directory /Users/chuancey/Idea-Workspace/YcxTomcat/webapps/a
04 20, 2021 14:57:52 下午 cn.ycx.ycxtomcat.catalina.Context deploy
INFO : Deployment of web application directory /Users/chuancey/Idea-Workspace/YcxTomcat/webapps/a has finished in 348 ms.
04 20, 2021 14:57:52 下午 cn.ycx.ycxtomcat.catalina.Context deploy
INFO : Deploying web application directory /Users/chuancey/Idea-Workspace/YcxTomcat/webapps/b
04 20, 2021 14:57:52 下午 cn.ycx.ycxtomcat.catalina.Context deploy
INFO : Deployment of web application directory /Users/chuancey/Idea-Workspace/YcxTomcat/webapps/b has finished in 0 ms.
04 20, 2021 14:57:52 下午 cn.ycx.ycxtomcat.catalina.Context deploy
INFO : Deploying web application directory /Users/chuancey/Idea-Workspace/YcxTomcat/webapps/ROOT
04 20, 2021 14:57:52 下午 cn.ycx.ycxtomcat.catalina.Context deploy
INFO : Deployment of web application directory /Users/chuancey/Idea-Workspace/YcxTomcat/webapps/ROOT has finished in 7 ms.
04 20, 2021 14:57:52 下午 cn.ycx.ycxtomcat.catalina.Context deploy
INFO : Deploying web application directory /Users/chuancey/Idea-Workspace/YcxTomcat/webapps/b
04 20, 2021 14:57:52 下午 cn.ycx.ycxtomcat.catalina.Context deploy
INFO : Deployment of web application directory /Users/chuancey/Idea-Workspace/YcxTomcat/webapps/b has finished in 1 ms.
04 20, 2021 14:57:52 下午 cn.ycx.ycxtomcat.catalina.Server logJVM
INFO : OS Version:		10.12.6
04 20, 2021 14:57:52 下午 cn.ycx.ycxtomcat.catalina.Server logJVM
INFO : OS Name	:		Mac OS X
04 20, 2021 14:57:52 下午 cn.ycx.ycxtomcat.catalina.Server logJVM
INFO : Architecture:		x86_64
04 20, 2021 14:57:52 下午 cn.ycx.ycxtomcat.catalina.Server logJVM
INFO : Server version:		Ycx DiyTomcat/1.0.1
04 20, 2021 14:57:52 下午 cn.ycx.ycxtomcat.catalina.Server logJVM
INFO : Server built:		2020-04-08 10:20:22
04 20, 2021 14:57:52 下午 cn.ycx.ycxtomcat.catalina.Server logJVM
INFO : Java Home:		/Library/Java/JavaVirtualMachines/jdk1.8.0_144.jdk/Contents/Home/jre
04 20, 2021 14:57:52 下午 cn.ycx.ycxtomcat.catalina.Server logJVM
INFO : JVM Version:		1.8.0_144-b01
04 20, 2021 14:57:52 下午 cn.ycx.ycxtomcat.catalina.Server logJVM
INFO : JVM Vendor:		Oracle Corporation
04 20, 2021 14:57:52 下午 cn.ycx.ycxtomcat.catalina.Server logJVM
INFO : Server number:		1.0.1
04 20, 2021 14:57:52 下午 cn.ycx.ycxtomcat.catalina.Connector init
INFO : Initializing ProtocolHandler [http-bio-18080]
04 20, 2021 14:57:52 下午 cn.ycx.ycxtomcat.catalina.Connector init
INFO : Initializing ProtocolHandler [http-bio-18081]
04 20, 2021 14:57:52 下午 cn.ycx.ycxtomcat.catalina.Connector init
INFO : Initializing ProtocolHandler [http-bio-18082]
04 20, 2021 14:57:52 下午 cn.ycx.ycxtomcat.catalina.Service init
INFO : Initialization processed in 1 ms
04 20, 2021 14:57:52 下午 cn.ycx.ycxtomcat.catalina.Connector start
INFO : Starting ProtocolHandler [http-bio-18080]
04 20, 2021 14:57:52 下午 cn.ycx.ycxtomcat.catalina.Connector start
INFO : Starting ProtocolHandler [http-bio-18081]
04 20, 2021 14:57:52 下午 cn.ycx.ycxtomcat.catalina.Connector start
INFO : Starting ProtocolHandler [http-bio-18082]
04 20, 2021 14:57:52 下午 cn.ycx.ycxtomcat.catalina.Server start
INFO : Server startup in 9 ms
04 20, 2021 15:28:49 下午 cn.ycx.ycxtomcat.catalina.Context deploy
INFO : Deploying web application directory /Users/chuancey/Idea-Workspace/YcxTomcat/webapps/a
04 20, 2021 15:28:49 下午 cn.ycx.ycxtomcat.catalina.Context deploy
INFO : Deployment of web application directory /Users/chuancey/Idea-Workspace/YcxTomcat/webapps/a has finished in 256 ms.
04 20, 2021 15:28:49 下午 cn.ycx.ycxtomcat.catalina.Context deploy
INFO : Deploying web application directory /Users/chuancey/Idea-Workspace/YcxTomcat/webapps/b
04 20, 2021 15:28:49 下午 cn.ycx.ycxtomcat.catalina.Context deploy
INFO : Deployment of web application directory /Users/chuancey/Idea-Workspace/YcxTomcat/webapps/b has finished in 1 ms.
04 20, 2021 15:28:49 下午 cn.ycx.ycxtomcat.catalina.Context deploy
INFO : Deploying web application directory /Users/chuancey/Idea-Workspace/YcxTomcat/webapps/ROOT
04 20, 2021 15:28:49 下午 cn.ycx.ycxtomcat.catalina.Context deploy
INFO : Deployment of web application directory /Users/chuancey/Idea-Workspace/YcxTomcat/webapps/ROOT has finished in 12 ms.
04 20, 2021 15:28:49 下午 cn.ycx.ycxtomcat.catalina.Context deploy
INFO : Deploying web application directory /Users/chuancey/Idea-Workspace/YcxTomcat/webapps/b
04 20, 2021 15:28:49 下午 cn.ycx.ycxtomcat.catalina.Context deploy
INFO : Deployment of web application directory /Users/chuancey/Idea-Workspace/YcxTomcat/webapps/b has finished in 1 ms.
04 20, 2021 15:28:49 下午 cn.ycx.ycxtomcat.catalina.Server logJVM
INFO : OS Version:		10.12.6
04 20, 2021 15:28:49 下午 cn.ycx.ycxtomcat.catalina.Server logJVM
INFO : OS Name	:		Mac OS X
04 20, 2021 15:28:49 下午 cn.ycx.ycxtomcat.catalina.Server logJVM
INFO : Architecture:		x86_64
04 20, 2021 15:28:49 下午 cn.ycx.ycxtomcat.catalina.Server logJVM
INFO : Server version:		Ycx DiyTomcat/1.0.1
04 20, 2021 15:28:49 下午 cn.ycx.ycxtomcat.catalina.Server logJVM
INFO : Server built:		2020-04-08 10:20:22
04 20, 2021 15:28:49 下午 cn.ycx.ycxtomcat.catalina.Server logJVM
INFO : Java Home:		/Library/Java/JavaVirtualMachines/jdk1.8.0_144.jdk/Contents/Home/jre
04 20, 2021 15:28:49 下午 cn.ycx.ycxtomcat.catalina.Server logJVM
INFO : JVM Version:		1.8.0_144-b01
04 20, 2021 15:28:49 下午 cn.ycx.ycxtomcat.catalina.Server logJVM
INFO : JVM Vendor:		Oracle Corporation
04 20, 2021 15:28:49 下午 cn.ycx.ycxtomcat.catalina.Server logJVM
INFO : Server number:		1.0.1
04 20, 2021 15:28:49 下午 cn.ycx.ycxtomcat.catalina.Connector init
INFO : Initializing ProtocolHandler [http-bio-18080]
04 20, 2021 15:28:49 下午 cn.ycx.ycxtomcat.catalina.Connector init
INFO : Initializing ProtocolHandler [http-bio-18081]
04 20, 2021 15:28:49 下午 cn.ycx.ycxtomcat.catalina.Connector init
INFO : Initializing ProtocolHandler [http-bio-18082]
04 20, 2021 15:28:49 下午 cn.ycx.ycxtomcat.catalina.Service init
INFO : Initialization processed in 2 ms
04 20, 2021 15:28:49 下午 cn.ycx.ycxtomcat.catalina.Connector start
INFO : Starting ProtocolHandler [http-bio-18080]
04 20, 2021 15:28:49 下午 cn.ycx.ycxtomcat.catalina.Connector start
INFO : Starting ProtocolHandler [http-bio-18081]
04 20, 2021 15:28:49 下午 cn.ycx.ycxtomcat.catalina.Connector start
INFO : Starting ProtocolHandler [http-bio-18082]
04 20, 2021 15:28:49 下午 cn.ycx.ycxtomcat.catalina.Server start
INFO : Server startup in 22 ms
04 20, 2021 21:01:53 下午 cn.ycx.ycxtomcat.catalina.Context deploy
INFO : Deploying web application directory /Users/chuancey/Idea-Workspace/YcxTomcat/webapps/a
04 20, 2021 21:01:53 下午 cn.ycx.ycxtomcat.catalina.Context deploy
INFO : Deployment of web application directory /Users/chuancey/Idea-Workspace/YcxTomcat/webapps/a has finished in 366 ms.
04 20, 2021 21:01:53 下午 cn.ycx.ycxtomcat.catalina.Context deploy
INFO : Deploying web application directory /Users/chuancey/Idea-Workspace/YcxTomcat/webapps/b
04 20, 2021 21:01:53 下午 cn.ycx.ycxtomcat.catalina.Context deploy
INFO : Deployment of web application directory /Users/chuancey/Idea-Workspace/YcxTomcat/webapps/b has finished in 0 ms.
04 20, 2021 21:01:53 下午 cn.ycx.ycxtomcat.catalina.Context deploy
INFO : Deploying web application directory /Users/chuancey/Idea-Workspace/YcxTomcat/webapps/ROOT
04 20, 2021 21:01:53 下午 cn.ycx.ycxtomcat.catalina.Context deploy
INFO : Deployment of web application directory /Users/chuancey/Idea-Workspace/YcxTomcat/webapps/ROOT has finished in 6 ms.
04 20, 2021 21:01:53 下午 cn.ycx.ycxtomcat.catalina.Context deploy
INFO : Deploying web application directory /Users/chuancey/Idea-Workspace/YcxTomcat/webapps/b
04 20, 2021 21:01:53 下午 cn.ycx.ycxtomcat.catalina.Context deploy
INFO : Deployment of web application directory /Users/chuancey/Idea-Workspace/YcxTomcat/webapps/b has finished in 2 ms.
04 20, 2021 21:01:53 下午 cn.ycx.ycxtomcat.catalina.Server logJVM
INFO : OS Version:		10.12.6
04 20, 2021 21:01:53 下午 cn.ycx.ycxtomcat.catalina.Server logJVM
INFO : OS Name	:		Mac OS X
04 20, 2021 21:01:53 下午 cn.ycx.ycxtomcat.catalina.Server logJVM
INFO : Architecture:		x86_64
04 20, 2021 21:01:53 下午 cn.ycx.ycxtomcat.catalina.Server logJVM
INFO : Server version:		Ycx DiyTomcat/1.0.1
04 20, 2021 21:01:53 下午 cn.ycx.ycxtomcat.catalina.Server logJVM
INFO : Server built:		2020-04-08 10:20:22
04 20, 2021 21:01:53 下午 cn.ycx.ycxtomcat.catalina.Server logJVM
INFO : Java Home:		/Library/Java/JavaVirtualMachines/jdk1.8.0_144.jdk/Contents/Home/jre
04 20, 2021 21:01:53 下午 cn.ycx.ycxtomcat.catalina.Server logJVM
INFO : JVM Version:		1.8.0_144-b01
04 20, 2021 21:01:53 下午 cn.ycx.ycxtomcat.catalina.Server logJVM
INFO : JVM Vendor:		Oracle Corporation
04 20, 2021 21:01:53 下午 cn.ycx.ycxtomcat.catalina.Server logJVM
INFO : Server number:		1.0.1
04 20, 2021 21:01:53 下午 cn.ycx.ycxtomcat.catalina.Connector init
INFO : Initializing ProtocolHandler [http-bio-18080]
04 20, 2021 21:01:53 下午 cn.ycx.ycxtomcat.catalina.Connector init
INFO : Initializing ProtocolHandler [http-bio-18081]
04 20, 2021 21:01:53 下午 cn.ycx.ycxtomcat.catalina.Connector init
INFO : Initializing ProtocolHandler [http-bio-18082]
04 20, 2021 21:01:53 下午 cn.ycx.ycxtomcat.catalina.Service init
INFO : Initialization processed in 2 ms
04 20, 2021 21:01:53 下午 cn.ycx.ycxtomcat.catalina.Connector start
INFO : Starting ProtocolHandler [http-bio-18080]
04 20, 2021 21:01:53 下午 cn.ycx.ycxtomcat.catalina.Connector start
INFO : Starting ProtocolHandler [http-bio-18081]
04 20, 2021 21:01:53 下午 cn.ycx.ycxtomcat.catalina.Connector start
INFO : Starting ProtocolHandler [http-bio-18082]
04 20, 2021 21:01:53 下午 cn.ycx.ycxtomcat.catalina.Server start
INFO : Server startup in 11 ms
04 20, 2021 21:14:22 下午 cn.ycx.ycxtomcat.catalina.Context deploy
INFO : Deploying web application directory /Users/chuancey/Idea-Workspace/YcxTomcat/webapps/a
04 20, 2021 21:14:22 下午 cn.ycx.ycxtomcat.catalina.Context deploy
INFO : Deployment of web application directory /Users/chuancey/Idea-Workspace/YcxTomcat/webapps/a has finished in 275 ms.
04 20, 2021 21:14:22 下午 cn.ycx.ycxtomcat.catalina.Context deploy
INFO : Deploying web application directory /Users/chuancey/Idea-Workspace/YcxTomcat/webapps/b
04 20, 2021 21:14:22 下午 cn.ycx.ycxtomcat.catalina.Context deploy
INFO : Deployment of web application directory /Users/chuancey/Idea-Workspace/YcxTomcat/webapps/b has finished in 1 ms.
04 20, 2021 21:14:23 下午 cn.ycx.ycxtomcat.catalina.Context deploy
INFO : Deploying web application directory /Users/chuancey/Idea-Workspace/YcxTomcat/webapps/ROOT
04 20, 2021 21:14:23 下午 cn.ycx.ycxtomcat.catalina.Context deploy
INFO : Deployment of web application directory /Users/chuancey/Idea-Workspace/YcxTomcat/webapps/ROOT has finished in 8 ms.
04 20, 2021 21:14:23 下午 cn.ycx.ycxtomcat.catalina.Context deploy
INFO : Deploying web application directory /Users/chuancey/Idea-Workspace/YcxTomcat/webapps/b
04 20, 2021 21:14:23 下午 cn.ycx.ycxtomcat.catalina.Context deploy
INFO : Deployment of web application directory /Users/chuancey/Idea-Workspace/YcxTomcat/webapps/b has finished in 0 ms.
04 20, 2021 21:14:23 下午 cn.ycx.ycxtomcat.catalina.Server logJVM
INFO : OS Version:		10.12.6
04 20, 2021 21:14:23 下午 cn.ycx.ycxtomcat.catalina.Server logJVM
INFO : OS Name	:		Mac OS X
04 20, 2021 21:14:23 下午 cn.ycx.ycxtomcat.catalina.Server logJVM
INFO : Architecture:		x86_64
04 20, 2021 21:14:23 下午 cn.ycx.ycxtomcat.catalina.Server logJVM
INFO : Server version:		Ycx DiyTomcat/1.0.1
04 20, 2021 21:14:23 下午 cn.ycx.ycxtomcat.catalina.Server logJVM
INFO : Server built:		2020-04-08 10:20:22
04 20, 2021 21:14:23 下午 cn.ycx.ycxtomcat.catalina.Server logJVM
INFO : Java Home:		/Library/Java/JavaVirtualMachines/jdk1.8.0_144.jdk/Contents/Home/jre
04 20, 2021 21:14:23 下午 cn.ycx.ycxtomcat.catalina.Server logJVM
INFO : JVM Version:		1.8.0_144-b01
04 20, 2021 21:14:23 下午 cn.ycx.ycxtomcat.catalina.Server logJVM
INFO : JVM Vendor:		Oracle Corporation
04 20, 2021 21:14:23 下午 cn.ycx.ycxtomcat.catalina.Server logJVM
INFO : Server number:		1.0.1
04 20, 2021 21:14:23 下午 cn.ycx.ycxtomcat.catalina.Connector init
INFO : Initializing ProtocolHandler [http-bio-18080]
04 20, 2021 21:14:23 下午 cn.ycx.ycxtomcat.catalina.Connector init
INFO : Initializing ProtocolHandler [http-bio-18081]
04 20, 2021 21:14:23 下午 cn.ycx.ycxtomcat.catalina.Connector init
INFO : Initializing ProtocolHandler [http-bio-18082]
04 20, 2021 21:14:23 下午 cn.ycx.ycxtomcat.catalina.Service init
INFO : Initialization processed in 1 ms
04 20, 2021 21:14:23 下午 cn.ycx.ycxtomcat.catalina.Connector start
INFO : Starting ProtocolHandler [http-bio-18080]
04 20, 2021 21:14:23 下午 cn.ycx.ycxtomcat.catalina.Connector start
INFO : Starting ProtocolHandler [http-bio-18081]
04 20, 2021 21:14:23 下午 cn.ycx.ycxtomcat.catalina.Connector start
INFO : Starting ProtocolHandler [http-bio-18082]
04 20, 2021 21:14:23 下午 cn.ycx.ycxtomcat.catalina.Server start
INFO : Server startup in 13 ms
04 20, 2021 21:14:33 下午 cn.ycx.ycxtomcat.catalina.HttpProcessor error
ERROR: this is a deliberately created exception
java.lang.RuntimeException: this is a deliberately created exception
	at cn.ycx.ycxtomcat.servlets.DefaultServlet.service(DefaultServlet.java:29)
	at cn.ycx.ycxtomcat.catalina.HttpProcessor.execute(HttpProcessor.java:34)
	at cn.ycx.ycxtomcat.catalina.Connector.lambda$run$0(Connector.java:44)
	at java.util.concurrent.ThreadPoolExecutor.runWorker(ThreadPoolExecutor.java:1149)
	at java.util.concurrent.ThreadPoolExecutor$Worker.run(ThreadPoolExecutor.java:624)
	at java.lang.Thread.run(Thread.java:748)
04 20, 2021 21:18:34 下午 cn.ycx.ycxtomcat.catalina.Context deploy
INFO : Deploying web application directory /Users/chuancey/Idea-Workspace/YcxTomcat/webapps/a
04 20, 2021 21:18:34 下午 cn.ycx.ycxtomcat.catalina.Context deploy
INFO : Deployment of web application directory /Users/chuancey/Idea-Workspace/YcxTomcat/webapps/a has finished in 262 ms.
04 20, 2021 21:18:34 下午 cn.ycx.ycxtomcat.catalina.Context deploy
INFO : Deploying web application directory /Users/chuancey/Idea-Workspace/YcxTomcat/webapps/b
04 20, 2021 21:18:34 下午 cn.ycx.ycxtomcat.catalina.Context deploy
INFO : Deployment of web application directory /Users/chuancey/Idea-Workspace/YcxTomcat/webapps/b has finished in 1 ms.
04 20, 2021 21:18:34 下午 cn.ycx.ycxtomcat.catalina.Context deploy
INFO : Deploying web application directory /Users/chuancey/Idea-Workspace/YcxTomcat/webapps/ROOT
04 20, 2021 21:18:34 下午 cn.ycx.ycxtomcat.catalina.Context deploy
INFO : Deployment of web application directory /Users/chuancey/Idea-Workspace/YcxTomcat/webapps/ROOT has finished in 18 ms.
04 20, 2021 21:18:34 下午 cn.ycx.ycxtomcat.catalina.Context deploy
INFO : Deploying web application directory /Users/chuancey/Idea-Workspace/YcxTomcat/webapps/b
04 20, 2021 21:18:34 下午 cn.ycx.ycxtomcat.catalina.Context deploy
INFO : Deployment of web application directory /Users/chuancey/Idea-Workspace/YcxTomcat/webapps/b has finished in 1 ms.
04 20, 2021 21:18:34 下午 cn.ycx.ycxtomcat.catalina.Server logJVM
INFO : OS Version:		10.12.6
04 20, 2021 21:18:34 下午 cn.ycx.ycxtomcat.catalina.Server logJVM
INFO : OS Name	:		Mac OS X
04 20, 2021 21:18:34 下午 cn.ycx.ycxtomcat.catalina.Server logJVM
INFO : Architecture:		x86_64
04 20, 2021 21:18:34 下午 cn.ycx.ycxtomcat.catalina.Server logJVM
INFO : Server version:		Ycx DiyTomcat/1.0.1
04 20, 2021 21:18:34 下午 cn.ycx.ycxtomcat.catalina.Server logJVM
INFO : Server built:		2020-04-08 10:20:22
04 20, 2021 21:18:34 下午 cn.ycx.ycxtomcat.catalina.Server logJVM
INFO : Java Home:		/Library/Java/JavaVirtualMachines/jdk1.8.0_144.jdk/Contents/Home/jre
04 20, 2021 21:18:34 下午 cn.ycx.ycxtomcat.catalina.Server logJVM
INFO : JVM Version:		1.8.0_144-b01
04 20, 2021 21:18:34 下午 cn.ycx.ycxtomcat.catalina.Server logJVM
INFO : JVM Vendor:		Oracle Corporation
04 20, 2021 21:18:34 下午 cn.ycx.ycxtomcat.catalina.Server logJVM
INFO : Server number:		1.0.1
04 20, 2021 21:18:34 下午 cn.ycx.ycxtomcat.catalina.Connector init
INFO : Initializing ProtocolHandler [http-bio-18080]
04 20, 2021 21:18:34 下午 cn.ycx.ycxtomcat.catalina.Connector init
INFO : Initializing ProtocolHandler [http-bio-18081]
04 20, 2021 21:18:34 下午 cn.ycx.ycxtomcat.catalina.Connector init
INFO : Initializing ProtocolHandler [http-bio-18082]
04 20, 2021 21:18:34 下午 cn.ycx.ycxtomcat.catalina.Service init
INFO : Initialization processed in 1 ms
04 20, 2021 21:18:34 下午 cn.ycx.ycxtomcat.catalina.Connector start
INFO : Starting ProtocolHandler [http-bio-18080]
04 20, 2021 21:18:34 下午 cn.ycx.ycxtomcat.catalina.Connector start
INFO : Starting ProtocolHandler [http-bio-18081]
04 20, 2021 21:18:34 下午 cn.ycx.ycxtomcat.catalina.Connector start
INFO : Starting ProtocolHandler [http-bio-18082]
04 20, 2021 21:18:34 下午 cn.ycx.ycxtomcat.catalina.Server start
INFO : Server startup in 21 ms
04 20, 2021 21:44:09 下午 cn.ycx.ycxtomcat.catalina.Context deploy
INFO : Deploying web application directory /Users/chuancey/Idea-Workspace/YcxTomcat/webapps/a
04 20, 2021 21:44:09 下午 cn.ycx.ycxtomcat.catalina.Context deploy
INFO : Deployment of web application directory /Users/chuancey/Idea-Workspace/YcxTomcat/webapps/a has finished in 299 ms.
04 20, 2021 21:44:09 下午 cn.ycx.ycxtomcat.catalina.Context deploy
INFO : Deploying web application directory /Users/chuancey/Idea-Workspace/YcxTomcat/webapps/b
04 20, 2021 21:44:09 下午 cn.ycx.ycxtomcat.catalina.Context deploy
INFO : Deployment of web application directory /Users/chuancey/Idea-Workspace/YcxTomcat/webapps/b has finished in 1 ms.
04 20, 2021 21:44:09 下午 cn.ycx.ycxtomcat.catalina.Context deploy
INFO : Deploying web application directory /Users/chuancey/Idea-Workspace/YcxTomcat/webapps/ROOT
04 20, 2021 21:44:09 下午 cn.ycx.ycxtomcat.catalina.Context deploy
INFO : Deployment of web application directory /Users/chuancey/Idea-Workspace/YcxTomcat/webapps/ROOT has finished in 6 ms.
04 20, 2021 21:44:09 下午 cn.ycx.ycxtomcat.catalina.Context deploy
INFO : Deploying web application directory /Users/chuancey/Idea-Workspace/YcxTomcat/webapps/b
04 20, 2021 21:44:09 下午 cn.ycx.ycxtomcat.catalina.Context deploy
INFO : Deployment of web application directory /Users/chuancey/Idea-Workspace/YcxTomcat/webapps/b has finished in 1 ms.
04 20, 2021 21:44:09 下午 cn.ycx.ycxtomcat.catalina.Server logJVM
INFO : OS Version:		10.12.6
04 20, 2021 21:44:09 下午 cn.ycx.ycxtomcat.catalina.Server logJVM
INFO : OS Name	:		Mac OS X
04 20, 2021 21:44:09 下午 cn.ycx.ycxtomcat.catalina.Server logJVM
INFO : Architecture:		x86_64
04 20, 2021 21:44:09 下午 cn.ycx.ycxtomcat.catalina.Server logJVM
INFO : Server version:		Ycx DiyTomcat/1.0.1
04 20, 2021 21:44:09 下午 cn.ycx.ycxtomcat.catalina.Server logJVM
INFO : Server built:		2020-04-08 10:20:22
04 20, 2021 21:44:09 下午 cn.ycx.ycxtomcat.catalina.Server logJVM
INFO : Java Home:		/Library/Java/JavaVirtualMachines/jdk1.8.0_144.jdk/Contents/Home/jre
04 20, 2021 21:44:09 下午 cn.ycx.ycxtomcat.catalina.Server logJVM
INFO : JVM Version:		1.8.0_144-b01
04 20, 2021 21:44:09 下午 cn.ycx.ycxtomcat.catalina.Server logJVM
INFO : JVM Vendor:		Oracle Corporation
04 20, 2021 21:44:09 下午 cn.ycx.ycxtomcat.catalina.Server logJVM
INFO : Server number:		1.0.1
04 20, 2021 21:44:09 下午 cn.ycx.ycxtomcat.catalina.Connector init
INFO : Initializing ProtocolHandler [http-bio-18080]
04 20, 2021 21:44:09 下午 cn.ycx.ycxtomcat.catalina.Connector init
INFO : Initializing ProtocolHandler [http-bio-18081]
04 20, 2021 21:44:09 下午 cn.ycx.ycxtomcat.catalina.Connector init
INFO : Initializing ProtocolHandler [http-bio-18082]
04 20, 2021 21:44:09 下午 cn.ycx.ycxtomcat.catalina.Service init
INFO : Initialization processed in 2 ms
04 20, 2021 21:44:09 下午 cn.ycx.ycxtomcat.catalina.Connector start
INFO : Starting ProtocolHandler [http-bio-18080]
04 20, 2021 21:44:09 下午 cn.ycx.ycxtomcat.catalina.Connector start
INFO : Starting ProtocolHandler [http-bio-18081]
04 20, 2021 21:44:09 下午 cn.ycx.ycxtomcat.catalina.Connector start
INFO : Starting ProtocolHandler [http-bio-18082]
04 20, 2021 21:44:09 下午 cn.ycx.ycxtomcat.catalina.Server start
INFO : Server startup in 11 ms
