04 15, 2021 14:57:56 下午 cn.ycx.ycxtomcat.Bootstrap logJVM
INFO : OS Version:		10.12.6
04 15, 2021 14:57:56 下午 cn.ycx.ycxtomcat.Bootstrap logJVM
INFO : OS Name	:		Mac OS X
04 15, 2021 14:57:56 下午 cn.ycx.ycxtomcat.Bootstrap logJVM
INFO : Architecture:		x86_64
04 15, 2021 14:57:56 下午 cn.ycx.ycxtomcat.Bootstrap logJVM
INFO : Server version:		How2J DiyTomcat/1.0.1
04 15, 2021 14:57:56 下午 cn.ycx.ycxtomcat.Bootstrap logJVM
INFO : Server built:		2020-04-08 10:20:22
04 15, 2021 14:57:56 下午 cn.ycx.ycxtomcat.Bootstrap logJVM
INFO : Java Home:		/Library/Java/JavaVirtualMachines/jdk1.8.0_144.jdk/Contents/Home/jre
04 15, 2021 14:57:56 下午 cn.ycx.ycxtomcat.Bootstrap logJVM
INFO : JVM Version:		1.8.0_144-b01
04 15, 2021 14:57:56 下午 cn.ycx.ycxtomcat.Bootstrap logJVM
INFO : JVM Vendor:		Oracle Corporation
04 15, 2021 14:57:56 下午 cn.ycx.ycxtomcat.Bootstrap logJVM
INFO : Server number:		1.0.1
04 15, 2021 15:18:28 下午 cn.ycx.ycxtomcat.Bootstrap logJVM
INFO : OS Version:		10.12.6
04 15, 2021 15:18:29 下午 cn.ycx.ycxtomcat.Bootstrap logJVM
INFO : OS Name	:		Mac OS X
04 15, 2021 15:18:29 下午 cn.ycx.ycxtomcat.Bootstrap logJVM
INFO : Architecture:		x86_64
04 15, 2021 15:18:29 下午 cn.ycx.ycxtomcat.Bootstrap logJVM
INFO : Server version:		How2J DiyTomcat/1.0.1
04 15, 2021 15:18:29 下午 cn.ycx.ycxtomcat.Bootstrap logJVM
INFO : Server built:		2020-04-08 10:20:22
04 15, 2021 15:18:29 下午 cn.ycx.ycxtomcat.Bootstrap logJVM
INFO : Java Home:		/Library/Java/JavaVirtualMachines/jdk1.8.0_144.jdk/Contents/Home/jre
04 15, 2021 15:18:29 下午 cn.ycx.ycxtomcat.Bootstrap logJVM
INFO : JVM Version:		1.8.0_144-b01
04 15, 2021 15:18:29 下午 cn.ycx.ycxtomcat.Bootstrap logJVM
INFO : JVM Vendor:		Oracle Corporation
04 15, 2021 15:18:29 下午 cn.ycx.ycxtomcat.Bootstrap logJVM
INFO : Server number:		1.0.1
04 15, 2021 15:20:04 下午 cn.ycx.ycxtomcat.Bootstrap logJVM
INFO : OS Version:		10.12.6
04 15, 2021 15:20:04 下午 cn.ycx.ycxtomcat.Bootstrap logJVM
INFO : OS Name	:		Mac OS X
04 15, 2021 15:20:04 下午 cn.ycx.ycxtomcat.Bootstrap logJVM
INFO : Architecture:		x86_64
04 15, 2021 15:20:04 下午 cn.ycx.ycxtomcat.Bootstrap logJVM
INFO : Server version:		How2J DiyTomcat/1.0.1
04 15, 2021 15:20:04 下午 cn.ycx.ycxtomcat.Bootstrap logJVM
INFO : Server built:		2020-04-08 10:20:22
04 15, 2021 15:20:04 下午 cn.ycx.ycxtomcat.Bootstrap logJVM
INFO : Java Home:		/Library/Java/JavaVirtualMachines/jdk1.8.0_144.jdk/Contents/Home/jre
04 15, 2021 15:20:04 下午 cn.ycx.ycxtomcat.Bootstrap logJVM
INFO : JVM Version:		1.8.0_144-b01
04 15, 2021 15:20:04 下午 cn.ycx.ycxtomcat.Bootstrap logJVM
INFO : JVM Vendor:		Oracle Corporation
04 15, 2021 15:20:04 下午 cn.ycx.ycxtomcat.Bootstrap logJVM
INFO : Server number:		1.0.1
04 15, 2021 15:21:17 下午 cn.ycx.ycxtomcat.Bootstrap logJVM
INFO : OS Version:		10.12.6
04 15, 2021 15:21:17 下午 cn.ycx.ycxtomcat.Bootstrap logJVM
INFO : OS Name	:		Mac OS X
04 15, 2021 15:21:17 下午 cn.ycx.ycxtomcat.Bootstrap logJVM
INFO : Architecture:		x86_64
04 15, 2021 15:21:17 下午 cn.ycx.ycxtomcat.Bootstrap logJVM
INFO : Server version:		How2J DiyTomcat/1.0.1
04 15, 2021 15:21:17 下午 cn.ycx.ycxtomcat.Bootstrap logJVM
INFO : Server built:		2020-04-08 10:20:22
04 15, 2021 15:21:17 下午 cn.ycx.ycxtomcat.Bootstrap logJVM
INFO : Java Home:		/Library/Java/JavaVirtualMachines/jdk1.8.0_144.jdk/Contents/Home/jre
04 15, 2021 15:21:17 下午 cn.ycx.ycxtomcat.Bootstrap logJVM
INFO : JVM Version:		1.8.0_144-b01
04 15, 2021 15:21:17 下午 cn.ycx.ycxtomcat.Bootstrap logJVM
INFO : JVM Vendor:		Oracle Corporation
04 15, 2021 15:21:17 下午 cn.ycx.ycxtomcat.Bootstrap logJVM
INFO : Server number:		1.0.1
04 15, 2021 15:22:16 下午 cn.ycx.ycxtomcat.Bootstrap logJVM
INFO : OS Version:		10.12.6
04 15, 2021 15:22:16 下午 cn.ycx.ycxtomcat.Bootstrap logJVM
INFO : OS Name	:		Mac OS X
04 15, 2021 15:22:16 下午 cn.ycx.ycxtomcat.Bootstrap logJVM
INFO : Architecture:		x86_64
04 15, 2021 15:22:16 下午 cn.ycx.ycxtomcat.Bootstrap logJVM
INFO : Server version:		How2J DiyTomcat/1.0.1
04 15, 2021 15:22:16 下午 cn.ycx.ycxtomcat.Bootstrap logJVM
INFO : Server built:		2020-04-08 10:20:22
04 15, 2021 15:22:16 下午 cn.ycx.ycxtomcat.Bootstrap logJVM
INFO : Java Home:		/Library/Java/JavaVirtualMachines/jdk1.8.0_144.jdk/Contents/Home/jre
04 15, 2021 15:22:16 下午 cn.ycx.ycxtomcat.Bootstrap logJVM
INFO : JVM Version:		1.8.0_144-b01
04 15, 2021 15:22:16 下午 cn.ycx.ycxtomcat.Bootstrap logJVM
INFO : JVM Vendor:		Oracle Corporation
04 15, 2021 15:22:16 下午 cn.ycx.ycxtomcat.Bootstrap logJVM
INFO : Server number:		1.0.1
04 15, 2021 15:30:04 下午 cn.ycx.ycxtomcat.Bootstrap logJVM
INFO : OS Version:		10.12.6
04 15, 2021 15:30:04 下午 cn.ycx.ycxtomcat.Bootstrap logJVM
INFO : OS Name	:		Mac OS X
04 15, 2021 15:30:04 下午 cn.ycx.ycxtomcat.Bootstrap logJVM
INFO : Architecture:		x86_64
04 15, 2021 15:30:04 下午 cn.ycx.ycxtomcat.Bootstrap logJVM
INFO : Server version:		How2J DiyTomcat/1.0.1
04 15, 2021 15:30:04 下午 cn.ycx.ycxtomcat.Bootstrap logJVM
INFO : Server built:		2020-04-08 10:20:22
04 15, 2021 15:30:04 下午 cn.ycx.ycxtomcat.Bootstrap logJVM
INFO : Java Home:		/Library/Java/JavaVirtualMachines/jdk1.8.0_144.jdk/Contents/Home/jre
04 15, 2021 15:30:04 下午 cn.ycx.ycxtomcat.Bootstrap logJVM
INFO : JVM Version:		1.8.0_144-b01
04 15, 2021 15:30:04 下午 cn.ycx.ycxtomcat.Bootstrap logJVM
INFO : JVM Vendor:		Oracle Corporation
04 15, 2021 15:30:04 下午 cn.ycx.ycxtomcat.Bootstrap logJVM
INFO : Server number:		1.0.1
04 15, 2021 15:30:37 下午 cn.ycx.ycxtomcat.Bootstrap logJVM
INFO : OS Version:		10.12.6
04 15, 2021 15:30:37 下午 cn.ycx.ycxtomcat.Bootstrap logJVM
INFO : OS Name	:		Mac OS X
04 15, 2021 15:30:37 下午 cn.ycx.ycxtomcat.Bootstrap logJVM
INFO : Architecture:		x86_64
04 15, 2021 15:30:37 下午 cn.ycx.ycxtomcat.Bootstrap logJVM
INFO : Server version:		How2J DiyTomcat/1.0.1
04 15, 2021 15:30:37 下午 cn.ycx.ycxtomcat.Bootstrap logJVM
INFO : Server built:		2020-04-08 10:20:22
04 15, 2021 15:30:37 下午 cn.ycx.ycxtomcat.Bootstrap logJVM
INFO : Java Home:		/Library/Java/JavaVirtualMachines/jdk1.8.0_144.jdk/Contents/Home/jre
04 15, 2021 15:30:37 下午 cn.ycx.ycxtomcat.Bootstrap logJVM
INFO : JVM Version:		1.8.0_144-b01
04 15, 2021 15:30:37 下午 cn.ycx.ycxtomcat.Bootstrap logJVM
INFO : JVM Vendor:		Oracle Corporation
04 15, 2021 15:30:37 下午 cn.ycx.ycxtomcat.Bootstrap logJVM
INFO : Server number:		1.0.1
04 15, 2021 21:49:51 下午 cn.ycx.ycxtomcat.Bootstrap logJVM
INFO : OS Version:		10.12.6
04 15, 2021 21:49:51 下午 cn.ycx.ycxtomcat.Bootstrap logJVM
INFO : OS Name	:		Mac OS X
04 15, 2021 21:49:51 下午 cn.ycx.ycxtomcat.Bootstrap logJVM
INFO : Architecture:		x86_64
04 15, 2021 21:49:51 下午 cn.ycx.ycxtomcat.Bootstrap logJVM
INFO : Server version:		How2J DiyTomcat/1.0.1
04 15, 2021 21:49:51 下午 cn.ycx.ycxtomcat.Bootstrap logJVM
INFO : Server built:		2020-04-08 10:20:22
04 15, 2021 21:49:51 下午 cn.ycx.ycxtomcat.Bootstrap logJVM
INFO : Java Home:		/Library/Java/JavaVirtualMachines/jdk1.8.0_144.jdk/Contents/Home/jre
04 15, 2021 21:49:51 下午 cn.ycx.ycxtomcat.Bootstrap logJVM
INFO : JVM Version:		1.8.0_144-b01
04 15, 2021 21:49:51 下午 cn.ycx.ycxtomcat.Bootstrap logJVM
INFO : JVM Vendor:		Oracle Corporation
04 15, 2021 21:49:51 下午 cn.ycx.ycxtomcat.Bootstrap logJVM
INFO : Server number:		1.0.1
04 15, 2021 21:49:51 下午 cn.ycx.ycxtomcat.catalina.Context <init>
INFO : Deploying web application directory /Users/chuancey/Idea-Workspace/YcxTomcat/webapps/a
04 15, 2021 21:49:51 下午 cn.ycx.ycxtomcat.catalina.Context <init>
INFO : Deployment of web application directory /Users/chuancey/Idea-Workspace/YcxTomcat/webapps/a has finished in 1 ms
04 15, 2021 21:49:51 下午 cn.ycx.ycxtomcat.catalina.Context <init>
INFO : Deploying web application directory /Users/chuancey/Idea-Workspace/YcxTomcat/webapps/ROOT
04 15, 2021 21:49:51 下午 cn.ycx.ycxtomcat.catalina.Context <init>
INFO : Deployment of web application directory /Users/chuancey/Idea-Workspace/YcxTomcat/webapps/ROOT has finished in 1 ms
04 15, 2021 21:51:06 下午 cn.ycx.ycxtomcat.Bootstrap logJVM
INFO : OS Version:		10.12.6
04 15, 2021 21:51:06 下午 cn.ycx.ycxtomcat.Bootstrap logJVM
INFO : OS Name	:		Mac OS X
04 15, 2021 21:51:06 下午 cn.ycx.ycxtomcat.Bootstrap logJVM
INFO : Architecture:		x86_64
04 15, 2021 21:51:06 下午 cn.ycx.ycxtomcat.Bootstrap logJVM
INFO : Server version:		How2J DiyTomcat/1.0.1
04 15, 2021 21:51:06 下午 cn.ycx.ycxtomcat.Bootstrap logJVM
INFO : Server built:		2020-04-08 10:20:22
04 15, 2021 21:51:06 下午 cn.ycx.ycxtomcat.Bootstrap logJVM
INFO : Java Home:		/Library/Java/JavaVirtualMachines/jdk1.8.0_144.jdk/Contents/Home/jre
04 15, 2021 21:51:06 下午 cn.ycx.ycxtomcat.Bootstrap logJVM
INFO : JVM Version:		1.8.0_144-b01
04 15, 2021 21:51:06 下午 cn.ycx.ycxtomcat.Bootstrap logJVM
INFO : JVM Vendor:		Oracle Corporation
04 15, 2021 21:51:06 下午 cn.ycx.ycxtomcat.Bootstrap logJVM
INFO : Server number:		1.0.1
04 15, 2021 21:51:06 下午 cn.ycx.ycxtomcat.catalina.Context <init>
INFO : Deploying web application directory /Users/chuancey/Idea-Workspace/YcxTomcat/webapps/a
04 15, 2021 21:51:06 下午 cn.ycx.ycxtomcat.catalina.Context <init>
INFO : Deployment of web application directory /Users/chuancey/Idea-Workspace/YcxTomcat/webapps/a has finished in 2 ms
04 15, 2021 21:51:06 下午 cn.ycx.ycxtomcat.catalina.Context <init>
INFO : Deploying web application directory /Users/chuancey/Idea-Workspace/YcxTomcat/webapps/ROOT
04 15, 2021 21:51:06 下午 cn.ycx.ycxtomcat.catalina.Context <init>
INFO : Deployment of web application directory /Users/chuancey/Idea-Workspace/YcxTomcat/webapps/ROOT has finished in 1 ms
04 15, 2021 21:53:09 下午 cn.ycx.ycxtomcat.Bootstrap logJVM
INFO : OS Version:		10.12.6
04 15, 2021 21:53:09 下午 cn.ycx.ycxtomcat.Bootstrap logJVM
INFO : OS Name	:		Mac OS X
04 15, 2021 21:53:09 下午 cn.ycx.ycxtomcat.Bootstrap logJVM
INFO : Architecture:		x86_64
04 15, 2021 21:53:09 下午 cn.ycx.ycxtomcat.Bootstrap logJVM
INFO : Server version:		How2J DiyTomcat/1.0.1
04 15, 2021 21:53:09 下午 cn.ycx.ycxtomcat.Bootstrap logJVM
INFO : Server built:		2020-04-08 10:20:22
04 15, 2021 21:53:09 下午 cn.ycx.ycxtomcat.Bootstrap logJVM
INFO : Java Home:		/Library/Java/JavaVirtualMachines/jdk1.8.0_144.jdk/Contents/Home/jre
04 15, 2021 21:53:09 下午 cn.ycx.ycxtomcat.Bootstrap logJVM
INFO : JVM Version:		1.8.0_144-b01
04 15, 2021 21:53:09 下午 cn.ycx.ycxtomcat.Bootstrap logJVM
INFO : JVM Vendor:		Oracle Corporation
04 15, 2021 21:53:09 下午 cn.ycx.ycxtomcat.Bootstrap logJVM
INFO : Server number:		1.0.1
04 15, 2021 21:53:09 下午 cn.ycx.ycxtomcat.catalina.Context <init>
INFO : Deploying web application directory /Users/chuancey/Idea-Workspace/YcxTomcat/webapps/a
04 15, 2021 21:53:09 下午 cn.ycx.ycxtomcat.catalina.Context <init>
INFO : Deployment of web application directory /Users/chuancey/Idea-Workspace/YcxTomcat/webapps/a has finished in 1 ms
04 15, 2021 21:53:09 下午 cn.ycx.ycxtomcat.catalina.Context <init>
INFO : Deploying web application directory /Users/chuancey/Idea-Workspace/YcxTomcat/webapps/ROOT
04 15, 2021 21:53:09 下午 cn.ycx.ycxtomcat.catalina.Context <init>
INFO : Deployment of web application directory /Users/chuancey/Idea-Workspace/YcxTomcat/webapps/ROOT has finished in 1 ms
04 15, 2021 21:56:39 下午 cn.ycx.ycxtomcat.Bootstrap logJVM
INFO : OS Version:		10.12.6
04 15, 2021 21:56:39 下午 cn.ycx.ycxtomcat.Bootstrap logJVM
INFO : OS Name	:		Mac OS X
04 15, 2021 21:56:39 下午 cn.ycx.ycxtomcat.Bootstrap logJVM
INFO : Architecture:		x86_64
04 15, 2021 21:56:39 下午 cn.ycx.ycxtomcat.Bootstrap logJVM
INFO : Server version:		How2J DiyTomcat/1.0.1
04 15, 2021 21:56:39 下午 cn.ycx.ycxtomcat.Bootstrap logJVM
INFO : Server built:		2020-04-08 10:20:22
04 15, 2021 21:56:39 下午 cn.ycx.ycxtomcat.Bootstrap logJVM
INFO : Java Home:		/Library/Java/JavaVirtualMachines/jdk1.8.0_144.jdk/Contents/Home/jre
04 15, 2021 21:56:39 下午 cn.ycx.ycxtomcat.Bootstrap logJVM
INFO : JVM Version:		1.8.0_144-b01
04 15, 2021 21:56:39 下午 cn.ycx.ycxtomcat.Bootstrap logJVM
INFO : JVM Vendor:		Oracle Corporation
04 15, 2021 21:56:39 下午 cn.ycx.ycxtomcat.Bootstrap logJVM
INFO : Server number:		1.0.1
04 15, 2021 21:56:39 下午 cn.ycx.ycxtomcat.catalina.Context <init>
INFO : Deploying web application directory /Users/chuancey/Idea-Workspace/YcxTomcat/webapps/a
04 15, 2021 21:56:39 下午 cn.ycx.ycxtomcat.catalina.Context <init>
INFO : Deployment of web application directory /Users/chuancey/Idea-Workspace/YcxTomcat/webapps/a has finished in 1 ms
04 15, 2021 21:56:39 下午 cn.ycx.ycxtomcat.catalina.Context <init>
INFO : Deploying web application directory /Users/chuancey/Idea-Workspace/YcxTomcat/webapps/ROOT
04 15, 2021 21:56:39 下午 cn.ycx.ycxtomcat.catalina.Context <init>
INFO : Deployment of web application directory /Users/chuancey/Idea-Workspace/YcxTomcat/webapps/ROOT has finished in 3 ms
04 15, 2021 21:58:08 下午 cn.ycx.ycxtomcat.Bootstrap logJVM
INFO : OS Version:		10.12.6
04 15, 2021 21:58:08 下午 cn.ycx.ycxtomcat.Bootstrap logJVM
INFO : OS Name	:		Mac OS X
04 15, 2021 21:58:08 下午 cn.ycx.ycxtomcat.Bootstrap logJVM
INFO : Architecture:		x86_64
04 15, 2021 21:58:08 下午 cn.ycx.ycxtomcat.Bootstrap logJVM
INFO : Server version:		How2J DiyTomcat/1.0.1
04 15, 2021 21:58:08 下午 cn.ycx.ycxtomcat.Bootstrap logJVM
INFO : Server built:		2020-04-08 10:20:22
04 15, 2021 21:58:08 下午 cn.ycx.ycxtomcat.Bootstrap logJVM
INFO : Java Home:		/Library/Java/JavaVirtualMachines/jdk1.8.0_144.jdk/Contents/Home/jre
04 15, 2021 21:58:08 下午 cn.ycx.ycxtomcat.Bootstrap logJVM
INFO : JVM Version:		1.8.0_144-b01
04 15, 2021 21:58:08 下午 cn.ycx.ycxtomcat.Bootstrap logJVM
INFO : JVM Vendor:		Oracle Corporation
04 15, 2021 21:58:08 下午 cn.ycx.ycxtomcat.Bootstrap logJVM
INFO : Server number:		1.0.1
04 15, 2021 21:58:08 下午 cn.ycx.ycxtomcat.catalina.Context <init>
INFO : Deploying web application directory /Users/chuancey/Idea-Workspace/YcxTomcat/webapps/a
04 15, 2021 21:58:08 下午 cn.ycx.ycxtomcat.catalina.Context <init>
INFO : Deployment of web application directory /Users/chuancey/Idea-Workspace/YcxTomcat/webapps/a has finished in 9 ms
04 15, 2021 21:58:08 下午 cn.ycx.ycxtomcat.catalina.Context <init>
INFO : Deploying web application directory /Users/chuancey/Idea-Workspace/YcxTomcat/webapps/ROOT
04 15, 2021 21:58:08 下午 cn.ycx.ycxtomcat.catalina.Context <init>
INFO : Deployment of web application directory /Users/chuancey/Idea-Workspace/YcxTomcat/webapps/ROOT has finished in 1 ms
04 15, 2021 21:59:23 下午 cn.ycx.ycxtomcat.Bootstrap logJVM
INFO : OS Version:		10.12.6
04 15, 2021 21:59:23 下午 cn.ycx.ycxtomcat.Bootstrap logJVM
INFO : OS Name	:		Mac OS X
04 15, 2021 21:59:23 下午 cn.ycx.ycxtomcat.Bootstrap logJVM
INFO : Architecture:		x86_64
04 15, 2021 21:59:23 下午 cn.ycx.ycxtomcat.Bootstrap logJVM
INFO : Server version:		How2J DiyTomcat/1.0.1
04 15, 2021 21:59:23 下午 cn.ycx.ycxtomcat.Bootstrap logJVM
INFO : Server built:		2020-04-08 10:20:22
04 15, 2021 21:59:23 下午 cn.ycx.ycxtomcat.Bootstrap logJVM
INFO : Java Home:		/Library/Java/JavaVirtualMachines/jdk1.8.0_144.jdk/Contents/Home/jre
04 15, 2021 21:59:23 下午 cn.ycx.ycxtomcat.Bootstrap logJVM
INFO : JVM Version:		1.8.0_144-b01
04 15, 2021 21:59:23 下午 cn.ycx.ycxtomcat.Bootstrap logJVM
INFO : JVM Vendor:		Oracle Corporation
04 15, 2021 21:59:23 下午 cn.ycx.ycxtomcat.Bootstrap logJVM
INFO : Server number:		1.0.1
04 15, 2021 21:59:23 下午 cn.ycx.ycxtomcat.catalina.Context <init>
INFO : Deploying web application directory /Users/chuancey/Idea-Workspace/YcxTomcat/webapps/a
04 15, 2021 21:59:23 下午 cn.ycx.ycxtomcat.catalina.Context <init>
INFO : Deployment of web application directory /Users/chuancey/Idea-Workspace/YcxTomcat/webapps/a has finished in 1 ms
04 15, 2021 21:59:23 下午 cn.ycx.ycxtomcat.catalina.Context <init>
INFO : Deploying web application directory /Users/chuancey/Idea-Workspace/YcxTomcat/webapps/ROOT
04 15, 2021 21:59:23 下午 cn.ycx.ycxtomcat.catalina.Context <init>
INFO : Deployment of web application directory /Users/chuancey/Idea-Workspace/YcxTomcat/webapps/ROOT has finished in 0 ms
04 15, 2021 22:01:50 下午 cn.ycx.ycxtomcat.Bootstrap logJVM
INFO : OS Version:		10.12.6
04 15, 2021 22:01:50 下午 cn.ycx.ycxtomcat.Bootstrap logJVM
INFO : OS Name	:		Mac OS X
04 15, 2021 22:01:50 下午 cn.ycx.ycxtomcat.Bootstrap logJVM
INFO : Architecture:		x86_64
04 15, 2021 22:01:50 下午 cn.ycx.ycxtomcat.Bootstrap logJVM
INFO : Server version:		How2J DiyTomcat/1.0.1
04 15, 2021 22:01:50 下午 cn.ycx.ycxtomcat.Bootstrap logJVM
INFO : Server built:		2020-04-08 10:20:22
04 15, 2021 22:01:50 下午 cn.ycx.ycxtomcat.Bootstrap logJVM
INFO : Java Home:		/Library/Java/JavaVirtualMachines/jdk1.8.0_144.jdk/Contents/Home/jre
04 15, 2021 22:01:50 下午 cn.ycx.ycxtomcat.Bootstrap logJVM
INFO : JVM Version:		1.8.0_144-b01
04 15, 2021 22:01:50 下午 cn.ycx.ycxtomcat.Bootstrap logJVM
INFO : JVM Vendor:		Oracle Corporation
04 15, 2021 22:01:50 下午 cn.ycx.ycxtomcat.Bootstrap logJVM
INFO : Server number:		1.0.1
04 15, 2021 22:01:50 下午 cn.ycx.ycxtomcat.catalina.Context <init>
INFO : Deploying web application directory /Users/chuancey/Idea-Workspace/YcxTomcat/webapps/a
04 15, 2021 22:01:50 下午 cn.ycx.ycxtomcat.catalina.Context <init>
INFO : Deployment of web application directory /Users/chuancey/Idea-Workspace/YcxTomcat/webapps/a has finished in 1 ms
04 15, 2021 22:01:50 下午 cn.ycx.ycxtomcat.catalina.Context <init>
INFO : Deploying web application directory /Users/chuancey/Idea-Workspace/YcxTomcat/webapps/ROOT
04 15, 2021 22:01:50 下午 cn.ycx.ycxtomcat.catalina.Context <init>
INFO : Deployment of web application directory /Users/chuancey/Idea-Workspace/YcxTomcat/webapps/ROOT has finished in 1 ms
04 15, 2021 22:13:51 下午 cn.ycx.ycxtomcat.Bootstrap logJVM
INFO : OS Version:		10.12.6
04 15, 2021 22:13:51 下午 cn.ycx.ycxtomcat.Bootstrap logJVM
INFO : OS Name	:		Mac OS X
04 15, 2021 22:13:51 下午 cn.ycx.ycxtomcat.Bootstrap logJVM
INFO : Architecture:		x86_64
04 15, 2021 22:13:51 下午 cn.ycx.ycxtomcat.Bootstrap logJVM
INFO : Server version:		How2J DiyTomcat/1.0.1
04 15, 2021 22:13:51 下午 cn.ycx.ycxtomcat.Bootstrap logJVM
INFO : Server built:		2020-04-08 10:20:22
04 15, 2021 22:13:51 下午 cn.ycx.ycxtomcat.Bootstrap logJVM
INFO : Java Home:		/Library/Java/JavaVirtualMachines/jdk1.8.0_144.jdk/Contents/Home/jre
04 15, 2021 22:13:51 下午 cn.ycx.ycxtomcat.Bootstrap logJVM
INFO : JVM Version:		1.8.0_144-b01
04 15, 2021 22:13:51 下午 cn.ycx.ycxtomcat.Bootstrap logJVM
INFO : JVM Vendor:		Oracle Corporation
04 15, 2021 22:13:51 下午 cn.ycx.ycxtomcat.Bootstrap logJVM
INFO : Server number:		1.0.1
04 15, 2021 22:13:51 下午 cn.ycx.ycxtomcat.catalina.Context <init>
INFO : Deploying web application directory /Users/chuancey/Idea-Workspace/YcxTomcat/webapps
04 15, 2021 22:13:51 下午 cn.ycx.ycxtomcat.catalina.Context <init>
INFO : Deployment of web application directory /Users/chuancey/Idea-Workspace/YcxTomcat/webapps has finished in 1 ms
04 15, 2021 22:13:51 下午 cn.ycx.ycxtomcat.catalina.Context <init>
INFO : Deploying web application directory /Users/chuancey/Idea-Workspace/YcxTomcat/webapps
04 15, 2021 22:13:51 下午 cn.ycx.ycxtomcat.catalina.Context <init>
INFO : Deployment of web application directory /Users/chuancey/Idea-Workspace/YcxTomcat/webapps has finished in 0 ms
04 15, 2021 22:15:27 下午 cn.ycx.ycxtomcat.Bootstrap logJVM
INFO : OS Version:		10.12.6
04 15, 2021 22:15:27 下午 cn.ycx.ycxtomcat.Bootstrap logJVM
INFO : OS Name	:		Mac OS X
04 15, 2021 22:15:27 下午 cn.ycx.ycxtomcat.Bootstrap logJVM
INFO : Architecture:		x86_64
04 15, 2021 22:15:27 下午 cn.ycx.ycxtomcat.Bootstrap logJVM
INFO : Server version:		How2J DiyTomcat/1.0.1
04 15, 2021 22:15:27 下午 cn.ycx.ycxtomcat.Bootstrap logJVM
INFO : Server built:		2020-04-08 10:20:22
04 15, 2021 22:15:27 下午 cn.ycx.ycxtomcat.Bootstrap logJVM
INFO : Java Home:		/Library/Java/JavaVirtualMachines/jdk1.8.0_144.jdk/Contents/Home/jre
04 15, 2021 22:15:27 下午 cn.ycx.ycxtomcat.Bootstrap logJVM
INFO : JVM Version:		1.8.0_144-b01
04 15, 2021 22:15:27 下午 cn.ycx.ycxtomcat.Bootstrap logJVM
INFO : JVM Vendor:		Oracle Corporation
04 15, 2021 22:15:27 下午 cn.ycx.ycxtomcat.Bootstrap logJVM
INFO : Server number:		1.0.1
04 15, 2021 22:15:27 下午 cn.ycx.ycxtomcat.catalina.Context <init>
INFO : Deploying web application directory /Users/chuancey/Idea-Workspace/YcxTomcat/webapps
04 15, 2021 22:15:27 下午 cn.ycx.ycxtomcat.catalina.Context <init>
INFO : Deployment of web application directory /Users/chuancey/Idea-Workspace/YcxTomcat/webapps has finished in 1 ms
04 15, 2021 22:15:27 下午 cn.ycx.ycxtomcat.catalina.Context <init>
INFO : Deploying web application directory /Users/chuancey/Idea-Workspace/YcxTomcat/webapps
04 15, 2021 22:15:27 下午 cn.ycx.ycxtomcat.catalina.Context <init>
INFO : Deployment of web application directory /Users/chuancey/Idea-Workspace/YcxTomcat/webapps has finished in 0 ms
04 15, 2021 22:21:02 下午 cn.ycx.ycxtomcat.Bootstrap logJVM
INFO : OS Version:		10.12.6
04 15, 2021 22:21:02 下午 cn.ycx.ycxtomcat.Bootstrap logJVM
INFO : OS Name	:		Mac OS X
04 15, 2021 22:21:02 下午 cn.ycx.ycxtomcat.Bootstrap logJVM
INFO : Architecture:		x86_64
04 15, 2021 22:21:02 下午 cn.ycx.ycxtomcat.Bootstrap logJVM
INFO : Server version:		How2J DiyTomcat/1.0.1
04 15, 2021 22:21:02 下午 cn.ycx.ycxtomcat.Bootstrap logJVM
INFO : Server built:		2020-04-08 10:20:22
04 15, 2021 22:21:02 下午 cn.ycx.ycxtomcat.Bootstrap logJVM
INFO : Java Home:		/Library/Java/JavaVirtualMachines/jdk1.8.0_144.jdk/Contents/Home/jre
04 15, 2021 22:21:02 下午 cn.ycx.ycxtomcat.Bootstrap logJVM
INFO : JVM Version:		1.8.0_144-b01
04 15, 2021 22:21:02 下午 cn.ycx.ycxtomcat.Bootstrap logJVM
INFO : JVM Vendor:		Oracle Corporation
04 15, 2021 22:21:02 下午 cn.ycx.ycxtomcat.Bootstrap logJVM
INFO : Server number:		1.0.1
04 15, 2021 22:21:02 下午 cn.ycx.ycxtomcat.catalina.Context <init>
INFO : Deploying web application directory /Users/chuancey/Idea-Workspace/YcxTomcat/webapps
04 15, 2021 22:21:02 下午 cn.ycx.ycxtomcat.catalina.Context <init>
INFO : Deployment of web application directory /Users/chuancey/Idea-Workspace/YcxTomcat/webapps has finished in 0 ms
04 15, 2021 22:21:02 下午 cn.ycx.ycxtomcat.catalina.Context <init>
INFO : Deploying web application directory /Users/chuancey/Idea-Workspace/YcxTomcat/webapps
04 15, 2021 22:21:02 下午 cn.ycx.ycxtomcat.catalina.Context <init>
INFO : Deployment of web application directory /Users/chuancey/Idea-Workspace/YcxTomcat/webapps has finished in 0 ms
04 15, 2021 22:21:53 下午 cn.ycx.ycxtomcat.Bootstrap logJVM
INFO : OS Version:		10.12.6
04 15, 2021 22:21:53 下午 cn.ycx.ycxtomcat.Bootstrap logJVM
INFO : OS Name	:		Mac OS X
04 15, 2021 22:21:53 下午 cn.ycx.ycxtomcat.Bootstrap logJVM
INFO : Architecture:		x86_64
04 15, 2021 22:21:53 下午 cn.ycx.ycxtomcat.Bootstrap logJVM
INFO : Server version:		How2J DiyTomcat/1.0.1
04 15, 2021 22:21:53 下午 cn.ycx.ycxtomcat.Bootstrap logJVM
INFO : Server built:		2020-04-08 10:20:22
04 15, 2021 22:21:53 下午 cn.ycx.ycxtomcat.Bootstrap logJVM
INFO : Java Home:		/Library/Java/JavaVirtualMachines/jdk1.8.0_144.jdk/Contents/Home/jre
04 15, 2021 22:21:53 下午 cn.ycx.ycxtomcat.Bootstrap logJVM
INFO : JVM Version:		1.8.0_144-b01
04 15, 2021 22:21:53 下午 cn.ycx.ycxtomcat.Bootstrap logJVM
INFO : JVM Vendor:		Oracle Corporation
04 15, 2021 22:21:53 下午 cn.ycx.ycxtomcat.Bootstrap logJVM
INFO : Server number:		1.0.1
04 15, 2021 22:21:53 下午 cn.ycx.ycxtomcat.catalina.Context <init>
INFO : Deploying web application directory /Users/chuancey/Idea-Workspace/YcxTomcat/webapps/a
04 15, 2021 22:21:53 下午 cn.ycx.ycxtomcat.catalina.Context <init>
INFO : Deployment of web application directory /Users/chuancey/Idea-Workspace/YcxTomcat/webapps/a has finished in 1 ms
04 15, 2021 22:21:53 下午 cn.ycx.ycxtomcat.catalina.Context <init>
INFO : Deploying web application directory /Users/chuancey/Idea-Workspace/YcxTomcat/webapps/ROOT
04 15, 2021 22:21:53 下午 cn.ycx.ycxtomcat.catalina.Context <init>
INFO : Deployment of web application directory /Users/chuancey/Idea-Workspace/YcxTomcat/webapps/ROOT has finished in 0 ms
04 15, 2021 22:25:22 下午 cn.ycx.ycxtomcat.Bootstrap logJVM
INFO : OS Version:		10.12.6
04 15, 2021 22:25:22 下午 cn.ycx.ycxtomcat.Bootstrap logJVM
INFO : OS Name	:		Mac OS X
04 15, 2021 22:25:22 下午 cn.ycx.ycxtomcat.Bootstrap logJVM
INFO : Architecture:		x86_64
04 15, 2021 22:25:22 下午 cn.ycx.ycxtomcat.Bootstrap logJVM
INFO : Server version:		How2J DiyTomcat/1.0.1
04 15, 2021 22:25:22 下午 cn.ycx.ycxtomcat.Bootstrap logJVM
INFO : Server built:		2020-04-08 10:20:22
04 15, 2021 22:25:22 下午 cn.ycx.ycxtomcat.Bootstrap logJVM
INFO : Java Home:		/Library/Java/JavaVirtualMachines/jdk1.8.0_144.jdk/Contents/Home/jre
04 15, 2021 22:25:22 下午 cn.ycx.ycxtomcat.Bootstrap logJVM
INFO : JVM Version:		1.8.0_144-b01
04 15, 2021 22:25:22 下午 cn.ycx.ycxtomcat.Bootstrap logJVM
INFO : JVM Vendor:		Oracle Corporation
04 15, 2021 22:25:22 下午 cn.ycx.ycxtomcat.Bootstrap logJVM
INFO : Server number:		1.0.1
04 15, 2021 22:25:22 下午 cn.ycx.ycxtomcat.catalina.Context <init>
INFO : Deploying web application directory /Users/chuancey/Idea-Workspace/YcxTomcat/webapps/a
04 15, 2021 22:25:22 下午 cn.ycx.ycxtomcat.catalina.Context <init>
INFO : Deployment of web application directory /Users/chuancey/Idea-Workspace/YcxTomcat/webapps/a has finished in 3 ms
04 15, 2021 22:25:22 下午 cn.ycx.ycxtomcat.catalina.Context <init>
INFO : Deploying web application directory /Users/chuancey/Idea-Workspace/YcxTomcat/webapps/ROOT
04 15, 2021 22:25:22 下午 cn.ycx.ycxtomcat.catalina.Context <init>
INFO : Deployment of web application directory /Users/chuancey/Idea-Workspace/YcxTomcat/webapps/ROOT has finished in 1 ms
04 15, 2021 22:25:35 下午 cn.ycx.ycxtomcat.Bootstrap logJVM
INFO : OS Version:		10.12.6
04 15, 2021 22:25:35 下午 cn.ycx.ycxtomcat.Bootstrap logJVM
INFO : OS Name	:		Mac OS X
04 15, 2021 22:25:35 下午 cn.ycx.ycxtomcat.Bootstrap logJVM
INFO : Architecture:		x86_64
04 15, 2021 22:25:35 下午 cn.ycx.ycxtomcat.Bootstrap logJVM
INFO : Server version:		How2J DiyTomcat/1.0.1
04 15, 2021 22:25:35 下午 cn.ycx.ycxtomcat.Bootstrap logJVM
INFO : Server built:		2020-04-08 10:20:22
04 15, 2021 22:25:35 下午 cn.ycx.ycxtomcat.Bootstrap logJVM
INFO : Java Home:		/Library/Java/JavaVirtualMachines/jdk1.8.0_144.jdk/Contents/Home/jre
04 15, 2021 22:25:35 下午 cn.ycx.ycxtomcat.Bootstrap logJVM
INFO : JVM Version:		1.8.0_144-b01
04 15, 2021 22:25:35 下午 cn.ycx.ycxtomcat.Bootstrap logJVM
INFO : JVM Vendor:		Oracle Corporation
04 15, 2021 22:25:35 下午 cn.ycx.ycxtomcat.Bootstrap logJVM
INFO : Server number:		1.0.1
04 15, 2021 22:25:39 下午 cn.ycx.ycxtomcat.catalina.Context <init>
INFO : Deploying web application directory /Users/chuancey/Idea-Workspace/YcxTomcat/webapps/a
04 15, 2021 22:25:39 下午 cn.ycx.ycxtomcat.catalina.Context <init>
INFO : Deployment of web application directory /Users/chuancey/Idea-Workspace/YcxTomcat/webapps/a has finished in 5 ms
04 15, 2021 22:25:39 下午 cn.ycx.ycxtomcat.catalina.Context <init>
INFO : Deploying web application directory /Users/chuancey/Idea-Workspace/YcxTomcat/webapps/ROOT
04 15, 2021 22:25:39 下午 cn.ycx.ycxtomcat.catalina.Context <init>
INFO : Deployment of web application directory /Users/chuancey/Idea-Workspace/YcxTomcat/webapps/ROOT has finished in 6 ms
04 15, 2021 22:26:41 下午 cn.ycx.ycxtomcat.Bootstrap logJVM
INFO : OS Version:		10.12.6
04 15, 2021 22:26:41 下午 cn.ycx.ycxtomcat.Bootstrap logJVM
INFO : OS Name	:		Mac OS X
04 15, 2021 22:26:41 下午 cn.ycx.ycxtomcat.Bootstrap logJVM
INFO : Architecture:		x86_64
04 15, 2021 22:26:41 下午 cn.ycx.ycxtomcat.Bootstrap logJVM
INFO : Server version:		How2J DiyTomcat/1.0.1
04 15, 2021 22:26:41 下午 cn.ycx.ycxtomcat.Bootstrap logJVM
INFO : Server built:		2020-04-08 10:20:22
04 15, 2021 22:26:41 下午 cn.ycx.ycxtomcat.Bootstrap logJVM
INFO : Java Home:		/Library/Java/JavaVirtualMachines/jdk1.8.0_144.jdk/Contents/Home/jre
04 15, 2021 22:26:41 下午 cn.ycx.ycxtomcat.Bootstrap logJVM
INFO : JVM Version:		1.8.0_144-b01
04 15, 2021 22:26:41 下午 cn.ycx.ycxtomcat.Bootstrap logJVM
INFO : JVM Vendor:		Oracle Corporation
04 15, 2021 22:26:41 下午 cn.ycx.ycxtomcat.Bootstrap logJVM
INFO : Server number:		1.0.1
04 15, 2021 22:26:41 下午 cn.ycx.ycxtomcat.catalina.Context <init>
INFO : Deploying web application directory /Users/chuancey/Idea-Workspace/YcxTomcat/webapps/a
04 15, 2021 22:26:41 下午 cn.ycx.ycxtomcat.catalina.Context <init>
INFO : Deployment of web application directory /Users/chuancey/Idea-Workspace/YcxTomcat/webapps/a has finished in 0 ms
04 15, 2021 22:26:41 下午 cn.ycx.ycxtomcat.catalina.Context <init>
INFO : Deploying web application directory /Users/chuancey/Idea-Workspace/YcxTomcat/webapps/ROOT
04 15, 2021 22:26:41 下午 cn.ycx.ycxtomcat.catalina.Context <init>
INFO : Deployment of web application directory /Users/chuancey/Idea-Workspace/YcxTomcat/webapps/ROOT has finished in 1 ms
04 15, 2021 22:27:12 下午 cn.ycx.ycxtomcat.Bootstrap logJVM
INFO : OS Version:		10.12.6
04 15, 2021 22:27:12 下午 cn.ycx.ycxtomcat.Bootstrap logJVM
INFO : OS Name	:		Mac OS X
04 15, 2021 22:27:12 下午 cn.ycx.ycxtomcat.Bootstrap logJVM
INFO : Architecture:		x86_64
04 15, 2021 22:27:12 下午 cn.ycx.ycxtomcat.Bootstrap logJVM
INFO : Server version:		How2J DiyTomcat/1.0.1
04 15, 2021 22:27:12 下午 cn.ycx.ycxtomcat.Bootstrap logJVM
INFO : Server built:		2020-04-08 10:20:22
04 15, 2021 22:27:12 下午 cn.ycx.ycxtomcat.Bootstrap logJVM
INFO : Java Home:		/Library/Java/JavaVirtualMachines/jdk1.8.0_144.jdk/Contents/Home/jre
04 15, 2021 22:27:13 下午 cn.ycx.ycxtomcat.Bootstrap logJVM
INFO : JVM Version:		1.8.0_144-b01
04 15, 2021 22:27:13 下午 cn.ycx.ycxtomcat.Bootstrap logJVM
INFO : JVM Vendor:		Oracle Corporation
04 15, 2021 22:27:13 下午 cn.ycx.ycxtomcat.Bootstrap logJVM
INFO : Server number:		1.0.1
04 15, 2021 22:27:13 下午 cn.ycx.ycxtomcat.catalina.Context <init>
INFO : Deploying web application directory /Users/chuancey/Idea-Workspace/YcxTomcat/webapps/a
04 15, 2021 22:27:13 下午 cn.ycx.ycxtomcat.catalina.Context <init>
INFO : Deployment of web application directory /Users/chuancey/Idea-Workspace/YcxTomcat/webapps/a has finished in 0 ms
04 15, 2021 22:27:13 下午 cn.ycx.ycxtomcat.catalina.Context <init>
INFO : Deploying web application directory /Users/chuancey/Idea-Workspace/YcxTomcat/webapps/ROOT
04 15, 2021 22:27:13 下午 cn.ycx.ycxtomcat.catalina.Context <init>
INFO : Deployment of web application directory /Users/chuancey/Idea-Workspace/YcxTomcat/webapps/ROOT has finished in 0 ms
04 15, 2021 23:01:52 下午 cn.ycx.ycxtomcat.Bootstrap logJVM
INFO : OS Version:		10.12.6
04 15, 2021 23:01:52 下午 cn.ycx.ycxtomcat.Bootstrap logJVM
INFO : OS Name	:		Mac OS X
04 15, 2021 23:01:52 下午 cn.ycx.ycxtomcat.Bootstrap logJVM
INFO : Architecture:		x86_64
04 15, 2021 23:01:52 下午 cn.ycx.ycxtomcat.Bootstrap logJVM
INFO : Server version:		How2J DiyTomcat/1.0.1
04 15, 2021 23:01:52 下午 cn.ycx.ycxtomcat.Bootstrap logJVM
INFO : Server built:		2020-04-08 10:20:22
04 15, 2021 23:01:52 下午 cn.ycx.ycxtomcat.Bootstrap logJVM
INFO : Java Home:		/Library/Java/JavaVirtualMachines/jdk1.8.0_144.jdk/Contents/Home/jre
04 15, 2021 23:01:53 下午 cn.ycx.ycxtomcat.Bootstrap logJVM
INFO : JVM Version:		1.8.0_144-b01
04 15, 2021 23:01:53 下午 cn.ycx.ycxtomcat.Bootstrap logJVM
INFO : JVM Vendor:		Oracle Corporation
04 15, 2021 23:01:53 下午 cn.ycx.ycxtomcat.Bootstrap logJVM
INFO : Server number:		1.0.1
04 15, 2021 23:01:53 下午 cn.ycx.ycxtomcat.catalina.Context <init>
INFO : Deploying web application directory /Users/chuancey/Idea-Workspace/YcxTomcat/webapps/a
04 15, 2021 23:01:53 下午 cn.ycx.ycxtomcat.catalina.Context <init>
INFO : Deployment of web application directory /Users/chuancey/Idea-Workspace/YcxTomcat/webapps/a has finished in 1 ms
04 15, 2021 23:01:53 下午 cn.ycx.ycxtomcat.catalina.Context <init>
INFO : Deploying web application directory /Users/chuancey/Idea-Workspace/YcxTomcat/webapps/ROOT
04 15, 2021 23:01:53 下午 cn.ycx.ycxtomcat.catalina.Context <init>
INFO : Deployment of web application directory /Users/chuancey/Idea-Workspace/YcxTomcat/webapps/ROOT has finished in 0 ms
04 15, 2021 23:06:29 下午 cn.ycx.ycxtomcat.Bootstrap logJVM
INFO : OS Version:		10.12.6
04 15, 2021 23:06:29 下午 cn.ycx.ycxtomcat.Bootstrap logJVM
INFO : OS Name	:		Mac OS X
04 15, 2021 23:06:29 下午 cn.ycx.ycxtomcat.Bootstrap logJVM
INFO : Architecture:		x86_64
04 15, 2021 23:06:29 下午 cn.ycx.ycxtomcat.Bootstrap logJVM
INFO : Server version:		How2J DiyTomcat/1.0.1
04 15, 2021 23:06:29 下午 cn.ycx.ycxtomcat.Bootstrap logJVM
INFO : Server built:		2020-04-08 10:20:22
04 15, 2021 23:06:29 下午 cn.ycx.ycxtomcat.Bootstrap logJVM
INFO : Java Home:		/Library/Java/JavaVirtualMachines/jdk1.8.0_144.jdk/Contents/Home/jre
04 15, 2021 23:06:29 下午 cn.ycx.ycxtomcat.Bootstrap logJVM
INFO : JVM Version:		1.8.0_144-b01
04 15, 2021 23:06:29 下午 cn.ycx.ycxtomcat.Bootstrap logJVM
INFO : JVM Vendor:		Oracle Corporation
04 15, 2021 23:06:29 下午 cn.ycx.ycxtomcat.Bootstrap logJVM
INFO : Server number:		1.0.1
04 15, 2021 23:06:29 下午 cn.ycx.ycxtomcat.catalina.Context <init>
INFO : Deploying web application directory /Users/chuancey/Idea-Workspace/YcxTomcat/webapps/a
04 15, 2021 23:06:29 下午 cn.ycx.ycxtomcat.catalina.Context <init>
INFO : Deployment of web application directory /Users/chuancey/Idea-Workspace/YcxTomcat/webapps/a has finished in 1 ms
04 15, 2021 23:06:29 下午 cn.ycx.ycxtomcat.catalina.Context <init>
INFO : Deploying web application directory /Users/chuancey/Idea-Workspace/YcxTomcat/webapps/ROOT
04 15, 2021 23:06:29 下午 cn.ycx.ycxtomcat.catalina.Context <init>
INFO : Deployment of web application directory /Users/chuancey/Idea-Workspace/YcxTomcat/webapps/ROOT has finished in 1 ms
04 15, 2021 23:11:41 下午 cn.ycx.ycxtomcat.Bootstrap logJVM
INFO : OS Version:		10.12.6
04 15, 2021 23:11:41 下午 cn.ycx.ycxtomcat.Bootstrap logJVM
INFO : OS Name	:		Mac OS X
04 15, 2021 23:11:41 下午 cn.ycx.ycxtomcat.Bootstrap logJVM
INFO : Architecture:		x86_64
04 15, 2021 23:11:41 下午 cn.ycx.ycxtomcat.Bootstrap logJVM
INFO : Server version:		How2J DiyTomcat/1.0.1
04 15, 2021 23:11:41 下午 cn.ycx.ycxtomcat.Bootstrap logJVM
INFO : Server built:		2020-04-08 10:20:22
04 15, 2021 23:11:41 下午 cn.ycx.ycxtomcat.Bootstrap logJVM
INFO : Java Home:		/Library/Java/JavaVirtualMachines/jdk1.8.0_144.jdk/Contents/Home/jre
04 15, 2021 23:11:41 下午 cn.ycx.ycxtomcat.Bootstrap logJVM
INFO : JVM Version:		1.8.0_144-b01
04 15, 2021 23:11:41 下午 cn.ycx.ycxtomcat.Bootstrap logJVM
INFO : JVM Vendor:		Oracle Corporation
04 15, 2021 23:11:41 下午 cn.ycx.ycxtomcat.Bootstrap logJVM
INFO : Server number:		1.0.1
04 15, 2021 23:11:41 下午 cn.ycx.ycxtomcat.catalina.Context <init>
INFO : Deploying web application directory /Users/chuancey/Idea-Workspace/YcxTomcat/webapps/a
04 15, 2021 23:11:41 下午 cn.ycx.ycxtomcat.catalina.Context <init>
INFO : Deployment of web application directory /Users/chuancey/Idea-Workspace/YcxTomcat/webapps/a has finished in 3 ms
04 15, 2021 23:11:41 下午 cn.ycx.ycxtomcat.catalina.Context <init>
INFO : Deploying web application directory /Users/chuancey/Idea-Workspace/YcxTomcat/webapps/ROOT
04 15, 2021 23:11:41 下午 cn.ycx.ycxtomcat.catalina.Context <init>
INFO : Deployment of web application directory /Users/chuancey/Idea-Workspace/YcxTomcat/webapps/ROOT has finished in 1 ms
