05 16, 2021 19:25:41 下午 cn.ycx.ycxtomcat.catalina.Context <init>
INFO : Deploying web application directory /Users/chuancey/Idea-Workspace/YcxTomcat/webapps/a
05 16, 2021 19:25:41 下午 cn.ycx.ycxtomcat.catalina.Context <init>
INFO : Deployment of web application directory /Users/chuancey/Idea-Workspace/YcxTomcat/webapps/a has finished in 372 ms.
05 16, 2021 19:25:41 下午 cn.ycx.ycxtomcat.catalina.Context <init>
INFO : Deploying web application directory /Users/chuancey/Idea-Workspace/YcxTomcat/webapps/b
05 16, 2021 19:25:41 下午 cn.ycx.ycxtomcat.catalina.Context <init>
INFO : Deployment of web application directory /Users/chuancey/Idea-Workspace/YcxTomcat/webapps/b has finished in 2 ms.
05 16, 2021 19:25:41 下午 cn.ycx.ycxtomcat.catalina.Context <init>
INFO : Deploying web application directory /Users/chuancey/Idea-Workspace/YcxTomcat/webapps/ROOT
05 16, 2021 19:25:41 下午 cn.ycx.ycxtomcat.catalina.Context <init>
INFO : Deployment of web application directory /Users/chuancey/Idea-Workspace/YcxTomcat/webapps/ROOT has finished in 10 ms.
05 16, 2021 19:25:41 下午 cn.ycx.ycxtomcat.catalina.Context <init>
INFO : Deploying web application directory /Users/chuancey/Idea-Workspace/YcxTomcat/webapps/b
05 16, 2021 19:25:41 下午 cn.ycx.ycxtomcat.catalina.Context <init>
INFO : Deployment of web application directory /Users/chuancey/Idea-Workspace/YcxTomcat/webapps/b has finished in 6 ms.
05 16, 2021 19:25:41 下午 cn.ycx.ycxtomcat.catalina.Context <init>
INFO : Deploying web application directory /Users/chuancey/Idea-Workspace/webforycxtomcat/web
05 16, 2021 19:25:41 下午 cn.ycx.ycxtomcat.catalina.Context <init>
INFO : Deployment of web application directory /Users/chuancey/Idea-Workspace/webforycxtomcat/web has finished in 54 ms.
05 16, 2021 19:25:41 下午 cn.ycx.ycxtomcat.catalina.Server logJVM
INFO : OS Version:		10.12.6
05 16, 2021 19:25:41 下午 cn.ycx.ycxtomcat.catalina.Server logJVM
INFO : OS Name	:		Mac OS X
05 16, 2021 19:25:41 下午 cn.ycx.ycxtomcat.catalina.Server logJVM
INFO : Architecture:		x86_64
05 16, 2021 19:25:41 下午 cn.ycx.ycxtomcat.catalina.Server logJVM
INFO : Server version:		Ycx DiyTomcat/1.0.1
05 16, 2021 19:25:41 下午 cn.ycx.ycxtomcat.catalina.Server logJVM
INFO : Server built:		2020-04-08 10:20:22
05 16, 2021 19:25:41 下午 cn.ycx.ycxtomcat.catalina.Server logJVM
INFO : Java Home:		/Library/Java/JavaVirtualMachines/jdk1.8.0_144.jdk/Contents/Home/jre
05 16, 2021 19:25:41 下午 cn.ycx.ycxtomcat.catalina.Server logJVM
INFO : JVM Version:		1.8.0_144-b01
05 16, 2021 19:25:41 下午 cn.ycx.ycxtomcat.catalina.Server logJVM
INFO : JVM Vendor:		Oracle Corporation
05 16, 2021 19:25:41 下午 cn.ycx.ycxtomcat.catalina.Server logJVM
INFO : Server number:		1.0.1
05 16, 2021 19:25:41 下午 cn.ycx.ycxtomcat.catalina.Connector init
INFO : Initializing ProtocolHandler [http-bio-18080]
05 16, 2021 19:25:41 下午 cn.ycx.ycxtomcat.catalina.Connector init
INFO : Initializing ProtocolHandler [http-bio-18081]
05 16, 2021 19:25:41 下午 cn.ycx.ycxtomcat.catalina.Connector init
INFO : Initializing ProtocolHandler [http-bio-18082]
05 16, 2021 19:25:41 下午 cn.ycx.ycxtomcat.catalina.Service init
INFO : Initialization processed in 1 ms
05 16, 2021 19:25:41 下午 cn.ycx.ycxtomcat.catalina.Connector start
INFO : Starting ProtocolHandler [http-bio-18080]
05 16, 2021 19:25:41 下午 cn.ycx.ycxtomcat.catalina.Connector start
INFO : Starting ProtocolHandler [http-bio-18081]
05 16, 2021 19:25:41 下午 cn.ycx.ycxtomcat.catalina.Connector start
INFO : Starting ProtocolHandler [http-bio-18082]
05 16, 2021 19:25:41 下午 cn.ycx.ycxtomcat.catalina.Server start
INFO : Server startup in 23 ms
05 16, 2021 19:25:50 下午 cn.ycx.ycxtomcat.catalina.HttpProcessor error
ERROR: 
java.lang.NullPointerException
	at java.io.File.<init>(File.java:317)
	at cn.ycx.ycxtomcat.http.ApplicationContext.getRealPath(ApplicationContext.java:30)
	at cn.ycx.ycxtomcat.http.Request.getRealPath(Request.java:188)
	at cn.ycx.ycxtomcat.servlets.JspServlet.service(JspServlet.java:35)
	at cn.ycx.ycxtomcat.servlets.DefaultServlet.service(DefaultServlet.java:40)
	at cn.ycx.ycxtomcat.catalina.HttpProcessor.execute(HttpProcessor.java:41)
	at cn.ycx.ycxtomcat.catalina.Connector.lambda$run$0(Connector.java:48)
	at java.util.concurrent.ThreadPoolExecutor.runWorker(ThreadPoolExecutor.java:1149)
	at java.util.concurrent.ThreadPoolExecutor$Worker.run(ThreadPoolExecutor.java:624)
	at java.lang.Thread.run(Thread.java:748)
05 16, 2021 19:43:32 下午 cn.ycx.ycxtomcat.catalina.Context <init>
INFO : Deploying web application directory /Users/chuancey/Idea-Workspace/YcxTomcat/webapps/a
05 16, 2021 19:43:32 下午 cn.ycx.ycxtomcat.catalina.Context <init>
INFO : Deployment of web application directory /Users/chuancey/Idea-Workspace/YcxTomcat/webapps/a has finished in 498 ms.
05 16, 2021 19:43:32 下午 cn.ycx.ycxtomcat.catalina.Context <init>
INFO : Deploying web application directory /Users/chuancey/Idea-Workspace/YcxTomcat/webapps/b
05 16, 2021 19:43:32 下午 cn.ycx.ycxtomcat.catalina.Context <init>
INFO : Deployment of web application directory /Users/chuancey/Idea-Workspace/YcxTomcat/webapps/b has finished in 2 ms.
05 16, 2021 19:43:32 下午 cn.ycx.ycxtomcat.catalina.Context <init>
INFO : Deploying web application directory /Users/chuancey/Idea-Workspace/YcxTomcat/webapps/ROOT
05 16, 2021 19:43:32 下午 cn.ycx.ycxtomcat.catalina.Context <init>
INFO : Deployment of web application directory /Users/chuancey/Idea-Workspace/YcxTomcat/webapps/ROOT has finished in 11 ms.
05 16, 2021 19:43:32 下午 cn.ycx.ycxtomcat.catalina.Context <init>
INFO : Deploying web application directory /Users/chuancey/Idea-Workspace/YcxTomcat/webapps/b
05 16, 2021 19:43:32 下午 cn.ycx.ycxtomcat.catalina.Context <init>
INFO : Deployment of web application directory /Users/chuancey/Idea-Workspace/YcxTomcat/webapps/b has finished in 3 ms.
05 16, 2021 19:43:32 下午 cn.ycx.ycxtomcat.catalina.Context <init>
INFO : Deploying web application directory /Users/chuancey/Idea-Workspace/webforycxtomcat/web
05 16, 2021 19:43:32 下午 cn.ycx.ycxtomcat.catalina.Context <init>
INFO : Deployment of web application directory /Users/chuancey/Idea-Workspace/webforycxtomcat/web has finished in 80 ms.
05 16, 2021 19:43:32 下午 cn.ycx.ycxtomcat.catalina.Server logJVM
INFO : OS Version:		10.12.6
05 16, 2021 19:43:32 下午 cn.ycx.ycxtomcat.catalina.Server logJVM
INFO : OS Name	:		Mac OS X
05 16, 2021 19:43:32 下午 cn.ycx.ycxtomcat.catalina.Server logJVM
INFO : Architecture:		x86_64
05 16, 2021 19:43:32 下午 cn.ycx.ycxtomcat.catalina.Server logJVM
INFO : Server version:		Ycx DiyTomcat/1.0.1
05 16, 2021 19:43:32 下午 cn.ycx.ycxtomcat.catalina.Server logJVM
INFO : Server built:		2020-04-08 10:20:22
05 16, 2021 19:43:32 下午 cn.ycx.ycxtomcat.catalina.Server logJVM
INFO : Java Home:		/Library/Java/JavaVirtualMachines/jdk1.8.0_144.jdk/Contents/Home/jre
05 16, 2021 19:43:32 下午 cn.ycx.ycxtomcat.catalina.Server logJVM
INFO : JVM Version:		1.8.0_144-b01
05 16, 2021 19:43:32 下午 cn.ycx.ycxtomcat.catalina.Server logJVM
INFO : JVM Vendor:		Oracle Corporation
05 16, 2021 19:43:32 下午 cn.ycx.ycxtomcat.catalina.Server logJVM
INFO : Server number:		1.0.1
05 16, 2021 19:43:32 下午 cn.ycx.ycxtomcat.catalina.Connector init
INFO : Initializing ProtocolHandler [http-bio-18080]
05 16, 2021 19:43:32 下午 cn.ycx.ycxtomcat.catalina.Connector init
INFO : Initializing ProtocolHandler [http-bio-18081]
05 16, 2021 19:43:32 下午 cn.ycx.ycxtomcat.catalina.Connector init
INFO : Initializing ProtocolHandler [http-bio-18082]
05 16, 2021 19:43:32 下午 cn.ycx.ycxtomcat.catalina.Service init
INFO : Initialization processed in 4 ms
05 16, 2021 19:43:32 下午 cn.ycx.ycxtomcat.catalina.Connector start
INFO : Starting ProtocolHandler [http-bio-18080]
05 16, 2021 19:43:32 下午 cn.ycx.ycxtomcat.catalina.Connector start
INFO : Starting ProtocolHandler [http-bio-18081]
05 16, 2021 19:43:32 下午 cn.ycx.ycxtomcat.catalina.Connector start
INFO : Starting ProtocolHandler [http-bio-18082]
05 16, 2021 19:43:32 下午 cn.ycx.ycxtomcat.catalina.Server start
INFO : Server startup in 19 ms
05 16, 2021 19:43:46 下午 cn.ycx.ycxtomcat.catalina.HttpProcessor error
ERROR: 
java.lang.NullPointerException
	at java.io.File.<init>(File.java:317)
	at cn.ycx.ycxtomcat.http.ApplicationContext.getRealPath(ApplicationContext.java:30)
	at cn.ycx.ycxtomcat.http.Request.getRealPath(Request.java:188)
	at cn.ycx.ycxtomcat.servlets.JspServlet.service(JspServlet.java:35)
	at cn.ycx.ycxtomcat.servlets.DefaultServlet.service(DefaultServlet.java:40)
	at cn.ycx.ycxtomcat.catalina.HttpProcessor.execute(HttpProcessor.java:41)
	at cn.ycx.ycxtomcat.catalina.Connector.lambda$run$0(Connector.java:48)
	at java.util.concurrent.ThreadPoolExecutor.runWorker(ThreadPoolExecutor.java:1149)
	at java.util.concurrent.ThreadPoolExecutor$Worker.run(ThreadPoolExecutor.java:624)
	at java.lang.Thread.run(Thread.java:748)
05 16, 2021 19:45:35 下午 cn.ycx.ycxtomcat.catalina.Context <init>
INFO : Deploying web application directory /Users/chuancey/Idea-Workspace/YcxTomcat/webapps/a
05 16, 2021 19:45:35 下午 cn.ycx.ycxtomcat.catalina.Context <init>
INFO : Deployment of web application directory /Users/chuancey/Idea-Workspace/YcxTomcat/webapps/a has finished in 518 ms.
05 16, 2021 19:45:35 下午 cn.ycx.ycxtomcat.catalina.Context <init>
INFO : Deploying web application directory /Users/chuancey/Idea-Workspace/YcxTomcat/webapps/b
05 16, 2021 19:45:35 下午 cn.ycx.ycxtomcat.catalina.Context <init>
INFO : Deployment of web application directory /Users/chuancey/Idea-Workspace/YcxTomcat/webapps/b has finished in 2 ms.
05 16, 2021 19:45:35 下午 cn.ycx.ycxtomcat.catalina.Context <init>
INFO : Deploying web application directory /Users/chuancey/Idea-Workspace/YcxTomcat/webapps/ROOT
05 16, 2021 19:45:35 下午 cn.ycx.ycxtomcat.catalina.Context <init>
INFO : Deployment of web application directory /Users/chuancey/Idea-Workspace/YcxTomcat/webapps/ROOT has finished in 27 ms.
05 16, 2021 19:45:35 下午 cn.ycx.ycxtomcat.catalina.Context <init>
INFO : Deploying web application directory /Users/chuancey/Idea-Workspace/YcxTomcat/webapps/b
05 16, 2021 19:45:35 下午 cn.ycx.ycxtomcat.catalina.Context <init>
INFO : Deployment of web application directory /Users/chuancey/Idea-Workspace/YcxTomcat/webapps/b has finished in 2 ms.
05 16, 2021 19:45:35 下午 cn.ycx.ycxtomcat.catalina.Context <init>
INFO : Deploying web application directory /Users/chuancey/Idea-Workspace/webforycxtomcat/web
05 16, 2021 19:45:35 下午 cn.ycx.ycxtomcat.catalina.Context <init>
INFO : Deployment of web application directory /Users/chuancey/Idea-Workspace/webforycxtomcat/web has finished in 93 ms.
05 16, 2021 19:45:35 下午 cn.ycx.ycxtomcat.catalina.Server logJVM
INFO : OS Version:		10.12.6
05 16, 2021 19:45:35 下午 cn.ycx.ycxtomcat.catalina.Server logJVM
INFO : OS Name	:		Mac OS X
05 16, 2021 19:45:35 下午 cn.ycx.ycxtomcat.catalina.Server logJVM
INFO : Architecture:		x86_64
05 16, 2021 19:45:35 下午 cn.ycx.ycxtomcat.catalina.Server logJVM
INFO : Server version:		Ycx DiyTomcat/1.0.1
05 16, 2021 19:45:35 下午 cn.ycx.ycxtomcat.catalina.Server logJVM
INFO : Server built:		2020-04-08 10:20:22
05 16, 2021 19:45:35 下午 cn.ycx.ycxtomcat.catalina.Server logJVM
INFO : Java Home:		/Library/Java/JavaVirtualMachines/jdk1.8.0_144.jdk/Contents/Home/jre
05 16, 2021 19:45:35 下午 cn.ycx.ycxtomcat.catalina.Server logJVM
INFO : JVM Version:		1.8.0_144-b01
05 16, 2021 19:45:35 下午 cn.ycx.ycxtomcat.catalina.Server logJVM
INFO : JVM Vendor:		Oracle Corporation
05 16, 2021 19:45:35 下午 cn.ycx.ycxtomcat.catalina.Server logJVM
INFO : Server number:		1.0.1
05 16, 2021 19:45:35 下午 cn.ycx.ycxtomcat.catalina.Connector init
INFO : Initializing ProtocolHandler [http-bio-18080]
05 16, 2021 19:45:35 下午 cn.ycx.ycxtomcat.catalina.Connector init
INFO : Initializing ProtocolHandler [http-bio-18081]
05 16, 2021 19:45:35 下午 cn.ycx.ycxtomcat.catalina.Connector init
INFO : Initializing ProtocolHandler [http-bio-18082]
05 16, 2021 19:45:35 下午 cn.ycx.ycxtomcat.catalina.Service init
INFO : Initialization processed in 2 ms
05 16, 2021 19:45:35 下午 cn.ycx.ycxtomcat.catalina.Connector start
INFO : Starting ProtocolHandler [http-bio-18080]
05 16, 2021 19:45:35 下午 cn.ycx.ycxtomcat.catalina.Connector start
INFO : Starting ProtocolHandler [http-bio-18081]
05 16, 2021 19:45:35 下午 cn.ycx.ycxtomcat.catalina.Connector start
INFO : Starting ProtocolHandler [http-bio-18082]
05 16, 2021 19:45:35 下午 cn.ycx.ycxtomcat.catalina.Server start
INFO : Server startup in 15 ms
05 16, 2021 19:52:17 下午 cn.ycx.ycxtomcat.catalina.HttpProcessor error
ERROR: 
java.lang.NullPointerException
	at java.io.File.<init>(File.java:317)
	at cn.ycx.ycxtomcat.http.ApplicationContext.getRealPath(ApplicationContext.java:30)
	at cn.ycx.ycxtomcat.http.Request.getRealPath(Request.java:188)
	at cn.ycx.ycxtomcat.servlets.JspServlet.service(JspServlet.java:35)
	at cn.ycx.ycxtomcat.servlets.DefaultServlet.service(DefaultServlet.java:40)
	at cn.ycx.ycxtomcat.catalina.HttpProcessor.execute(HttpProcessor.java:41)
	at cn.ycx.ycxtomcat.catalina.Connector.lambda$run$0(Connector.java:48)
	at java.util.concurrent.ThreadPoolExecutor.runWorker(ThreadPoolExecutor.java:1149)
	at java.util.concurrent.ThreadPoolExecutor$Worker.run(ThreadPoolExecutor.java:624)
	at java.lang.Thread.run(Thread.java:748)
05 16, 2021 19:56:25 下午 cn.ycx.ycxtomcat.catalina.Context <init>
INFO : Deploying web application directory /Users/chuancey/Idea-Workspace/YcxTomcat/webapps/a
05 16, 2021 19:56:25 下午 cn.ycx.ycxtomcat.catalina.Context <init>
INFO : Deployment of web application directory /Users/chuancey/Idea-Workspace/YcxTomcat/webapps/a has finished in 301 ms.
05 16, 2021 19:56:25 下午 cn.ycx.ycxtomcat.catalina.Context <init>
INFO : Deploying web application directory /Users/chuancey/Idea-Workspace/YcxTomcat/webapps/b
05 16, 2021 19:56:25 下午 cn.ycx.ycxtomcat.catalina.Context <init>
INFO : Deployment of web application directory /Users/chuancey/Idea-Workspace/YcxTomcat/webapps/b has finished in 2 ms.
05 16, 2021 19:56:25 下午 cn.ycx.ycxtomcat.catalina.Context <init>
INFO : Deploying web application directory /Users/chuancey/Idea-Workspace/YcxTomcat/webapps/ROOT
05 16, 2021 19:56:25 下午 cn.ycx.ycxtomcat.catalina.Context <init>
INFO : Deployment of web application directory /Users/chuancey/Idea-Workspace/YcxTomcat/webapps/ROOT has finished in 93 ms.
05 16, 2021 19:56:25 下午 cn.ycx.ycxtomcat.catalina.Context <init>
INFO : Deploying web application directory /Users/chuancey/Idea-Workspace/YcxTomcat/webapps/b
05 16, 2021 19:56:25 下午 cn.ycx.ycxtomcat.catalina.Context <init>
INFO : Deployment of web application directory /Users/chuancey/Idea-Workspace/YcxTomcat/webapps/b has finished in 2 ms.
05 16, 2021 19:56:25 下午 cn.ycx.ycxtomcat.catalina.Context <init>
INFO : Deploying web application directory /Users/chuancey/Idea-Workspace/webforycxtomcat/web
05 16, 2021 19:56:25 下午 cn.ycx.ycxtomcat.catalina.Context <init>
INFO : Deployment of web application directory /Users/chuancey/Idea-Workspace/webforycxtomcat/web has finished in 79 ms.
05 16, 2021 19:56:25 下午 cn.ycx.ycxtomcat.catalina.Server logJVM
INFO : OS Version:		10.12.6
05 16, 2021 19:56:25 下午 cn.ycx.ycxtomcat.catalina.Server logJVM
INFO : OS Name	:		Mac OS X
05 16, 2021 19:56:25 下午 cn.ycx.ycxtomcat.catalina.Server logJVM
INFO : Architecture:		x86_64
05 16, 2021 19:56:25 下午 cn.ycx.ycxtomcat.catalina.Server logJVM
INFO : Server version:		Ycx DiyTomcat/1.0.1
05 16, 2021 19:56:25 下午 cn.ycx.ycxtomcat.catalina.Server logJVM
INFO : Server built:		2020-04-08 10:20:22
05 16, 2021 19:56:25 下午 cn.ycx.ycxtomcat.catalina.Server logJVM
INFO : Java Home:		/Library/Java/JavaVirtualMachines/jdk1.8.0_144.jdk/Contents/Home/jre
05 16, 2021 19:56:25 下午 cn.ycx.ycxtomcat.catalina.Server logJVM
INFO : JVM Version:		1.8.0_144-b01
05 16, 2021 19:56:25 下午 cn.ycx.ycxtomcat.catalina.Server logJVM
INFO : JVM Vendor:		Oracle Corporation
05 16, 2021 19:56:25 下午 cn.ycx.ycxtomcat.catalina.Server logJVM
INFO : Server number:		1.0.1
05 16, 2021 19:56:25 下午 cn.ycx.ycxtomcat.catalina.Connector init
INFO : Initializing ProtocolHandler [http-bio-18080]
05 16, 2021 19:56:25 下午 cn.ycx.ycxtomcat.catalina.Connector init
INFO : Initializing ProtocolHandler [http-bio-18081]
05 16, 2021 19:56:25 下午 cn.ycx.ycxtomcat.catalina.Connector init
INFO : Initializing ProtocolHandler [http-bio-18082]
05 16, 2021 19:56:25 下午 cn.ycx.ycxtomcat.catalina.Service init
INFO : Initialization processed in 13 ms
05 16, 2021 19:56:25 下午 cn.ycx.ycxtomcat.catalina.Connector start
INFO : Starting ProtocolHandler [http-bio-18080]
05 16, 2021 19:56:25 下午 cn.ycx.ycxtomcat.catalina.Connector start
INFO : Starting ProtocolHandler [http-bio-18081]
05 16, 2021 19:56:25 下午 cn.ycx.ycxtomcat.catalina.Connector start
INFO : Starting ProtocolHandler [http-bio-18082]
05 16, 2021 19:56:25 下午 cn.ycx.ycxtomcat.catalina.Server start
INFO : Server startup in 32 ms
05 16, 2021 19:56:28 下午 cn.ycx.ycxtomcat.catalina.HttpProcessor error
ERROR: 
java.lang.NullPointerException
	at java.io.File.<init>(File.java:317)
	at cn.ycx.ycxtomcat.http.ApplicationContext.getRealPath(ApplicationContext.java:30)
	at cn.ycx.ycxtomcat.http.Request.getRealPath(Request.java:188)
	at cn.ycx.ycxtomcat.servlets.JspServlet.service(JspServlet.java:35)
	at cn.ycx.ycxtomcat.catalina.HttpProcessor.execute(HttpProcessor.java:39)
	at cn.ycx.ycxtomcat.catalina.Connector.lambda$run$0(Connector.java:48)
	at java.util.concurrent.ThreadPoolExecutor.runWorker(ThreadPoolExecutor.java:1149)
	at java.util.concurrent.ThreadPoolExecutor$Worker.run(ThreadPoolExecutor.java:624)
	at java.lang.Thread.run(Thread.java:748)
05 16, 2021 19:56:59 下午 cn.ycx.ycxtomcat.catalina.HttpProcessor error
ERROR: 
java.lang.NullPointerException
	at java.io.File.<init>(File.java:317)
	at cn.ycx.ycxtomcat.http.ApplicationContext.getRealPath(ApplicationContext.java:30)
	at cn.ycx.ycxtomcat.http.Request.getRealPath(Request.java:188)
	at cn.ycx.ycxtomcat.servlets.JspServlet.service(JspServlet.java:35)
	at cn.ycx.ycxtomcat.catalina.HttpProcessor.execute(HttpProcessor.java:39)
	at cn.ycx.ycxtomcat.catalina.Connector.lambda$run$0(Connector.java:48)
	at java.util.concurrent.ThreadPoolExecutor.runWorker(ThreadPoolExecutor.java:1149)
	at java.util.concurrent.ThreadPoolExecutor$Worker.run(ThreadPoolExecutor.java:624)
	at java.lang.Thread.run(Thread.java:748)
05 16, 2021 19:58:08 下午 cn.ycx.ycxtomcat.catalina.Context <init>
INFO : Deploying web application directory /Users/chuancey/Idea-Workspace/YcxTomcat/webapps/a
05 16, 2021 19:58:08 下午 cn.ycx.ycxtomcat.catalina.Context <init>
INFO : Deployment of web application directory /Users/chuancey/Idea-Workspace/YcxTomcat/webapps/a has finished in 335 ms.
05 16, 2021 19:58:08 下午 cn.ycx.ycxtomcat.catalina.Context <init>
INFO : Deploying web application directory /Users/chuancey/Idea-Workspace/YcxTomcat/webapps/b
05 16, 2021 19:58:08 下午 cn.ycx.ycxtomcat.catalina.Context <init>
INFO : Deployment of web application directory /Users/chuancey/Idea-Workspace/YcxTomcat/webapps/b has finished in 8 ms.
05 16, 2021 19:58:08 下午 cn.ycx.ycxtomcat.catalina.Context <init>
INFO : Deploying web application directory /Users/chuancey/Idea-Workspace/YcxTomcat/webapps/ROOT
05 16, 2021 19:58:08 下午 cn.ycx.ycxtomcat.catalina.Context <init>
INFO : Deployment of web application directory /Users/chuancey/Idea-Workspace/YcxTomcat/webapps/ROOT has finished in 18 ms.
05 16, 2021 19:58:08 下午 cn.ycx.ycxtomcat.catalina.Context <init>
INFO : Deploying web application directory /Users/chuancey/Idea-Workspace/YcxTomcat/webapps/b
05 16, 2021 19:58:08 下午 cn.ycx.ycxtomcat.catalina.Context <init>
INFO : Deployment of web application directory /Users/chuancey/Idea-Workspace/YcxTomcat/webapps/b has finished in 4 ms.
05 16, 2021 19:58:08 下午 cn.ycx.ycxtomcat.catalina.Context <init>
INFO : Deploying web application directory /Users/chuancey/Idea-Workspace/webforycxtomcat/web
05 16, 2021 19:58:08 下午 cn.ycx.ycxtomcat.catalina.Context <init>
INFO : Deployment of web application directory /Users/chuancey/Idea-Workspace/webforycxtomcat/web has finished in 111 ms.
05 16, 2021 19:58:08 下午 cn.ycx.ycxtomcat.catalina.Server logJVM
INFO : OS Version:		10.12.6
05 16, 2021 19:58:08 下午 cn.ycx.ycxtomcat.catalina.Server logJVM
INFO : OS Name	:		Mac OS X
05 16, 2021 19:58:08 下午 cn.ycx.ycxtomcat.catalina.Server logJVM
INFO : Architecture:		x86_64
05 16, 2021 19:58:08 下午 cn.ycx.ycxtomcat.catalina.Server logJVM
INFO : Server version:		Ycx DiyTomcat/1.0.1
05 16, 2021 19:58:08 下午 cn.ycx.ycxtomcat.catalina.Server logJVM
INFO : Server built:		2020-04-08 10:20:22
05 16, 2021 19:58:08 下午 cn.ycx.ycxtomcat.catalina.Server logJVM
INFO : Java Home:		/Library/Java/JavaVirtualMachines/jdk1.8.0_144.jdk/Contents/Home/jre
05 16, 2021 19:58:08 下午 cn.ycx.ycxtomcat.catalina.Server logJVM
INFO : JVM Version:		1.8.0_144-b01
05 16, 2021 19:58:08 下午 cn.ycx.ycxtomcat.catalina.Server logJVM
INFO : JVM Vendor:		Oracle Corporation
05 16, 2021 19:58:08 下午 cn.ycx.ycxtomcat.catalina.Server logJVM
INFO : Server number:		1.0.1
05 16, 2021 19:58:08 下午 cn.ycx.ycxtomcat.catalina.Connector init
INFO : Initializing ProtocolHandler [http-bio-18080]
05 16, 2021 19:58:08 下午 cn.ycx.ycxtomcat.catalina.Connector init
INFO : Initializing ProtocolHandler [http-bio-18081]
05 16, 2021 19:58:08 下午 cn.ycx.ycxtomcat.catalina.Connector init
INFO : Initializing ProtocolHandler [http-bio-18082]
05 16, 2021 19:58:08 下午 cn.ycx.ycxtomcat.catalina.Service init
INFO : Initialization processed in 2 ms
05 16, 2021 19:58:08 下午 cn.ycx.ycxtomcat.catalina.Connector start
INFO : Starting ProtocolHandler [http-bio-18080]
05 16, 2021 19:58:08 下午 cn.ycx.ycxtomcat.catalina.Connector start
INFO : Starting ProtocolHandler [http-bio-18081]
05 16, 2021 19:58:08 下午 cn.ycx.ycxtomcat.catalina.Connector start
INFO : Starting ProtocolHandler [http-bio-18082]
05 16, 2021 19:58:08 下午 cn.ycx.ycxtomcat.catalina.Server start
INFO : Server startup in 24 ms
05 16, 2021 19:58:31 下午 cn.ycx.ycxtomcat.catalina.Context <init>
INFO : Deploying web application directory /Users/chuancey/Idea-Workspace/YcxTomcat/webapps/a
05 16, 2021 19:58:31 下午 cn.ycx.ycxtomcat.catalina.Context <init>
INFO : Deployment of web application directory /Users/chuancey/Idea-Workspace/YcxTomcat/webapps/a has finished in 528 ms.
05 16, 2021 19:58:31 下午 cn.ycx.ycxtomcat.catalina.Context <init>
INFO : Deploying web application directory /Users/chuancey/Idea-Workspace/YcxTomcat/webapps/b
05 16, 2021 19:58:31 下午 cn.ycx.ycxtomcat.catalina.Context <init>
INFO : Deployment of web application directory /Users/chuancey/Idea-Workspace/YcxTomcat/webapps/b has finished in 3 ms.
05 16, 2021 19:58:31 下午 cn.ycx.ycxtomcat.catalina.Context <init>
INFO : Deploying web application directory /Users/chuancey/Idea-Workspace/YcxTomcat/webapps/ROOT
05 16, 2021 19:58:31 下午 cn.ycx.ycxtomcat.catalina.Context <init>
INFO : Deployment of web application directory /Users/chuancey/Idea-Workspace/YcxTomcat/webapps/ROOT has finished in 17 ms.
05 16, 2021 19:58:31 下午 cn.ycx.ycxtomcat.catalina.Context <init>
INFO : Deploying web application directory /Users/chuancey/Idea-Workspace/YcxTomcat/webapps/b
05 16, 2021 19:58:31 下午 cn.ycx.ycxtomcat.catalina.Context <init>
INFO : Deployment of web application directory /Users/chuancey/Idea-Workspace/YcxTomcat/webapps/b has finished in 1 ms.
05 16, 2021 19:58:31 下午 cn.ycx.ycxtomcat.catalina.Context <init>
INFO : Deploying web application directory /Users/chuancey/Idea-Workspace/webforycxtomcat/web
05 16, 2021 19:58:31 下午 cn.ycx.ycxtomcat.catalina.Context <init>
INFO : Deployment of web application directory /Users/chuancey/Idea-Workspace/webforycxtomcat/web has finished in 56 ms.
05 16, 2021 19:58:31 下午 cn.ycx.ycxtomcat.catalina.Server logJVM
INFO : OS Version:		10.12.6
05 16, 2021 19:58:31 下午 cn.ycx.ycxtomcat.catalina.Server logJVM
INFO : OS Name	:		Mac OS X
05 16, 2021 19:58:31 下午 cn.ycx.ycxtomcat.catalina.Server logJVM
INFO : Architecture:		x86_64
05 16, 2021 19:58:31 下午 cn.ycx.ycxtomcat.catalina.Server logJVM
INFO : Server version:		Ycx DiyTomcat/1.0.1
05 16, 2021 19:58:31 下午 cn.ycx.ycxtomcat.catalina.Server logJVM
INFO : Server built:		2020-04-08 10:20:22
05 16, 2021 19:58:31 下午 cn.ycx.ycxtomcat.catalina.Server logJVM
INFO : Java Home:		/Library/Java/JavaVirtualMachines/jdk1.8.0_144.jdk/Contents/Home/jre
05 16, 2021 19:58:31 下午 cn.ycx.ycxtomcat.catalina.Server logJVM
INFO : JVM Version:		1.8.0_144-b01
05 16, 2021 19:58:31 下午 cn.ycx.ycxtomcat.catalina.Server logJVM
INFO : JVM Vendor:		Oracle Corporation
05 16, 2021 19:58:31 下午 cn.ycx.ycxtomcat.catalina.Server logJVM
INFO : Server number:		1.0.1
05 16, 2021 19:58:31 下午 cn.ycx.ycxtomcat.catalina.Connector init
INFO : Initializing ProtocolHandler [http-bio-18080]
05 16, 2021 19:58:31 下午 cn.ycx.ycxtomcat.catalina.Connector init
INFO : Initializing ProtocolHandler [http-bio-18081]
05 16, 2021 19:58:31 下午 cn.ycx.ycxtomcat.catalina.Connector init
INFO : Initializing ProtocolHandler [http-bio-18082]
05 16, 2021 19:58:31 下午 cn.ycx.ycxtomcat.catalina.Service init
INFO : Initialization processed in 1 ms
05 16, 2021 19:58:31 下午 cn.ycx.ycxtomcat.catalina.Connector start
INFO : Starting ProtocolHandler [http-bio-18080]
05 16, 2021 19:58:31 下午 cn.ycx.ycxtomcat.catalina.Connector start
INFO : Starting ProtocolHandler [http-bio-18081]
05 16, 2021 19:58:31 下午 cn.ycx.ycxtomcat.catalina.Connector start
INFO : Starting ProtocolHandler [http-bio-18082]
05 16, 2021 19:58:31 下午 cn.ycx.ycxtomcat.catalina.Server start
INFO : Server startup in 12 ms
05 16, 2021 19:59:20 下午 cn.ycx.ycxtomcat.catalina.HttpProcessor error
ERROR: 
java.lang.NullPointerException
	at java.io.File.<init>(File.java:317)
	at cn.ycx.ycxtomcat.http.ApplicationContext.getRealPath(ApplicationContext.java:30)
	at cn.ycx.ycxtomcat.http.Request.getRealPath(Request.java:188)
	at cn.ycx.ycxtomcat.servlets.JspServlet.service(JspServlet.java:35)
	at cn.ycx.ycxtomcat.catalina.HttpProcessor.execute(HttpProcessor.java:39)
	at cn.ycx.ycxtomcat.catalina.Connector.lambda$run$0(Connector.java:48)
	at java.util.concurrent.ThreadPoolExecutor.runWorker(ThreadPoolExecutor.java:1149)
	at java.util.concurrent.ThreadPoolExecutor$Worker.run(ThreadPoolExecutor.java:624)
	at java.lang.Thread.run(Thread.java:748)
05 16, 2021 21:12:18 下午 cn.ycx.ycxtomcat.catalina.Context <init>
INFO : Deploying web application directory /Users/chuancey/Idea-Workspace/YcxTomcat/webapps/a
05 16, 2021 21:12:18 下午 cn.ycx.ycxtomcat.catalina.Context <init>
INFO : Deployment of web application directory /Users/chuancey/Idea-Workspace/YcxTomcat/webapps/a has finished in 326 ms.
05 16, 2021 21:12:18 下午 cn.ycx.ycxtomcat.catalina.Context <init>
INFO : Deploying web application directory /Users/chuancey/Idea-Workspace/YcxTomcat/webapps/b
05 16, 2021 21:12:18 下午 cn.ycx.ycxtomcat.catalina.Context <init>
INFO : Deployment of web application directory /Users/chuancey/Idea-Workspace/YcxTomcat/webapps/b has finished in 25 ms.
05 16, 2021 21:12:18 下午 cn.ycx.ycxtomcat.catalina.Context <init>
INFO : Deploying web application directory /Users/chuancey/Idea-Workspace/YcxTomcat/webapps/ROOT
05 16, 2021 21:12:18 下午 cn.ycx.ycxtomcat.catalina.Context <init>
INFO : Deployment of web application directory /Users/chuancey/Idea-Workspace/YcxTomcat/webapps/ROOT has finished in 45 ms.
05 16, 2021 21:12:18 下午 cn.ycx.ycxtomcat.catalina.Context <init>
INFO : Deploying web application directory /Users/chuancey/Idea-Workspace/YcxTomcat/webapps/b
05 16, 2021 21:12:18 下午 cn.ycx.ycxtomcat.catalina.Context <init>
INFO : Deployment of web application directory /Users/chuancey/Idea-Workspace/YcxTomcat/webapps/b has finished in 2 ms.
05 16, 2021 21:12:18 下午 cn.ycx.ycxtomcat.catalina.Context <init>
INFO : Deploying web application directory /Users/chuancey/Idea-Workspace/webforycxtomcat/web
05 16, 2021 21:12:18 下午 cn.ycx.ycxtomcat.catalina.Context <init>
INFO : Deployment of web application directory /Users/chuancey/Idea-Workspace/webforycxtomcat/web has finished in 79 ms.
05 16, 2021 21:12:18 下午 cn.ycx.ycxtomcat.catalina.Server logJVM
INFO : OS Version:		10.12.6
05 16, 2021 21:12:18 下午 cn.ycx.ycxtomcat.catalina.Server logJVM
INFO : OS Name	:		Mac OS X
05 16, 2021 21:12:18 下午 cn.ycx.ycxtomcat.catalina.Server logJVM
INFO : Architecture:		x86_64
05 16, 2021 21:12:18 下午 cn.ycx.ycxtomcat.catalina.Server logJVM
INFO : Server version:		Ycx DiyTomcat/1.0.1
05 16, 2021 21:12:18 下午 cn.ycx.ycxtomcat.catalina.Server logJVM
INFO : Server built:		2020-04-08 10:20:22
05 16, 2021 21:12:18 下午 cn.ycx.ycxtomcat.catalina.Server logJVM
INFO : Java Home:		/Library/Java/JavaVirtualMachines/jdk1.8.0_144.jdk/Contents/Home/jre
05 16, 2021 21:12:18 下午 cn.ycx.ycxtomcat.catalina.Server logJVM
INFO : JVM Version:		1.8.0_144-b01
05 16, 2021 21:12:18 下午 cn.ycx.ycxtomcat.catalina.Server logJVM
INFO : JVM Vendor:		Oracle Corporation
05 16, 2021 21:12:18 下午 cn.ycx.ycxtomcat.catalina.Server logJVM
INFO : Server number:		1.0.1
05 16, 2021 21:12:18 下午 cn.ycx.ycxtomcat.catalina.Connector init
INFO : Initializing ProtocolHandler [http-bio-18080]
05 16, 2021 21:12:18 下午 cn.ycx.ycxtomcat.catalina.Connector init
INFO : Initializing ProtocolHandler [http-bio-18081]
05 16, 2021 21:12:18 下午 cn.ycx.ycxtomcat.catalina.Connector init
INFO : Initializing ProtocolHandler [http-bio-18082]
05 16, 2021 21:12:18 下午 cn.ycx.ycxtomcat.catalina.Service init
INFO : Initialization processed in 2 ms
05 16, 2021 21:12:18 下午 cn.ycx.ycxtomcat.catalina.Connector start
INFO : Starting ProtocolHandler [http-bio-18080]
05 16, 2021 21:12:18 下午 cn.ycx.ycxtomcat.catalina.Connector start
INFO : Starting ProtocolHandler [http-bio-18081]
05 16, 2021 21:12:18 下午 cn.ycx.ycxtomcat.catalina.Connector start
INFO : Starting ProtocolHandler [http-bio-18082]
05 16, 2021 21:12:18 下午 cn.ycx.ycxtomcat.catalina.Server start
INFO : Server startup in 41 ms
05 16, 2021 21:18:24 下午 cn.ycx.ycxtomcat.catalina.HttpProcessor error
ERROR: 
java.lang.NullPointerException
	at java.io.File.<init>(File.java:317)
	at cn.ycx.ycxtomcat.http.ApplicationContext.getRealPath(ApplicationContext.java:30)
	at cn.ycx.ycxtomcat.http.Request.getRealPath(Request.java:188)
	at cn.ycx.ycxtomcat.servlets.JspServlet.service(JspServlet.java:35)
	at cn.ycx.ycxtomcat.catalina.HttpProcessor.execute(HttpProcessor.java:39)
	at cn.ycx.ycxtomcat.catalina.Connector.lambda$run$0(Connector.java:48)
	at java.util.concurrent.ThreadPoolExecutor.runWorker(ThreadPoolExecutor.java:1149)
	at java.util.concurrent.ThreadPoolExecutor$Worker.run(ThreadPoolExecutor.java:624)
	at java.lang.Thread.run(Thread.java:748)
05 16, 2021 21:21:32 下午 cn.ycx.ycxtomcat.catalina.Context <init>
INFO : Deploying web application directory /Users/chuancey/Idea-Workspace/YcxTomcat/webapps/a
05 16, 2021 21:21:32 下午 cn.ycx.ycxtomcat.catalina.Context <init>
INFO : Deployment of web application directory /Users/chuancey/Idea-Workspace/YcxTomcat/webapps/a has finished in 530 ms.
05 16, 2021 21:21:32 下午 cn.ycx.ycxtomcat.catalina.Context <init>
INFO : Deploying web application directory /Users/chuancey/Idea-Workspace/YcxTomcat/webapps/b
05 16, 2021 21:21:32 下午 cn.ycx.ycxtomcat.catalina.Context <init>
INFO : Deployment of web application directory /Users/chuancey/Idea-Workspace/YcxTomcat/webapps/b has finished in 3 ms.
05 16, 2021 21:21:32 下午 cn.ycx.ycxtomcat.catalina.Context <init>
INFO : Deploying web application directory /Users/chuancey/Idea-Workspace/YcxTomcat/webapps/ROOT
05 16, 2021 21:21:32 下午 cn.ycx.ycxtomcat.catalina.Context <init>
INFO : Deployment of web application directory /Users/chuancey/Idea-Workspace/YcxTomcat/webapps/ROOT has finished in 14 ms.
05 16, 2021 21:21:32 下午 cn.ycx.ycxtomcat.catalina.Context <init>
INFO : Deploying web application directory /Users/chuancey/Idea-Workspace/YcxTomcat/webapps/b
05 16, 2021 21:21:32 下午 cn.ycx.ycxtomcat.catalina.Context <init>
INFO : Deployment of web application directory /Users/chuancey/Idea-Workspace/YcxTomcat/webapps/b has finished in 2 ms.
05 16, 2021 21:21:32 下午 cn.ycx.ycxtomcat.catalina.Context <init>
INFO : Deploying web application directory /Users/chuancey/Idea-Workspace/webforycxtomcat/web
05 16, 2021 21:21:32 下午 cn.ycx.ycxtomcat.catalina.Context <init>
INFO : Deployment of web application directory /Users/chuancey/Idea-Workspace/webforycxtomcat/web has finished in 62 ms.
05 16, 2021 21:21:32 下午 cn.ycx.ycxtomcat.catalina.Server logJVM
INFO : OS Version:		10.12.6
05 16, 2021 21:21:32 下午 cn.ycx.ycxtomcat.catalina.Server logJVM
INFO : OS Name	:		Mac OS X
05 16, 2021 21:21:32 下午 cn.ycx.ycxtomcat.catalina.Server logJVM
INFO : Architecture:		x86_64
05 16, 2021 21:21:32 下午 cn.ycx.ycxtomcat.catalina.Server logJVM
INFO : Server version:		Ycx DiyTomcat/1.0.1
05 16, 2021 21:21:32 下午 cn.ycx.ycxtomcat.catalina.Server logJVM
INFO : Server built:		2020-04-08 10:20:22
05 16, 2021 21:21:32 下午 cn.ycx.ycxtomcat.catalina.Server logJVM
INFO : Java Home:		/Library/Java/JavaVirtualMachines/jdk1.8.0_144.jdk/Contents/Home/jre
05 16, 2021 21:21:32 下午 cn.ycx.ycxtomcat.catalina.Server logJVM
INFO : JVM Version:		1.8.0_144-b01
05 16, 2021 21:21:32 下午 cn.ycx.ycxtomcat.catalina.Server logJVM
INFO : JVM Vendor:		Oracle Corporation
05 16, 2021 21:21:32 下午 cn.ycx.ycxtomcat.catalina.Server logJVM
INFO : Server number:		1.0.1
05 16, 2021 21:21:32 下午 cn.ycx.ycxtomcat.catalina.Connector init
INFO : Initializing ProtocolHandler [http-bio-18080]
05 16, 2021 21:21:32 下午 cn.ycx.ycxtomcat.catalina.Connector init
INFO : Initializing ProtocolHandler [http-bio-18081]
05 16, 2021 21:21:32 下午 cn.ycx.ycxtomcat.catalina.Connector init
INFO : Initializing ProtocolHandler [http-bio-18082]
05 16, 2021 21:21:32 下午 cn.ycx.ycxtomcat.catalina.Service init
INFO : Initialization processed in 3 ms
05 16, 2021 21:21:32 下午 cn.ycx.ycxtomcat.catalina.Connector start
INFO : Starting ProtocolHandler [http-bio-18080]
05 16, 2021 21:21:32 下午 cn.ycx.ycxtomcat.catalina.Connector start
INFO : Starting ProtocolHandler [http-bio-18081]
05 16, 2021 21:21:32 下午 cn.ycx.ycxtomcat.catalina.Connector start
INFO : Starting ProtocolHandler [http-bio-18082]
05 16, 2021 21:21:32 下午 cn.ycx.ycxtomcat.catalina.Server start
INFO : Server startup in 21 ms
05 16, 2021 21:23:14 下午 cn.ycx.ycxtomcat.catalina.Context <init>
INFO : Deploying web application directory /Users/chuancey/Idea-Workspace/YcxTomcat/webapps/a
05 16, 2021 21:23:14 下午 cn.ycx.ycxtomcat.catalina.Context <init>
INFO : Deployment of web application directory /Users/chuancey/Idea-Workspace/YcxTomcat/webapps/a has finished in 497 ms.
05 16, 2021 21:23:14 下午 cn.ycx.ycxtomcat.catalina.Context <init>
INFO : Deploying web application directory /Users/chuancey/Idea-Workspace/YcxTomcat/webapps/b
05 16, 2021 21:23:14 下午 cn.ycx.ycxtomcat.catalina.Context <init>
INFO : Deployment of web application directory /Users/chuancey/Idea-Workspace/YcxTomcat/webapps/b has finished in 3 ms.
05 16, 2021 21:23:14 下午 cn.ycx.ycxtomcat.catalina.Context <init>
INFO : Deploying web application directory /Users/chuancey/Idea-Workspace/YcxTomcat/webapps/ROOT
05 16, 2021 21:23:14 下午 cn.ycx.ycxtomcat.catalina.Context <init>
INFO : Deployment of web application directory /Users/chuancey/Idea-Workspace/YcxTomcat/webapps/ROOT has finished in 53 ms.
05 16, 2021 21:23:14 下午 cn.ycx.ycxtomcat.catalina.Context <init>
INFO : Deploying web application directory /Users/chuancey/Idea-Workspace/YcxTomcat/webapps/b
05 16, 2021 21:23:14 下午 cn.ycx.ycxtomcat.catalina.Context <init>
INFO : Deployment of web application directory /Users/chuancey/Idea-Workspace/YcxTomcat/webapps/b has finished in 2 ms.
05 16, 2021 21:23:14 下午 cn.ycx.ycxtomcat.catalina.Context <init>
INFO : Deploying web application directory /Users/chuancey/Idea-Workspace/webforycxtomcat/web
05 16, 2021 21:23:14 下午 cn.ycx.ycxtomcat.catalina.Context <init>
INFO : Deployment of web application directory /Users/chuancey/Idea-Workspace/webforycxtomcat/web has finished in 150 ms.
05 16, 2021 21:23:14 下午 cn.ycx.ycxtomcat.catalina.Server logJVM
INFO : OS Version:		10.12.6
05 16, 2021 21:23:14 下午 cn.ycx.ycxtomcat.catalina.Server logJVM
INFO : OS Name	:		Mac OS X
05 16, 2021 21:23:14 下午 cn.ycx.ycxtomcat.catalina.Server logJVM
INFO : Architecture:		x86_64
05 16, 2021 21:23:14 下午 cn.ycx.ycxtomcat.catalina.Server logJVM
INFO : Server version:		Ycx DiyTomcat/1.0.1
05 16, 2021 21:23:14 下午 cn.ycx.ycxtomcat.catalina.Server logJVM
INFO : Server built:		2020-04-08 10:20:22
05 16, 2021 21:23:14 下午 cn.ycx.ycxtomcat.catalina.Server logJVM
INFO : Java Home:		/Library/Java/JavaVirtualMachines/jdk1.8.0_144.jdk/Contents/Home/jre
05 16, 2021 21:23:14 下午 cn.ycx.ycxtomcat.catalina.Server logJVM
INFO : JVM Version:		1.8.0_144-b01
05 16, 2021 21:23:14 下午 cn.ycx.ycxtomcat.catalina.Server logJVM
INFO : JVM Vendor:		Oracle Corporation
05 16, 2021 21:23:14 下午 cn.ycx.ycxtomcat.catalina.Server logJVM
INFO : Server number:		1.0.1
05 16, 2021 21:23:14 下午 cn.ycx.ycxtomcat.catalina.Connector init
INFO : Initializing ProtocolHandler [http-bio-18080]
05 16, 2021 21:23:14 下午 cn.ycx.ycxtomcat.catalina.Connector init
INFO : Initializing ProtocolHandler [http-bio-18081]
05 16, 2021 21:23:14 下午 cn.ycx.ycxtomcat.catalina.Connector init
INFO : Initializing ProtocolHandler [http-bio-18082]
05 16, 2021 21:23:14 下午 cn.ycx.ycxtomcat.catalina.Service init
INFO : Initialization processed in 2 ms
05 16, 2021 21:23:14 下午 cn.ycx.ycxtomcat.catalina.Connector start
INFO : Starting ProtocolHandler [http-bio-18080]
05 16, 2021 21:23:14 下午 cn.ycx.ycxtomcat.catalina.Connector start
INFO : Starting ProtocolHandler [http-bio-18081]
05 16, 2021 21:23:14 下午 cn.ycx.ycxtomcat.catalina.Connector start
INFO : Starting ProtocolHandler [http-bio-18082]
05 16, 2021 21:23:14 下午 cn.ycx.ycxtomcat.catalina.Server start
INFO : Server startup in 23 ms
05 16, 2021 21:28:15 下午 cn.ycx.ycxtomcat.catalina.Context <init>
INFO : Deploying web application directory /Users/chuancey/Idea-Workspace/YcxTomcat/webapps/a
05 16, 2021 21:28:15 下午 cn.ycx.ycxtomcat.catalina.Context <init>
INFO : Deployment of web application directory /Users/chuancey/Idea-Workspace/YcxTomcat/webapps/a has finished in 381 ms.
05 16, 2021 21:28:15 下午 cn.ycx.ycxtomcat.catalina.Context <init>
INFO : Deploying web application directory /Users/chuancey/Idea-Workspace/YcxTomcat/webapps/b
05 16, 2021 21:28:15 下午 cn.ycx.ycxtomcat.catalina.Context <init>
INFO : Deployment of web application directory /Users/chuancey/Idea-Workspace/YcxTomcat/webapps/b has finished in 4 ms.
05 16, 2021 21:28:15 下午 cn.ycx.ycxtomcat.catalina.Context <init>
INFO : Deploying web application directory /Users/chuancey/Idea-Workspace/YcxTomcat/webapps/ROOT
05 16, 2021 21:28:15 下午 cn.ycx.ycxtomcat.catalina.Context <init>
INFO : Deployment of web application directory /Users/chuancey/Idea-Workspace/YcxTomcat/webapps/ROOT has finished in 30 ms.
05 16, 2021 21:28:15 下午 cn.ycx.ycxtomcat.catalina.Context <init>
INFO : Deploying web application directory /Users/chuancey/Idea-Workspace/YcxTomcat/webapps/b
05 16, 2021 21:28:15 下午 cn.ycx.ycxtomcat.catalina.Context <init>
INFO : Deployment of web application directory /Users/chuancey/Idea-Workspace/YcxTomcat/webapps/b has finished in 2 ms.
05 16, 2021 21:28:15 下午 cn.ycx.ycxtomcat.catalina.Context <init>
INFO : Deploying web application directory /Users/chuancey/Idea-Workspace/webforycxtomcat/web
05 16, 2021 21:28:15 下午 cn.ycx.ycxtomcat.catalina.Context <init>
INFO : Deployment of web application directory /Users/chuancey/Idea-Workspace/webforycxtomcat/web has finished in 43 ms.
05 16, 2021 21:28:15 下午 cn.ycx.ycxtomcat.catalina.Server logJVM
INFO : OS Version:		10.12.6
05 16, 2021 21:28:15 下午 cn.ycx.ycxtomcat.catalina.Server logJVM
INFO : OS Name	:		Mac OS X
05 16, 2021 21:28:15 下午 cn.ycx.ycxtomcat.catalina.Server logJVM
INFO : Architecture:		x86_64
05 16, 2021 21:28:15 下午 cn.ycx.ycxtomcat.catalina.Server logJVM
INFO : Server version:		Ycx DiyTomcat/1.0.1
05 16, 2021 21:28:15 下午 cn.ycx.ycxtomcat.catalina.Server logJVM
INFO : Server built:		2020-04-08 10:20:22
05 16, 2021 21:28:15 下午 cn.ycx.ycxtomcat.catalina.Server logJVM
INFO : Java Home:		/Library/Java/JavaVirtualMachines/jdk1.8.0_144.jdk/Contents/Home/jre
05 16, 2021 21:28:15 下午 cn.ycx.ycxtomcat.catalina.Server logJVM
INFO : JVM Version:		1.8.0_144-b01
05 16, 2021 21:28:15 下午 cn.ycx.ycxtomcat.catalina.Server logJVM
INFO : JVM Vendor:		Oracle Corporation
05 16, 2021 21:28:15 下午 cn.ycx.ycxtomcat.catalina.Server logJVM
INFO : Server number:		1.0.1
05 16, 2021 21:28:15 下午 cn.ycx.ycxtomcat.catalina.Connector init
INFO : Initializing ProtocolHandler [http-bio-18080]
05 16, 2021 21:28:15 下午 cn.ycx.ycxtomcat.catalina.Connector init
INFO : Initializing ProtocolHandler [http-bio-18081]
05 16, 2021 21:28:15 下午 cn.ycx.ycxtomcat.catalina.Connector init
INFO : Initializing ProtocolHandler [http-bio-18082]
05 16, 2021 21:28:15 下午 cn.ycx.ycxtomcat.catalina.Service init
INFO : Initialization processed in 1 ms
05 16, 2021 21:28:15 下午 cn.ycx.ycxtomcat.catalina.Connector start
INFO : Starting ProtocolHandler [http-bio-18080]
05 16, 2021 21:28:15 下午 cn.ycx.ycxtomcat.catalina.Connector start
INFO : Starting ProtocolHandler [http-bio-18081]
05 16, 2021 21:28:15 下午 cn.ycx.ycxtomcat.catalina.Connector start
INFO : Starting ProtocolHandler [http-bio-18082]
05 16, 2021 21:28:15 下午 cn.ycx.ycxtomcat.catalina.Server start
INFO : Server startup in 11 ms
05 16, 2021 21:28:40 下午 cn.ycx.ycxtomcat.catalina.Context <init>
INFO : Deploying web application directory /Users/chuancey/Idea-Workspace/YcxTomcat/webapps/a
05 16, 2021 21:28:40 下午 cn.ycx.ycxtomcat.catalina.Context <init>
INFO : Deployment of web application directory /Users/chuancey/Idea-Workspace/YcxTomcat/webapps/a has finished in 405 ms.
05 16, 2021 21:28:40 下午 cn.ycx.ycxtomcat.catalina.Context <init>
INFO : Deploying web application directory /Users/chuancey/Idea-Workspace/YcxTomcat/webapps/b
05 16, 2021 21:28:40 下午 cn.ycx.ycxtomcat.catalina.Context <init>
INFO : Deployment of web application directory /Users/chuancey/Idea-Workspace/YcxTomcat/webapps/b has finished in 3 ms.
05 16, 2021 21:28:40 下午 cn.ycx.ycxtomcat.catalina.Context <init>
INFO : Deploying web application directory /Users/chuancey/Idea-Workspace/YcxTomcat/webapps/ROOT
05 16, 2021 21:28:40 下午 cn.ycx.ycxtomcat.catalina.Context <init>
INFO : Deployment of web application directory /Users/chuancey/Idea-Workspace/YcxTomcat/webapps/ROOT has finished in 9 ms.
05 16, 2021 21:28:41 下午 cn.ycx.ycxtomcat.catalina.Context <init>
INFO : Deploying web application directory /Users/chuancey/Idea-Workspace/YcxTomcat/webapps/b
05 16, 2021 21:28:41 下午 cn.ycx.ycxtomcat.catalina.Context <init>
INFO : Deployment of web application directory /Users/chuancey/Idea-Workspace/YcxTomcat/webapps/b has finished in 3 ms.
05 16, 2021 21:28:41 下午 cn.ycx.ycxtomcat.catalina.Context <init>
INFO : Deploying web application directory /Users/chuancey/Idea-Workspace/webforycxtomcat/web
05 16, 2021 21:28:41 下午 cn.ycx.ycxtomcat.catalina.Context <init>
INFO : Deployment of web application directory /Users/chuancey/Idea-Workspace/webforycxtomcat/web has finished in 41 ms.
05 16, 2021 21:28:41 下午 cn.ycx.ycxtomcat.catalina.Server logJVM
INFO : OS Version:		10.12.6
05 16, 2021 21:28:41 下午 cn.ycx.ycxtomcat.catalina.Server logJVM
INFO : OS Name	:		Mac OS X
05 16, 2021 21:28:41 下午 cn.ycx.ycxtomcat.catalina.Server logJVM
INFO : Architecture:		x86_64
05 16, 2021 21:28:41 下午 cn.ycx.ycxtomcat.catalina.Server logJVM
INFO : Server version:		Ycx DiyTomcat/1.0.1
05 16, 2021 21:28:41 下午 cn.ycx.ycxtomcat.catalina.Server logJVM
INFO : Server built:		2020-04-08 10:20:22
05 16, 2021 21:28:41 下午 cn.ycx.ycxtomcat.catalina.Server logJVM
INFO : Java Home:		/Library/Java/JavaVirtualMachines/jdk1.8.0_144.jdk/Contents/Home/jre
05 16, 2021 21:28:41 下午 cn.ycx.ycxtomcat.catalina.Server logJVM
INFO : JVM Version:		1.8.0_144-b01
05 16, 2021 21:28:41 下午 cn.ycx.ycxtomcat.catalina.Server logJVM
INFO : JVM Vendor:		Oracle Corporation
05 16, 2021 21:28:41 下午 cn.ycx.ycxtomcat.catalina.Server logJVM
INFO : Server number:		1.0.1
05 16, 2021 21:28:41 下午 cn.ycx.ycxtomcat.catalina.Connector init
INFO : Initializing ProtocolHandler [http-bio-18080]
05 16, 2021 21:28:41 下午 cn.ycx.ycxtomcat.catalina.Connector init
INFO : Initializing ProtocolHandler [http-bio-18081]
05 16, 2021 21:28:41 下午 cn.ycx.ycxtomcat.catalina.Connector init
INFO : Initializing ProtocolHandler [http-bio-18082]
05 16, 2021 21:28:41 下午 cn.ycx.ycxtomcat.catalina.Service init
INFO : Initialization processed in 28 ms
05 16, 2021 21:28:41 下午 cn.ycx.ycxtomcat.catalina.Connector start
INFO : Starting ProtocolHandler [http-bio-18080]
05 16, 2021 21:28:41 下午 cn.ycx.ycxtomcat.catalina.Connector start
INFO : Starting ProtocolHandler [http-bio-18081]
05 16, 2021 21:28:41 下午 cn.ycx.ycxtomcat.catalina.Connector start
INFO : Starting ProtocolHandler [http-bio-18082]
05 16, 2021 21:28:41 下午 cn.ycx.ycxtomcat.catalina.Server start
INFO : Server startup in 39 ms
05 16, 2021 21:28:53 下午 cn.ycx.ycxtomcat.catalina.HttpProcessor error
ERROR: this is a deliberately created exception
java.lang.RuntimeException: this is a deliberately created exception
	at cn.ycx.ycxtomcat.servlets.DefaultServlet.service(DefaultServlet.java:32)
	at cn.ycx.ycxtomcat.catalina.HttpProcessor.execute(HttpProcessor.java:41)
	at cn.ycx.ycxtomcat.catalina.Connector.lambda$run$0(Connector.java:48)
	at java.util.concurrent.ThreadPoolExecutor.runWorker(ThreadPoolExecutor.java:1149)
	at java.util.concurrent.ThreadPoolExecutor$Worker.run(ThreadPoolExecutor.java:624)
	at java.lang.Thread.run(Thread.java:748)
05 16, 2021 21:53:05 下午 cn.ycx.ycxtomcat.catalina.Context <init>
INFO : Deploying web application directory /Users/chuancey/Idea-Workspace/webforycxtomcat/web
05 16, 2021 21:53:05 下午 cn.ycx.ycxtomcat.catalina.Context <init>
INFO : Deployment of web application directory /Users/chuancey/Idea-Workspace/webforycxtomcat/web has finished in 902 ms.
