04 16, 2021 09:47:12 上午 cn.ycx.ycxtomcat.Bootstrap logJVM
INFO : OS Version:		10.12.6
04 16, 2021 09:47:12 上午 cn.ycx.ycxtomcat.Bootstrap logJVM
INFO : OS Name	:		Mac OS X
04 16, 2021 09:47:12 上午 cn.ycx.ycxtomcat.Bootstrap logJVM
INFO : Architecture:		x86_64
04 16, 2021 09:47:12 上午 cn.ycx.ycxtomcat.Bootstrap logJVM
INFO : Server version:		How2J DiyTomcat/1.0.1
04 16, 2021 09:47:12 上午 cn.ycx.ycxtomcat.Bootstrap logJVM
INFO : Server built:		2020-04-08 10:20:22
04 16, 2021 09:47:12 上午 cn.ycx.ycxtomcat.Bootstrap logJVM
INFO : Java Home:		/Library/Java/JavaVirtualMachines/jdk1.8.0_144.jdk/Contents/Home/jre
04 16, 2021 09:47:12 上午 cn.ycx.ycxtomcat.Bootstrap logJVM
INFO : JVM Version:		1.8.0_144-b01
04 16, 2021 09:47:12 上午 cn.ycx.ycxtomcat.Bootstrap logJVM
INFO : JVM Vendor:		Oracle Corporation
04 16, 2021 09:47:12 上午 cn.ycx.ycxtomcat.Bootstrap logJVM
INFO : Server number:		1.0.1
04 16, 2021 09:47:12 上午 cn.ycx.ycxtomcat.catalina.Context <init>
INFO : Deploying web application directory /Users/chuancey/Idea-Workspace/YcxTomcat/webapps/a
04 16, 2021 09:47:12 上午 cn.ycx.ycxtomcat.catalina.Context <init>
INFO : Deployment of web application directory /Users/chuancey/Idea-Workspace/YcxTomcat/webapps/a has finished in 1 ms
04 16, 2021 09:47:12 上午 cn.ycx.ycxtomcat.catalina.Context <init>
INFO : Deploying web application directory /Users/chuancey/Idea-Workspace/YcxTomcat/webapps/ROOT
04 16, 2021 09:47:12 上午 cn.ycx.ycxtomcat.catalina.Context <init>
INFO : Deployment of web application directory /Users/chuancey/Idea-Workspace/YcxTomcat/webapps/ROOT has finished in 1 ms
04 16, 2021 09:55:37 上午 cn.ycx.ycxtomcat.Bootstrap logJVM
INFO : OS Version:		10.12.6
04 16, 2021 09:55:37 上午 cn.ycx.ycxtomcat.Bootstrap logJVM
INFO : OS Name	:		Mac OS X
04 16, 2021 09:55:37 上午 cn.ycx.ycxtomcat.Bootstrap logJVM
INFO : Architecture:		x86_64
04 16, 2021 09:55:37 上午 cn.ycx.ycxtomcat.Bootstrap logJVM
INFO : Server version:		How2J DiyTomcat/1.0.1
04 16, 2021 09:55:37 上午 cn.ycx.ycxtomcat.Bootstrap logJVM
INFO : Server built:		2020-04-08 10:20:22
04 16, 2021 09:55:37 上午 cn.ycx.ycxtomcat.Bootstrap logJVM
INFO : Java Home:		/Library/Java/JavaVirtualMachines/jdk1.8.0_144.jdk/Contents/Home/jre
04 16, 2021 09:55:37 上午 cn.ycx.ycxtomcat.Bootstrap logJVM
INFO : JVM Version:		1.8.0_144-b01
04 16, 2021 09:55:37 上午 cn.ycx.ycxtomcat.Bootstrap logJVM
INFO : JVM Vendor:		Oracle Corporation
04 16, 2021 09:55:37 上午 cn.ycx.ycxtomcat.Bootstrap logJVM
INFO : Server number:		1.0.1
04 16, 2021 09:55:38 上午 cn.ycx.ycxtomcat.catalina.Context <init>
INFO : Deploying web application directory /Users/chuancey/Idea-Workspace/YcxTomcat/webapps/a
04 16, 2021 09:55:38 上午 cn.ycx.ycxtomcat.catalina.Context <init>
INFO : Deployment of web application directory /Users/chuancey/Idea-Workspace/YcxTomcat/webapps/a has finished in 6 ms
04 16, 2021 09:55:38 上午 cn.ycx.ycxtomcat.catalina.Context <init>
INFO : Deploying web application directory /Users/chuancey/Idea-Workspace/YcxTomcat/webapps/ROOT
04 16, 2021 09:55:38 上午 cn.ycx.ycxtomcat.catalina.Context <init>
INFO : Deployment of web application directory /Users/chuancey/Idea-Workspace/YcxTomcat/webapps/ROOT has finished in 5 ms
04 16, 2021 09:57:58 上午 cn.ycx.ycxtomcat.Bootstrap logJVM
INFO : OS Version:		10.12.6
04 16, 2021 09:57:58 上午 cn.ycx.ycxtomcat.Bootstrap logJVM
INFO : OS Name	:		Mac OS X
04 16, 2021 09:57:58 上午 cn.ycx.ycxtomcat.Bootstrap logJVM
INFO : Architecture:		x86_64
04 16, 2021 09:57:58 上午 cn.ycx.ycxtomcat.Bootstrap logJVM
INFO : Server version:		How2J DiyTomcat/1.0.1
04 16, 2021 09:57:58 上午 cn.ycx.ycxtomcat.Bootstrap logJVM
INFO : Server built:		2020-04-08 10:20:22
04 16, 2021 09:57:58 上午 cn.ycx.ycxtomcat.Bootstrap logJVM
INFO : Java Home:		/Library/Java/JavaVirtualMachines/jdk1.8.0_144.jdk/Contents/Home/jre
04 16, 2021 09:57:58 上午 cn.ycx.ycxtomcat.Bootstrap logJVM
INFO : JVM Version:		1.8.0_144-b01
04 16, 2021 09:57:58 上午 cn.ycx.ycxtomcat.Bootstrap logJVM
INFO : JVM Vendor:		Oracle Corporation
04 16, 2021 09:57:58 上午 cn.ycx.ycxtomcat.Bootstrap logJVM
INFO : Server number:		1.0.1
04 16, 2021 09:57:58 上午 cn.ycx.ycxtomcat.catalina.Context <init>
INFO : Deploying web application directory /Users/chuancey/Idea-Workspace/YcxTomcat/webapps/a
04 16, 2021 09:57:58 上午 cn.ycx.ycxtomcat.catalina.Context <init>
INFO : Deployment of web application directory /Users/chuancey/Idea-Workspace/YcxTomcat/webapps/a has finished in 1 ms
04 16, 2021 09:57:58 上午 cn.ycx.ycxtomcat.catalina.Context <init>
INFO : Deploying web application directory /Users/chuancey/Idea-Workspace/YcxTomcat/webapps/ROOT
04 16, 2021 09:57:58 上午 cn.ycx.ycxtomcat.catalina.Context <init>
INFO : Deployment of web application directory /Users/chuancey/Idea-Workspace/YcxTomcat/webapps/ROOT has finished in 0 ms
04 16, 2021 09:58:57 上午 cn.ycx.ycxtomcat.Bootstrap logJVM
INFO : OS Version:		10.12.6
04 16, 2021 09:58:57 上午 cn.ycx.ycxtomcat.Bootstrap logJVM
INFO : OS Name	:		Mac OS X
04 16, 2021 09:58:57 上午 cn.ycx.ycxtomcat.Bootstrap logJVM
INFO : Architecture:		x86_64
04 16, 2021 09:58:57 上午 cn.ycx.ycxtomcat.Bootstrap logJVM
INFO : Server version:		How2J DiyTomcat/1.0.1
04 16, 2021 09:58:57 上午 cn.ycx.ycxtomcat.Bootstrap logJVM
INFO : Server built:		2020-04-08 10:20:22
04 16, 2021 09:58:57 上午 cn.ycx.ycxtomcat.Bootstrap logJVM
INFO : Java Home:		/Library/Java/JavaVirtualMachines/jdk1.8.0_144.jdk/Contents/Home/jre
04 16, 2021 09:58:57 上午 cn.ycx.ycxtomcat.Bootstrap logJVM
INFO : JVM Version:		1.8.0_144-b01
04 16, 2021 09:58:57 上午 cn.ycx.ycxtomcat.Bootstrap logJVM
INFO : JVM Vendor:		Oracle Corporation
04 16, 2021 09:58:57 上午 cn.ycx.ycxtomcat.Bootstrap logJVM
INFO : Server number:		1.0.1
04 16, 2021 09:58:57 上午 cn.ycx.ycxtomcat.catalina.Context <init>
INFO : Deploying web application directory /Users/chuancey/Idea-Workspace/YcxTomcat/webapps/a
04 16, 2021 09:58:57 上午 cn.ycx.ycxtomcat.catalina.Context <init>
INFO : Deployment of web application directory /Users/chuancey/Idea-Workspace/YcxTomcat/webapps/a has finished in 4 ms
04 16, 2021 09:58:57 上午 cn.ycx.ycxtomcat.catalina.Context <init>
INFO : Deploying web application directory /Users/chuancey/Idea-Workspace/YcxTomcat/webapps/ROOT
04 16, 2021 09:58:57 上午 cn.ycx.ycxtomcat.catalina.Context <init>
INFO : Deployment of web application directory /Users/chuancey/Idea-Workspace/YcxTomcat/webapps/ROOT has finished in 1 ms
04 16, 2021 10:00:32 上午 cn.ycx.ycxtomcat.Bootstrap logJVM
INFO : OS Version:		10.12.6
04 16, 2021 10:00:32 上午 cn.ycx.ycxtomcat.Bootstrap logJVM
INFO : OS Name	:		Mac OS X
04 16, 2021 10:00:32 上午 cn.ycx.ycxtomcat.Bootstrap logJVM
INFO : Architecture:		x86_64
04 16, 2021 10:00:32 上午 cn.ycx.ycxtomcat.Bootstrap logJVM
INFO : Server version:		How2J DiyTomcat/1.0.1
04 16, 2021 10:00:32 上午 cn.ycx.ycxtomcat.Bootstrap logJVM
INFO : Server built:		2020-04-08 10:20:22
04 16, 2021 10:00:32 上午 cn.ycx.ycxtomcat.Bootstrap logJVM
INFO : Java Home:		/Library/Java/JavaVirtualMachines/jdk1.8.0_144.jdk/Contents/Home/jre
04 16, 2021 10:00:32 上午 cn.ycx.ycxtomcat.Bootstrap logJVM
INFO : JVM Version:		1.8.0_144-b01
04 16, 2021 10:00:32 上午 cn.ycx.ycxtomcat.Bootstrap logJVM
INFO : JVM Vendor:		Oracle Corporation
04 16, 2021 10:00:32 上午 cn.ycx.ycxtomcat.Bootstrap logJVM
INFO : Server number:		1.0.1
04 16, 2021 10:00:32 上午 cn.ycx.ycxtomcat.catalina.Context <init>
INFO : Deploying web application directory /Users/chuancey/Idea-Workspace/YcxTomcat/webapps/a
04 16, 2021 10:00:32 上午 cn.ycx.ycxtomcat.catalina.Context <init>
INFO : Deployment of web application directory /Users/chuancey/Idea-Workspace/YcxTomcat/webapps/a has finished in 1 ms
04 16, 2021 10:00:32 上午 cn.ycx.ycxtomcat.catalina.Context <init>
INFO : Deploying web application directory /Users/chuancey/Idea-Workspace/YcxTomcat/webapps/ROOT
04 16, 2021 10:00:32 上午 cn.ycx.ycxtomcat.catalina.Context <init>
INFO : Deployment of web application directory /Users/chuancey/Idea-Workspace/YcxTomcat/webapps/ROOT has finished in 0 ms
04 16, 2021 10:03:32 上午 cn.ycx.ycxtomcat.Bootstrap logJVM
INFO : OS Version:		10.12.6
04 16, 2021 10:03:32 上午 cn.ycx.ycxtomcat.Bootstrap logJVM
INFO : OS Name	:		Mac OS X
04 16, 2021 10:03:32 上午 cn.ycx.ycxtomcat.Bootstrap logJVM
INFO : Architecture:		x86_64
04 16, 2021 10:03:32 上午 cn.ycx.ycxtomcat.Bootstrap logJVM
INFO : Server version:		How2J DiyTomcat/1.0.1
04 16, 2021 10:03:32 上午 cn.ycx.ycxtomcat.Bootstrap logJVM
INFO : Server built:		2020-04-08 10:20:22
04 16, 2021 10:03:32 上午 cn.ycx.ycxtomcat.Bootstrap logJVM
INFO : Java Home:		/Library/Java/JavaVirtualMachines/jdk1.8.0_144.jdk/Contents/Home/jre
04 16, 2021 10:03:32 上午 cn.ycx.ycxtomcat.Bootstrap logJVM
INFO : JVM Version:		1.8.0_144-b01
04 16, 2021 10:03:32 上午 cn.ycx.ycxtomcat.Bootstrap logJVM
INFO : JVM Vendor:		Oracle Corporation
04 16, 2021 10:03:32 上午 cn.ycx.ycxtomcat.Bootstrap logJVM
INFO : Server number:		1.0.1
04 16, 2021 10:03:32 上午 cn.ycx.ycxtomcat.catalina.Context <init>
INFO : Deploying web application directory /Users/chuancey/Idea-Workspace/YcxTomcat/webapps/a
04 16, 2021 10:03:32 上午 cn.ycx.ycxtomcat.catalina.Context <init>
INFO : Deployment of web application directory /Users/chuancey/Idea-Workspace/YcxTomcat/webapps/a has finished in 1 ms
04 16, 2021 10:03:32 上午 cn.ycx.ycxtomcat.catalina.Context <init>
INFO : Deploying web application directory /Users/chuancey/Idea-Workspace/YcxTomcat/webapps/ROOT
04 16, 2021 10:03:32 上午 cn.ycx.ycxtomcat.catalina.Context <init>
INFO : Deployment of web application directory /Users/chuancey/Idea-Workspace/YcxTomcat/webapps/ROOT has finished in 0 ms
04 16, 2021 10:05:33 上午 cn.ycx.ycxtomcat.Bootstrap logJVM
INFO : OS Version:		10.12.6
04 16, 2021 10:05:33 上午 cn.ycx.ycxtomcat.Bootstrap logJVM
INFO : OS Name	:		Mac OS X
04 16, 2021 10:05:33 上午 cn.ycx.ycxtomcat.Bootstrap logJVM
INFO : Architecture:		x86_64
04 16, 2021 10:05:33 上午 cn.ycx.ycxtomcat.Bootstrap logJVM
INFO : Server version:		How2J DiyTomcat/1.0.1
04 16, 2021 10:05:33 上午 cn.ycx.ycxtomcat.Bootstrap logJVM
INFO : Server built:		2020-04-08 10:20:22
04 16, 2021 10:05:33 上午 cn.ycx.ycxtomcat.Bootstrap logJVM
INFO : Java Home:		/Library/Java/JavaVirtualMachines/jdk1.8.0_144.jdk/Contents/Home/jre
04 16, 2021 10:05:33 上午 cn.ycx.ycxtomcat.Bootstrap logJVM
INFO : JVM Version:		1.8.0_144-b01
04 16, 2021 10:05:33 上午 cn.ycx.ycxtomcat.Bootstrap logJVM
INFO : JVM Vendor:		Oracle Corporation
04 16, 2021 10:05:33 上午 cn.ycx.ycxtomcat.Bootstrap logJVM
INFO : Server number:		1.0.1
04 16, 2021 10:05:33 上午 cn.ycx.ycxtomcat.catalina.Context <init>
INFO : Deploying web application directory /Users/chuancey/Idea-Workspace/YcxTomcat/webapps/a
04 16, 2021 10:05:33 上午 cn.ycx.ycxtomcat.catalina.Context <init>
INFO : Deployment of web application directory /Users/chuancey/Idea-Workspace/YcxTomcat/webapps/a has finished in 1 ms
04 16, 2021 10:05:33 上午 cn.ycx.ycxtomcat.catalina.Context <init>
INFO : Deploying web application directory /Users/chuancey/Idea-Workspace/YcxTomcat/webapps/ROOT
04 16, 2021 10:05:33 上午 cn.ycx.ycxtomcat.catalina.Context <init>
INFO : Deployment of web application directory /Users/chuancey/Idea-Workspace/YcxTomcat/webapps/ROOT has finished in 3 ms
04 16, 2021 10:05:55 上午 cn.ycx.ycxtomcat.Bootstrap logJVM
INFO : OS Version:		10.12.6
04 16, 2021 10:05:55 上午 cn.ycx.ycxtomcat.Bootstrap logJVM
INFO : OS Name	:		Mac OS X
04 16, 2021 10:05:55 上午 cn.ycx.ycxtomcat.Bootstrap logJVM
INFO : Architecture:		x86_64
04 16, 2021 10:05:55 上午 cn.ycx.ycxtomcat.Bootstrap logJVM
INFO : Server version:		How2J DiyTomcat/1.0.1
04 16, 2021 10:05:55 上午 cn.ycx.ycxtomcat.Bootstrap logJVM
INFO : Server built:		2020-04-08 10:20:22
04 16, 2021 10:05:55 上午 cn.ycx.ycxtomcat.Bootstrap logJVM
INFO : Java Home:		/Library/Java/JavaVirtualMachines/jdk1.8.0_144.jdk/Contents/Home/jre
04 16, 2021 10:05:55 上午 cn.ycx.ycxtomcat.Bootstrap logJVM
INFO : JVM Version:		1.8.0_144-b01
04 16, 2021 10:05:55 上午 cn.ycx.ycxtomcat.Bootstrap logJVM
INFO : JVM Vendor:		Oracle Corporation
04 16, 2021 10:05:55 上午 cn.ycx.ycxtomcat.Bootstrap logJVM
INFO : Server number:		1.0.1
04 16, 2021 10:05:55 上午 cn.ycx.ycxtomcat.catalina.Context <init>
INFO : Deploying web application directory /Users/chuancey/Idea-Workspace/YcxTomcat/webapps/a
04 16, 2021 10:05:55 上午 cn.ycx.ycxtomcat.catalina.Context <init>
INFO : Deployment of web application directory /Users/chuancey/Idea-Workspace/YcxTomcat/webapps/a has finished in 0 ms
04 16, 2021 10:05:55 上午 cn.ycx.ycxtomcat.catalina.Context <init>
INFO : Deploying web application directory /Users/chuancey/Idea-Workspace/YcxTomcat/webapps/ROOT
04 16, 2021 10:05:55 上午 cn.ycx.ycxtomcat.catalina.Context <init>
INFO : Deployment of web application directory /Users/chuancey/Idea-Workspace/YcxTomcat/webapps/ROOT has finished in 0 ms
04 16, 2021 10:07:18 上午 cn.ycx.ycxtomcat.Bootstrap logJVM
INFO : OS Version:		10.12.6
04 16, 2021 10:07:18 上午 cn.ycx.ycxtomcat.Bootstrap logJVM
INFO : OS Name	:		Mac OS X
04 16, 2021 10:07:18 上午 cn.ycx.ycxtomcat.Bootstrap logJVM
INFO : Architecture:		x86_64
04 16, 2021 10:07:18 上午 cn.ycx.ycxtomcat.Bootstrap logJVM
INFO : Server version:		How2J DiyTomcat/1.0.1
04 16, 2021 10:07:18 上午 cn.ycx.ycxtomcat.Bootstrap logJVM
INFO : Server built:		2020-04-08 10:20:22
04 16, 2021 10:07:18 上午 cn.ycx.ycxtomcat.Bootstrap logJVM
INFO : Java Home:		/Library/Java/JavaVirtualMachines/jdk1.8.0_144.jdk/Contents/Home/jre
04 16, 2021 10:07:18 上午 cn.ycx.ycxtomcat.Bootstrap logJVM
INFO : JVM Version:		1.8.0_144-b01
04 16, 2021 10:07:18 上午 cn.ycx.ycxtomcat.Bootstrap logJVM
INFO : JVM Vendor:		Oracle Corporation
04 16, 2021 10:07:18 上午 cn.ycx.ycxtomcat.Bootstrap logJVM
INFO : Server number:		1.0.1
04 16, 2021 10:07:18 上午 cn.ycx.ycxtomcat.catalina.Context <init>
INFO : Deploying web application directory /Users/chuancey/Idea-Workspace/YcxTomcat/webapps/a
04 16, 2021 10:07:18 上午 cn.ycx.ycxtomcat.catalina.Context <init>
INFO : Deployment of web application directory /Users/chuancey/Idea-Workspace/YcxTomcat/webapps/a has finished in 1 ms
04 16, 2021 10:07:18 上午 cn.ycx.ycxtomcat.catalina.Context <init>
INFO : Deploying web application directory /Users/chuancey/Idea-Workspace/YcxTomcat/webapps/ROOT
04 16, 2021 10:07:18 上午 cn.ycx.ycxtomcat.catalina.Context <init>
INFO : Deployment of web application directory /Users/chuancey/Idea-Workspace/YcxTomcat/webapps/ROOT has finished in 0 ms
04 16, 2021 10:08:52 上午 cn.ycx.ycxtomcat.Bootstrap logJVM
INFO : OS Version:		10.12.6
04 16, 2021 10:08:52 上午 cn.ycx.ycxtomcat.Bootstrap logJVM
INFO : OS Name	:		Mac OS X
04 16, 2021 10:08:52 上午 cn.ycx.ycxtomcat.Bootstrap logJVM
INFO : Architecture:		x86_64
04 16, 2021 10:08:52 上午 cn.ycx.ycxtomcat.Bootstrap logJVM
INFO : Server version:		How2J DiyTomcat/1.0.1
04 16, 2021 10:08:52 上午 cn.ycx.ycxtomcat.Bootstrap logJVM
INFO : Server built:		2020-04-08 10:20:22
04 16, 2021 10:08:52 上午 cn.ycx.ycxtomcat.Bootstrap logJVM
INFO : Java Home:		/Library/Java/JavaVirtualMachines/jdk1.8.0_144.jdk/Contents/Home/jre
04 16, 2021 10:08:52 上午 cn.ycx.ycxtomcat.Bootstrap logJVM
INFO : JVM Version:		1.8.0_144-b01
04 16, 2021 10:08:52 上午 cn.ycx.ycxtomcat.Bootstrap logJVM
INFO : JVM Vendor:		Oracle Corporation
04 16, 2021 10:08:52 上午 cn.ycx.ycxtomcat.Bootstrap logJVM
INFO : Server number:		1.0.1
04 16, 2021 10:08:52 上午 cn.ycx.ycxtomcat.catalina.Context <init>
INFO : Deploying web application directory /Users/chuancey/Idea-Workspace/YcxTomcat/webapps/a
04 16, 2021 10:08:52 上午 cn.ycx.ycxtomcat.catalina.Context <init>
INFO : Deployment of web application directory /Users/chuancey/Idea-Workspace/YcxTomcat/webapps/a has finished in 0 ms
04 16, 2021 10:08:52 上午 cn.ycx.ycxtomcat.catalina.Context <init>
INFO : Deploying web application directory /Users/chuancey/Idea-Workspace/YcxTomcat/webapps/ROOT
04 16, 2021 10:08:52 上午 cn.ycx.ycxtomcat.catalina.Context <init>
INFO : Deployment of web application directory /Users/chuancey/Idea-Workspace/YcxTomcat/webapps/ROOT has finished in 0 ms
04 16, 2021 10:25:50 上午 cn.ycx.ycxtomcat.Bootstrap logJVM
INFO : OS Version:		10.12.6
04 16, 2021 10:25:50 上午 cn.ycx.ycxtomcat.Bootstrap logJVM
INFO : OS Name	:		Mac OS X
04 16, 2021 10:25:50 上午 cn.ycx.ycxtomcat.Bootstrap logJVM
INFO : Architecture:		x86_64
04 16, 2021 10:25:50 上午 cn.ycx.ycxtomcat.Bootstrap logJVM
INFO : Server version:		How2J DiyTomcat/1.0.1
04 16, 2021 10:25:50 上午 cn.ycx.ycxtomcat.Bootstrap logJVM
INFO : Server built:		2020-04-08 10:20:22
04 16, 2021 10:25:50 上午 cn.ycx.ycxtomcat.Bootstrap logJVM
INFO : Java Home:		/Library/Java/JavaVirtualMachines/jdk1.8.0_144.jdk/Contents/Home/jre
04 16, 2021 10:25:50 上午 cn.ycx.ycxtomcat.Bootstrap logJVM
INFO : JVM Version:		1.8.0_144-b01
04 16, 2021 10:25:50 上午 cn.ycx.ycxtomcat.Bootstrap logJVM
INFO : JVM Vendor:		Oracle Corporation
04 16, 2021 10:25:50 上午 cn.ycx.ycxtomcat.Bootstrap logJVM
INFO : Server number:		1.0.1
04 16, 2021 10:25:50 上午 cn.ycx.ycxtomcat.catalina.Context <init>
INFO : Deploying web application directory /Users/chuancey/Idea-Workspace/YcxTomcat/webapps/a
04 16, 2021 10:25:50 上午 cn.ycx.ycxtomcat.catalina.Context <init>
INFO : Deployment of web application directory /Users/chuancey/Idea-Workspace/YcxTomcat/webapps/a has finished in 0 ms
04 16, 2021 10:25:50 上午 cn.ycx.ycxtomcat.catalina.Context <init>
INFO : Deploying web application directory /Users/chuancey/Idea-Workspace/YcxTomcat/webapps/ROOT
04 16, 2021 10:25:50 上午 cn.ycx.ycxtomcat.catalina.Context <init>
INFO : Deployment of web application directory /Users/chuancey/Idea-Workspace/YcxTomcat/webapps/ROOT has finished in 1 ms
04 16, 2021 10:55:44 上午 cn.ycx.ycxtomcat.Bootstrap logJVM
INFO : OS Version:		10.12.6
04 16, 2021 10:55:44 上午 cn.ycx.ycxtomcat.Bootstrap logJVM
INFO : OS Name	:		Mac OS X
04 16, 2021 10:55:44 上午 cn.ycx.ycxtomcat.Bootstrap logJVM
INFO : Architecture:		x86_64
04 16, 2021 10:55:44 上午 cn.ycx.ycxtomcat.Bootstrap logJVM
INFO : Server version:		How2J DiyTomcat/1.0.1
04 16, 2021 10:55:44 上午 cn.ycx.ycxtomcat.Bootstrap logJVM
INFO : Server built:		2020-04-08 10:20:22
04 16, 2021 10:55:44 上午 cn.ycx.ycxtomcat.Bootstrap logJVM
INFO : Java Home:		/Library/Java/JavaVirtualMachines/jdk1.8.0_144.jdk/Contents/Home/jre
04 16, 2021 10:55:44 上午 cn.ycx.ycxtomcat.Bootstrap logJVM
INFO : JVM Version:		1.8.0_144-b01
04 16, 2021 10:55:44 上午 cn.ycx.ycxtomcat.Bootstrap logJVM
INFO : JVM Vendor:		Oracle Corporation
04 16, 2021 10:55:44 上午 cn.ycx.ycxtomcat.Bootstrap logJVM
INFO : Server number:		1.0.1
04 16, 2021 10:55:44 上午 cn.ycx.ycxtomcat.catalina.Context <init>
INFO : Deploying web application directory /Users/chuancey/Idea-Workspace/YcxTomcat/webapps/a
04 16, 2021 10:55:44 上午 cn.ycx.ycxtomcat.catalina.Context <init>
INFO : Deployment of web application directory /Users/chuancey/Idea-Workspace/YcxTomcat/webapps/a has finished in 1 ms
04 16, 2021 10:55:44 上午 cn.ycx.ycxtomcat.catalina.Context <init>
INFO : Deploying web application directory /Users/chuancey/Idea-Workspace/YcxTomcat/webapps/b
04 16, 2021 10:55:44 上午 cn.ycx.ycxtomcat.catalina.Context <init>
INFO : Deployment of web application directory /Users/chuancey/Idea-Workspace/YcxTomcat/webapps/b has finished in 1 ms
04 16, 2021 10:55:44 上午 cn.ycx.ycxtomcat.catalina.Context <init>
INFO : Deploying web application directory /Users/chuancey/Idea-Workspace/YcxTomcat/webapps/ROOT
04 16, 2021 10:55:44 上午 cn.ycx.ycxtomcat.catalina.Context <init>
INFO : Deployment of web application directory /Users/chuancey/Idea-Workspace/YcxTomcat/webapps/ROOT has finished in 0 ms
04 16, 2021 10:56:47 上午 cn.ycx.ycxtomcat.Bootstrap logJVM
INFO : OS Version:		10.12.6
04 16, 2021 10:56:47 上午 cn.ycx.ycxtomcat.Bootstrap logJVM
INFO : OS Name	:		Mac OS X
04 16, 2021 10:56:47 上午 cn.ycx.ycxtomcat.Bootstrap logJVM
INFO : Architecture:		x86_64
04 16, 2021 10:56:47 上午 cn.ycx.ycxtomcat.Bootstrap logJVM
INFO : Server version:		How2J DiyTomcat/1.0.1
04 16, 2021 10:56:47 上午 cn.ycx.ycxtomcat.Bootstrap logJVM
INFO : Server built:		2020-04-08 10:20:22
04 16, 2021 10:56:47 上午 cn.ycx.ycxtomcat.Bootstrap logJVM
INFO : Java Home:		/Library/Java/JavaVirtualMachines/jdk1.8.0_144.jdk/Contents/Home/jre
04 16, 2021 10:56:47 上午 cn.ycx.ycxtomcat.Bootstrap logJVM
INFO : JVM Version:		1.8.0_144-b01
04 16, 2021 10:56:47 上午 cn.ycx.ycxtomcat.Bootstrap logJVM
INFO : JVM Vendor:		Oracle Corporation
04 16, 2021 10:56:47 上午 cn.ycx.ycxtomcat.Bootstrap logJVM
INFO : Server number:		1.0.1
04 16, 2021 10:56:47 上午 cn.ycx.ycxtomcat.catalina.Context <init>
INFO : Deploying web application directory /Users/chuancey/Idea-Workspace/YcxTomcat/webapps/a
04 16, 2021 10:56:47 上午 cn.ycx.ycxtomcat.catalina.Context <init>
INFO : Deployment of web application directory /Users/chuancey/Idea-Workspace/YcxTomcat/webapps/a has finished in 1 ms
04 16, 2021 10:56:47 上午 cn.ycx.ycxtomcat.catalina.Context <init>
INFO : Deploying web application directory /Users/chuancey/Idea-Workspace/YcxTomcat/webapps/b
04 16, 2021 10:56:47 上午 cn.ycx.ycxtomcat.catalina.Context <init>
INFO : Deployment of web application directory /Users/chuancey/Idea-Workspace/YcxTomcat/webapps/b has finished in 1 ms
04 16, 2021 10:56:47 上午 cn.ycx.ycxtomcat.catalina.Context <init>
INFO : Deploying web application directory /Users/chuancey/Idea-Workspace/YcxTomcat/webapps/ROOT
04 16, 2021 10:56:47 上午 cn.ycx.ycxtomcat.catalina.Context <init>
INFO : Deployment of web application directory /Users/chuancey/Idea-Workspace/YcxTomcat/webapps/ROOT has finished in 0 ms
04 16, 2021 10:56:47 上午 cn.ycx.ycxtomcat.catalina.Context <init>
INFO : Deploying web application directory d:/project/diytomcat/b
04 16, 2021 10:56:47 上午 cn.ycx.ycxtomcat.catalina.Context <init>
INFO : Deployment of web application directory d:/project/diytomcat/b has finished in 11 ms
04 16, 2021 10:59:51 上午 cn.ycx.ycxtomcat.Bootstrap logJVM
INFO : OS Version:		10.12.6
04 16, 2021 10:59:51 上午 cn.ycx.ycxtomcat.Bootstrap logJVM
INFO : OS Name	:		Mac OS X
04 16, 2021 10:59:51 上午 cn.ycx.ycxtomcat.Bootstrap logJVM
INFO : Architecture:		x86_64
04 16, 2021 10:59:51 上午 cn.ycx.ycxtomcat.Bootstrap logJVM
INFO : Server version:		How2J DiyTomcat/1.0.1
04 16, 2021 10:59:51 上午 cn.ycx.ycxtomcat.Bootstrap logJVM
INFO : Server built:		2020-04-08 10:20:22
04 16, 2021 10:59:51 上午 cn.ycx.ycxtomcat.Bootstrap logJVM
INFO : Java Home:		/Library/Java/JavaVirtualMachines/jdk1.8.0_144.jdk/Contents/Home/jre
04 16, 2021 10:59:51 上午 cn.ycx.ycxtomcat.Bootstrap logJVM
INFO : JVM Version:		1.8.0_144-b01
04 16, 2021 10:59:51 上午 cn.ycx.ycxtomcat.Bootstrap logJVM
INFO : JVM Vendor:		Oracle Corporation
04 16, 2021 10:59:51 上午 cn.ycx.ycxtomcat.Bootstrap logJVM
INFO : Server number:		1.0.1
04 16, 2021 10:59:51 上午 cn.ycx.ycxtomcat.catalina.Context <init>
INFO : Deploying web application directory /Users/chuancey/Idea-Workspace/YcxTomcat/webapps/a
04 16, 2021 10:59:51 上午 cn.ycx.ycxtomcat.catalina.Context <init>
INFO : Deployment of web application directory /Users/chuancey/Idea-Workspace/YcxTomcat/webapps/a has finished in 1 ms
04 16, 2021 10:59:51 上午 cn.ycx.ycxtomcat.catalina.Context <init>
INFO : Deploying web application directory /Users/chuancey/Idea-Workspace/YcxTomcat/webapps/b
04 16, 2021 10:59:51 上午 cn.ycx.ycxtomcat.catalina.Context <init>
INFO : Deployment of web application directory /Users/chuancey/Idea-Workspace/YcxTomcat/webapps/b has finished in 0 ms
04 16, 2021 10:59:51 上午 cn.ycx.ycxtomcat.catalina.Context <init>
INFO : Deploying web application directory /Users/chuancey/Idea-Workspace/YcxTomcat/webapps/ROOT
04 16, 2021 10:59:51 上午 cn.ycx.ycxtomcat.catalina.Context <init>
INFO : Deployment of web application directory /Users/chuancey/Idea-Workspace/YcxTomcat/webapps/ROOT has finished in 0 ms
04 16, 2021 10:59:51 上午 cn.ycx.ycxtomcat.catalina.Context <init>
INFO : Deploying web application directory /Users/chuancey/Idea-Workspace/YcxTomcat/webapps/b
04 16, 2021 10:59:51 上午 cn.ycx.ycxtomcat.catalina.Context <init>
INFO : Deployment of web application directory /Users/chuancey/Idea-Workspace/YcxTomcat/webapps/b has finished in 4 ms
04 16, 2021 14:20:53 下午 cn.ycx.ycxtomcat.Bootstrap logJVM
INFO : OS Version:		10.12.6
04 16, 2021 14:20:53 下午 cn.ycx.ycxtomcat.Bootstrap logJVM
INFO : OS Name	:		Mac OS X
04 16, 2021 14:20:53 下午 cn.ycx.ycxtomcat.Bootstrap logJVM
INFO : Architecture:		x86_64
04 16, 2021 14:20:53 下午 cn.ycx.ycxtomcat.Bootstrap logJVM
INFO : Server version:		Ycx DiyTomcat/1.0.1
04 16, 2021 14:20:53 下午 cn.ycx.ycxtomcat.Bootstrap logJVM
INFO : Server built:		2020-04-08 10:20:22
04 16, 2021 14:20:53 下午 cn.ycx.ycxtomcat.Bootstrap logJVM
INFO : Java Home:		/Library/Java/JavaVirtualMachines/jdk1.8.0_144.jdk/Contents/Home/jre
04 16, 2021 14:20:53 下午 cn.ycx.ycxtomcat.Bootstrap logJVM
INFO : JVM Version:		1.8.0_144-b01
04 16, 2021 14:20:53 下午 cn.ycx.ycxtomcat.Bootstrap logJVM
INFO : JVM Vendor:		Oracle Corporation
04 16, 2021 14:20:53 下午 cn.ycx.ycxtomcat.Bootstrap logJVM
INFO : Server number:		1.0.1
04 16, 2021 14:20:53 下午 cn.ycx.ycxtomcat.catalina.Context <init>
INFO : Deploying web application directory /Users/chuancey/Idea-Workspace/YcxTomcat/webapps/a
04 16, 2021 14:20:53 下午 cn.ycx.ycxtomcat.catalina.Context <init>
INFO : Deployment of web application directory /Users/chuancey/Idea-Workspace/YcxTomcat/webapps/a has finished in 0 ms
04 16, 2021 14:20:53 下午 cn.ycx.ycxtomcat.catalina.Context <init>
INFO : Deploying web application directory /Users/chuancey/Idea-Workspace/YcxTomcat/webapps/b
04 16, 2021 14:20:53 下午 cn.ycx.ycxtomcat.catalina.Context <init>
INFO : Deployment of web application directory /Users/chuancey/Idea-Workspace/YcxTomcat/webapps/b has finished in 0 ms
04 16, 2021 14:20:53 下午 cn.ycx.ycxtomcat.catalina.Context <init>
INFO : Deploying web application directory /Users/chuancey/Idea-Workspace/YcxTomcat/webapps/ROOT
04 16, 2021 14:20:53 下午 cn.ycx.ycxtomcat.catalina.Context <init>
INFO : Deployment of web application directory /Users/chuancey/Idea-Workspace/YcxTomcat/webapps/ROOT has finished in 0 ms
04 16, 2021 14:20:53 下午 cn.ycx.ycxtomcat.catalina.Context <init>
INFO : Deploying web application directory /Users/chuancey/Idea-Workspace/YcxTomcat/webapps/b
04 16, 2021 14:20:53 下午 cn.ycx.ycxtomcat.catalina.Context <init>
INFO : Deployment of web application directory /Users/chuancey/Idea-Workspace/YcxTomcat/webapps/b has finished in 5 ms
04 16, 2021 14:20:53 下午 cn.ycx.ycxtomcat.catalina.Context <init>
INFO : Deploying web application directory /Users/chuancey/Idea-Workspace/YcxTomcat/webapps/a
04 16, 2021 14:20:53 下午 cn.ycx.ycxtomcat.catalina.Context <init>
INFO : Deployment of web application directory /Users/chuancey/Idea-Workspace/YcxTomcat/webapps/a has finished in 1 ms
04 16, 2021 14:20:53 下午 cn.ycx.ycxtomcat.catalina.Context <init>
INFO : Deploying web application directory /Users/chuancey/Idea-Workspace/YcxTomcat/webapps/b
04 16, 2021 14:20:53 下午 cn.ycx.ycxtomcat.catalina.Context <init>
INFO : Deployment of web application directory /Users/chuancey/Idea-Workspace/YcxTomcat/webapps/b has finished in 1 ms
04 16, 2021 14:20:53 下午 cn.ycx.ycxtomcat.catalina.Context <init>
INFO : Deploying web application directory /Users/chuancey/Idea-Workspace/YcxTomcat/webapps/ROOT
04 16, 2021 14:20:53 下午 cn.ycx.ycxtomcat.catalina.Context <init>
INFO : Deployment of web application directory /Users/chuancey/Idea-Workspace/YcxTomcat/webapps/ROOT has finished in 0 ms
04 16, 2021 14:20:53 下午 cn.ycx.ycxtomcat.catalina.Context <init>
INFO : Deploying web application directory /Users/chuancey/Idea-Workspace/YcxTomcat/webapps/b
04 16, 2021 14:20:53 下午 cn.ycx.ycxtomcat.catalina.Context <init>
INFO : Deployment of web application directory /Users/chuancey/Idea-Workspace/YcxTomcat/webapps/b has finished in 1 ms
04 16, 2021 14:21:56 下午 cn.ycx.ycxtomcat.Bootstrap logJVM
INFO : OS Version:		10.12.6
04 16, 2021 14:21:56 下午 cn.ycx.ycxtomcat.Bootstrap logJVM
INFO : OS Name	:		Mac OS X
04 16, 2021 14:21:56 下午 cn.ycx.ycxtomcat.Bootstrap logJVM
INFO : Architecture:		x86_64
04 16, 2021 14:21:56 下午 cn.ycx.ycxtomcat.Bootstrap logJVM
INFO : Server version:		Ycx DiyTomcat/1.0.1
04 16, 2021 14:21:56 下午 cn.ycx.ycxtomcat.Bootstrap logJVM
INFO : Server built:		2020-04-08 10:20:22
04 16, 2021 14:21:56 下午 cn.ycx.ycxtomcat.Bootstrap logJVM
INFO : Java Home:		/Library/Java/JavaVirtualMachines/jdk1.8.0_144.jdk/Contents/Home/jre
04 16, 2021 14:21:56 下午 cn.ycx.ycxtomcat.Bootstrap logJVM
INFO : JVM Version:		1.8.0_144-b01
04 16, 2021 14:21:56 下午 cn.ycx.ycxtomcat.Bootstrap logJVM
INFO : JVM Vendor:		Oracle Corporation
04 16, 2021 14:21:56 下午 cn.ycx.ycxtomcat.Bootstrap logJVM
INFO : Server number:		1.0.1
04 16, 2021 14:21:56 下午 cn.ycx.ycxtomcat.catalina.Context <init>
INFO : Deploying web application directory /Users/chuancey/Idea-Workspace/YcxTomcat/webapps/a
04 16, 2021 14:21:56 下午 cn.ycx.ycxtomcat.catalina.Context <init>
INFO : Deployment of web application directory /Users/chuancey/Idea-Workspace/YcxTomcat/webapps/a has finished in 1 ms
04 16, 2021 14:21:56 下午 cn.ycx.ycxtomcat.catalina.Context <init>
INFO : Deploying web application directory /Users/chuancey/Idea-Workspace/YcxTomcat/webapps/b
04 16, 2021 14:21:56 下午 cn.ycx.ycxtomcat.catalina.Context <init>
INFO : Deployment of web application directory /Users/chuancey/Idea-Workspace/YcxTomcat/webapps/b has finished in 0 ms
04 16, 2021 14:21:56 下午 cn.ycx.ycxtomcat.catalina.Context <init>
INFO : Deploying web application directory /Users/chuancey/Idea-Workspace/YcxTomcat/webapps/ROOT
04 16, 2021 14:21:56 下午 cn.ycx.ycxtomcat.catalina.Context <init>
INFO : Deployment of web application directory /Users/chuancey/Idea-Workspace/YcxTomcat/webapps/ROOT has finished in 0 ms
04 16, 2021 14:21:56 下午 cn.ycx.ycxtomcat.catalina.Context <init>
INFO : Deploying web application directory /Users/chuancey/Idea-Workspace/YcxTomcat/webapps/b
04 16, 2021 14:21:56 下午 cn.ycx.ycxtomcat.catalina.Context <init>
INFO : Deployment of web application directory /Users/chuancey/Idea-Workspace/YcxTomcat/webapps/b has finished in 5 ms
04 16, 2021 14:21:56 下午 cn.ycx.ycxtomcat.catalina.Context <init>
INFO : Deploying web application directory /Users/chuancey/Idea-Workspace/YcxTomcat/webapps/a
04 16, 2021 14:21:56 下午 cn.ycx.ycxtomcat.catalina.Context <init>
INFO : Deployment of web application directory /Users/chuancey/Idea-Workspace/YcxTomcat/webapps/a has finished in 1 ms
04 16, 2021 14:21:56 下午 cn.ycx.ycxtomcat.catalina.Context <init>
INFO : Deploying web application directory /Users/chuancey/Idea-Workspace/YcxTomcat/webapps/b
04 16, 2021 14:21:56 下午 cn.ycx.ycxtomcat.catalina.Context <init>
INFO : Deployment of web application directory /Users/chuancey/Idea-Workspace/YcxTomcat/webapps/b has finished in 0 ms
04 16, 2021 14:21:56 下午 cn.ycx.ycxtomcat.catalina.Context <init>
INFO : Deploying web application directory /Users/chuancey/Idea-Workspace/YcxTomcat/webapps/ROOT
04 16, 2021 14:21:56 下午 cn.ycx.ycxtomcat.catalina.Context <init>
INFO : Deployment of web application directory /Users/chuancey/Idea-Workspace/YcxTomcat/webapps/ROOT has finished in 0 ms
04 16, 2021 14:21:56 下午 cn.ycx.ycxtomcat.catalina.Context <init>
INFO : Deploying web application directory /Users/chuancey/Idea-Workspace/YcxTomcat/webapps/b
04 16, 2021 14:21:56 下午 cn.ycx.ycxtomcat.catalina.Context <init>
INFO : Deployment of web application directory /Users/chuancey/Idea-Workspace/YcxTomcat/webapps/b has finished in 0 ms
04 16, 2021 14:28:04 下午 cn.ycx.ycxtomcat.Bootstrap logJVM
INFO : OS Version:		10.12.6
04 16, 2021 14:28:04 下午 cn.ycx.ycxtomcat.Bootstrap logJVM
INFO : OS Name	:		Mac OS X
04 16, 2021 14:28:04 下午 cn.ycx.ycxtomcat.Bootstrap logJVM
INFO : Architecture:		x86_64
04 16, 2021 14:28:04 下午 cn.ycx.ycxtomcat.Bootstrap logJVM
INFO : Server version:		Ycx DiyTomcat/1.0.1
04 16, 2021 14:28:04 下午 cn.ycx.ycxtomcat.Bootstrap logJVM
INFO : Server built:		2020-04-08 10:20:22
04 16, 2021 14:28:04 下午 cn.ycx.ycxtomcat.Bootstrap logJVM
INFO : Java Home:		/Library/Java/JavaVirtualMachines/jdk1.8.0_144.jdk/Contents/Home/jre
04 16, 2021 14:28:04 下午 cn.ycx.ycxtomcat.Bootstrap logJVM
INFO : JVM Version:		1.8.0_144-b01
04 16, 2021 14:28:04 下午 cn.ycx.ycxtomcat.Bootstrap logJVM
INFO : JVM Vendor:		Oracle Corporation
04 16, 2021 14:28:04 下午 cn.ycx.ycxtomcat.Bootstrap logJVM
INFO : Server number:		1.0.1
04 16, 2021 14:28:04 下午 cn.ycx.ycxtomcat.catalina.Context <init>
INFO : Deploying web application directory /Users/chuancey/Idea-Workspace/YcxTomcat/webapps/a
04 16, 2021 14:28:04 下午 cn.ycx.ycxtomcat.catalina.Context <init>
INFO : Deployment of web application directory /Users/chuancey/Idea-Workspace/YcxTomcat/webapps/a has finished in 2 ms
04 16, 2021 14:28:04 下午 cn.ycx.ycxtomcat.catalina.Context <init>
INFO : Deploying web application directory /Users/chuancey/Idea-Workspace/YcxTomcat/webapps/b
04 16, 2021 14:28:04 下午 cn.ycx.ycxtomcat.catalina.Context <init>
INFO : Deployment of web application directory /Users/chuancey/Idea-Workspace/YcxTomcat/webapps/b has finished in 1 ms
04 16, 2021 14:28:04 下午 cn.ycx.ycxtomcat.catalina.Context <init>
INFO : Deploying web application directory /Users/chuancey/Idea-Workspace/YcxTomcat/webapps/ROOT
04 16, 2021 14:28:04 下午 cn.ycx.ycxtomcat.catalina.Context <init>
INFO : Deployment of web application directory /Users/chuancey/Idea-Workspace/YcxTomcat/webapps/ROOT has finished in 1 ms
04 16, 2021 14:28:04 下午 cn.ycx.ycxtomcat.catalina.Context <init>
INFO : Deploying web application directory /Users/chuancey/Idea-Workspace/YcxTomcat/webapps/b
04 16, 2021 14:28:04 下午 cn.ycx.ycxtomcat.catalina.Context <init>
INFO : Deployment of web application directory /Users/chuancey/Idea-Workspace/YcxTomcat/webapps/b has finished in 9 ms
04 16, 2021 15:24:06 下午 cn.ycx.ycxtomcat.Bootstrap logJVM
INFO : OS Version:		10.12.6
04 16, 2021 15:24:06 下午 cn.ycx.ycxtomcat.Bootstrap logJVM
INFO : OS Name	:		Mac OS X
04 16, 2021 15:24:06 下午 cn.ycx.ycxtomcat.Bootstrap logJVM
INFO : Architecture:		x86_64
04 16, 2021 15:24:06 下午 cn.ycx.ycxtomcat.Bootstrap logJVM
INFO : Server version:		Ycx DiyTomcat/1.0.1
04 16, 2021 15:24:06 下午 cn.ycx.ycxtomcat.Bootstrap logJVM
INFO : Server built:		2020-04-08 10:20:22
04 16, 2021 15:24:06 下午 cn.ycx.ycxtomcat.Bootstrap logJVM
INFO : Java Home:		/Library/Java/JavaVirtualMachines/jdk1.8.0_144.jdk/Contents/Home/jre
04 16, 2021 15:24:06 下午 cn.ycx.ycxtomcat.Bootstrap logJVM
INFO : JVM Version:		1.8.0_144-b01
04 16, 2021 15:24:06 下午 cn.ycx.ycxtomcat.Bootstrap logJVM
INFO : JVM Vendor:		Oracle Corporation
04 16, 2021 15:24:06 下午 cn.ycx.ycxtomcat.Bootstrap logJVM
INFO : Server number:		1.0.1
04 16, 2021 15:24:06 下午 cn.ycx.ycxtomcat.catalina.Context <init>
INFO : Deploying web application directory /Users/chuancey/Idea-Workspace/YcxTomcat/webapps/a
04 16, 2021 15:24:06 下午 cn.ycx.ycxtomcat.catalina.Context <init>
INFO : Deployment of web application directory /Users/chuancey/Idea-Workspace/YcxTomcat/webapps/a has finished in 0 ms
04 16, 2021 15:24:06 下午 cn.ycx.ycxtomcat.catalina.Context <init>
INFO : Deploying web application directory /Users/chuancey/Idea-Workspace/YcxTomcat/webapps/b
04 16, 2021 15:24:06 下午 cn.ycx.ycxtomcat.catalina.Context <init>
INFO : Deployment of web application directory /Users/chuancey/Idea-Workspace/YcxTomcat/webapps/b has finished in 1 ms
04 16, 2021 15:24:06 下午 cn.ycx.ycxtomcat.catalina.Context <init>
INFO : Deploying web application directory /Users/chuancey/Idea-Workspace/YcxTomcat/webapps/ROOT
04 16, 2021 15:24:06 下午 cn.ycx.ycxtomcat.catalina.Context <init>
INFO : Deployment of web application directory /Users/chuancey/Idea-Workspace/YcxTomcat/webapps/ROOT has finished in 1 ms
04 16, 2021 15:24:06 下午 cn.ycx.ycxtomcat.catalina.Context <init>
INFO : Deploying web application directory /Users/chuancey/Idea-Workspace/YcxTomcat/webapps/b
04 16, 2021 15:24:06 下午 cn.ycx.ycxtomcat.catalina.Context <init>
INFO : Deployment of web application directory /Users/chuancey/Idea-Workspace/YcxTomcat/webapps/b has finished in 5 ms
04 16, 2021 19:36:56 下午 cn.ycx.ycxtomcat.Bootstrap logJVM
INFO : OS Version:		10.12.6
04 16, 2021 19:36:56 下午 cn.ycx.ycxtomcat.Bootstrap logJVM
INFO : OS Name	:		Mac OS X
04 16, 2021 19:36:56 下午 cn.ycx.ycxtomcat.Bootstrap logJVM
INFO : Architecture:		x86_64
04 16, 2021 19:36:56 下午 cn.ycx.ycxtomcat.Bootstrap logJVM
INFO : Server version:		Ycx DiyTomcat/1.0.1
04 16, 2021 19:36:56 下午 cn.ycx.ycxtomcat.Bootstrap logJVM
INFO : Server built:		2020-04-08 10:20:22
04 16, 2021 19:36:56 下午 cn.ycx.ycxtomcat.Bootstrap logJVM
INFO : Java Home:		/Library/Java/JavaVirtualMachines/jdk1.8.0_144.jdk/Contents/Home/jre
04 16, 2021 19:36:56 下午 cn.ycx.ycxtomcat.Bootstrap logJVM
INFO : JVM Version:		1.8.0_144-b01
04 16, 2021 19:36:56 下午 cn.ycx.ycxtomcat.Bootstrap logJVM
INFO : JVM Vendor:		Oracle Corporation
04 16, 2021 19:36:56 下午 cn.ycx.ycxtomcat.Bootstrap logJVM
INFO : Server number:		1.0.1
04 16, 2021 19:36:57 下午 cn.ycx.ycxtomcat.catalina.Context <init>
INFO : Deploying web application directory /Users/chuancey/Idea-Workspace/YcxTomcat/webapps/a
04 16, 2021 19:36:57 下午 cn.ycx.ycxtomcat.catalina.Context <init>
INFO : Deployment of web application directory /Users/chuancey/Idea-Workspace/YcxTomcat/webapps/a has finished in 4 ms
04 16, 2021 19:36:57 下午 cn.ycx.ycxtomcat.catalina.Context <init>
INFO : Deploying web application directory /Users/chuancey/Idea-Workspace/YcxTomcat/webapps/b
04 16, 2021 19:36:57 下午 cn.ycx.ycxtomcat.catalina.Context <init>
INFO : Deployment of web application directory /Users/chuancey/Idea-Workspace/YcxTomcat/webapps/b has finished in 1 ms
04 16, 2021 19:36:57 下午 cn.ycx.ycxtomcat.catalina.Context <init>
INFO : Deploying web application directory /Users/chuancey/Idea-Workspace/YcxTomcat/webapps/ROOT
04 16, 2021 19:36:57 下午 cn.ycx.ycxtomcat.catalina.Context <init>
INFO : Deployment of web application directory /Users/chuancey/Idea-Workspace/YcxTomcat/webapps/ROOT has finished in 1 ms
04 16, 2021 19:36:57 下午 cn.ycx.ycxtomcat.catalina.Context <init>
INFO : Deploying web application directory /Users/chuancey/Idea-Workspace/YcxTomcat/webapps/b
04 16, 2021 19:36:57 下午 cn.ycx.ycxtomcat.catalina.Context <init>
INFO : Deployment of web application directory /Users/chuancey/Idea-Workspace/YcxTomcat/webapps/b has finished in 2 ms
04 16, 2021 20:06:33 下午 cn.ycx.ycxtomcat.catalina.Context <init>
INFO : Deploying web application directory /Users/chuancey/Idea-Workspace/YcxTomcat/webapps/a
04 16, 2021 20:06:33 下午 cn.ycx.ycxtomcat.catalina.Context <init>
INFO : Deployment of web application directory /Users/chuancey/Idea-Workspace/YcxTomcat/webapps/a has finished in 361 ms
04 16, 2021 20:06:33 下午 cn.ycx.ycxtomcat.catalina.Context <init>
INFO : Deploying web application directory /Users/chuancey/Idea-Workspace/YcxTomcat/webapps/b
04 16, 2021 20:06:33 下午 cn.ycx.ycxtomcat.catalina.Context <init>
INFO : Deployment of web application directory /Users/chuancey/Idea-Workspace/YcxTomcat/webapps/b has finished in 0 ms
04 16, 2021 20:06:33 下午 cn.ycx.ycxtomcat.catalina.Context <init>
INFO : Deploying web application directory /Users/chuancey/Idea-Workspace/YcxTomcat/webapps/ROOT
04 16, 2021 20:06:33 下午 cn.ycx.ycxtomcat.catalina.Context <init>
INFO : Deployment of web application directory /Users/chuancey/Idea-Workspace/YcxTomcat/webapps/ROOT has finished in 0 ms
04 16, 2021 20:06:33 下午 cn.ycx.ycxtomcat.catalina.Context <init>
INFO : Deploying web application directory /Users/chuancey/Idea-Workspace/YcxTomcat/webapps/b
04 16, 2021 20:06:33 下午 cn.ycx.ycxtomcat.catalina.Context <init>
INFO : Deployment of web application directory /Users/chuancey/Idea-Workspace/YcxTomcat/webapps/b has finished in 1 ms
04 16, 2021 20:06:33 下午 cn.ycx.ycxtomcat.catalina.Server logJVM
INFO : OS Version:		10.12.6
04 16, 2021 20:06:33 下午 cn.ycx.ycxtomcat.catalina.Server logJVM
INFO : OS Name	:		Mac OS X
04 16, 2021 20:06:33 下午 cn.ycx.ycxtomcat.catalina.Server logJVM
INFO : Architecture:		x86_64
04 16, 2021 20:06:33 下午 cn.ycx.ycxtomcat.catalina.Server logJVM
INFO : Server version:		Ycx DiyTomcat/1.0.1
04 16, 2021 20:06:33 下午 cn.ycx.ycxtomcat.catalina.Server logJVM
INFO : Server built:		2020-04-08 10:20:22
04 16, 2021 20:06:33 下午 cn.ycx.ycxtomcat.catalina.Server logJVM
INFO : Java Home:		/Library/Java/JavaVirtualMachines/jdk1.8.0_144.jdk/Contents/Home/jre
04 16, 2021 20:06:33 下午 cn.ycx.ycxtomcat.catalina.Server logJVM
INFO : JVM Version:		1.8.0_144-b01
04 16, 2021 20:06:33 下午 cn.ycx.ycxtomcat.catalina.Server logJVM
INFO : JVM Vendor:		Oracle Corporation
04 16, 2021 20:06:33 下午 cn.ycx.ycxtomcat.catalina.Server logJVM
INFO : Server number:		1.0.1
04 16, 2021 20:07:18 下午 cn.ycx.ycxtomcat.catalina.Context <init>
INFO : Deploying web application directory /Users/chuancey/Idea-Workspace/YcxTomcat/webapps/a
04 16, 2021 20:07:18 下午 cn.ycx.ycxtomcat.catalina.Context <init>
INFO : Deployment of web application directory /Users/chuancey/Idea-Workspace/YcxTomcat/webapps/a has finished in 154 ms
04 16, 2021 20:07:18 下午 cn.ycx.ycxtomcat.catalina.Context <init>
INFO : Deploying web application directory /Users/chuancey/Idea-Workspace/YcxTomcat/webapps/b
04 16, 2021 20:07:18 下午 cn.ycx.ycxtomcat.catalina.Context <init>
INFO : Deployment of web application directory /Users/chuancey/Idea-Workspace/YcxTomcat/webapps/b has finished in 1 ms
04 16, 2021 20:07:18 下午 cn.ycx.ycxtomcat.catalina.Context <init>
INFO : Deploying web application directory /Users/chuancey/Idea-Workspace/YcxTomcat/webapps/ROOT
04 16, 2021 20:07:18 下午 cn.ycx.ycxtomcat.catalina.Context <init>
INFO : Deployment of web application directory /Users/chuancey/Idea-Workspace/YcxTomcat/webapps/ROOT has finished in 0 ms
04 16, 2021 20:07:18 下午 cn.ycx.ycxtomcat.catalina.Context <init>
INFO : Deploying web application directory /Users/chuancey/Idea-Workspace/YcxTomcat/webapps/b
04 16, 2021 20:07:18 下午 cn.ycx.ycxtomcat.catalina.Context <init>
INFO : Deployment of web application directory /Users/chuancey/Idea-Workspace/YcxTomcat/webapps/b has finished in 0 ms
04 16, 2021 20:07:18 下午 cn.ycx.ycxtomcat.catalina.Server logJVM
INFO : OS Version:		10.12.6
04 16, 2021 20:07:18 下午 cn.ycx.ycxtomcat.catalina.Server logJVM
INFO : OS Name	:		Mac OS X
04 16, 2021 20:07:18 下午 cn.ycx.ycxtomcat.catalina.Server logJVM
INFO : Architecture:		x86_64
04 16, 2021 20:07:18 下午 cn.ycx.ycxtomcat.catalina.Server logJVM
INFO : Server version:		Ycx DiyTomcat/1.0.1
04 16, 2021 20:07:18 下午 cn.ycx.ycxtomcat.catalina.Server logJVM
INFO : Server built:		2020-04-08 10:20:22
04 16, 2021 20:07:18 下午 cn.ycx.ycxtomcat.catalina.Server logJVM
INFO : Java Home:		/Library/Java/JavaVirtualMachines/jdk1.8.0_144.jdk/Contents/Home/jre
04 16, 2021 20:07:18 下午 cn.ycx.ycxtomcat.catalina.Server logJVM
INFO : JVM Version:		1.8.0_144-b01
04 16, 2021 20:07:18 下午 cn.ycx.ycxtomcat.catalina.Server logJVM
INFO : JVM Vendor:		Oracle Corporation
04 16, 2021 20:07:18 下午 cn.ycx.ycxtomcat.catalina.Server logJVM
INFO : Server number:		1.0.1
04 16, 2021 20:11:07 下午 cn.ycx.ycxtomcat.catalina.Server logJVM
INFO : OS Version:		10.12.6
04 16, 2021 20:11:07 下午 cn.ycx.ycxtomcat.catalina.Server logJVM
INFO : OS Name	:		Mac OS X
04 16, 2021 20:11:07 下午 cn.ycx.ycxtomcat.catalina.Server logJVM
INFO : Architecture:		x86_64
04 16, 2021 20:11:07 下午 cn.ycx.ycxtomcat.catalina.Server logJVM
INFO : Server version:		Ycx DiyTomcat/1.0.1
04 16, 2021 20:11:07 下午 cn.ycx.ycxtomcat.catalina.Server logJVM
INFO : Server built:		2020-04-08 10:20:22
04 16, 2021 20:11:07 下午 cn.ycx.ycxtomcat.catalina.Server logJVM
INFO : Java Home:		/Library/Java/JavaVirtualMachines/jdk1.8.0_144.jdk/Contents/Home/jre
04 16, 2021 20:11:07 下午 cn.ycx.ycxtomcat.catalina.Server logJVM
INFO : JVM Version:		1.8.0_144-b01
04 16, 2021 20:11:07 下午 cn.ycx.ycxtomcat.catalina.Server logJVM
INFO : JVM Vendor:		Oracle Corporation
04 16, 2021 20:11:07 下午 cn.ycx.ycxtomcat.catalina.Server logJVM
INFO : Server number:		1.0.1
04 16, 2021 20:11:07 下午 cn.ycx.ycxtomcat.catalina.Context <init>
INFO : Deploying web application directory /Users/chuancey/Idea-Workspace/YcxTomcat/webapps/a
04 16, 2021 20:11:07 下午 cn.ycx.ycxtomcat.catalina.Context <init>
INFO : Deployment of web application directory /Users/chuancey/Idea-Workspace/YcxTomcat/webapps/a has finished in 1 ms
04 16, 2021 20:11:07 下午 cn.ycx.ycxtomcat.catalina.Context <init>
INFO : Deploying web application directory /Users/chuancey/Idea-Workspace/YcxTomcat/webapps/b
04 16, 2021 20:11:07 下午 cn.ycx.ycxtomcat.catalina.Context <init>
INFO : Deployment of web application directory /Users/chuancey/Idea-Workspace/YcxTomcat/webapps/b has finished in 1 ms
04 16, 2021 20:11:07 下午 cn.ycx.ycxtomcat.catalina.Context <init>
INFO : Deploying web application directory /Users/chuancey/Idea-Workspace/YcxTomcat/webapps/ROOT
04 16, 2021 20:11:07 下午 cn.ycx.ycxtomcat.catalina.Context <init>
INFO : Deployment of web application directory /Users/chuancey/Idea-Workspace/YcxTomcat/webapps/ROOT has finished in 1 ms
04 16, 2021 20:11:07 下午 cn.ycx.ycxtomcat.catalina.Context <init>
INFO : Deploying web application directory /Users/chuancey/Idea-Workspace/YcxTomcat/webapps/b
04 16, 2021 20:11:07 下午 cn.ycx.ycxtomcat.catalina.Context <init>
INFO : Deployment of web application directory /Users/chuancey/Idea-Workspace/YcxTomcat/webapps/b has finished in 3 ms
04 16, 2021 20:13:50 下午 cn.ycx.ycxtomcat.catalina.Context <init>
INFO : Deploying web application directory /Users/chuancey/Idea-Workspace/YcxTomcat/webapps/a
04 16, 2021 20:13:50 下午 cn.ycx.ycxtomcat.catalina.Context <init>
INFO : Deployment of web application directory /Users/chuancey/Idea-Workspace/YcxTomcat/webapps/a has finished in 244 ms
04 16, 2021 20:13:50 下午 cn.ycx.ycxtomcat.catalina.Context <init>
INFO : Deploying web application directory /Users/chuancey/Idea-Workspace/YcxTomcat/webapps/b
04 16, 2021 20:13:50 下午 cn.ycx.ycxtomcat.catalina.Context <init>
INFO : Deployment of web application directory /Users/chuancey/Idea-Workspace/YcxTomcat/webapps/b has finished in 0 ms
04 16, 2021 20:13:50 下午 cn.ycx.ycxtomcat.catalina.Context <init>
INFO : Deploying web application directory /Users/chuancey/Idea-Workspace/YcxTomcat/webapps/ROOT
04 16, 2021 20:13:50 下午 cn.ycx.ycxtomcat.catalina.Context <init>
INFO : Deployment of web application directory /Users/chuancey/Idea-Workspace/YcxTomcat/webapps/ROOT has finished in 1 ms
04 16, 2021 20:13:50 下午 cn.ycx.ycxtomcat.catalina.Context <init>
INFO : Deploying web application directory /Users/chuancey/Idea-Workspace/YcxTomcat/webapps/b
04 16, 2021 20:13:50 下午 cn.ycx.ycxtomcat.catalina.Context <init>
INFO : Deployment of web application directory /Users/chuancey/Idea-Workspace/YcxTomcat/webapps/b has finished in 1 ms
04 16, 2021 20:13:50 下午 cn.ycx.ycxtomcat.catalina.Server logJVM
INFO : OS Version:		10.12.6
04 16, 2021 20:13:50 下午 cn.ycx.ycxtomcat.catalina.Server logJVM
INFO : OS Name	:		Mac OS X
04 16, 2021 20:13:50 下午 cn.ycx.ycxtomcat.catalina.Server logJVM
INFO : Architecture:		x86_64
04 16, 2021 20:13:50 下午 cn.ycx.ycxtomcat.catalina.Server logJVM
INFO : Server version:		Ycx DiyTomcat/1.0.1
04 16, 2021 20:13:50 下午 cn.ycx.ycxtomcat.catalina.Server logJVM
INFO : Server built:		2020-04-08 10:20:22
04 16, 2021 20:13:50 下午 cn.ycx.ycxtomcat.catalina.Server logJVM
INFO : Java Home:		/Library/Java/JavaVirtualMachines/jdk1.8.0_144.jdk/Contents/Home/jre
04 16, 2021 20:13:50 下午 cn.ycx.ycxtomcat.catalina.Server logJVM
INFO : JVM Version:		1.8.0_144-b01
04 16, 2021 20:13:50 下午 cn.ycx.ycxtomcat.catalina.Server logJVM
INFO : JVM Vendor:		Oracle Corporation
04 16, 2021 20:13:50 下午 cn.ycx.ycxtomcat.catalina.Server logJVM
INFO : Server number:		1.0.1
04 16, 2021 20:14:56 下午 cn.ycx.ycxtomcat.catalina.Context <init>
INFO : Deploying web application directory /Users/chuancey/Idea-Workspace/YcxTomcat/webapps/a
04 16, 2021 20:14:56 下午 cn.ycx.ycxtomcat.catalina.Context <init>
INFO : Deployment of web application directory /Users/chuancey/Idea-Workspace/YcxTomcat/webapps/a has finished in 231 ms
04 16, 2021 20:14:56 下午 cn.ycx.ycxtomcat.catalina.Context <init>
INFO : Deploying web application directory /Users/chuancey/Idea-Workspace/YcxTomcat/webapps/b
04 16, 2021 20:14:56 下午 cn.ycx.ycxtomcat.catalina.Context <init>
INFO : Deployment of web application directory /Users/chuancey/Idea-Workspace/YcxTomcat/webapps/b has finished in 2 ms
04 16, 2021 20:14:56 下午 cn.ycx.ycxtomcat.catalina.Context <init>
INFO : Deploying web application directory /Users/chuancey/Idea-Workspace/YcxTomcat/webapps/ROOT
04 16, 2021 20:14:56 下午 cn.ycx.ycxtomcat.catalina.Context <init>
INFO : Deployment of web application directory /Users/chuancey/Idea-Workspace/YcxTomcat/webapps/ROOT has finished in 1 ms
04 16, 2021 20:14:56 下午 cn.ycx.ycxtomcat.catalina.Context <init>
INFO : Deploying web application directory /Users/chuancey/Idea-Workspace/YcxTomcat/webapps/b
04 16, 2021 20:14:56 下午 cn.ycx.ycxtomcat.catalina.Context <init>
INFO : Deployment of web application directory /Users/chuancey/Idea-Workspace/YcxTomcat/webapps/b has finished in 1 ms
04 16, 2021 20:14:56 下午 cn.ycx.ycxtomcat.catalina.Server logJVM
INFO : OS Version:		10.12.6
04 16, 2021 20:14:56 下午 cn.ycx.ycxtomcat.catalina.Server logJVM
INFO : OS Name	:		Mac OS X
04 16, 2021 20:14:56 下午 cn.ycx.ycxtomcat.catalina.Server logJVM
INFO : Architecture:		x86_64
04 16, 2021 20:14:56 下午 cn.ycx.ycxtomcat.catalina.Server logJVM
INFO : Server version:		Ycx DiyTomcat/1.0.1
04 16, 2021 20:14:56 下午 cn.ycx.ycxtomcat.catalina.Server logJVM
INFO : Server built:		2020-04-08 10:20:22
04 16, 2021 20:14:56 下午 cn.ycx.ycxtomcat.catalina.Server logJVM
INFO : Java Home:		/Library/Java/JavaVirtualMachines/jdk1.8.0_144.jdk/Contents/Home/jre
04 16, 2021 20:14:56 下午 cn.ycx.ycxtomcat.catalina.Server logJVM
INFO : JVM Version:		1.8.0_144-b01
04 16, 2021 20:14:56 下午 cn.ycx.ycxtomcat.catalina.Server logJVM
INFO : JVM Vendor:		Oracle Corporation
04 16, 2021 20:14:56 下午 cn.ycx.ycxtomcat.catalina.Server logJVM
INFO : Server number:		1.0.1
04 16, 2021 20:28:04 下午 cn.ycx.ycxtomcat.catalina.Context <init>
INFO : Deploying web application directory /Users/chuancey/Idea-Workspace/YcxTomcat/webapps/a
04 16, 2021 20:28:04 下午 cn.ycx.ycxtomcat.catalina.Context <init>
INFO : Deployment of web application directory /Users/chuancey/Idea-Workspace/YcxTomcat/webapps/a has finished in 166 ms
04 16, 2021 20:28:04 下午 cn.ycx.ycxtomcat.catalina.Context <init>
INFO : Deploying web application directory /Users/chuancey/Idea-Workspace/YcxTomcat/webapps/b
04 16, 2021 20:28:04 下午 cn.ycx.ycxtomcat.catalina.Context <init>
INFO : Deployment of web application directory /Users/chuancey/Idea-Workspace/YcxTomcat/webapps/b has finished in 1 ms
04 16, 2021 20:28:04 下午 cn.ycx.ycxtomcat.catalina.Context <init>
INFO : Deploying web application directory /Users/chuancey/Idea-Workspace/YcxTomcat/webapps/ROOT
04 16, 2021 20:28:04 下午 cn.ycx.ycxtomcat.catalina.Context <init>
INFO : Deployment of web application directory /Users/chuancey/Idea-Workspace/YcxTomcat/webapps/ROOT has finished in 0 ms
04 16, 2021 20:28:04 下午 cn.ycx.ycxtomcat.catalina.Context <init>
INFO : Deploying web application directory /Users/chuancey/Idea-Workspace/YcxTomcat/webapps/b
04 16, 2021 20:28:04 下午 cn.ycx.ycxtomcat.catalina.Context <init>
INFO : Deployment of web application directory /Users/chuancey/Idea-Workspace/YcxTomcat/webapps/b has finished in 0 ms
04 16, 2021 20:28:04 下午 cn.ycx.ycxtomcat.catalina.Server logJVM
INFO : OS Version:		10.12.6
04 16, 2021 20:28:04 下午 cn.ycx.ycxtomcat.catalina.Server logJVM
INFO : OS Name	:		Mac OS X
04 16, 2021 20:28:04 下午 cn.ycx.ycxtomcat.catalina.Server logJVM
INFO : Architecture:		x86_64
04 16, 2021 20:28:04 下午 cn.ycx.ycxtomcat.catalina.Server logJVM
INFO : Server version:		Ycx DiyTomcat/1.0.1
04 16, 2021 20:28:04 下午 cn.ycx.ycxtomcat.catalina.Server logJVM
INFO : Server built:		2020-04-08 10:20:22
04 16, 2021 20:28:04 下午 cn.ycx.ycxtomcat.catalina.Server logJVM
INFO : Java Home:		/Library/Java/JavaVirtualMachines/jdk1.8.0_144.jdk/Contents/Home/jre
04 16, 2021 20:28:04 下午 cn.ycx.ycxtomcat.catalina.Server logJVM
INFO : JVM Version:		1.8.0_144-b01
04 16, 2021 20:28:04 下午 cn.ycx.ycxtomcat.catalina.Server logJVM
INFO : JVM Vendor:		Oracle Corporation
04 16, 2021 20:28:04 下午 cn.ycx.ycxtomcat.catalina.Server logJVM
INFO : Server number:		1.0.1
04 16, 2021 20:59:43 下午 cn.ycx.ycxtomcat.catalina.Context <init>
INFO : Deploying web application directory /Users/chuancey/Idea-Workspace/YcxTomcat/webapps/a
04 16, 2021 20:59:43 下午 cn.ycx.ycxtomcat.catalina.Context <init>
INFO : Deployment of web application directory /Users/chuancey/Idea-Workspace/YcxTomcat/webapps/a has finished in 279 ms
04 16, 2021 20:59:43 下午 cn.ycx.ycxtomcat.catalina.Context <init>
INFO : Deploying web application directory /Users/chuancey/Idea-Workspace/YcxTomcat/webapps/b
04 16, 2021 20:59:43 下午 cn.ycx.ycxtomcat.catalina.Context <init>
INFO : Deployment of web application directory /Users/chuancey/Idea-Workspace/YcxTomcat/webapps/b has finished in 0 ms
04 16, 2021 20:59:43 下午 cn.ycx.ycxtomcat.catalina.Context <init>
INFO : Deploying web application directory /Users/chuancey/Idea-Workspace/YcxTomcat/webapps/ROOT
04 16, 2021 20:59:43 下午 cn.ycx.ycxtomcat.catalina.Context <init>
INFO : Deployment of web application directory /Users/chuancey/Idea-Workspace/YcxTomcat/webapps/ROOT has finished in 0 ms
04 16, 2021 20:59:43 下午 cn.ycx.ycxtomcat.catalina.Context <init>
INFO : Deploying web application directory /Users/chuancey/Idea-Workspace/YcxTomcat/webapps/b
04 16, 2021 20:59:43 下午 cn.ycx.ycxtomcat.catalina.Context <init>
INFO : Deployment of web application directory /Users/chuancey/Idea-Workspace/YcxTomcat/webapps/b has finished in 1 ms
04 16, 2021 20:59:43 下午 cn.ycx.ycxtomcat.catalina.Server logJVM
INFO : OS Version:		10.12.6
04 16, 2021 20:59:43 下午 cn.ycx.ycxtomcat.catalina.Server logJVM
INFO : OS Name	:		Mac OS X
04 16, 2021 20:59:43 下午 cn.ycx.ycxtomcat.catalina.Server logJVM
INFO : Architecture:		x86_64
04 16, 2021 20:59:43 下午 cn.ycx.ycxtomcat.catalina.Server logJVM
INFO : Server version:		Ycx DiyTomcat/1.0.1
04 16, 2021 20:59:43 下午 cn.ycx.ycxtomcat.catalina.Server logJVM
INFO : Server built:		2020-04-08 10:20:22
04 16, 2021 20:59:43 下午 cn.ycx.ycxtomcat.catalina.Server logJVM
INFO : Java Home:		/Library/Java/JavaVirtualMachines/jdk1.8.0_144.jdk/Contents/Home/jre
04 16, 2021 20:59:43 下午 cn.ycx.ycxtomcat.catalina.Server logJVM
INFO : JVM Version:		1.8.0_144-b01
04 16, 2021 20:59:43 下午 cn.ycx.ycxtomcat.catalina.Server logJVM
INFO : JVM Vendor:		Oracle Corporation
04 16, 2021 20:59:43 下午 cn.ycx.ycxtomcat.catalina.Server logJVM
INFO : Server number:		1.0.1
04 16, 2021 21:03:07 下午 cn.ycx.ycxtomcat.catalina.Context <init>
INFO : Deploying web application directory /Users/chuancey/Idea-Workspace/YcxTomcat/webapps/a
04 16, 2021 21:03:07 下午 cn.ycx.ycxtomcat.catalina.Context <init>
INFO : Deployment of web application directory /Users/chuancey/Idea-Workspace/YcxTomcat/webapps/a has finished in 245 ms
04 16, 2021 21:03:07 下午 cn.ycx.ycxtomcat.catalina.Context <init>
INFO : Deploying web application directory /Users/chuancey/Idea-Workspace/YcxTomcat/webapps/b
04 16, 2021 21:03:07 下午 cn.ycx.ycxtomcat.catalina.Context <init>
INFO : Deployment of web application directory /Users/chuancey/Idea-Workspace/YcxTomcat/webapps/b has finished in 1 ms
04 16, 2021 21:03:07 下午 cn.ycx.ycxtomcat.catalina.Context <init>
INFO : Deploying web application directory /Users/chuancey/Idea-Workspace/YcxTomcat/webapps/ROOT
04 16, 2021 21:03:07 下午 cn.ycx.ycxtomcat.catalina.Context <init>
INFO : Deployment of web application directory /Users/chuancey/Idea-Workspace/YcxTomcat/webapps/ROOT has finished in 1 ms
04 16, 2021 21:03:07 下午 cn.ycx.ycxtomcat.catalina.Context <init>
INFO : Deploying web application directory /Users/chuancey/Idea-Workspace/YcxTomcat/webapps/b
04 16, 2021 21:03:07 下午 cn.ycx.ycxtomcat.catalina.Context <init>
INFO : Deployment of web application directory /Users/chuancey/Idea-Workspace/YcxTomcat/webapps/b has finished in 2 ms
04 16, 2021 21:03:07 下午 cn.ycx.ycxtomcat.catalina.Server logJVM
INFO : OS Version:		10.12.6
04 16, 2021 21:03:07 下午 cn.ycx.ycxtomcat.catalina.Server logJVM
INFO : OS Name	:		Mac OS X
04 16, 2021 21:03:07 下午 cn.ycx.ycxtomcat.catalina.Server logJVM
INFO : Architecture:		x86_64
04 16, 2021 21:03:07 下午 cn.ycx.ycxtomcat.catalina.Server logJVM
INFO : Server version:		Ycx DiyTomcat/1.0.1
04 16, 2021 21:03:07 下午 cn.ycx.ycxtomcat.catalina.Server logJVM
INFO : Server built:		2020-04-08 10:20:22
04 16, 2021 21:03:07 下午 cn.ycx.ycxtomcat.catalina.Server logJVM
INFO : Java Home:		/Library/Java/JavaVirtualMachines/jdk1.8.0_144.jdk/Contents/Home/jre
04 16, 2021 21:03:07 下午 cn.ycx.ycxtomcat.catalina.Server logJVM
INFO : JVM Version:		1.8.0_144-b01
04 16, 2021 21:03:07 下午 cn.ycx.ycxtomcat.catalina.Server logJVM
INFO : JVM Vendor:		Oracle Corporation
04 16, 2021 21:03:07 下午 cn.ycx.ycxtomcat.catalina.Server logJVM
INFO : Server number:		1.0.1
04 16, 2021 21:05:59 下午 cn.ycx.ycxtomcat.catalina.Context <init>
INFO : Deploying web application directory /Users/chuancey/Idea-Workspace/YcxTomcat/webapps/a
04 16, 2021 21:05:59 下午 cn.ycx.ycxtomcat.catalina.Context <init>
INFO : Deployment of web application directory /Users/chuancey/Idea-Workspace/YcxTomcat/webapps/a has finished in 226 ms
04 16, 2021 21:05:59 下午 cn.ycx.ycxtomcat.catalina.Context <init>
INFO : Deploying web application directory /Users/chuancey/Idea-Workspace/YcxTomcat/webapps/b
04 16, 2021 21:05:59 下午 cn.ycx.ycxtomcat.catalina.Context <init>
INFO : Deployment of web application directory /Users/chuancey/Idea-Workspace/YcxTomcat/webapps/b has finished in 1 ms
04 16, 2021 21:05:59 下午 cn.ycx.ycxtomcat.catalina.Context <init>
INFO : Deploying web application directory /Users/chuancey/Idea-Workspace/YcxTomcat/webapps/ROOT
04 16, 2021 21:05:59 下午 cn.ycx.ycxtomcat.catalina.Context <init>
INFO : Deployment of web application directory /Users/chuancey/Idea-Workspace/YcxTomcat/webapps/ROOT has finished in 1 ms
04 16, 2021 21:05:59 下午 cn.ycx.ycxtomcat.catalina.Context <init>
INFO : Deploying web application directory /Users/chuancey/Idea-Workspace/YcxTomcat/webapps/b
04 16, 2021 21:05:59 下午 cn.ycx.ycxtomcat.catalina.Context <init>
INFO : Deployment of web application directory /Users/chuancey/Idea-Workspace/YcxTomcat/webapps/b has finished in 0 ms
04 16, 2021 21:05:59 下午 cn.ycx.ycxtomcat.catalina.Server logJVM
INFO : OS Version:		10.12.6
04 16, 2021 21:05:59 下午 cn.ycx.ycxtomcat.catalina.Server logJVM
INFO : OS Name	:		Mac OS X
04 16, 2021 21:05:59 下午 cn.ycx.ycxtomcat.catalina.Server logJVM
INFO : Architecture:		x86_64
04 16, 2021 21:05:59 下午 cn.ycx.ycxtomcat.catalina.Server logJVM
INFO : Server version:		Ycx DiyTomcat/1.0.1
04 16, 2021 21:05:59 下午 cn.ycx.ycxtomcat.catalina.Server logJVM
INFO : Server built:		2020-04-08 10:20:22
04 16, 2021 21:05:59 下午 cn.ycx.ycxtomcat.catalina.Server logJVM
INFO : Java Home:		/Library/Java/JavaVirtualMachines/jdk1.8.0_144.jdk/Contents/Home/jre
04 16, 2021 21:05:59 下午 cn.ycx.ycxtomcat.catalina.Server logJVM
INFO : JVM Version:		1.8.0_144-b01
04 16, 2021 21:05:59 下午 cn.ycx.ycxtomcat.catalina.Server logJVM
INFO : JVM Vendor:		Oracle Corporation
04 16, 2021 21:05:59 下午 cn.ycx.ycxtomcat.catalina.Server logJVM
INFO : Server number:		1.0.1
04 16, 2021 21:07:00 下午 cn.ycx.ycxtomcat.catalina.Context <init>
INFO : Deploying web application directory /Users/chuancey/Idea-Workspace/YcxTomcat/webapps/a
04 16, 2021 21:07:00 下午 cn.ycx.ycxtomcat.catalina.Context <init>
INFO : Deployment of web application directory /Users/chuancey/Idea-Workspace/YcxTomcat/webapps/a has finished in 192 ms
04 16, 2021 21:07:00 下午 cn.ycx.ycxtomcat.catalina.Context <init>
INFO : Deploying web application directory /Users/chuancey/Idea-Workspace/YcxTomcat/webapps/b
04 16, 2021 21:07:00 下午 cn.ycx.ycxtomcat.catalina.Context <init>
INFO : Deployment of web application directory /Users/chuancey/Idea-Workspace/YcxTomcat/webapps/b has finished in 1 ms
04 16, 2021 21:07:00 下午 cn.ycx.ycxtomcat.catalina.Context <init>
INFO : Deploying web application directory /Users/chuancey/Idea-Workspace/YcxTomcat/webapps/ROOT
04 16, 2021 21:07:00 下午 cn.ycx.ycxtomcat.catalina.Context <init>
INFO : Deployment of web application directory /Users/chuancey/Idea-Workspace/YcxTomcat/webapps/ROOT has finished in 1 ms
04 16, 2021 21:07:00 下午 cn.ycx.ycxtomcat.catalina.Context <init>
INFO : Deploying web application directory /Users/chuancey/Idea-Workspace/YcxTomcat/webapps/b
04 16, 2021 21:07:00 下午 cn.ycx.ycxtomcat.catalina.Context <init>
INFO : Deployment of web application directory /Users/chuancey/Idea-Workspace/YcxTomcat/webapps/b has finished in 0 ms
04 16, 2021 21:07:00 下午 cn.ycx.ycxtomcat.catalina.Server logJVM
INFO : OS Version:		10.12.6
04 16, 2021 21:07:00 下午 cn.ycx.ycxtomcat.catalina.Server logJVM
INFO : OS Name	:		Mac OS X
04 16, 2021 21:07:00 下午 cn.ycx.ycxtomcat.catalina.Server logJVM
INFO : Architecture:		x86_64
04 16, 2021 21:07:00 下午 cn.ycx.ycxtomcat.catalina.Server logJVM
INFO : Server version:		Ycx DiyTomcat/1.0.1
04 16, 2021 21:07:00 下午 cn.ycx.ycxtomcat.catalina.Server logJVM
INFO : Server built:		2020-04-08 10:20:22
04 16, 2021 21:07:00 下午 cn.ycx.ycxtomcat.catalina.Server logJVM
INFO : Java Home:		/Library/Java/JavaVirtualMachines/jdk1.8.0_144.jdk/Contents/Home/jre
04 16, 2021 21:07:00 下午 cn.ycx.ycxtomcat.catalina.Server logJVM
INFO : JVM Version:		1.8.0_144-b01
04 16, 2021 21:07:00 下午 cn.ycx.ycxtomcat.catalina.Server logJVM
INFO : JVM Vendor:		Oracle Corporation
04 16, 2021 21:07:00 下午 cn.ycx.ycxtomcat.catalina.Server logJVM
INFO : Server number:		1.0.1
04 16, 2021 21:09:45 下午 cn.ycx.ycxtomcat.catalina.Context <init>
INFO : Deploying web application directory /Users/chuancey/Idea-Workspace/YcxTomcat/webapps/a
04 16, 2021 21:09:45 下午 cn.ycx.ycxtomcat.catalina.Context <init>
INFO : Deployment of web application directory /Users/chuancey/Idea-Workspace/YcxTomcat/webapps/a has finished in 285 ms
04 16, 2021 21:09:45 下午 cn.ycx.ycxtomcat.catalina.Context <init>
INFO : Deploying web application directory /Users/chuancey/Idea-Workspace/YcxTomcat/webapps/b
04 16, 2021 21:09:45 下午 cn.ycx.ycxtomcat.catalina.Context <init>
INFO : Deployment of web application directory /Users/chuancey/Idea-Workspace/YcxTomcat/webapps/b has finished in 1 ms
04 16, 2021 21:09:45 下午 cn.ycx.ycxtomcat.catalina.Context <init>
INFO : Deploying web application directory /Users/chuancey/Idea-Workspace/YcxTomcat/webapps/ROOT
04 16, 2021 21:09:45 下午 cn.ycx.ycxtomcat.catalina.Context <init>
INFO : Deployment of web application directory /Users/chuancey/Idea-Workspace/YcxTomcat/webapps/ROOT has finished in 1 ms
04 16, 2021 21:09:45 下午 cn.ycx.ycxtomcat.catalina.Context <init>
INFO : Deploying web application directory /Users/chuancey/Idea-Workspace/YcxTomcat/webapps/b
04 16, 2021 21:09:45 下午 cn.ycx.ycxtomcat.catalina.Context <init>
INFO : Deployment of web application directory /Users/chuancey/Idea-Workspace/YcxTomcat/webapps/b has finished in 1 ms
04 16, 2021 21:09:45 下午 cn.ycx.ycxtomcat.catalina.Server logJVM
INFO : OS Version:		10.12.6
04 16, 2021 21:09:45 下午 cn.ycx.ycxtomcat.catalina.Server logJVM
INFO : OS Name	:		Mac OS X
04 16, 2021 21:09:45 下午 cn.ycx.ycxtomcat.catalina.Server logJVM
INFO : Architecture:		x86_64
04 16, 2021 21:09:45 下午 cn.ycx.ycxtomcat.catalina.Server logJVM
INFO : Server version:		Ycx DiyTomcat/1.0.1
04 16, 2021 21:09:45 下午 cn.ycx.ycxtomcat.catalina.Server logJVM
INFO : Server built:		2020-04-08 10:20:22
04 16, 2021 21:09:45 下午 cn.ycx.ycxtomcat.catalina.Server logJVM
INFO : Java Home:		/Library/Java/JavaVirtualMachines/jdk1.8.0_144.jdk/Contents/Home/jre
04 16, 2021 21:09:45 下午 cn.ycx.ycxtomcat.catalina.Server logJVM
INFO : JVM Version:		1.8.0_144-b01
04 16, 2021 21:09:45 下午 cn.ycx.ycxtomcat.catalina.Server logJVM
INFO : JVM Vendor:		Oracle Corporation
04 16, 2021 21:09:45 下午 cn.ycx.ycxtomcat.catalina.Server logJVM
INFO : Server number:		1.0.1
04 16, 2021 21:18:42 下午 cn.ycx.ycxtomcat.catalina.Context <init>
INFO : Deploying web application directory /Users/chuancey/Idea-Workspace/YcxTomcat/webapps/a
04 16, 2021 21:18:42 下午 cn.ycx.ycxtomcat.catalina.Context <init>
INFO : Deployment of web application directory /Users/chuancey/Idea-Workspace/YcxTomcat/webapps/a has finished in 283 ms
04 16, 2021 21:18:42 下午 cn.ycx.ycxtomcat.catalina.Context <init>
INFO : Deploying web application directory /Users/chuancey/Idea-Workspace/YcxTomcat/webapps/b
04 16, 2021 21:18:42 下午 cn.ycx.ycxtomcat.catalina.Context <init>
INFO : Deployment of web application directory /Users/chuancey/Idea-Workspace/YcxTomcat/webapps/b has finished in 1 ms
04 16, 2021 21:18:42 下午 cn.ycx.ycxtomcat.catalina.Context <init>
INFO : Deploying web application directory /Users/chuancey/Idea-Workspace/YcxTomcat/webapps/ROOT
04 16, 2021 21:18:42 下午 cn.ycx.ycxtomcat.catalina.Context <init>
INFO : Deployment of web application directory /Users/chuancey/Idea-Workspace/YcxTomcat/webapps/ROOT has finished in 0 ms
04 16, 2021 21:18:42 下午 cn.ycx.ycxtomcat.catalina.Context <init>
INFO : Deploying web application directory /Users/chuancey/Idea-Workspace/YcxTomcat/webapps/b
04 16, 2021 21:18:42 下午 cn.ycx.ycxtomcat.catalina.Context <init>
INFO : Deployment of web application directory /Users/chuancey/Idea-Workspace/YcxTomcat/webapps/b has finished in 2 ms
04 16, 2021 21:18:42 下午 cn.ycx.ycxtomcat.catalina.Server logJVM
INFO : OS Version:		10.12.6
04 16, 2021 21:18:42 下午 cn.ycx.ycxtomcat.catalina.Server logJVM
INFO : OS Name	:		Mac OS X
04 16, 2021 21:18:42 下午 cn.ycx.ycxtomcat.catalina.Server logJVM
INFO : Architecture:		x86_64
04 16, 2021 21:18:42 下午 cn.ycx.ycxtomcat.catalina.Server logJVM
INFO : Server version:		Ycx DiyTomcat/1.0.1
04 16, 2021 21:18:42 下午 cn.ycx.ycxtomcat.catalina.Server logJVM
INFO : Server built:		2020-04-08 10:20:22
04 16, 2021 21:18:42 下午 cn.ycx.ycxtomcat.catalina.Server logJVM
INFO : Java Home:		/Library/Java/JavaVirtualMachines/jdk1.8.0_144.jdk/Contents/Home/jre
04 16, 2021 21:18:42 下午 cn.ycx.ycxtomcat.catalina.Server logJVM
INFO : JVM Version:		1.8.0_144-b01
04 16, 2021 21:18:42 下午 cn.ycx.ycxtomcat.catalina.Server logJVM
INFO : JVM Vendor:		Oracle Corporation
04 16, 2021 21:18:42 下午 cn.ycx.ycxtomcat.catalina.Server logJVM
INFO : Server number:		1.0.1
04 16, 2021 21:38:42 下午 cn.ycx.ycxtomcat.catalina.Context <init>
INFO : Deploying web application directory /Users/chuancey/Idea-Workspace/YcxTomcat/webapps/a
04 16, 2021 21:38:42 下午 cn.ycx.ycxtomcat.catalina.Context <init>
INFO : Deployment of web application directory /Users/chuancey/Idea-Workspace/YcxTomcat/webapps/a has finished in 287 ms
04 16, 2021 21:38:42 下午 cn.ycx.ycxtomcat.catalina.Context <init>
INFO : Deploying web application directory /Users/chuancey/Idea-Workspace/YcxTomcat/webapps/b
04 16, 2021 21:38:42 下午 cn.ycx.ycxtomcat.catalina.Context <init>
INFO : Deployment of web application directory /Users/chuancey/Idea-Workspace/YcxTomcat/webapps/b has finished in 0 ms
04 16, 2021 21:38:42 下午 cn.ycx.ycxtomcat.catalina.Context <init>
INFO : Deploying web application directory /Users/chuancey/Idea-Workspace/YcxTomcat/webapps/ROOT
04 16, 2021 21:38:42 下午 cn.ycx.ycxtomcat.catalina.Context <init>
INFO : Deployment of web application directory /Users/chuancey/Idea-Workspace/YcxTomcat/webapps/ROOT has finished in 1 ms
04 16, 2021 21:38:42 下午 cn.ycx.ycxtomcat.catalina.Context <init>
INFO : Deploying web application directory /Users/chuancey/Idea-Workspace/YcxTomcat/webapps/b
04 16, 2021 21:38:42 下午 cn.ycx.ycxtomcat.catalina.Context <init>
INFO : Deployment of web application directory /Users/chuancey/Idea-Workspace/YcxTomcat/webapps/b has finished in 1 ms
04 16, 2021 21:38:42 下午 cn.ycx.ycxtomcat.catalina.Server logJVM
INFO : OS Version:		10.12.6
04 16, 2021 21:38:42 下午 cn.ycx.ycxtomcat.catalina.Server logJVM
INFO : OS Name	:		Mac OS X
04 16, 2021 21:38:42 下午 cn.ycx.ycxtomcat.catalina.Server logJVM
INFO : Architecture:		x86_64
04 16, 2021 21:38:42 下午 cn.ycx.ycxtomcat.catalina.Server logJVM
INFO : Server version:		Ycx DiyTomcat/1.0.1
04 16, 2021 21:38:42 下午 cn.ycx.ycxtomcat.catalina.Server logJVM
INFO : Server built:		2020-04-08 10:20:22
04 16, 2021 21:38:42 下午 cn.ycx.ycxtomcat.catalina.Server logJVM
INFO : Java Home:		/Library/Java/JavaVirtualMachines/jdk1.8.0_144.jdk/Contents/Home/jre
04 16, 2021 21:38:42 下午 cn.ycx.ycxtomcat.catalina.Server logJVM
INFO : JVM Version:		1.8.0_144-b01
04 16, 2021 21:38:42 下午 cn.ycx.ycxtomcat.catalina.Server logJVM
INFO : JVM Vendor:		Oracle Corporation
04 16, 2021 21:38:42 下午 cn.ycx.ycxtomcat.catalina.Server logJVM
INFO : Server number:		1.0.1
04 16, 2021 21:42:35 下午 cn.ycx.ycxtomcat.catalina.Context <init>
INFO : Deploying web application directory /Users/chuancey/Idea-Workspace/YcxTomcat/webapps/a
04 16, 2021 21:42:35 下午 cn.ycx.ycxtomcat.catalina.Context <init>
INFO : Deployment of web application directory /Users/chuancey/Idea-Workspace/YcxTomcat/webapps/a has finished in 308 ms
04 16, 2021 21:42:35 下午 cn.ycx.ycxtomcat.catalina.Context <init>
INFO : Deploying web application directory /Users/chuancey/Idea-Workspace/YcxTomcat/webapps/b
04 16, 2021 21:42:35 下午 cn.ycx.ycxtomcat.catalina.Context <init>
INFO : Deployment of web application directory /Users/chuancey/Idea-Workspace/YcxTomcat/webapps/b has finished in 0 ms
04 16, 2021 21:42:35 下午 cn.ycx.ycxtomcat.catalina.Context <init>
INFO : Deploying web application directory /Users/chuancey/Idea-Workspace/YcxTomcat/webapps/ROOT
04 16, 2021 21:42:35 下午 cn.ycx.ycxtomcat.catalina.Context <init>
INFO : Deployment of web application directory /Users/chuancey/Idea-Workspace/YcxTomcat/webapps/ROOT has finished in 1 ms
04 16, 2021 21:42:35 下午 cn.ycx.ycxtomcat.catalina.Context <init>
INFO : Deploying web application directory /Users/chuancey/Idea-Workspace/YcxTomcat/webapps/b
04 16, 2021 21:42:35 下午 cn.ycx.ycxtomcat.catalina.Context <init>
INFO : Deployment of web application directory /Users/chuancey/Idea-Workspace/YcxTomcat/webapps/b has finished in 1 ms
04 16, 2021 21:42:35 下午 cn.ycx.ycxtomcat.catalina.Server logJVM
INFO : OS Version:		10.12.6
04 16, 2021 21:42:35 下午 cn.ycx.ycxtomcat.catalina.Server logJVM
INFO : OS Name	:		Mac OS X
04 16, 2021 21:42:35 下午 cn.ycx.ycxtomcat.catalina.Server logJVM
INFO : Architecture:		x86_64
04 16, 2021 21:42:35 下午 cn.ycx.ycxtomcat.catalina.Server logJVM
INFO : Server version:		Ycx DiyTomcat/1.0.1
04 16, 2021 21:42:35 下午 cn.ycx.ycxtomcat.catalina.Server logJVM
INFO : Server built:		2020-04-08 10:20:22
04 16, 2021 21:42:35 下午 cn.ycx.ycxtomcat.catalina.Server logJVM
INFO : Java Home:		/Library/Java/JavaVirtualMachines/jdk1.8.0_144.jdk/Contents/Home/jre
04 16, 2021 21:42:35 下午 cn.ycx.ycxtomcat.catalina.Server logJVM
INFO : JVM Version:		1.8.0_144-b01
04 16, 2021 21:42:35 下午 cn.ycx.ycxtomcat.catalina.Server logJVM
INFO : JVM Vendor:		Oracle Corporation
04 16, 2021 21:42:35 下午 cn.ycx.ycxtomcat.catalina.Server logJVM
INFO : Server number:		1.0.1
04 16, 2021 21:42:49 下午 cn.ycx.ycxtomcat.catalina.Server$1 error
ERROR: this is a deliberately created exception
java.lang.Exception: this is a deliberately created exception
	at cn.ycx.ycxtomcat.catalina.Server$1.run(Server.java:69)
	at java.util.concurrent.ThreadPoolExecutor.runWorker(ThreadPoolExecutor.java:1149)
	at java.util.concurrent.ThreadPoolExecutor$Worker.run(ThreadPoolExecutor.java:624)
	at java.lang.Thread.run(Thread.java:748)
04 16, 2021 21:42:49 下午 cn.ycx.ycxtomcat.catalina.Server$1 error
ERROR: this is a deliberately created exception
java.lang.Exception: this is a deliberately created exception
	at cn.ycx.ycxtomcat.catalina.Server$1.run(Server.java:69)
	at java.util.concurrent.ThreadPoolExecutor.runWorker(ThreadPoolExecutor.java:1149)
	at java.util.concurrent.ThreadPoolExecutor$Worker.run(ThreadPoolExecutor.java:624)
	at java.lang.Thread.run(Thread.java:748)
04 16, 2021 21:42:49 下午 cn.ycx.ycxtomcat.catalina.Server$1 error
ERROR: this is a deliberately created exception
java.lang.Exception: this is a deliberately created exception
	at cn.ycx.ycxtomcat.catalina.Server$1.run(Server.java:69)
	at java.util.concurrent.ThreadPoolExecutor.runWorker(ThreadPoolExecutor.java:1149)
	at java.util.concurrent.ThreadPoolExecutor$Worker.run(ThreadPoolExecutor.java:624)
	at java.lang.Thread.run(Thread.java:748)
04 16, 2021 21:44:15 下午 cn.ycx.ycxtomcat.catalina.Context <init>
INFO : Deploying web application directory /Users/chuancey/Idea-Workspace/YcxTomcat/webapps/a
04 16, 2021 21:44:15 下午 cn.ycx.ycxtomcat.catalina.Context <init>
INFO : Deployment of web application directory /Users/chuancey/Idea-Workspace/YcxTomcat/webapps/a has finished in 239 ms
04 16, 2021 21:44:15 下午 cn.ycx.ycxtomcat.catalina.Context <init>
INFO : Deploying web application directory /Users/chuancey/Idea-Workspace/YcxTomcat/webapps/b
04 16, 2021 21:44:15 下午 cn.ycx.ycxtomcat.catalina.Context <init>
INFO : Deployment of web application directory /Users/chuancey/Idea-Workspace/YcxTomcat/webapps/b has finished in 0 ms
04 16, 2021 21:44:15 下午 cn.ycx.ycxtomcat.catalina.Context <init>
INFO : Deploying web application directory /Users/chuancey/Idea-Workspace/YcxTomcat/webapps/ROOT
04 16, 2021 21:44:15 下午 cn.ycx.ycxtomcat.catalina.Context <init>
INFO : Deployment of web application directory /Users/chuancey/Idea-Workspace/YcxTomcat/webapps/ROOT has finished in 0 ms
04 16, 2021 21:44:15 下午 cn.ycx.ycxtomcat.catalina.Context <init>
INFO : Deploying web application directory /Users/chuancey/Idea-Workspace/YcxTomcat/webapps/b
04 16, 2021 21:44:15 下午 cn.ycx.ycxtomcat.catalina.Context <init>
INFO : Deployment of web application directory /Users/chuancey/Idea-Workspace/YcxTomcat/webapps/b has finished in 1 ms
04 16, 2021 21:44:15 下午 cn.ycx.ycxtomcat.catalina.Server logJVM
INFO : OS Version:		10.12.6
04 16, 2021 21:44:15 下午 cn.ycx.ycxtomcat.catalina.Server logJVM
INFO : OS Name	:		Mac OS X
04 16, 2021 21:44:15 下午 cn.ycx.ycxtomcat.catalina.Server logJVM
INFO : Architecture:		x86_64
04 16, 2021 21:44:15 下午 cn.ycx.ycxtomcat.catalina.Server logJVM
INFO : Server version:		Ycx DiyTomcat/1.0.1
04 16, 2021 21:44:15 下午 cn.ycx.ycxtomcat.catalina.Server logJVM
INFO : Server built:		2020-04-08 10:20:22
04 16, 2021 21:44:15 下午 cn.ycx.ycxtomcat.catalina.Server logJVM
INFO : Java Home:		/Library/Java/JavaVirtualMachines/jdk1.8.0_144.jdk/Contents/Home/jre
04 16, 2021 21:44:15 下午 cn.ycx.ycxtomcat.catalina.Server logJVM
INFO : JVM Version:		1.8.0_144-b01
04 16, 2021 21:44:15 下午 cn.ycx.ycxtomcat.catalina.Server logJVM
INFO : JVM Vendor:		Oracle Corporation
04 16, 2021 21:44:15 下午 cn.ycx.ycxtomcat.catalina.Server logJVM
INFO : Server number:		1.0.1
04 16, 2021 21:44:22 下午 cn.ycx.ycxtomcat.catalina.Server$1 error
ERROR: this is a deliberately created exception
java.lang.Exception: this is a deliberately created exception
	at cn.ycx.ycxtomcat.catalina.Server$1.run(Server.java:69)
	at java.util.concurrent.ThreadPoolExecutor.runWorker(ThreadPoolExecutor.java:1149)
	at java.util.concurrent.ThreadPoolExecutor$Worker.run(ThreadPoolExecutor.java:624)
	at java.lang.Thread.run(Thread.java:748)
04 16, 2021 21:44:22 下午 cn.ycx.ycxtomcat.catalina.Server$1 error
ERROR: this is a deliberately created exception
java.lang.Exception: this is a deliberately created exception
	at cn.ycx.ycxtomcat.catalina.Server$1.run(Server.java:69)
	at java.util.concurrent.ThreadPoolExecutor.runWorker(ThreadPoolExecutor.java:1149)
	at java.util.concurrent.ThreadPoolExecutor$Worker.run(ThreadPoolExecutor.java:624)
	at java.lang.Thread.run(Thread.java:748)
04 16, 2021 21:44:22 下午 cn.ycx.ycxtomcat.catalina.Server$1 error
ERROR: this is a deliberately created exception
java.lang.Exception: this is a deliberately created exception
	at cn.ycx.ycxtomcat.catalina.Server$1.run(Server.java:69)
	at java.util.concurrent.ThreadPoolExecutor.runWorker(ThreadPoolExecutor.java:1149)
	at java.util.concurrent.ThreadPoolExecutor$Worker.run(ThreadPoolExecutor.java:624)
	at java.lang.Thread.run(Thread.java:748)
04 16, 2021 21:47:35 下午 cn.ycx.ycxtomcat.catalina.Context <init>
INFO : Deploying web application directory /Users/chuancey/Idea-Workspace/YcxTomcat/webapps/a
04 16, 2021 21:47:35 下午 cn.ycx.ycxtomcat.catalina.Context <init>
INFO : Deployment of web application directory /Users/chuancey/Idea-Workspace/YcxTomcat/webapps/a has finished in 234 ms
04 16, 2021 21:47:35 下午 cn.ycx.ycxtomcat.catalina.Context <init>
INFO : Deploying web application directory /Users/chuancey/Idea-Workspace/YcxTomcat/webapps/b
04 16, 2021 21:47:35 下午 cn.ycx.ycxtomcat.catalina.Context <init>
INFO : Deployment of web application directory /Users/chuancey/Idea-Workspace/YcxTomcat/webapps/b has finished in 0 ms
04 16, 2021 21:47:35 下午 cn.ycx.ycxtomcat.catalina.Context <init>
INFO : Deploying web application directory /Users/chuancey/Idea-Workspace/YcxTomcat/webapps/ROOT
04 16, 2021 21:47:35 下午 cn.ycx.ycxtomcat.catalina.Context <init>
INFO : Deployment of web application directory /Users/chuancey/Idea-Workspace/YcxTomcat/webapps/ROOT has finished in 1 ms
04 16, 2021 21:47:35 下午 cn.ycx.ycxtomcat.catalina.Context <init>
INFO : Deploying web application directory /Users/chuancey/Idea-Workspace/YcxTomcat/webapps/b
04 16, 2021 21:47:35 下午 cn.ycx.ycxtomcat.catalina.Context <init>
INFO : Deployment of web application directory /Users/chuancey/Idea-Workspace/YcxTomcat/webapps/b has finished in 2 ms
04 16, 2021 21:47:35 下午 cn.ycx.ycxtomcat.catalina.Server logJVM
INFO : OS Version:		10.12.6
04 16, 2021 21:47:35 下午 cn.ycx.ycxtomcat.catalina.Server logJVM
INFO : OS Name	:		Mac OS X
04 16, 2021 21:47:35 下午 cn.ycx.ycxtomcat.catalina.Server logJVM
INFO : Architecture:		x86_64
04 16, 2021 21:47:35 下午 cn.ycx.ycxtomcat.catalina.Server logJVM
INFO : Server version:		Ycx DiyTomcat/1.0.1
04 16, 2021 21:47:35 下午 cn.ycx.ycxtomcat.catalina.Server logJVM
INFO : Server built:		2020-04-08 10:20:22
04 16, 2021 21:47:35 下午 cn.ycx.ycxtomcat.catalina.Server logJVM
INFO : Java Home:		/Library/Java/JavaVirtualMachines/jdk1.8.0_144.jdk/Contents/Home/jre
04 16, 2021 21:47:35 下午 cn.ycx.ycxtomcat.catalina.Server logJVM
INFO : JVM Version:		1.8.0_144-b01
04 16, 2021 21:47:35 下午 cn.ycx.ycxtomcat.catalina.Server logJVM
INFO : JVM Vendor:		Oracle Corporation
04 16, 2021 21:47:35 下午 cn.ycx.ycxtomcat.catalina.Server logJVM
INFO : Server number:		1.0.1
04 16, 2021 21:47:46 下午 cn.ycx.ycxtomcat.catalina.Server$1 error
ERROR: this is a deliberately created exception
java.lang.Exception: this is a deliberately created exception
	at cn.ycx.ycxtomcat.catalina.Server$1.run(Server.java:69)
	at java.util.concurrent.ThreadPoolExecutor.runWorker(ThreadPoolExecutor.java:1149)
	at java.util.concurrent.ThreadPoolExecutor$Worker.run(ThreadPoolExecutor.java:624)
	at java.lang.Thread.run(Thread.java:748)
04 16, 2021 21:47:46 下午 cn.ycx.ycxtomcat.catalina.Server$1 error
ERROR: this is a deliberately created exception
java.lang.Exception: this is a deliberately created exception
	at cn.ycx.ycxtomcat.catalina.Server$1.run(Server.java:69)
	at java.util.concurrent.ThreadPoolExecutor.runWorker(ThreadPoolExecutor.java:1149)
	at java.util.concurrent.ThreadPoolExecutor$Worker.run(ThreadPoolExecutor.java:624)
	at java.lang.Thread.run(Thread.java:748)
04 16, 2021 21:47:46 下午 cn.ycx.ycxtomcat.catalina.Server$1 error
ERROR: this is a deliberately created exception
java.lang.Exception: this is a deliberately created exception
	at cn.ycx.ycxtomcat.catalina.Server$1.run(Server.java:69)
	at java.util.concurrent.ThreadPoolExecutor.runWorker(ThreadPoolExecutor.java:1149)
	at java.util.concurrent.ThreadPoolExecutor$Worker.run(ThreadPoolExecutor.java:624)
	at java.lang.Thread.run(Thread.java:748)
04 16, 2021 21:51:48 下午 cn.ycx.ycxtomcat.catalina.Context <init>
INFO : Deploying web application directory /Users/chuancey/Idea-Workspace/YcxTomcat/webapps/a
04 16, 2021 21:51:48 下午 cn.ycx.ycxtomcat.catalina.Context <init>
INFO : Deployment of web application directory /Users/chuancey/Idea-Workspace/YcxTomcat/webapps/a has finished in 229 ms
04 16, 2021 21:51:48 下午 cn.ycx.ycxtomcat.catalina.Context <init>
INFO : Deploying web application directory /Users/chuancey/Idea-Workspace/YcxTomcat/webapps/b
04 16, 2021 21:51:48 下午 cn.ycx.ycxtomcat.catalina.Context <init>
INFO : Deployment of web application directory /Users/chuancey/Idea-Workspace/YcxTomcat/webapps/b has finished in 1 ms
04 16, 2021 21:51:48 下午 cn.ycx.ycxtomcat.catalina.Context <init>
INFO : Deploying web application directory /Users/chuancey/Idea-Workspace/YcxTomcat/webapps/ROOT
04 16, 2021 21:51:48 下午 cn.ycx.ycxtomcat.catalina.Context <init>
INFO : Deployment of web application directory /Users/chuancey/Idea-Workspace/YcxTomcat/webapps/ROOT has finished in 1 ms
04 16, 2021 21:51:48 下午 cn.ycx.ycxtomcat.catalina.Context <init>
INFO : Deploying web application directory /Users/chuancey/Idea-Workspace/YcxTomcat/webapps/b
04 16, 2021 21:51:48 下午 cn.ycx.ycxtomcat.catalina.Context <init>
INFO : Deployment of web application directory /Users/chuancey/Idea-Workspace/YcxTomcat/webapps/b has finished in 1 ms
04 16, 2021 21:51:48 下午 cn.ycx.ycxtomcat.catalina.Server logJVM
INFO : OS Version:		10.12.6
04 16, 2021 21:51:48 下午 cn.ycx.ycxtomcat.catalina.Server logJVM
INFO : OS Name	:		Mac OS X
04 16, 2021 21:51:48 下午 cn.ycx.ycxtomcat.catalina.Server logJVM
INFO : Architecture:		x86_64
04 16, 2021 21:51:48 下午 cn.ycx.ycxtomcat.catalina.Server logJVM
INFO : Server version:		Ycx DiyTomcat/1.0.1
04 16, 2021 21:51:48 下午 cn.ycx.ycxtomcat.catalina.Server logJVM
INFO : Server built:		2020-04-08 10:20:22
04 16, 2021 21:51:48 下午 cn.ycx.ycxtomcat.catalina.Server logJVM
INFO : Java Home:		/Library/Java/JavaVirtualMachines/jdk1.8.0_144.jdk/Contents/Home/jre
04 16, 2021 21:51:48 下午 cn.ycx.ycxtomcat.catalina.Server logJVM
INFO : JVM Version:		1.8.0_144-b01
04 16, 2021 21:51:48 下午 cn.ycx.ycxtomcat.catalina.Server logJVM
INFO : JVM Vendor:		Oracle Corporation
04 16, 2021 21:51:48 下午 cn.ycx.ycxtomcat.catalina.Server logJVM
INFO : Server number:		1.0.1
04 16, 2021 21:51:56 下午 cn.ycx.ycxtomcat.catalina.Server$1 error
ERROR: this is a deliberately created exception
java.lang.Exception: this is a deliberately created exception
	at cn.ycx.ycxtomcat.catalina.Server$1.run(Server.java:69)
	at java.util.concurrent.ThreadPoolExecutor.runWorker(ThreadPoolExecutor.java:1149)
	at java.util.concurrent.ThreadPoolExecutor$Worker.run(ThreadPoolExecutor.java:624)
	at java.lang.Thread.run(Thread.java:748)
04 16, 2021 21:51:56 下午 cn.ycx.ycxtomcat.catalina.Server$1 error
ERROR: this is a deliberately created exception
java.lang.Exception: this is a deliberately created exception
	at cn.ycx.ycxtomcat.catalina.Server$1.run(Server.java:69)
	at java.util.concurrent.ThreadPoolExecutor.runWorker(ThreadPoolExecutor.java:1149)
	at java.util.concurrent.ThreadPoolExecutor$Worker.run(ThreadPoolExecutor.java:624)
	at java.lang.Thread.run(Thread.java:748)
04 16, 2021 21:51:56 下午 cn.ycx.ycxtomcat.catalina.Server$1 error
ERROR: this is a deliberately created exception
java.lang.Exception: this is a deliberately created exception
	at cn.ycx.ycxtomcat.catalina.Server$1.run(Server.java:69)
	at java.util.concurrent.ThreadPoolExecutor.runWorker(ThreadPoolExecutor.java:1149)
	at java.util.concurrent.ThreadPoolExecutor$Worker.run(ThreadPoolExecutor.java:624)
	at java.lang.Thread.run(Thread.java:748)
04 16, 2021 21:54:20 下午 cn.ycx.ycxtomcat.catalina.Context <init>
INFO : Deploying web application directory /Users/chuancey/Idea-Workspace/YcxTomcat/webapps/a
04 16, 2021 21:54:20 下午 cn.ycx.ycxtomcat.catalina.Context <init>
INFO : Deployment of web application directory /Users/chuancey/Idea-Workspace/YcxTomcat/webapps/a has finished in 250 ms
04 16, 2021 21:54:20 下午 cn.ycx.ycxtomcat.catalina.Context <init>
INFO : Deploying web application directory /Users/chuancey/Idea-Workspace/YcxTomcat/webapps/b
04 16, 2021 21:54:20 下午 cn.ycx.ycxtomcat.catalina.Context <init>
INFO : Deployment of web application directory /Users/chuancey/Idea-Workspace/YcxTomcat/webapps/b has finished in 1 ms
04 16, 2021 21:54:20 下午 cn.ycx.ycxtomcat.catalina.Context <init>
INFO : Deploying web application directory /Users/chuancey/Idea-Workspace/YcxTomcat/webapps/ROOT
04 16, 2021 21:54:20 下午 cn.ycx.ycxtomcat.catalina.Context <init>
INFO : Deployment of web application directory /Users/chuancey/Idea-Workspace/YcxTomcat/webapps/ROOT has finished in 1 ms
04 16, 2021 21:54:20 下午 cn.ycx.ycxtomcat.catalina.Context <init>
INFO : Deploying web application directory /Users/chuancey/Idea-Workspace/YcxTomcat/webapps/b
04 16, 2021 21:54:20 下午 cn.ycx.ycxtomcat.catalina.Context <init>
INFO : Deployment of web application directory /Users/chuancey/Idea-Workspace/YcxTomcat/webapps/b has finished in 0 ms
04 16, 2021 21:54:20 下午 cn.ycx.ycxtomcat.catalina.Server logJVM
INFO : OS Version:		10.12.6
04 16, 2021 21:54:20 下午 cn.ycx.ycxtomcat.catalina.Server logJVM
INFO : OS Name	:		Mac OS X
04 16, 2021 21:54:20 下午 cn.ycx.ycxtomcat.catalina.Server logJVM
INFO : Architecture:		x86_64
04 16, 2021 21:54:20 下午 cn.ycx.ycxtomcat.catalina.Server logJVM
INFO : Server version:		Ycx DiyTomcat/1.0.1
04 16, 2021 21:54:20 下午 cn.ycx.ycxtomcat.catalina.Server logJVM
INFO : Server built:		2020-04-08 10:20:22
04 16, 2021 21:54:20 下午 cn.ycx.ycxtomcat.catalina.Server logJVM
INFO : Java Home:		/Library/Java/JavaVirtualMachines/jdk1.8.0_144.jdk/Contents/Home/jre
04 16, 2021 21:54:20 下午 cn.ycx.ycxtomcat.catalina.Server logJVM
INFO : JVM Version:		1.8.0_144-b01
04 16, 2021 21:54:20 下午 cn.ycx.ycxtomcat.catalina.Server logJVM
INFO : JVM Vendor:		Oracle Corporation
04 16, 2021 21:54:20 下午 cn.ycx.ycxtomcat.catalina.Server logJVM
INFO : Server number:		1.0.1
04 16, 2021 21:54:30 下午 cn.ycx.ycxtomcat.catalina.Context <init>
INFO : Deploying web application directory /Users/chuancey/Idea-Workspace/YcxTomcat/webapps/a
04 16, 2021 21:54:30 下午 cn.ycx.ycxtomcat.catalina.Context <init>
INFO : Deployment of web application directory /Users/chuancey/Idea-Workspace/YcxTomcat/webapps/a has finished in 247 ms
04 16, 2021 21:54:30 下午 cn.ycx.ycxtomcat.catalina.Context <init>
INFO : Deploying web application directory /Users/chuancey/Idea-Workspace/YcxTomcat/webapps/b
04 16, 2021 21:54:30 下午 cn.ycx.ycxtomcat.catalina.Context <init>
INFO : Deployment of web application directory /Users/chuancey/Idea-Workspace/YcxTomcat/webapps/b has finished in 0 ms
04 16, 2021 21:54:30 下午 cn.ycx.ycxtomcat.catalina.Context <init>
INFO : Deploying web application directory /Users/chuancey/Idea-Workspace/YcxTomcat/webapps/ROOT
04 16, 2021 21:54:30 下午 cn.ycx.ycxtomcat.catalina.Context <init>
INFO : Deployment of web application directory /Users/chuancey/Idea-Workspace/YcxTomcat/webapps/ROOT has finished in 1 ms
04 16, 2021 21:54:30 下午 cn.ycx.ycxtomcat.catalina.Context <init>
INFO : Deploying web application directory /Users/chuancey/Idea-Workspace/YcxTomcat/webapps/b
04 16, 2021 21:54:30 下午 cn.ycx.ycxtomcat.catalina.Context <init>
INFO : Deployment of web application directory /Users/chuancey/Idea-Workspace/YcxTomcat/webapps/b has finished in 1 ms
04 16, 2021 21:54:30 下午 cn.ycx.ycxtomcat.catalina.Server logJVM
INFO : OS Version:		10.12.6
04 16, 2021 21:54:30 下午 cn.ycx.ycxtomcat.catalina.Server logJVM
INFO : OS Name	:		Mac OS X
04 16, 2021 21:54:30 下午 cn.ycx.ycxtomcat.catalina.Server logJVM
INFO : Architecture:		x86_64
04 16, 2021 21:54:30 下午 cn.ycx.ycxtomcat.catalina.Server logJVM
INFO : Server version:		Ycx DiyTomcat/1.0.1
04 16, 2021 21:54:30 下午 cn.ycx.ycxtomcat.catalina.Server logJVM
INFO : Server built:		2020-04-08 10:20:22
04 16, 2021 21:54:30 下午 cn.ycx.ycxtomcat.catalina.Server logJVM
INFO : Java Home:		/Library/Java/JavaVirtualMachines/jdk1.8.0_144.jdk/Contents/Home/jre
04 16, 2021 21:54:30 下午 cn.ycx.ycxtomcat.catalina.Server logJVM
INFO : JVM Version:		1.8.0_144-b01
04 16, 2021 21:54:30 下午 cn.ycx.ycxtomcat.catalina.Server logJVM
INFO : JVM Vendor:		Oracle Corporation
04 16, 2021 21:54:30 下午 cn.ycx.ycxtomcat.catalina.Server logJVM
INFO : Server number:		1.0.1
04 16, 2021 21:55:03 下午 cn.ycx.ycxtomcat.catalina.Server$1 error
ERROR: this is a deliberately created exception
java.lang.Exception: this is a deliberately created exception
	at cn.ycx.ycxtomcat.catalina.Server$1.run(Server.java:69)
	at java.util.concurrent.ThreadPoolExecutor.runWorker(ThreadPoolExecutor.java:1149)
	at java.util.concurrent.ThreadPoolExecutor$Worker.run(ThreadPoolExecutor.java:624)
	at java.lang.Thread.run(Thread.java:748)
04 16, 2021 21:55:03 下午 cn.ycx.ycxtomcat.catalina.Server$1 error
ERROR: this is a deliberately created exception
java.lang.Exception: this is a deliberately created exception
	at cn.ycx.ycxtomcat.catalina.Server$1.run(Server.java:69)
	at java.util.concurrent.ThreadPoolExecutor.runWorker(ThreadPoolExecutor.java:1149)
	at java.util.concurrent.ThreadPoolExecutor$Worker.run(ThreadPoolExecutor.java:624)
	at java.lang.Thread.run(Thread.java:748)
04 16, 2021 21:55:03 下午 cn.ycx.ycxtomcat.catalina.Server$1 error
ERROR: this is a deliberately created exception
java.lang.Exception: this is a deliberately created exception
	at cn.ycx.ycxtomcat.catalina.Server$1.run(Server.java:69)
	at java.util.concurrent.ThreadPoolExecutor.runWorker(ThreadPoolExecutor.java:1149)
	at java.util.concurrent.ThreadPoolExecutor$Worker.run(ThreadPoolExecutor.java:624)
	at java.lang.Thread.run(Thread.java:748)
04 16, 2021 21:55:30 下午 cn.ycx.ycxtomcat.catalina.Context <init>
INFO : Deploying web application directory /Users/chuancey/Idea-Workspace/YcxTomcat/webapps/a
04 16, 2021 21:55:30 下午 cn.ycx.ycxtomcat.catalina.Context <init>
INFO : Deployment of web application directory /Users/chuancey/Idea-Workspace/YcxTomcat/webapps/a has finished in 319 ms
04 16, 2021 21:55:30 下午 cn.ycx.ycxtomcat.catalina.Context <init>
INFO : Deploying web application directory /Users/chuancey/Idea-Workspace/YcxTomcat/webapps/b
04 16, 2021 21:55:30 下午 cn.ycx.ycxtomcat.catalina.Context <init>
INFO : Deployment of web application directory /Users/chuancey/Idea-Workspace/YcxTomcat/webapps/b has finished in 0 ms
04 16, 2021 21:55:30 下午 cn.ycx.ycxtomcat.catalina.Context <init>
INFO : Deploying web application directory /Users/chuancey/Idea-Workspace/YcxTomcat/webapps/ROOT
04 16, 2021 21:55:30 下午 cn.ycx.ycxtomcat.catalina.Context <init>
INFO : Deployment of web application directory /Users/chuancey/Idea-Workspace/YcxTomcat/webapps/ROOT has finished in 0 ms
04 16, 2021 21:55:30 下午 cn.ycx.ycxtomcat.catalina.Context <init>
INFO : Deploying web application directory /Users/chuancey/Idea-Workspace/YcxTomcat/webapps/b
04 16, 2021 21:55:30 下午 cn.ycx.ycxtomcat.catalina.Context <init>
INFO : Deployment of web application directory /Users/chuancey/Idea-Workspace/YcxTomcat/webapps/b has finished in 1 ms
04 16, 2021 21:55:30 下午 cn.ycx.ycxtomcat.catalina.Server logJVM
INFO : OS Version:		10.12.6
04 16, 2021 21:55:30 下午 cn.ycx.ycxtomcat.catalina.Server logJVM
INFO : OS Name	:		Mac OS X
04 16, 2021 21:55:30 下午 cn.ycx.ycxtomcat.catalina.Server logJVM
INFO : Architecture:		x86_64
04 16, 2021 21:55:30 下午 cn.ycx.ycxtomcat.catalina.Server logJVM
INFO : Server version:		Ycx DiyTomcat/1.0.1
04 16, 2021 21:55:30 下午 cn.ycx.ycxtomcat.catalina.Server logJVM
INFO : Server built:		2020-04-08 10:20:22
04 16, 2021 21:55:30 下午 cn.ycx.ycxtomcat.catalina.Server logJVM
INFO : Java Home:		/Library/Java/JavaVirtualMachines/jdk1.8.0_144.jdk/Contents/Home/jre
04 16, 2021 21:55:30 下午 cn.ycx.ycxtomcat.catalina.Server logJVM
INFO : JVM Version:		1.8.0_144-b01
04 16, 2021 21:55:30 下午 cn.ycx.ycxtomcat.catalina.Server logJVM
INFO : JVM Vendor:		Oracle Corporation
04 16, 2021 21:55:30 下午 cn.ycx.ycxtomcat.catalina.Server logJVM
INFO : Server number:		1.0.1
04 16, 2021 21:55:42 下午 cn.ycx.ycxtomcat.catalina.Context <init>
INFO : Deploying web application directory /Users/chuancey/Idea-Workspace/YcxTomcat/webapps/a
04 16, 2021 21:55:42 下午 cn.ycx.ycxtomcat.catalina.Context <init>
INFO : Deployment of web application directory /Users/chuancey/Idea-Workspace/YcxTomcat/webapps/a has finished in 271 ms
04 16, 2021 21:55:42 下午 cn.ycx.ycxtomcat.catalina.Context <init>
INFO : Deploying web application directory /Users/chuancey/Idea-Workspace/YcxTomcat/webapps/b
04 16, 2021 21:55:42 下午 cn.ycx.ycxtomcat.catalina.Context <init>
INFO : Deployment of web application directory /Users/chuancey/Idea-Workspace/YcxTomcat/webapps/b has finished in 1 ms
04 16, 2021 21:55:42 下午 cn.ycx.ycxtomcat.catalina.Context <init>
INFO : Deploying web application directory /Users/chuancey/Idea-Workspace/YcxTomcat/webapps/ROOT
04 16, 2021 21:55:42 下午 cn.ycx.ycxtomcat.catalina.Context <init>
INFO : Deployment of web application directory /Users/chuancey/Idea-Workspace/YcxTomcat/webapps/ROOT has finished in 1 ms
04 16, 2021 21:55:42 下午 cn.ycx.ycxtomcat.catalina.Context <init>
INFO : Deploying web application directory /Users/chuancey/Idea-Workspace/YcxTomcat/webapps/b
04 16, 2021 21:55:42 下午 cn.ycx.ycxtomcat.catalina.Context <init>
INFO : Deployment of web application directory /Users/chuancey/Idea-Workspace/YcxTomcat/webapps/b has finished in 1 ms
04 16, 2021 21:55:45 下午 cn.ycx.ycxtomcat.catalina.Server logJVM
INFO : OS Version:		10.12.6
04 16, 2021 21:55:45 下午 cn.ycx.ycxtomcat.catalina.Server logJVM
INFO : OS Name	:		Mac OS X
04 16, 2021 21:55:45 下午 cn.ycx.ycxtomcat.catalina.Server logJVM
INFO : Architecture:		x86_64
04 16, 2021 21:55:45 下午 cn.ycx.ycxtomcat.catalina.Server logJVM
INFO : Server version:		Ycx DiyTomcat/1.0.1
04 16, 2021 21:55:45 下午 cn.ycx.ycxtomcat.catalina.Server logJVM
INFO : Server built:		2020-04-08 10:20:22
04 16, 2021 21:55:45 下午 cn.ycx.ycxtomcat.catalina.Server logJVM
INFO : Java Home:		/Library/Java/JavaVirtualMachines/jdk1.8.0_144.jdk/Contents/Home/jre
04 16, 2021 21:55:45 下午 cn.ycx.ycxtomcat.catalina.Server logJVM
INFO : JVM Version:		1.8.0_144-b01
04 16, 2021 21:55:45 下午 cn.ycx.ycxtomcat.catalina.Server logJVM
INFO : JVM Vendor:		Oracle Corporation
04 16, 2021 21:55:45 下午 cn.ycx.ycxtomcat.catalina.Server logJVM
INFO : Server number:		1.0.1
04 16, 2021 21:56:13 下午 cn.ycx.ycxtomcat.catalina.Server$1 error
ERROR: this is a deliberately created exception
java.lang.Exception: this is a deliberately created exception
	at cn.ycx.ycxtomcat.catalina.Server$1.run(Server.java:69)
	at java.util.concurrent.ThreadPoolExecutor.runWorker(ThreadPoolExecutor.java:1149)
	at java.util.concurrent.ThreadPoolExecutor$Worker.run(ThreadPoolExecutor.java:624)
	at java.lang.Thread.run(Thread.java:748)
04 16, 2021 21:59:54 下午 cn.ycx.ycxtomcat.catalina.Server$1 error
ERROR: this is a deliberately created exception
java.lang.Exception: this is a deliberately created exception
	at cn.ycx.ycxtomcat.catalina.Server$1.run(Server.java:69)
	at java.util.concurrent.ThreadPoolExecutor.runWorker(ThreadPoolExecutor.java:1149)
	at java.util.concurrent.ThreadPoolExecutor$Worker.run(ThreadPoolExecutor.java:624)
	at java.lang.Thread.run(Thread.java:748)
04 16, 2021 21:59:54 下午 cn.ycx.ycxtomcat.catalina.Server$1 error
ERROR: this is a deliberately created exception
java.lang.Exception: this is a deliberately created exception
	at cn.ycx.ycxtomcat.catalina.Server$1.run(Server.java:69)
	at java.util.concurrent.ThreadPoolExecutor.runWorker(ThreadPoolExecutor.java:1149)
	at java.util.concurrent.ThreadPoolExecutor$Worker.run(ThreadPoolExecutor.java:624)
	at java.lang.Thread.run(Thread.java:748)
04 16, 2021 22:02:14 下午 cn.ycx.ycxtomcat.catalina.Context <init>
INFO : Deploying web application directory /Users/chuancey/Idea-Workspace/YcxTomcat/webapps/a
04 16, 2021 22:02:14 下午 cn.ycx.ycxtomcat.catalina.Context <init>
INFO : Deployment of web application directory /Users/chuancey/Idea-Workspace/YcxTomcat/webapps/a has finished in 249 ms
04 16, 2021 22:02:14 下午 cn.ycx.ycxtomcat.catalina.Context <init>
INFO : Deploying web application directory /Users/chuancey/Idea-Workspace/YcxTomcat/webapps/b
04 16, 2021 22:02:14 下午 cn.ycx.ycxtomcat.catalina.Context <init>
INFO : Deployment of web application directory /Users/chuancey/Idea-Workspace/YcxTomcat/webapps/b has finished in 0 ms
04 16, 2021 22:02:14 下午 cn.ycx.ycxtomcat.catalina.Context <init>
INFO : Deploying web application directory /Users/chuancey/Idea-Workspace/YcxTomcat/webapps/ROOT
04 16, 2021 22:02:14 下午 cn.ycx.ycxtomcat.catalina.Context <init>
INFO : Deployment of web application directory /Users/chuancey/Idea-Workspace/YcxTomcat/webapps/ROOT has finished in 1 ms
04 16, 2021 22:02:14 下午 cn.ycx.ycxtomcat.catalina.Context <init>
INFO : Deploying web application directory /Users/chuancey/Idea-Workspace/YcxTomcat/webapps/b
04 16, 2021 22:02:14 下午 cn.ycx.ycxtomcat.catalina.Context <init>
INFO : Deployment of web application directory /Users/chuancey/Idea-Workspace/YcxTomcat/webapps/b has finished in 0 ms
04 16, 2021 22:02:14 下午 cn.ycx.ycxtomcat.catalina.Server logJVM
INFO : OS Version:		10.12.6
04 16, 2021 22:02:14 下午 cn.ycx.ycxtomcat.catalina.Server logJVM
INFO : OS Name	:		Mac OS X
04 16, 2021 22:02:14 下午 cn.ycx.ycxtomcat.catalina.Server logJVM
INFO : Architecture:		x86_64
04 16, 2021 22:02:14 下午 cn.ycx.ycxtomcat.catalina.Server logJVM
INFO : Server version:		Ycx DiyTomcat/1.0.1
04 16, 2021 22:02:14 下午 cn.ycx.ycxtomcat.catalina.Server logJVM
INFO : Server built:		2020-04-08 10:20:22
04 16, 2021 22:02:14 下午 cn.ycx.ycxtomcat.catalina.Server logJVM
INFO : Java Home:		/Library/Java/JavaVirtualMachines/jdk1.8.0_144.jdk/Contents/Home/jre
04 16, 2021 22:02:14 下午 cn.ycx.ycxtomcat.catalina.Server logJVM
INFO : JVM Version:		1.8.0_144-b01
04 16, 2021 22:02:14 下午 cn.ycx.ycxtomcat.catalina.Server logJVM
INFO : JVM Vendor:		Oracle Corporation
04 16, 2021 22:02:14 下午 cn.ycx.ycxtomcat.catalina.Server logJVM
INFO : Server number:		1.0.1
04 16, 2021 22:02:14 下午 cn.ycx.ycxtomcat.catalina.Server error
ERROR: this is a deliberately created exception
java.lang.Exception: this is a deliberately created exception
	at cn.ycx.ycxtomcat.catalina.Server.lambda$init$0(Server.java:67)
	at java.util.concurrent.ThreadPoolExecutor.runWorker(ThreadPoolExecutor.java:1149)
	at java.util.concurrent.ThreadPoolExecutor$Worker.run(ThreadPoolExecutor.java:624)
	at java.lang.Thread.run(Thread.java:748)
04 16, 2021 22:02:14 下午 cn.ycx.ycxtomcat.catalina.Server error
ERROR: this is a deliberately created exception
java.lang.Exception: this is a deliberately created exception
	at cn.ycx.ycxtomcat.catalina.Server.lambda$init$0(Server.java:67)
	at java.util.concurrent.ThreadPoolExecutor.runWorker(ThreadPoolExecutor.java:1149)
	at java.util.concurrent.ThreadPoolExecutor$Worker.run(ThreadPoolExecutor.java:624)
	at java.lang.Thread.run(Thread.java:748)
04 16, 2021 22:02:14 下午 cn.ycx.ycxtomcat.catalina.Server error
ERROR: this is a deliberately created exception
java.lang.Exception: this is a deliberately created exception
	at cn.ycx.ycxtomcat.catalina.Server.lambda$init$0(Server.java:67)
	at java.util.concurrent.ThreadPoolExecutor.runWorker(ThreadPoolExecutor.java:1149)
	at java.util.concurrent.ThreadPoolExecutor$Worker.run(ThreadPoolExecutor.java:624)
	at java.lang.Thread.run(Thread.java:748)
