04 23, 2021 14:29:58 下午 cn.ycx.ycxtomcat.catalina.Context <init>
INFO : Deploying web application directory /Users/chuancey/Idea-Workspace/YcxTomcat/webapps/a
04 23, 2021 14:29:59 下午 cn.ycx.ycxtomcat.catalina.Context <init>
INFO : Deployment of web application directory /Users/chuancey/Idea-Workspace/YcxTomcat/webapps/a has finished in 549 ms.
04 23, 2021 14:29:59 下午 cn.ycx.ycxtomcat.catalina.Context <init>
INFO : Deploying web application directory /Users/chuancey/Idea-Workspace/YcxTomcat/webapps/b
04 23, 2021 14:29:59 下午 cn.ycx.ycxtomcat.catalina.Context <init>
INFO : Deployment of web application directory /Users/chuancey/Idea-Workspace/YcxTomcat/webapps/b has finished in 6 ms.
04 23, 2021 14:29:59 下午 cn.ycx.ycxtomcat.catalina.Context <init>
INFO : Deploying web application directory /Users/chuancey/Idea-Workspace/YcxTomcat/webapps/ROOT
04 23, 2021 14:29:59 下午 cn.ycx.ycxtomcat.catalina.Context <init>
INFO : Deployment of web application directory /Users/chuancey/Idea-Workspace/YcxTomcat/webapps/ROOT has finished in 20 ms.
04 23, 2021 14:29:59 下午 cn.ycx.ycxtomcat.catalina.Context <init>
INFO : Deploying web application directory /Users/chuancey/Idea-Workspace/YcxTomcat/webapps/b
04 23, 2021 14:29:59 下午 cn.ycx.ycxtomcat.catalina.Context <init>
INFO : Deployment of web application directory /Users/chuancey/Idea-Workspace/YcxTomcat/webapps/b has finished in 1 ms.
04 23, 2021 14:29:59 下午 cn.ycx.ycxtomcat.catalina.Context <init>
INFO : Deploying web application directory /Users/chuancey/Idea-Workspace/webforycxtomcat/web
04 23, 2021 14:29:59 下午 cn.ycx.ycxtomcat.catalina.Context <init>
INFO : Deployment of web application directory /Users/chuancey/Idea-Workspace/webforycxtomcat/web has finished in 8 ms.
04 23, 2021 14:29:59 下午 cn.ycx.ycxtomcat.catalina.Server logJVM
INFO : OS Version:		10.12.6
04 23, 2021 14:29:59 下午 cn.ycx.ycxtomcat.catalina.Server logJVM
INFO : OS Name	:		Mac OS X
04 23, 2021 14:29:59 下午 cn.ycx.ycxtomcat.catalina.Server logJVM
INFO : Architecture:		x86_64
04 23, 2021 14:29:59 下午 cn.ycx.ycxtomcat.catalina.Server logJVM
INFO : Server version:		Ycx DiyTomcat/1.0.1
04 23, 2021 14:29:59 下午 cn.ycx.ycxtomcat.catalina.Server logJVM
INFO : Server built:		2020-04-08 10:20:22
04 23, 2021 14:29:59 下午 cn.ycx.ycxtomcat.catalina.Server logJVM
INFO : Java Home:		/Library/Java/JavaVirtualMachines/jdk1.8.0_144.jdk/Contents/Home/jre
04 23, 2021 14:29:59 下午 cn.ycx.ycxtomcat.catalina.Server logJVM
INFO : JVM Version:		1.8.0_144-b01
04 23, 2021 14:29:59 下午 cn.ycx.ycxtomcat.catalina.Server logJVM
INFO : JVM Vendor:		Oracle Corporation
04 23, 2021 14:29:59 下午 cn.ycx.ycxtomcat.catalina.Server logJVM
INFO : Server number:		1.0.1
04 23, 2021 14:29:59 下午 cn.ycx.ycxtomcat.catalina.Connector init
INFO : Initializing ProtocolHandler [http-bio-18080]
04 23, 2021 14:29:59 下午 cn.ycx.ycxtomcat.catalina.Connector init
INFO : Initializing ProtocolHandler [http-bio-18081]
04 23, 2021 14:29:59 下午 cn.ycx.ycxtomcat.catalina.Connector init
INFO : Initializing ProtocolHandler [http-bio-18082]
04 23, 2021 14:29:59 下午 cn.ycx.ycxtomcat.catalina.Service init
INFO : Initialization processed in 3 ms
04 23, 2021 14:29:59 下午 cn.ycx.ycxtomcat.catalina.Connector start
INFO : Starting ProtocolHandler [http-bio-18080]
04 23, 2021 14:29:59 下午 cn.ycx.ycxtomcat.catalina.Connector start
INFO : Starting ProtocolHandler [http-bio-18081]
04 23, 2021 14:29:59 下午 cn.ycx.ycxtomcat.catalina.Connector start
INFO : Starting ProtocolHandler [http-bio-18082]
04 23, 2021 14:29:59 下午 cn.ycx.ycxtomcat.catalina.Server start
INFO : Server startup in 24 ms
04 23, 2021 14:39:56 下午 cn.ycx.ycxtomcat.catalina.Context <init>
INFO : Deploying web application directory /Users/chuancey/Idea-Workspace/YcxTomcat/webapps/a
04 23, 2021 14:39:56 下午 cn.ycx.ycxtomcat.catalina.Context <init>
INFO : Deployment of web application directory /Users/chuancey/Idea-Workspace/YcxTomcat/webapps/a has finished in 353 ms.
04 23, 2021 14:39:56 下午 cn.ycx.ycxtomcat.catalina.Context <init>
INFO : Deploying web application directory /Users/chuancey/Idea-Workspace/YcxTomcat/webapps/b
04 23, 2021 14:39:56 下午 cn.ycx.ycxtomcat.catalina.Context <init>
INFO : Deployment of web application directory /Users/chuancey/Idea-Workspace/YcxTomcat/webapps/b has finished in 6 ms.
04 23, 2021 14:39:56 下午 cn.ycx.ycxtomcat.catalina.Context <init>
INFO : Deploying web application directory /Users/chuancey/Idea-Workspace/YcxTomcat/webapps/ROOT
04 23, 2021 14:39:56 下午 cn.ycx.ycxtomcat.catalina.Context <init>
INFO : Deployment of web application directory /Users/chuancey/Idea-Workspace/YcxTomcat/webapps/ROOT has finished in 11 ms.
04 23, 2021 14:39:56 下午 cn.ycx.ycxtomcat.catalina.Context <init>
INFO : Deploying web application directory /Users/chuancey/Idea-Workspace/YcxTomcat/webapps/b
04 23, 2021 14:39:56 下午 cn.ycx.ycxtomcat.catalina.Context <init>
INFO : Deployment of web application directory /Users/chuancey/Idea-Workspace/YcxTomcat/webapps/b has finished in 1 ms.
04 23, 2021 14:39:56 下午 cn.ycx.ycxtomcat.catalina.Context <init>
INFO : Deploying web application directory /Users/chuancey/Idea-Workspace/webforycxtomcat/web
04 23, 2021 14:39:56 下午 cn.ycx.ycxtomcat.catalina.Context <init>
INFO : Deployment of web application directory /Users/chuancey/Idea-Workspace/webforycxtomcat/web has finished in 5 ms.
04 23, 2021 14:39:56 下午 cn.ycx.ycxtomcat.catalina.Server logJVM
INFO : OS Version:		10.12.6
04 23, 2021 14:39:56 下午 cn.ycx.ycxtomcat.catalina.Server logJVM
INFO : OS Name	:		Mac OS X
04 23, 2021 14:39:56 下午 cn.ycx.ycxtomcat.catalina.Server logJVM
INFO : Architecture:		x86_64
04 23, 2021 14:39:56 下午 cn.ycx.ycxtomcat.catalina.Server logJVM
INFO : Server version:		Ycx DiyTomcat/1.0.1
04 23, 2021 14:39:56 下午 cn.ycx.ycxtomcat.catalina.Server logJVM
INFO : Server built:		2020-04-08 10:20:22
04 23, 2021 14:39:56 下午 cn.ycx.ycxtomcat.catalina.Server logJVM
INFO : Java Home:		/Library/Java/JavaVirtualMachines/jdk1.8.0_144.jdk/Contents/Home/jre
04 23, 2021 14:39:56 下午 cn.ycx.ycxtomcat.catalina.Server logJVM
INFO : JVM Version:		1.8.0_144-b01
04 23, 2021 14:39:56 下午 cn.ycx.ycxtomcat.catalina.Server logJVM
INFO : JVM Vendor:		Oracle Corporation
04 23, 2021 14:39:56 下午 cn.ycx.ycxtomcat.catalina.Server logJVM
INFO : Server number:		1.0.1
04 23, 2021 14:39:56 下午 cn.ycx.ycxtomcat.catalina.Connector init
INFO : Initializing ProtocolHandler [http-bio-18080]
04 23, 2021 14:39:56 下午 cn.ycx.ycxtomcat.catalina.Connector init
INFO : Initializing ProtocolHandler [http-bio-18081]
04 23, 2021 14:39:56 下午 cn.ycx.ycxtomcat.catalina.Connector init
INFO : Initializing ProtocolHandler [http-bio-18082]
04 23, 2021 14:39:56 下午 cn.ycx.ycxtomcat.catalina.Service init
INFO : Initialization processed in 1 ms
04 23, 2021 14:39:56 下午 cn.ycx.ycxtomcat.catalina.Connector start
INFO : Starting ProtocolHandler [http-bio-18080]
04 23, 2021 14:39:56 下午 cn.ycx.ycxtomcat.catalina.Connector start
INFO : Starting ProtocolHandler [http-bio-18081]
04 23, 2021 14:39:56 下午 cn.ycx.ycxtomcat.catalina.Connector start
INFO : Starting ProtocolHandler [http-bio-18082]
04 23, 2021 14:39:56 下午 cn.ycx.ycxtomcat.catalina.Server start
INFO : Server startup in 15 ms
04 23, 2021 14:47:18 下午 cn.ycx.ycxtomcat.catalina.Context <init>
INFO : Deploying web application directory /Users/chuancey/Idea-Workspace/YcxTomcat/webapps/a
04 23, 2021 14:47:18 下午 cn.ycx.ycxtomcat.catalina.Context <init>
INFO : Deployment of web application directory /Users/chuancey/Idea-Workspace/YcxTomcat/webapps/a has finished in 378 ms.
04 23, 2021 14:47:18 下午 cn.ycx.ycxtomcat.catalina.Context <init>
INFO : Deploying web application directory /Users/chuancey/Idea-Workspace/YcxTomcat/webapps/b
04 23, 2021 14:47:18 下午 cn.ycx.ycxtomcat.catalina.Context <init>
INFO : Deployment of web application directory /Users/chuancey/Idea-Workspace/YcxTomcat/webapps/b has finished in 5 ms.
04 23, 2021 14:47:18 下午 cn.ycx.ycxtomcat.catalina.Context <init>
INFO : Deploying web application directory /Users/chuancey/Idea-Workspace/YcxTomcat/webapps/ROOT
04 23, 2021 14:47:18 下午 cn.ycx.ycxtomcat.catalina.Context <init>
INFO : Deployment of web application directory /Users/chuancey/Idea-Workspace/YcxTomcat/webapps/ROOT has finished in 14 ms.
04 23, 2021 14:47:19 下午 cn.ycx.ycxtomcat.catalina.Context <init>
INFO : Deploying web application directory /Users/chuancey/Idea-Workspace/YcxTomcat/webapps/b
04 23, 2021 14:47:19 下午 cn.ycx.ycxtomcat.catalina.Context <init>
INFO : Deployment of web application directory /Users/chuancey/Idea-Workspace/YcxTomcat/webapps/b has finished in 3 ms.
04 23, 2021 14:47:19 下午 cn.ycx.ycxtomcat.catalina.Context <init>
INFO : Deploying web application directory /Users/chuancey/Idea-Workspace/webforycxtomcat/web
04 23, 2021 14:47:19 下午 cn.ycx.ycxtomcat.catalina.Context <init>
INFO : Deployment of web application directory /Users/chuancey/Idea-Workspace/webforycxtomcat/web has finished in 13 ms.
04 23, 2021 14:47:19 下午 cn.ycx.ycxtomcat.catalina.Server logJVM
INFO : OS Version:		10.12.6
04 23, 2021 14:47:19 下午 cn.ycx.ycxtomcat.catalina.Server logJVM
INFO : OS Name	:		Mac OS X
04 23, 2021 14:47:19 下午 cn.ycx.ycxtomcat.catalina.Server logJVM
INFO : Architecture:		x86_64
04 23, 2021 14:47:19 下午 cn.ycx.ycxtomcat.catalina.Server logJVM
INFO : Server version:		Ycx DiyTomcat/1.0.1
04 23, 2021 14:47:19 下午 cn.ycx.ycxtomcat.catalina.Server logJVM
INFO : Server built:		2020-04-08 10:20:22
04 23, 2021 14:47:19 下午 cn.ycx.ycxtomcat.catalina.Server logJVM
INFO : Java Home:		/Library/Java/JavaVirtualMachines/jdk1.8.0_144.jdk/Contents/Home/jre
04 23, 2021 14:47:19 下午 cn.ycx.ycxtomcat.catalina.Server logJVM
INFO : JVM Version:		1.8.0_144-b01
04 23, 2021 14:47:19 下午 cn.ycx.ycxtomcat.catalina.Server logJVM
INFO : JVM Vendor:		Oracle Corporation
04 23, 2021 14:47:19 下午 cn.ycx.ycxtomcat.catalina.Server logJVM
INFO : Server number:		1.0.1
04 23, 2021 14:47:19 下午 cn.ycx.ycxtomcat.catalina.Connector init
INFO : Initializing ProtocolHandler [http-bio-18080]
04 23, 2021 14:47:19 下午 cn.ycx.ycxtomcat.catalina.Connector init
INFO : Initializing ProtocolHandler [http-bio-18081]
04 23, 2021 14:47:19 下午 cn.ycx.ycxtomcat.catalina.Connector init
INFO : Initializing ProtocolHandler [http-bio-18082]
04 23, 2021 14:47:19 下午 cn.ycx.ycxtomcat.catalina.Service init
INFO : Initialization processed in 2 ms
04 23, 2021 14:47:19 下午 cn.ycx.ycxtomcat.catalina.Connector start
INFO : Starting ProtocolHandler [http-bio-18080]
04 23, 2021 14:47:19 下午 cn.ycx.ycxtomcat.catalina.Connector start
INFO : Starting ProtocolHandler [http-bio-18081]
04 23, 2021 14:47:19 下午 cn.ycx.ycxtomcat.catalina.Connector start
INFO : Starting ProtocolHandler [http-bio-18082]
04 23, 2021 14:47:19 下午 cn.ycx.ycxtomcat.catalina.Server start
INFO : Server startup in 11 ms
04 23, 2021 14:47:59 下午 cn.ycx.ycxtomcat.watcher.ContextFileChangeWatcher$1 dealWith
INFO : cn.ycx.ycxtomcat.watcher.ContextFileChangeWatcher@4296aaf5
04 23, 2021 14:47:59 下午 cn.ycx.ycxtomcat.catalina.Host reload
INFO : Reloading Context with name [/webforycxtomcat] has started
04 23, 2021 14:47:59 下午 cn.ycx.ycxtomcat.catalina.Context <init>
INFO : Deploying web application directory /Users/chuancey/Idea-Workspace/webforycxtomcat/web
04 23, 2021 14:47:59 下午 cn.ycx.ycxtomcat.catalina.Context <init>
INFO : Deployment of web application directory /Users/chuancey/Idea-Workspace/webforycxtomcat/web has finished in 7 ms.
04 23, 2021 14:47:59 下午 cn.ycx.ycxtomcat.catalina.Host reload
INFO : Reloading Context with name [/webforycxtomcat] has completed
04 23, 2021 14:48:43 下午 cn.ycx.ycxtomcat.catalina.Context <init>
INFO : Deploying web application directory /Users/chuancey/Idea-Workspace/YcxTomcat/webapps/a
04 23, 2021 14:48:43 下午 cn.ycx.ycxtomcat.catalina.Context <init>
INFO : Deployment of web application directory /Users/chuancey/Idea-Workspace/YcxTomcat/webapps/a has finished in 356 ms.
04 23, 2021 14:48:43 下午 cn.ycx.ycxtomcat.catalina.Context <init>
INFO : Deploying web application directory /Users/chuancey/Idea-Workspace/YcxTomcat/webapps/b
04 23, 2021 14:48:43 下午 cn.ycx.ycxtomcat.catalina.Context <init>
INFO : Deployment of web application directory /Users/chuancey/Idea-Workspace/YcxTomcat/webapps/b has finished in 2 ms.
04 23, 2021 14:48:43 下午 cn.ycx.ycxtomcat.catalina.Context <init>
INFO : Deploying web application directory /Users/chuancey/Idea-Workspace/YcxTomcat/webapps/ROOT
04 23, 2021 14:48:43 下午 cn.ycx.ycxtomcat.catalina.Context <init>
INFO : Deployment of web application directory /Users/chuancey/Idea-Workspace/YcxTomcat/webapps/ROOT has finished in 10 ms.
04 23, 2021 14:48:43 下午 cn.ycx.ycxtomcat.catalina.Context <init>
INFO : Deploying web application directory /Users/chuancey/Idea-Workspace/YcxTomcat/webapps/b
04 23, 2021 14:48:43 下午 cn.ycx.ycxtomcat.catalina.Context <init>
INFO : Deployment of web application directory /Users/chuancey/Idea-Workspace/YcxTomcat/webapps/b has finished in 2 ms.
04 23, 2021 14:48:43 下午 cn.ycx.ycxtomcat.catalina.Context <init>
INFO : Deploying web application directory /Users/chuancey/Idea-Workspace/webforycxtomcat/web
04 23, 2021 14:48:43 下午 cn.ycx.ycxtomcat.catalina.Context <init>
INFO : Deployment of web application directory /Users/chuancey/Idea-Workspace/webforycxtomcat/web has finished in 9 ms.
04 23, 2021 14:48:43 下午 cn.ycx.ycxtomcat.catalina.Server logJVM
INFO : OS Version:		10.12.6
04 23, 2021 14:48:43 下午 cn.ycx.ycxtomcat.catalina.Server logJVM
INFO : OS Name	:		Mac OS X
04 23, 2021 14:48:43 下午 cn.ycx.ycxtomcat.catalina.Server logJVM
INFO : Architecture:		x86_64
04 23, 2021 14:48:43 下午 cn.ycx.ycxtomcat.catalina.Server logJVM
INFO : Server version:		Ycx DiyTomcat/1.0.1
04 23, 2021 14:48:43 下午 cn.ycx.ycxtomcat.catalina.Server logJVM
INFO : Server built:		2020-04-08 10:20:22
04 23, 2021 14:48:43 下午 cn.ycx.ycxtomcat.catalina.Server logJVM
INFO : Java Home:		/Library/Java/JavaVirtualMachines/jdk1.8.0_144.jdk/Contents/Home/jre
04 23, 2021 14:48:43 下午 cn.ycx.ycxtomcat.catalina.Server logJVM
INFO : JVM Version:		1.8.0_144-b01
04 23, 2021 14:48:43 下午 cn.ycx.ycxtomcat.catalina.Server logJVM
INFO : JVM Vendor:		Oracle Corporation
04 23, 2021 14:48:43 下午 cn.ycx.ycxtomcat.catalina.Server logJVM
INFO : Server number:		1.0.1
04 23, 2021 14:48:43 下午 cn.ycx.ycxtomcat.catalina.Connector init
INFO : Initializing ProtocolHandler [http-bio-18080]
04 23, 2021 14:48:43 下午 cn.ycx.ycxtomcat.catalina.Connector init
INFO : Initializing ProtocolHandler [http-bio-18081]
04 23, 2021 14:48:43 下午 cn.ycx.ycxtomcat.catalina.Connector init
INFO : Initializing ProtocolHandler [http-bio-18082]
04 23, 2021 14:48:43 下午 cn.ycx.ycxtomcat.catalina.Service init
INFO : Initialization processed in 2 ms
04 23, 2021 14:48:43 下午 cn.ycx.ycxtomcat.catalina.Connector start
INFO : Starting ProtocolHandler [http-bio-18080]
04 23, 2021 14:48:43 下午 cn.ycx.ycxtomcat.catalina.Connector start
INFO : Starting ProtocolHandler [http-bio-18081]
04 23, 2021 14:48:43 下午 cn.ycx.ycxtomcat.catalina.Connector start
INFO : Starting ProtocolHandler [http-bio-18082]
04 23, 2021 14:48:43 下午 cn.ycx.ycxtomcat.catalina.Server start
INFO : Server startup in 18 ms
04 23, 2021 14:49:43 下午 cn.ycx.ycxtomcat.watcher.ContextFileChangeWatcher$1 dealWith
INFO : cn.ycx.ycxtomcat.watcher.ContextFileChangeWatcher@3b40ed06
04 23, 2021 14:49:43 下午 cn.ycx.ycxtomcat.catalina.Host reload
INFO : Reloading Context with name [/webforycxtomcat] has started
04 23, 2021 14:49:43 下午 cn.ycx.ycxtomcat.catalina.Context <init>
INFO : Deploying web application directory /Users/chuancey/Idea-Workspace/webforycxtomcat/web
04 23, 2021 14:49:43 下午 cn.ycx.ycxtomcat.catalina.Context <init>
INFO : Deployment of web application directory /Users/chuancey/Idea-Workspace/webforycxtomcat/web has finished in 7 ms.
04 23, 2021 14:49:43 下午 cn.ycx.ycxtomcat.catalina.Host reload
INFO : Reloading Context with name [/webforycxtomcat] has completed
04 23, 2021 14:57:30 下午 cn.ycx.ycxtomcat.catalina.Context <init>
INFO : Deploying web application directory /Users/chuancey/Idea-Workspace/YcxTomcat/webapps/a
04 23, 2021 14:57:30 下午 cn.ycx.ycxtomcat.catalina.Context <init>
INFO : Deployment of web application directory /Users/chuancey/Idea-Workspace/YcxTomcat/webapps/a has finished in 340 ms.
04 23, 2021 14:57:30 下午 cn.ycx.ycxtomcat.catalina.Context <init>
INFO : Deploying web application directory /Users/chuancey/Idea-Workspace/YcxTomcat/webapps/b
04 23, 2021 14:57:30 下午 cn.ycx.ycxtomcat.catalina.Context <init>
INFO : Deployment of web application directory /Users/chuancey/Idea-Workspace/YcxTomcat/webapps/b has finished in 2 ms.
04 23, 2021 14:57:30 下午 cn.ycx.ycxtomcat.catalina.Context <init>
INFO : Deploying web application directory /Users/chuancey/Idea-Workspace/YcxTomcat/webapps/ROOT
04 23, 2021 14:57:30 下午 cn.ycx.ycxtomcat.catalina.Context <init>
INFO : Deployment of web application directory /Users/chuancey/Idea-Workspace/YcxTomcat/webapps/ROOT has finished in 16 ms.
04 23, 2021 14:57:30 下午 cn.ycx.ycxtomcat.catalina.Context <init>
INFO : Deploying web application directory /Users/chuancey/Idea-Workspace/YcxTomcat/webapps/b
04 23, 2021 14:57:30 下午 cn.ycx.ycxtomcat.catalina.Context <init>
INFO : Deployment of web application directory /Users/chuancey/Idea-Workspace/YcxTomcat/webapps/b has finished in 13 ms.
04 23, 2021 14:57:30 下午 cn.ycx.ycxtomcat.catalina.Context <init>
INFO : Deploying web application directory /Users/chuancey/Idea-Workspace/webforycxtomcat/web
04 23, 2021 14:57:30 下午 cn.ycx.ycxtomcat.catalina.Context <init>
INFO : Deployment of web application directory /Users/chuancey/Idea-Workspace/webforycxtomcat/web has finished in 9 ms.
04 23, 2021 14:57:30 下午 cn.ycx.ycxtomcat.catalina.Server logJVM
INFO : OS Version:		10.12.6
04 23, 2021 14:57:30 下午 cn.ycx.ycxtomcat.catalina.Server logJVM
INFO : OS Name	:		Mac OS X
04 23, 2021 14:57:30 下午 cn.ycx.ycxtomcat.catalina.Server logJVM
INFO : Architecture:		x86_64
04 23, 2021 14:57:30 下午 cn.ycx.ycxtomcat.catalina.Server logJVM
INFO : Server version:		Ycx DiyTomcat/1.0.1
04 23, 2021 14:57:30 下午 cn.ycx.ycxtomcat.catalina.Server logJVM
INFO : Server built:		2020-04-08 10:20:22
04 23, 2021 14:57:30 下午 cn.ycx.ycxtomcat.catalina.Server logJVM
INFO : Java Home:		/Library/Java/JavaVirtualMachines/jdk1.8.0_144.jdk/Contents/Home/jre
04 23, 2021 14:57:30 下午 cn.ycx.ycxtomcat.catalina.Server logJVM
INFO : JVM Version:		1.8.0_144-b01
04 23, 2021 14:57:30 下午 cn.ycx.ycxtomcat.catalina.Server logJVM
INFO : JVM Vendor:		Oracle Corporation
04 23, 2021 14:57:30 下午 cn.ycx.ycxtomcat.catalina.Server logJVM
INFO : Server number:		1.0.1
04 23, 2021 14:57:30 下午 cn.ycx.ycxtomcat.catalina.Connector init
INFO : Initializing ProtocolHandler [http-bio-18080]
04 23, 2021 14:57:30 下午 cn.ycx.ycxtomcat.catalina.Connector init
INFO : Initializing ProtocolHandler [http-bio-18081]
04 23, 2021 14:57:30 下午 cn.ycx.ycxtomcat.catalina.Connector init
INFO : Initializing ProtocolHandler [http-bio-18082]
04 23, 2021 14:57:30 下午 cn.ycx.ycxtomcat.catalina.Service init
INFO : Initialization processed in 1 ms
04 23, 2021 14:57:30 下午 cn.ycx.ycxtomcat.catalina.Connector start
INFO : Starting ProtocolHandler [http-bio-18080]
04 23, 2021 14:57:30 下午 cn.ycx.ycxtomcat.catalina.Connector start
INFO : Starting ProtocolHandler [http-bio-18081]
04 23, 2021 14:57:30 下午 cn.ycx.ycxtomcat.catalina.Connector start
INFO : Starting ProtocolHandler [http-bio-18082]
04 23, 2021 14:57:30 下午 cn.ycx.ycxtomcat.catalina.Server start
INFO : Server startup in 18 ms
04 23, 2021 14:58:20 下午 cn.ycx.ycxtomcat.watcher.ContextFileChangeWatcher$1 dealWith
INFO : cn.ycx.ycxtomcat.watcher.ContextFileChangeWatcher@3b40ed06
04 23, 2021 14:58:20 下午 cn.ycx.ycxtomcat.catalina.Host reload
INFO : Reloading Context with name [/webforycxtomcat] has started
04 23, 2021 14:58:20 下午 cn.ycx.ycxtomcat.catalina.Context <init>
INFO : Deploying web application directory /Users/chuancey/Idea-Workspace/webforycxtomcat/web
04 23, 2021 14:58:20 下午 cn.ycx.ycxtomcat.catalina.Context <init>
INFO : Deployment of web application directory /Users/chuancey/Idea-Workspace/webforycxtomcat/web has finished in 13 ms.
04 23, 2021 14:58:20 下午 cn.ycx.ycxtomcat.catalina.Host reload
INFO : Reloading Context with name [/webforycxtomcat] has completed
04 23, 2021 15:16:42 下午 cn.ycx.ycxtomcat.catalina.Context <init>
INFO : Deploying web application directory /Users/chuancey/Idea-Workspace/YcxTomcat/webapps/a
04 23, 2021 15:16:42 下午 cn.ycx.ycxtomcat.catalina.Context <init>
INFO : Deployment of web application directory /Users/chuancey/Idea-Workspace/YcxTomcat/webapps/a has finished in 275 ms.
04 23, 2021 15:16:42 下午 cn.ycx.ycxtomcat.catalina.Context <init>
INFO : Deploying web application directory /Users/chuancey/Idea-Workspace/YcxTomcat/webapps/b
04 23, 2021 15:16:42 下午 cn.ycx.ycxtomcat.catalina.Context <init>
INFO : Deployment of web application directory /Users/chuancey/Idea-Workspace/YcxTomcat/webapps/b has finished in 5 ms.
04 23, 2021 15:16:42 下午 cn.ycx.ycxtomcat.catalina.Context <init>
INFO : Deploying web application directory /Users/chuancey/Idea-Workspace/YcxTomcat/webapps/ROOT
04 23, 2021 15:16:42 下午 cn.ycx.ycxtomcat.catalina.Context <init>
INFO : Deployment of web application directory /Users/chuancey/Idea-Workspace/YcxTomcat/webapps/ROOT has finished in 15 ms.
04 23, 2021 15:16:42 下午 cn.ycx.ycxtomcat.catalina.Context <init>
INFO : Deploying web application directory /Users/chuancey/Idea-Workspace/YcxTomcat/webapps/b
04 23, 2021 15:16:42 下午 cn.ycx.ycxtomcat.catalina.Context <init>
INFO : Deployment of web application directory /Users/chuancey/Idea-Workspace/YcxTomcat/webapps/b has finished in 1 ms.
04 23, 2021 15:16:42 下午 cn.ycx.ycxtomcat.catalina.Context <init>
INFO : Deploying web application directory /Users/chuancey/Idea-Workspace/webforycxtomcat/web
04 23, 2021 15:16:42 下午 cn.ycx.ycxtomcat.catalina.Context <init>
INFO : Deployment of web application directory /Users/chuancey/Idea-Workspace/webforycxtomcat/web has finished in 12 ms.
04 23, 2021 15:16:42 下午 cn.ycx.ycxtomcat.catalina.Server logJVM
INFO : OS Version:		10.12.6
04 23, 2021 15:16:42 下午 cn.ycx.ycxtomcat.catalina.Server logJVM
INFO : OS Name	:		Mac OS X
04 23, 2021 15:16:42 下午 cn.ycx.ycxtomcat.catalina.Server logJVM
INFO : Architecture:		x86_64
04 23, 2021 15:16:42 下午 cn.ycx.ycxtomcat.catalina.Server logJVM
INFO : Server version:		Ycx DiyTomcat/1.0.1
04 23, 2021 15:16:42 下午 cn.ycx.ycxtomcat.catalina.Server logJVM
INFO : Server built:		2020-04-08 10:20:22
04 23, 2021 15:16:42 下午 cn.ycx.ycxtomcat.catalina.Server logJVM
INFO : Java Home:		/Library/Java/JavaVirtualMachines/jdk1.8.0_144.jdk/Contents/Home/jre
04 23, 2021 15:16:42 下午 cn.ycx.ycxtomcat.catalina.Server logJVM
INFO : JVM Version:		1.8.0_144-b01
04 23, 2021 15:16:42 下午 cn.ycx.ycxtomcat.catalina.Server logJVM
INFO : JVM Vendor:		Oracle Corporation
04 23, 2021 15:16:42 下午 cn.ycx.ycxtomcat.catalina.Server logJVM
INFO : Server number:		1.0.1
04 23, 2021 15:16:42 下午 cn.ycx.ycxtomcat.catalina.Connector init
INFO : Initializing ProtocolHandler [http-bio-18080]
04 23, 2021 15:16:42 下午 cn.ycx.ycxtomcat.catalina.Connector init
INFO : Initializing ProtocolHandler [http-bio-18081]
04 23, 2021 15:16:42 下午 cn.ycx.ycxtomcat.catalina.Connector init
INFO : Initializing ProtocolHandler [http-bio-18082]
04 23, 2021 15:16:42 下午 cn.ycx.ycxtomcat.catalina.Service init
INFO : Initialization processed in 1 ms
04 23, 2021 15:16:42 下午 cn.ycx.ycxtomcat.catalina.Connector start
INFO : Starting ProtocolHandler [http-bio-18080]
04 23, 2021 15:16:42 下午 cn.ycx.ycxtomcat.catalina.Connector start
INFO : Starting ProtocolHandler [http-bio-18081]
04 23, 2021 15:16:42 下午 cn.ycx.ycxtomcat.catalina.Connector start
INFO : Starting ProtocolHandler [http-bio-18082]
04 23, 2021 15:16:42 下午 cn.ycx.ycxtomcat.catalina.Server start
INFO : Server startup in 31 ms
04 23, 2021 15:17:12 下午 cn.ycx.ycxtomcat.watcher.ContextFileChangeWatcher$1 dealWith
INFO : cn.ycx.ycxtomcat.watcher.ContextFileChangeWatcher@3fd59474
04 23, 2021 15:17:12 下午 cn.ycx.ycxtomcat.catalina.Host reload
INFO : Reloading Context with name [/webforycxtomcat] has started
04 23, 2021 15:17:12 下午 cn.ycx.ycxtomcat.catalina.Context <init>
INFO : Deploying web application directory /Users/chuancey/Idea-Workspace/webforycxtomcat/web
04 23, 2021 15:17:12 下午 cn.ycx.ycxtomcat.catalina.Context <init>
INFO : Deployment of web application directory /Users/chuancey/Idea-Workspace/webforycxtomcat/web has finished in 11 ms.
04 23, 2021 15:17:12 下午 cn.ycx.ycxtomcat.catalina.Host reload
INFO : Reloading Context with name [/webforycxtomcat] has completed
04 23, 2021 15:17:42 下午 cn.ycx.ycxtomcat.watcher.ContextFileChangeWatcher$1 dealWith
INFO : cn.ycx.ycxtomcat.watcher.ContextFileChangeWatcher@c912bc0
04 23, 2021 15:17:42 下午 cn.ycx.ycxtomcat.catalina.Host reload
INFO : Reloading Context with name [/webforycxtomcat] has started
04 23, 2021 15:17:42 下午 cn.ycx.ycxtomcat.catalina.Context <init>
INFO : Deploying web application directory /Users/chuancey/Idea-Workspace/webforycxtomcat/web
04 23, 2021 15:17:42 下午 cn.ycx.ycxtomcat.catalina.Context <init>
INFO : Deployment of web application directory /Users/chuancey/Idea-Workspace/webforycxtomcat/web has finished in 10 ms.
04 23, 2021 15:17:42 下午 cn.ycx.ycxtomcat.catalina.Host reload
INFO : Reloading Context with name [/webforycxtomcat] has completed
04 23, 2021 18:41:37 下午 cn.ycx.ycxtomcat.catalina.Context <init>
INFO : Deploying web application directory /Users/chuancey/Idea-Workspace/YcxTomcat/webapps/a
04 23, 2021 18:41:37 下午 cn.ycx.ycxtomcat.catalina.Context <init>
INFO : Deployment of web application directory /Users/chuancey/Idea-Workspace/YcxTomcat/webapps/a has finished in 292 ms.
04 23, 2021 18:41:37 下午 cn.ycx.ycxtomcat.catalina.Context <init>
INFO : Deploying web application directory /Users/chuancey/Idea-Workspace/YcxTomcat/webapps/b
04 23, 2021 18:41:37 下午 cn.ycx.ycxtomcat.catalina.Context <init>
INFO : Deployment of web application directory /Users/chuancey/Idea-Workspace/YcxTomcat/webapps/b has finished in 5 ms.
04 23, 2021 18:41:37 下午 cn.ycx.ycxtomcat.catalina.Context <init>
INFO : Deploying web application directory /Users/chuancey/Idea-Workspace/YcxTomcat/webapps/ROOT
04 23, 2021 18:41:37 下午 cn.ycx.ycxtomcat.catalina.Context <init>
INFO : Deployment of web application directory /Users/chuancey/Idea-Workspace/YcxTomcat/webapps/ROOT has finished in 9 ms.
04 23, 2021 18:41:37 下午 cn.ycx.ycxtomcat.catalina.Context <init>
INFO : Deploying web application directory /Users/chuancey/Idea-Workspace/YcxTomcat/webapps/b
04 23, 2021 18:41:37 下午 cn.ycx.ycxtomcat.catalina.Context <init>
INFO : Deployment of web application directory /Users/chuancey/Idea-Workspace/YcxTomcat/webapps/b has finished in 1 ms.
04 23, 2021 18:41:37 下午 cn.ycx.ycxtomcat.catalina.Context <init>
INFO : Deploying web application directory /Users/chuancey/Idea-Workspace/webforycxtomcat/web
04 23, 2021 18:41:37 下午 cn.ycx.ycxtomcat.catalina.Context <init>
INFO : Deployment of web application directory /Users/chuancey/Idea-Workspace/webforycxtomcat/web has finished in 7 ms.
04 23, 2021 18:41:37 下午 cn.ycx.ycxtomcat.catalina.Server logJVM
INFO : OS Version:		10.12.6
04 23, 2021 18:41:37 下午 cn.ycx.ycxtomcat.catalina.Server logJVM
INFO : OS Name	:		Mac OS X
04 23, 2021 18:41:37 下午 cn.ycx.ycxtomcat.catalina.Server logJVM
INFO : Architecture:		x86_64
04 23, 2021 18:41:37 下午 cn.ycx.ycxtomcat.catalina.Server logJVM
INFO : Server version:		Ycx DiyTomcat/1.0.1
04 23, 2021 18:41:37 下午 cn.ycx.ycxtomcat.catalina.Server logJVM
INFO : Server built:		2020-04-08 10:20:22
04 23, 2021 18:41:37 下午 cn.ycx.ycxtomcat.catalina.Server logJVM
INFO : Java Home:		/Library/Java/JavaVirtualMachines/jdk1.8.0_144.jdk/Contents/Home/jre
04 23, 2021 18:41:37 下午 cn.ycx.ycxtomcat.catalina.Server logJVM
INFO : JVM Version:		1.8.0_144-b01
04 23, 2021 18:41:37 下午 cn.ycx.ycxtomcat.catalina.Server logJVM
INFO : JVM Vendor:		Oracle Corporation
04 23, 2021 18:41:37 下午 cn.ycx.ycxtomcat.catalina.Server logJVM
INFO : Server number:		1.0.1
04 23, 2021 18:41:37 下午 cn.ycx.ycxtomcat.catalina.Connector init
INFO : Initializing ProtocolHandler [http-bio-18080]
04 23, 2021 18:41:37 下午 cn.ycx.ycxtomcat.catalina.Connector init
INFO : Initializing ProtocolHandler [http-bio-18081]
04 23, 2021 18:41:37 下午 cn.ycx.ycxtomcat.catalina.Connector init
INFO : Initializing ProtocolHandler [http-bio-18082]
04 23, 2021 18:41:37 下午 cn.ycx.ycxtomcat.catalina.Service init
INFO : Initialization processed in 1 ms
04 23, 2021 18:41:37 下午 cn.ycx.ycxtomcat.catalina.Connector start
INFO : Starting ProtocolHandler [http-bio-18080]
04 23, 2021 18:41:37 下午 cn.ycx.ycxtomcat.catalina.Connector start
INFO : Starting ProtocolHandler [http-bio-18081]
04 23, 2021 18:41:37 下午 cn.ycx.ycxtomcat.catalina.Connector start
INFO : Starting ProtocolHandler [http-bio-18082]
04 23, 2021 18:41:37 下午 cn.ycx.ycxtomcat.catalina.Server start
INFO : Server startup in 9 ms
04 23, 2021 20:40:53 下午 cn.ycx.ycxtomcat.catalina.Context <init>
INFO : Deploying web application directory /Users/chuancey/Idea-Workspace/YcxTomcat/webapps/a
04 23, 2021 20:40:53 下午 cn.ycx.ycxtomcat.catalina.Context <init>
INFO : Deployment of web application directory /Users/chuancey/Idea-Workspace/YcxTomcat/webapps/a has finished in 256 ms.
04 23, 2021 20:40:53 下午 cn.ycx.ycxtomcat.catalina.Context <init>
INFO : Deploying web application directory /Users/chuancey/Idea-Workspace/YcxTomcat/webapps/b
04 23, 2021 20:40:53 下午 cn.ycx.ycxtomcat.catalina.Context <init>
INFO : Deployment of web application directory /Users/chuancey/Idea-Workspace/YcxTomcat/webapps/b has finished in 2 ms.
04 23, 2021 20:40:53 下午 cn.ycx.ycxtomcat.catalina.Context <init>
INFO : Deploying web application directory /Users/chuancey/Idea-Workspace/YcxTomcat/webapps/ROOT
04 23, 2021 20:40:53 下午 cn.ycx.ycxtomcat.catalina.Context <init>
INFO : Deployment of web application directory /Users/chuancey/Idea-Workspace/YcxTomcat/webapps/ROOT has finished in 16 ms.
04 23, 2021 20:40:53 下午 cn.ycx.ycxtomcat.catalina.Context <init>
INFO : Deploying web application directory /Users/chuancey/Idea-Workspace/YcxTomcat/webapps/b
04 23, 2021 20:40:53 下午 cn.ycx.ycxtomcat.catalina.Context <init>
INFO : Deployment of web application directory /Users/chuancey/Idea-Workspace/YcxTomcat/webapps/b has finished in 5 ms.
04 23, 2021 20:40:53 下午 cn.ycx.ycxtomcat.catalina.Context <init>
INFO : Deploying web application directory /Users/chuancey/Idea-Workspace/webforycxtomcat/web
04 23, 2021 20:40:53 下午 cn.ycx.ycxtomcat.catalina.Context <init>
INFO : Deployment of web application directory /Users/chuancey/Idea-Workspace/webforycxtomcat/web has finished in 8 ms.
04 23, 2021 20:40:53 下午 cn.ycx.ycxtomcat.catalina.Server logJVM
INFO : OS Version:		10.12.6
04 23, 2021 20:40:53 下午 cn.ycx.ycxtomcat.catalina.Server logJVM
INFO : OS Name	:		Mac OS X
04 23, 2021 20:40:53 下午 cn.ycx.ycxtomcat.catalina.Server logJVM
INFO : Architecture:		x86_64
04 23, 2021 20:40:53 下午 cn.ycx.ycxtomcat.catalina.Server logJVM
INFO : Server version:		Ycx DiyTomcat/1.0.1
04 23, 2021 20:40:53 下午 cn.ycx.ycxtomcat.catalina.Server logJVM
INFO : Server built:		2020-04-08 10:20:22
04 23, 2021 20:40:53 下午 cn.ycx.ycxtomcat.catalina.Server logJVM
INFO : Java Home:		/Library/Java/JavaVirtualMachines/jdk1.8.0_144.jdk/Contents/Home/jre
04 23, 2021 20:40:53 下午 cn.ycx.ycxtomcat.catalina.Server logJVM
INFO : JVM Version:		1.8.0_144-b01
04 23, 2021 20:40:53 下午 cn.ycx.ycxtomcat.catalina.Server logJVM
INFO : JVM Vendor:		Oracle Corporation
04 23, 2021 20:40:53 下午 cn.ycx.ycxtomcat.catalina.Server logJVM
INFO : Server number:		1.0.1
04 23, 2021 20:40:53 下午 cn.ycx.ycxtomcat.catalina.Connector init
INFO : Initializing ProtocolHandler [http-bio-18080]
04 23, 2021 20:40:53 下午 cn.ycx.ycxtomcat.catalina.Connector init
INFO : Initializing ProtocolHandler [http-bio-18081]
04 23, 2021 20:40:53 下午 cn.ycx.ycxtomcat.catalina.Connector init
INFO : Initializing ProtocolHandler [http-bio-18082]
04 23, 2021 20:40:53 下午 cn.ycx.ycxtomcat.catalina.Service init
INFO : Initialization processed in 1 ms
04 23, 2021 20:40:53 下午 cn.ycx.ycxtomcat.catalina.Connector start
INFO : Starting ProtocolHandler [http-bio-18080]
04 23, 2021 20:40:53 下午 cn.ycx.ycxtomcat.catalina.Connector start
INFO : Starting ProtocolHandler [http-bio-18081]
04 23, 2021 20:40:53 下午 cn.ycx.ycxtomcat.catalina.Connector start
INFO : Starting ProtocolHandler [http-bio-18082]
04 23, 2021 20:40:53 下午 cn.ycx.ycxtomcat.catalina.Server start
INFO : Server startup in 19 ms
04 23, 2021 20:41:14 下午 cn.ycx.ycxtomcat.catalina.HttpProcessor error
ERROR: this is a deliberately created exception
java.lang.RuntimeException: this is a deliberately created exception
	at cn.ycx.ycxtomcat.servlets.DefaultServlet.service(DefaultServlet.java:29)
	at cn.ycx.ycxtomcat.catalina.HttpProcessor.execute(HttpProcessor.java:34)
	at cn.ycx.ycxtomcat.catalina.Connector.lambda$run$0(Connector.java:44)
	at java.util.concurrent.ThreadPoolExecutor.runWorker(ThreadPoolExecutor.java:1149)
	at java.util.concurrent.ThreadPoolExecutor$Worker.run(ThreadPoolExecutor.java:624)
	at java.lang.Thread.run(Thread.java:748)
04 23, 2021 20:48:29 下午 cn.ycx.ycxtomcat.catalina.Context <init>
INFO : Deploying web application directory /Users/chuancey/Idea-Workspace/YcxTomcat/webapps/a
04 23, 2021 20:48:29 下午 cn.ycx.ycxtomcat.catalina.Context <init>
INFO : Deployment of web application directory /Users/chuancey/Idea-Workspace/YcxTomcat/webapps/a has finished in 329 ms.
04 23, 2021 20:48:29 下午 cn.ycx.ycxtomcat.catalina.Context <init>
INFO : Deploying web application directory /Users/chuancey/Idea-Workspace/YcxTomcat/webapps/b
04 23, 2021 20:48:29 下午 cn.ycx.ycxtomcat.catalina.Context <init>
INFO : Deployment of web application directory /Users/chuancey/Idea-Workspace/YcxTomcat/webapps/b has finished in 2 ms.
04 23, 2021 20:48:29 下午 cn.ycx.ycxtomcat.catalina.Context <init>
INFO : Deploying web application directory /Users/chuancey/Idea-Workspace/YcxTomcat/webapps/ROOT
04 23, 2021 20:48:29 下午 cn.ycx.ycxtomcat.catalina.Context <init>
INFO : Deployment of web application directory /Users/chuancey/Idea-Workspace/YcxTomcat/webapps/ROOT has finished in 24 ms.
04 23, 2021 20:48:29 下午 cn.ycx.ycxtomcat.catalina.Context <init>
INFO : Deploying web application directory /Users/chuancey/Idea-Workspace/YcxTomcat/webapps/b
04 23, 2021 20:48:29 下午 cn.ycx.ycxtomcat.catalina.Context <init>
INFO : Deployment of web application directory /Users/chuancey/Idea-Workspace/YcxTomcat/webapps/b has finished in 2 ms.
04 23, 2021 20:48:29 下午 cn.ycx.ycxtomcat.catalina.Context <init>
INFO : Deploying web application directory /Users/chuancey/Idea-Workspace/webforycxtomcat/web
04 23, 2021 20:48:29 下午 cn.ycx.ycxtomcat.catalina.Context <init>
INFO : Deployment of web application directory /Users/chuancey/Idea-Workspace/webforycxtomcat/web has finished in 5 ms.
04 23, 2021 20:48:29 下午 cn.ycx.ycxtomcat.catalina.Server logJVM
INFO : OS Version:		10.12.6
04 23, 2021 20:48:29 下午 cn.ycx.ycxtomcat.catalina.Server logJVM
INFO : OS Name	:		Mac OS X
04 23, 2021 20:48:29 下午 cn.ycx.ycxtomcat.catalina.Server logJVM
INFO : Architecture:		x86_64
04 23, 2021 20:48:29 下午 cn.ycx.ycxtomcat.catalina.Server logJVM
INFO : Server version:		Ycx DiyTomcat/1.0.1
04 23, 2021 20:48:29 下午 cn.ycx.ycxtomcat.catalina.Server logJVM
INFO : Server built:		2020-04-08 10:20:22
04 23, 2021 20:48:29 下午 cn.ycx.ycxtomcat.catalina.Server logJVM
INFO : Java Home:		/Library/Java/JavaVirtualMachines/jdk1.8.0_144.jdk/Contents/Home/jre
04 23, 2021 20:48:29 下午 cn.ycx.ycxtomcat.catalina.Server logJVM
INFO : JVM Version:		1.8.0_144-b01
04 23, 2021 20:48:29 下午 cn.ycx.ycxtomcat.catalina.Server logJVM
INFO : JVM Vendor:		Oracle Corporation
04 23, 2021 20:48:29 下午 cn.ycx.ycxtomcat.catalina.Server logJVM
INFO : Server number:		1.0.1
04 23, 2021 20:48:29 下午 cn.ycx.ycxtomcat.catalina.Connector init
INFO : Initializing ProtocolHandler [http-bio-18080]
04 23, 2021 20:48:29 下午 cn.ycx.ycxtomcat.catalina.Connector init
INFO : Initializing ProtocolHandler [http-bio-18081]
04 23, 2021 20:48:29 下午 cn.ycx.ycxtomcat.catalina.Connector init
INFO : Initializing ProtocolHandler [http-bio-18082]
04 23, 2021 20:48:29 下午 cn.ycx.ycxtomcat.catalina.Service init
INFO : Initialization processed in 1 ms
04 23, 2021 20:48:29 下午 cn.ycx.ycxtomcat.catalina.Connector start
INFO : Starting ProtocolHandler [http-bio-18080]
04 23, 2021 20:48:29 下午 cn.ycx.ycxtomcat.catalina.Connector start
INFO : Starting ProtocolHandler [http-bio-18081]
04 23, 2021 20:48:29 下午 cn.ycx.ycxtomcat.catalina.Connector start
INFO : Starting ProtocolHandler [http-bio-18082]
04 23, 2021 20:48:29 下午 cn.ycx.ycxtomcat.catalina.Server start
INFO : Server startup in 11 ms
04 23, 2021 20:50:56 下午 cn.ycx.ycxtomcat.catalina.Context <init>
INFO : Deploying web application directory /Users/chuancey/Idea-Workspace/YcxTomcat/webapps/a
04 23, 2021 20:50:56 下午 cn.ycx.ycxtomcat.catalina.Context <init>
INFO : Deployment of web application directory /Users/chuancey/Idea-Workspace/YcxTomcat/webapps/a has finished in 297 ms.
04 23, 2021 20:50:56 下午 cn.ycx.ycxtomcat.catalina.Context <init>
INFO : Deploying web application directory /Users/chuancey/Idea-Workspace/YcxTomcat/webapps/b
04 23, 2021 20:50:56 下午 cn.ycx.ycxtomcat.catalina.Context <init>
INFO : Deployment of web application directory /Users/chuancey/Idea-Workspace/YcxTomcat/webapps/b has finished in 1 ms.
04 23, 2021 20:50:56 下午 cn.ycx.ycxtomcat.catalina.Context <init>
INFO : Deploying web application directory /Users/chuancey/Idea-Workspace/YcxTomcat/webapps/ROOT
04 23, 2021 20:50:56 下午 cn.ycx.ycxtomcat.catalina.Context <init>
INFO : Deployment of web application directory /Users/chuancey/Idea-Workspace/YcxTomcat/webapps/ROOT has finished in 18 ms.
04 23, 2021 20:50:56 下午 cn.ycx.ycxtomcat.catalina.Context <init>
INFO : Deploying web application directory /Users/chuancey/Idea-Workspace/YcxTomcat/webapps/b
04 23, 2021 20:50:56 下午 cn.ycx.ycxtomcat.catalina.Context <init>
INFO : Deployment of web application directory /Users/chuancey/Idea-Workspace/YcxTomcat/webapps/b has finished in 1 ms.
04 23, 2021 20:50:56 下午 cn.ycx.ycxtomcat.catalina.Context <init>
INFO : Deploying web application directory /Users/chuancey/Idea-Workspace/webforycxtomcat/web
04 23, 2021 20:50:56 下午 cn.ycx.ycxtomcat.catalina.Context <init>
INFO : Deployment of web application directory /Users/chuancey/Idea-Workspace/webforycxtomcat/web has finished in 6 ms.
04 23, 2021 20:50:56 下午 cn.ycx.ycxtomcat.catalina.Server logJVM
INFO : OS Version:		10.12.6
04 23, 2021 20:50:56 下午 cn.ycx.ycxtomcat.catalina.Server logJVM
INFO : OS Name	:		Mac OS X
04 23, 2021 20:50:56 下午 cn.ycx.ycxtomcat.catalina.Server logJVM
INFO : Architecture:		x86_64
04 23, 2021 20:50:56 下午 cn.ycx.ycxtomcat.catalina.Server logJVM
INFO : Server version:		Ycx DiyTomcat/1.0.1
04 23, 2021 20:50:56 下午 cn.ycx.ycxtomcat.catalina.Server logJVM
INFO : Server built:		2020-04-08 10:20:22
04 23, 2021 20:50:56 下午 cn.ycx.ycxtomcat.catalina.Server logJVM
INFO : Java Home:		/Library/Java/JavaVirtualMachines/jdk1.8.0_144.jdk/Contents/Home/jre
04 23, 2021 20:50:56 下午 cn.ycx.ycxtomcat.catalina.Server logJVM
INFO : JVM Version:		1.8.0_144-b01
04 23, 2021 20:50:56 下午 cn.ycx.ycxtomcat.catalina.Server logJVM
INFO : JVM Vendor:		Oracle Corporation
04 23, 2021 20:50:56 下午 cn.ycx.ycxtomcat.catalina.Server logJVM
INFO : Server number:		1.0.1
04 23, 2021 20:50:56 下午 cn.ycx.ycxtomcat.catalina.Connector init
INFO : Initializing ProtocolHandler [http-bio-18080]
04 23, 2021 20:50:56 下午 cn.ycx.ycxtomcat.catalina.Connector init
INFO : Initializing ProtocolHandler [http-bio-18081]
04 23, 2021 20:50:56 下午 cn.ycx.ycxtomcat.catalina.Connector init
INFO : Initializing ProtocolHandler [http-bio-18082]
04 23, 2021 20:50:56 下午 cn.ycx.ycxtomcat.catalina.Service init
INFO : Initialization processed in 1 ms
04 23, 2021 20:50:56 下午 cn.ycx.ycxtomcat.catalina.Connector start
INFO : Starting ProtocolHandler [http-bio-18080]
04 23, 2021 20:50:56 下午 cn.ycx.ycxtomcat.catalina.Connector start
INFO : Starting ProtocolHandler [http-bio-18081]
04 23, 2021 20:50:56 下午 cn.ycx.ycxtomcat.catalina.Connector start
INFO : Starting ProtocolHandler [http-bio-18082]
04 23, 2021 20:50:56 下午 cn.ycx.ycxtomcat.catalina.Server start
INFO : Server startup in 10 ms
04 23, 2021 20:53:16 下午 cn.ycx.ycxtomcat.catalina.Context <init>
INFO : Deploying web application directory /Users/chuancey/Idea-Workspace/YcxTomcat/webapps/a
04 23, 2021 20:53:16 下午 cn.ycx.ycxtomcat.catalina.Context <init>
INFO : Deployment of web application directory /Users/chuancey/Idea-Workspace/YcxTomcat/webapps/a has finished in 402 ms.
04 23, 2021 20:53:16 下午 cn.ycx.ycxtomcat.catalina.Context <init>
INFO : Deploying web application directory /Users/chuancey/Idea-Workspace/YcxTomcat/webapps/b
04 23, 2021 20:53:16 下午 cn.ycx.ycxtomcat.catalina.Context <init>
INFO : Deployment of web application directory /Users/chuancey/Idea-Workspace/YcxTomcat/webapps/b has finished in 6 ms.
04 23, 2021 20:53:16 下午 cn.ycx.ycxtomcat.catalina.Context <init>
INFO : Deploying web application directory /Users/chuancey/Idea-Workspace/YcxTomcat/webapps/ROOT
04 23, 2021 20:53:16 下午 cn.ycx.ycxtomcat.catalina.Context <init>
INFO : Deployment of web application directory /Users/chuancey/Idea-Workspace/YcxTomcat/webapps/ROOT has finished in 10 ms.
04 23, 2021 20:53:16 下午 cn.ycx.ycxtomcat.catalina.Context <init>
INFO : Deploying web application directory /Users/chuancey/Idea-Workspace/YcxTomcat/webapps/b
04 23, 2021 20:53:16 下午 cn.ycx.ycxtomcat.catalina.Context <init>
INFO : Deployment of web application directory /Users/chuancey/Idea-Workspace/YcxTomcat/webapps/b has finished in 1 ms.
04 23, 2021 20:53:16 下午 cn.ycx.ycxtomcat.catalina.Context <init>
INFO : Deploying web application directory /Users/chuancey/Idea-Workspace/webforycxtomcat/web
04 23, 2021 20:53:16 下午 cn.ycx.ycxtomcat.catalina.Context <init>
INFO : Deployment of web application directory /Users/chuancey/Idea-Workspace/webforycxtomcat/web has finished in 7 ms.
04 23, 2021 20:53:16 下午 cn.ycx.ycxtomcat.catalina.Server logJVM
INFO : OS Version:		10.12.6
04 23, 2021 20:53:16 下午 cn.ycx.ycxtomcat.catalina.Server logJVM
INFO : OS Name	:		Mac OS X
04 23, 2021 20:53:16 下午 cn.ycx.ycxtomcat.catalina.Server logJVM
INFO : Architecture:		x86_64
04 23, 2021 20:53:16 下午 cn.ycx.ycxtomcat.catalina.Server logJVM
INFO : Server version:		Ycx DiyTomcat/1.0.1
04 23, 2021 20:53:16 下午 cn.ycx.ycxtomcat.catalina.Server logJVM
INFO : Server built:		2020-04-08 10:20:22
04 23, 2021 20:53:16 下午 cn.ycx.ycxtomcat.catalina.Server logJVM
INFO : Java Home:		/Library/Java/JavaVirtualMachines/jdk1.8.0_144.jdk/Contents/Home/jre
04 23, 2021 20:53:16 下午 cn.ycx.ycxtomcat.catalina.Server logJVM
INFO : JVM Version:		1.8.0_144-b01
04 23, 2021 20:53:16 下午 cn.ycx.ycxtomcat.catalina.Server logJVM
INFO : JVM Vendor:		Oracle Corporation
04 23, 2021 20:53:16 下午 cn.ycx.ycxtomcat.catalina.Server logJVM
INFO : Server number:		1.0.1
04 23, 2021 20:53:16 下午 cn.ycx.ycxtomcat.catalina.Connector init
INFO : Initializing ProtocolHandler [http-bio-18080]
04 23, 2021 20:53:16 下午 cn.ycx.ycxtomcat.catalina.Connector init
INFO : Initializing ProtocolHandler [http-bio-18081]
04 23, 2021 20:53:16 下午 cn.ycx.ycxtomcat.catalina.Connector init
INFO : Initializing ProtocolHandler [http-bio-18082]
04 23, 2021 20:53:16 下午 cn.ycx.ycxtomcat.catalina.Service init
INFO : Initialization processed in 1 ms
04 23, 2021 20:53:16 下午 cn.ycx.ycxtomcat.catalina.Connector start
INFO : Starting ProtocolHandler [http-bio-18080]
04 23, 2021 20:53:16 下午 cn.ycx.ycxtomcat.catalina.Connector start
INFO : Starting ProtocolHandler [http-bio-18081]
04 23, 2021 20:53:16 下午 cn.ycx.ycxtomcat.catalina.Connector start
INFO : Starting ProtocolHandler [http-bio-18082]
04 23, 2021 20:53:16 下午 cn.ycx.ycxtomcat.catalina.Server start
INFO : Server startup in 22 ms
04 23, 2021 20:53:46 下午 cn.ycx.ycxtomcat.watcher.ContextFileChangeWatcher$1 dealWith
INFO : cn.ycx.ycxtomcat.watcher.ContextFileChangeWatcher@306fb17f
04 23, 2021 20:53:46 下午 cn.ycx.ycxtomcat.catalina.Host reload
INFO : Reloading Context with name [/webforycxtomcat] has started
04 23, 2021 20:53:46 下午 cn.ycx.ycxtomcat.catalina.Context <init>
INFO : Deploying web application directory /Users/chuancey/Idea-Workspace/webforycxtomcat/web
04 23, 2021 20:53:46 下午 cn.ycx.ycxtomcat.catalina.Context <init>
INFO : Deployment of web application directory /Users/chuancey/Idea-Workspace/webforycxtomcat/web has finished in 10 ms.
04 23, 2021 20:53:46 下午 cn.ycx.ycxtomcat.catalina.Host reload
INFO : Reloading Context with name [/webforycxtomcat] has completed
04 23, 2021 20:57:11 下午 cn.ycx.ycxtomcat.catalina.Context <init>
INFO : Deploying web application directory /Users/chuancey/Idea-Workspace/YcxTomcat/webapps/a
04 23, 2021 20:57:11 下午 cn.ycx.ycxtomcat.catalina.Context <init>
INFO : Deployment of web application directory /Users/chuancey/Idea-Workspace/YcxTomcat/webapps/a has finished in 225 ms.
04 23, 2021 20:57:11 下午 cn.ycx.ycxtomcat.catalina.Context <init>
INFO : Deploying web application directory /Users/chuancey/Idea-Workspace/YcxTomcat/webapps/b
04 23, 2021 20:57:11 下午 cn.ycx.ycxtomcat.catalina.Context <init>
INFO : Deployment of web application directory /Users/chuancey/Idea-Workspace/YcxTomcat/webapps/b has finished in 1 ms.
04 23, 2021 20:57:11 下午 cn.ycx.ycxtomcat.catalina.Context <init>
INFO : Deploying web application directory /Users/chuancey/Idea-Workspace/YcxTomcat/webapps/ROOT
04 23, 2021 20:57:11 下午 cn.ycx.ycxtomcat.catalina.Context <init>
INFO : Deployment of web application directory /Users/chuancey/Idea-Workspace/YcxTomcat/webapps/ROOT has finished in 9 ms.
04 23, 2021 20:57:11 下午 cn.ycx.ycxtomcat.catalina.Context <init>
INFO : Deploying web application directory /Users/chuancey/Idea-Workspace/YcxTomcat/webapps/b
04 23, 2021 20:57:11 下午 cn.ycx.ycxtomcat.catalina.Context <init>
INFO : Deployment of web application directory /Users/chuancey/Idea-Workspace/YcxTomcat/webapps/b has finished in 3 ms.
04 23, 2021 20:57:11 下午 cn.ycx.ycxtomcat.catalina.Context <init>
INFO : Deploying web application directory /Users/chuancey/Idea-Workspace/webforycxtomcat/web
04 23, 2021 20:57:11 下午 cn.ycx.ycxtomcat.catalina.Context <init>
INFO : Deployment of web application directory /Users/chuancey/Idea-Workspace/webforycxtomcat/web has finished in 8 ms.
04 23, 2021 20:57:11 下午 cn.ycx.ycxtomcat.catalina.Server logJVM
INFO : OS Version:		10.12.6
04 23, 2021 20:57:11 下午 cn.ycx.ycxtomcat.catalina.Server logJVM
INFO : OS Name	:		Mac OS X
04 23, 2021 20:57:11 下午 cn.ycx.ycxtomcat.catalina.Server logJVM
INFO : Architecture:		x86_64
04 23, 2021 20:57:11 下午 cn.ycx.ycxtomcat.catalina.Server logJVM
INFO : Server version:		Ycx DiyTomcat/1.0.1
04 23, 2021 20:57:11 下午 cn.ycx.ycxtomcat.catalina.Server logJVM
INFO : Server built:		2020-04-08 10:20:22
04 23, 2021 20:57:11 下午 cn.ycx.ycxtomcat.catalina.Server logJVM
INFO : Java Home:		/Library/Java/JavaVirtualMachines/jdk1.8.0_144.jdk/Contents/Home/jre
04 23, 2021 20:57:11 下午 cn.ycx.ycxtomcat.catalina.Server logJVM
INFO : JVM Version:		1.8.0_144-b01
04 23, 2021 20:57:11 下午 cn.ycx.ycxtomcat.catalina.Server logJVM
INFO : JVM Vendor:		Oracle Corporation
04 23, 2021 20:57:11 下午 cn.ycx.ycxtomcat.catalina.Server logJVM
INFO : Server number:		1.0.1
04 23, 2021 20:57:11 下午 cn.ycx.ycxtomcat.catalina.Connector init
INFO : Initializing ProtocolHandler [http-bio-18080]
04 23, 2021 20:57:11 下午 cn.ycx.ycxtomcat.catalina.Connector init
INFO : Initializing ProtocolHandler [http-bio-18081]
04 23, 2021 20:57:11 下午 cn.ycx.ycxtomcat.catalina.Connector init
INFO : Initializing ProtocolHandler [http-bio-18082]
04 23, 2021 20:57:11 下午 cn.ycx.ycxtomcat.catalina.Service init
INFO : Initialization processed in 1 ms
04 23, 2021 20:57:11 下午 cn.ycx.ycxtomcat.catalina.Connector start
INFO : Starting ProtocolHandler [http-bio-18080]
04 23, 2021 20:57:11 下午 cn.ycx.ycxtomcat.catalina.Connector start
INFO : Starting ProtocolHandler [http-bio-18081]
04 23, 2021 20:57:11 下午 cn.ycx.ycxtomcat.catalina.Connector start
INFO : Starting ProtocolHandler [http-bio-18082]
04 23, 2021 20:57:11 下午 cn.ycx.ycxtomcat.catalina.Server start
INFO : Server startup in 13 ms
04 23, 2021 21:00:49 下午 cn.ycx.ycxtomcat.catalina.Context <init>
INFO : Deploying web application directory /Users/chuancey/Idea-Workspace/YcxTomcat/webapps/a
04 23, 2021 21:00:49 下午 cn.ycx.ycxtomcat.catalina.Context <init>
INFO : Deployment of web application directory /Users/chuancey/Idea-Workspace/YcxTomcat/webapps/a has finished in 341 ms.
04 23, 2021 21:00:49 下午 cn.ycx.ycxtomcat.catalina.Context <init>
INFO : Deploying web application directory /Users/chuancey/Idea-Workspace/YcxTomcat/webapps/b
04 23, 2021 21:00:49 下午 cn.ycx.ycxtomcat.catalina.Context <init>
INFO : Deployment of web application directory /Users/chuancey/Idea-Workspace/YcxTomcat/webapps/b has finished in 2 ms.
04 23, 2021 21:00:49 下午 cn.ycx.ycxtomcat.catalina.Context <init>
INFO : Deploying web application directory /Users/chuancey/Idea-Workspace/YcxTomcat/webapps/ROOT
04 23, 2021 21:00:49 下午 cn.ycx.ycxtomcat.catalina.Context <init>
INFO : Deployment of web application directory /Users/chuancey/Idea-Workspace/YcxTomcat/webapps/ROOT has finished in 9 ms.
04 23, 2021 21:00:49 下午 cn.ycx.ycxtomcat.catalina.Context <init>
INFO : Deploying web application directory /Users/chuancey/Idea-Workspace/YcxTomcat/webapps/b
04 23, 2021 21:00:49 下午 cn.ycx.ycxtomcat.catalina.Context <init>
INFO : Deployment of web application directory /Users/chuancey/Idea-Workspace/YcxTomcat/webapps/b has finished in 1 ms.
04 23, 2021 21:00:49 下午 cn.ycx.ycxtomcat.catalina.Context <init>
INFO : Deploying web application directory /Users/chuancey/Idea-Workspace/webforycxtomcat/web
04 23, 2021 21:00:49 下午 cn.ycx.ycxtomcat.catalina.Context <init>
INFO : Deployment of web application directory /Users/chuancey/Idea-Workspace/webforycxtomcat/web has finished in 8 ms.
04 23, 2021 21:00:49 下午 cn.ycx.ycxtomcat.catalina.Server logJVM
INFO : OS Version:		10.12.6
04 23, 2021 21:00:49 下午 cn.ycx.ycxtomcat.catalina.Server logJVM
INFO : OS Name	:		Mac OS X
04 23, 2021 21:00:49 下午 cn.ycx.ycxtomcat.catalina.Server logJVM
INFO : Architecture:		x86_64
04 23, 2021 21:00:49 下午 cn.ycx.ycxtomcat.catalina.Server logJVM
INFO : Server version:		Ycx DiyTomcat/1.0.1
04 23, 2021 21:00:49 下午 cn.ycx.ycxtomcat.catalina.Server logJVM
INFO : Server built:		2020-04-08 10:20:22
04 23, 2021 21:00:49 下午 cn.ycx.ycxtomcat.catalina.Server logJVM
INFO : Java Home:		/Library/Java/JavaVirtualMachines/jdk1.8.0_144.jdk/Contents/Home/jre
04 23, 2021 21:00:49 下午 cn.ycx.ycxtomcat.catalina.Server logJVM
INFO : JVM Version:		1.8.0_144-b01
04 23, 2021 21:00:49 下午 cn.ycx.ycxtomcat.catalina.Server logJVM
INFO : JVM Vendor:		Oracle Corporation
04 23, 2021 21:00:49 下午 cn.ycx.ycxtomcat.catalina.Server logJVM
INFO : Server number:		1.0.1
04 23, 2021 21:00:49 下午 cn.ycx.ycxtomcat.catalina.Connector init
INFO : Initializing ProtocolHandler [http-bio-18080]
04 23, 2021 21:00:49 下午 cn.ycx.ycxtomcat.catalina.Connector init
INFO : Initializing ProtocolHandler [http-bio-18081]
04 23, 2021 21:00:49 下午 cn.ycx.ycxtomcat.catalina.Connector init
INFO : Initializing ProtocolHandler [http-bio-18082]
04 23, 2021 21:00:49 下午 cn.ycx.ycxtomcat.catalina.Service init
INFO : Initialization processed in 7 ms
04 23, 2021 21:00:49 下午 cn.ycx.ycxtomcat.catalina.Connector start
INFO : Starting ProtocolHandler [http-bio-18080]
04 23, 2021 21:00:49 下午 cn.ycx.ycxtomcat.catalina.Connector start
INFO : Starting ProtocolHandler [http-bio-18081]
04 23, 2021 21:00:49 下午 cn.ycx.ycxtomcat.catalina.Connector start
INFO : Starting ProtocolHandler [http-bio-18082]
04 23, 2021 21:00:49 下午 cn.ycx.ycxtomcat.catalina.Server start
INFO : Server startup in 23 ms
04 23, 2021 21:01:34 下午 cn.ycx.ycxtomcat.catalina.Context <init>
INFO : Deploying web application directory /Users/chuancey/Idea-Workspace/YcxTomcat/webapps/a
04 23, 2021 21:01:34 下午 cn.ycx.ycxtomcat.catalina.Context <init>
INFO : Deployment of web application directory /Users/chuancey/Idea-Workspace/YcxTomcat/webapps/a has finished in 213 ms.
04 23, 2021 21:01:34 下午 cn.ycx.ycxtomcat.catalina.Context <init>
INFO : Deploying web application directory /Users/chuancey/Idea-Workspace/YcxTomcat/webapps/b
04 23, 2021 21:01:34 下午 cn.ycx.ycxtomcat.catalina.Context <init>
INFO : Deployment of web application directory /Users/chuancey/Idea-Workspace/YcxTomcat/webapps/b has finished in 2 ms.
04 23, 2021 21:01:34 下午 cn.ycx.ycxtomcat.catalina.Context <init>
INFO : Deploying web application directory /Users/chuancey/Idea-Workspace/YcxTomcat/webapps/ROOT
04 23, 2021 21:01:34 下午 cn.ycx.ycxtomcat.catalina.Context <init>
INFO : Deployment of web application directory /Users/chuancey/Idea-Workspace/YcxTomcat/webapps/ROOT has finished in 10 ms.
04 23, 2021 21:01:34 下午 cn.ycx.ycxtomcat.catalina.Context <init>
INFO : Deploying web application directory /Users/chuancey/Idea-Workspace/YcxTomcat/webapps/b
04 23, 2021 21:01:34 下午 cn.ycx.ycxtomcat.catalina.Context <init>
INFO : Deployment of web application directory /Users/chuancey/Idea-Workspace/YcxTomcat/webapps/b has finished in 1 ms.
04 23, 2021 21:01:34 下午 cn.ycx.ycxtomcat.catalina.Context <init>
INFO : Deploying web application directory /Users/chuancey/Idea-Workspace/webforycxtomcat/web
04 23, 2021 21:01:34 下午 cn.ycx.ycxtomcat.catalina.Context <init>
INFO : Deployment of web application directory /Users/chuancey/Idea-Workspace/webforycxtomcat/web has finished in 6 ms.
04 23, 2021 21:01:35 下午 cn.ycx.ycxtomcat.catalina.Server logJVM
INFO : OS Version:		10.12.6
04 23, 2021 21:01:35 下午 cn.ycx.ycxtomcat.catalina.Server logJVM
INFO : OS Name	:		Mac OS X
04 23, 2021 21:01:35 下午 cn.ycx.ycxtomcat.catalina.Server logJVM
INFO : Architecture:		x86_64
04 23, 2021 21:01:35 下午 cn.ycx.ycxtomcat.catalina.Server logJVM
INFO : Server version:		Ycx DiyTomcat/1.0.1
04 23, 2021 21:01:35 下午 cn.ycx.ycxtomcat.catalina.Server logJVM
INFO : Server built:		2020-04-08 10:20:22
04 23, 2021 21:01:35 下午 cn.ycx.ycxtomcat.catalina.Server logJVM
INFO : Java Home:		/Library/Java/JavaVirtualMachines/jdk1.8.0_144.jdk/Contents/Home/jre
04 23, 2021 21:01:35 下午 cn.ycx.ycxtomcat.catalina.Server logJVM
INFO : JVM Version:		1.8.0_144-b01
04 23, 2021 21:01:35 下午 cn.ycx.ycxtomcat.catalina.Server logJVM
INFO : JVM Vendor:		Oracle Corporation
04 23, 2021 21:01:35 下午 cn.ycx.ycxtomcat.catalina.Server logJVM
INFO : Server number:		1.0.1
04 23, 2021 21:01:35 下午 cn.ycx.ycxtomcat.catalina.Connector init
INFO : Initializing ProtocolHandler [http-bio-18080]
04 23, 2021 21:01:35 下午 cn.ycx.ycxtomcat.catalina.Connector init
INFO : Initializing ProtocolHandler [http-bio-18081]
04 23, 2021 21:01:35 下午 cn.ycx.ycxtomcat.catalina.Connector init
INFO : Initializing ProtocolHandler [http-bio-18082]
04 23, 2021 21:01:35 下午 cn.ycx.ycxtomcat.catalina.Service init
INFO : Initialization processed in 1 ms
04 23, 2021 21:01:35 下午 cn.ycx.ycxtomcat.catalina.Connector start
INFO : Starting ProtocolHandler [http-bio-18080]
04 23, 2021 21:01:35 下午 cn.ycx.ycxtomcat.catalina.Connector start
INFO : Starting ProtocolHandler [http-bio-18081]
04 23, 2021 21:01:35 下午 cn.ycx.ycxtomcat.catalina.Connector start
INFO : Starting ProtocolHandler [http-bio-18082]
04 23, 2021 21:01:35 下午 cn.ycx.ycxtomcat.catalina.Server start
INFO : Server startup in 14 ms
04 23, 2021 21:02:15 下午 cn.ycx.ycxtomcat.watcher.ContextFileChangeWatcher$1 dealWith
INFO : cn.ycx.ycxtomcat.watcher.ContextFileChangeWatcher@3fd59474
04 23, 2021 21:02:15 下午 cn.ycx.ycxtomcat.catalina.Host reload
INFO : Reloading Context with name [/webforycxtomcat] has started
04 23, 2021 21:02:15 下午 cn.ycx.ycxtomcat.catalina.Context <init>
INFO : Deploying web application directory /Users/chuancey/Idea-Workspace/webforycxtomcat/web
04 23, 2021 21:02:15 下午 cn.ycx.ycxtomcat.catalina.Context <init>
INFO : Deployment of web application directory /Users/chuancey/Idea-Workspace/webforycxtomcat/web has finished in 11 ms.
04 23, 2021 21:02:15 下午 cn.ycx.ycxtomcat.catalina.Host reload
INFO : Reloading Context with name [/webforycxtomcat] has completed
04 23, 2021 21:03:00 下午 cn.ycx.ycxtomcat.catalina.Context <init>
INFO : Deploying web application directory /Users/chuancey/Idea-Workspace/YcxTomcat/webapps/a
04 23, 2021 21:03:01 下午 cn.ycx.ycxtomcat.catalina.Context <init>
INFO : Deployment of web application directory /Users/chuancey/Idea-Workspace/YcxTomcat/webapps/a has finished in 275 ms.
04 23, 2021 21:03:01 下午 cn.ycx.ycxtomcat.catalina.Context <init>
INFO : Deploying web application directory /Users/chuancey/Idea-Workspace/YcxTomcat/webapps/b
04 23, 2021 21:03:01 下午 cn.ycx.ycxtomcat.catalina.Context <init>
INFO : Deployment of web application directory /Users/chuancey/Idea-Workspace/YcxTomcat/webapps/b has finished in 2 ms.
04 23, 2021 21:03:01 下午 cn.ycx.ycxtomcat.catalina.Context <init>
INFO : Deploying web application directory /Users/chuancey/Idea-Workspace/YcxTomcat/webapps/ROOT
04 23, 2021 21:03:01 下午 cn.ycx.ycxtomcat.catalina.Context <init>
INFO : Deployment of web application directory /Users/chuancey/Idea-Workspace/YcxTomcat/webapps/ROOT has finished in 16 ms.
04 23, 2021 21:03:01 下午 cn.ycx.ycxtomcat.catalina.Context <init>
INFO : Deploying web application directory /Users/chuancey/Idea-Workspace/YcxTomcat/webapps/b
04 23, 2021 21:03:01 下午 cn.ycx.ycxtomcat.catalina.Context <init>
INFO : Deployment of web application directory /Users/chuancey/Idea-Workspace/YcxTomcat/webapps/b has finished in 1 ms.
04 23, 2021 21:03:01 下午 cn.ycx.ycxtomcat.catalina.Context <init>
INFO : Deploying web application directory /Users/chuancey/Idea-Workspace/webforycxtomcat/web
04 23, 2021 21:03:01 下午 cn.ycx.ycxtomcat.catalina.Context <init>
INFO : Deployment of web application directory /Users/chuancey/Idea-Workspace/webforycxtomcat/web has finished in 12 ms.
04 23, 2021 21:03:01 下午 cn.ycx.ycxtomcat.catalina.Server logJVM
INFO : OS Version:		10.12.6
04 23, 2021 21:03:01 下午 cn.ycx.ycxtomcat.catalina.Server logJVM
INFO : OS Name	:		Mac OS X
04 23, 2021 21:03:01 下午 cn.ycx.ycxtomcat.catalina.Server logJVM
INFO : Architecture:		x86_64
04 23, 2021 21:03:01 下午 cn.ycx.ycxtomcat.catalina.Server logJVM
INFO : Server version:		Ycx DiyTomcat/1.0.1
04 23, 2021 21:03:01 下午 cn.ycx.ycxtomcat.catalina.Server logJVM
INFO : Server built:		2020-04-08 10:20:22
04 23, 2021 21:03:01 下午 cn.ycx.ycxtomcat.catalina.Server logJVM
INFO : Java Home:		/Library/Java/JavaVirtualMachines/jdk1.8.0_144.jdk/Contents/Home/jre
04 23, 2021 21:03:01 下午 cn.ycx.ycxtomcat.catalina.Server logJVM
INFO : JVM Version:		1.8.0_144-b01
04 23, 2021 21:03:01 下午 cn.ycx.ycxtomcat.catalina.Server logJVM
INFO : JVM Vendor:		Oracle Corporation
04 23, 2021 21:03:01 下午 cn.ycx.ycxtomcat.catalina.Server logJVM
INFO : Server number:		1.0.1
04 23, 2021 21:03:01 下午 cn.ycx.ycxtomcat.catalina.Connector init
INFO : Initializing ProtocolHandler [http-bio-18080]
04 23, 2021 21:03:01 下午 cn.ycx.ycxtomcat.catalina.Connector init
INFO : Initializing ProtocolHandler [http-bio-18081]
04 23, 2021 21:03:01 下午 cn.ycx.ycxtomcat.catalina.Connector init
INFO : Initializing ProtocolHandler [http-bio-18082]
04 23, 2021 21:03:01 下午 cn.ycx.ycxtomcat.catalina.Service init
INFO : Initialization processed in 2 ms
04 23, 2021 21:03:01 下午 cn.ycx.ycxtomcat.catalina.Connector start
INFO : Starting ProtocolHandler [http-bio-18080]
04 23, 2021 21:03:01 下午 cn.ycx.ycxtomcat.catalina.Connector start
INFO : Starting ProtocolHandler [http-bio-18081]
04 23, 2021 21:03:01 下午 cn.ycx.ycxtomcat.catalina.Connector start
INFO : Starting ProtocolHandler [http-bio-18082]
04 23, 2021 21:03:01 下午 cn.ycx.ycxtomcat.catalina.Server start
INFO : Server startup in 36 ms
04 23, 2021 21:03:10 下午 cn.ycx.ycxtomcat.catalina.HttpProcessor error
ERROR: this is a deliberately created exception
java.lang.RuntimeException: this is a deliberately created exception
	at cn.ycx.ycxtomcat.servlets.DefaultServlet.service(DefaultServlet.java:29)
	at cn.ycx.ycxtomcat.catalina.HttpProcessor.execute(HttpProcessor.java:34)
	at cn.ycx.ycxtomcat.catalina.Connector.lambda$run$0(Connector.java:44)
	at java.util.concurrent.ThreadPoolExecutor.runWorker(ThreadPoolExecutor.java:1149)
	at java.util.concurrent.ThreadPoolExecutor$Worker.run(ThreadPoolExecutor.java:624)
	at java.lang.Thread.run(Thread.java:748)
04 23, 2021 21:07:19 下午 cn.ycx.ycxtomcat.catalina.Context <init>
INFO : Deploying web application directory /Users/chuancey/Idea-Workspace/YcxTomcat/webapps/a
04 23, 2021 21:07:19 下午 cn.ycx.ycxtomcat.catalina.Context <init>
INFO : Deployment of web application directory /Users/chuancey/Idea-Workspace/YcxTomcat/webapps/a has finished in 297 ms.
04 23, 2021 21:07:19 下午 cn.ycx.ycxtomcat.catalina.Context <init>
INFO : Deploying web application directory /Users/chuancey/Idea-Workspace/YcxTomcat/webapps/b
04 23, 2021 21:07:19 下午 cn.ycx.ycxtomcat.catalina.Context <init>
INFO : Deployment of web application directory /Users/chuancey/Idea-Workspace/YcxTomcat/webapps/b has finished in 3 ms.
04 23, 2021 21:07:19 下午 cn.ycx.ycxtomcat.catalina.Context <init>
INFO : Deploying web application directory /Users/chuancey/Idea-Workspace/YcxTomcat/webapps/ROOT
04 23, 2021 21:07:19 下午 cn.ycx.ycxtomcat.catalina.Context <init>
INFO : Deployment of web application directory /Users/chuancey/Idea-Workspace/YcxTomcat/webapps/ROOT has finished in 8 ms.
04 23, 2021 21:07:19 下午 cn.ycx.ycxtomcat.catalina.Context <init>
INFO : Deploying web application directory /Users/chuancey/Idea-Workspace/YcxTomcat/webapps/b
04 23, 2021 21:07:19 下午 cn.ycx.ycxtomcat.catalina.Context <init>
INFO : Deployment of web application directory /Users/chuancey/Idea-Workspace/YcxTomcat/webapps/b has finished in 1 ms.
04 23, 2021 21:07:19 下午 cn.ycx.ycxtomcat.catalina.Context <init>
INFO : Deploying web application directory /Users/chuancey/Idea-Workspace/webforycxtomcat/web
04 23, 2021 21:07:19 下午 cn.ycx.ycxtomcat.catalina.Context <init>
INFO : Deployment of web application directory /Users/chuancey/Idea-Workspace/webforycxtomcat/web has finished in 6 ms.
04 23, 2021 21:07:19 下午 cn.ycx.ycxtomcat.catalina.Server logJVM
INFO : OS Version:		10.12.6
04 23, 2021 21:07:19 下午 cn.ycx.ycxtomcat.catalina.Server logJVM
INFO : OS Name	:		Mac OS X
04 23, 2021 21:07:19 下午 cn.ycx.ycxtomcat.catalina.Server logJVM
INFO : Architecture:		x86_64
04 23, 2021 21:07:19 下午 cn.ycx.ycxtomcat.catalina.Server logJVM
INFO : Server version:		Ycx DiyTomcat/1.0.1
04 23, 2021 21:07:19 下午 cn.ycx.ycxtomcat.catalina.Server logJVM
INFO : Server built:		2020-04-08 10:20:22
04 23, 2021 21:07:19 下午 cn.ycx.ycxtomcat.catalina.Server logJVM
INFO : Java Home:		/Library/Java/JavaVirtualMachines/jdk1.8.0_144.jdk/Contents/Home/jre
04 23, 2021 21:07:19 下午 cn.ycx.ycxtomcat.catalina.Server logJVM
INFO : JVM Version:		1.8.0_144-b01
04 23, 2021 21:07:19 下午 cn.ycx.ycxtomcat.catalina.Server logJVM
INFO : JVM Vendor:		Oracle Corporation
04 23, 2021 21:07:19 下午 cn.ycx.ycxtomcat.catalina.Server logJVM
INFO : Server number:		1.0.1
04 23, 2021 21:07:19 下午 cn.ycx.ycxtomcat.catalina.Connector init
INFO : Initializing ProtocolHandler [http-bio-18080]
04 23, 2021 21:07:19 下午 cn.ycx.ycxtomcat.catalina.Connector init
INFO : Initializing ProtocolHandler [http-bio-18081]
04 23, 2021 21:07:19 下午 cn.ycx.ycxtomcat.catalina.Connector init
INFO : Initializing ProtocolHandler [http-bio-18082]
04 23, 2021 21:07:19 下午 cn.ycx.ycxtomcat.catalina.Service init
INFO : Initialization processed in 3 ms
04 23, 2021 21:07:19 下午 cn.ycx.ycxtomcat.catalina.Connector start
INFO : Starting ProtocolHandler [http-bio-18080]
04 23, 2021 21:07:19 下午 cn.ycx.ycxtomcat.catalina.Connector start
INFO : Starting ProtocolHandler [http-bio-18081]
04 23, 2021 21:07:19 下午 cn.ycx.ycxtomcat.catalina.Connector start
INFO : Starting ProtocolHandler [http-bio-18082]
04 23, 2021 21:07:19 下午 cn.ycx.ycxtomcat.catalina.Server start
INFO : Server startup in 15 ms
04 23, 2021 21:07:28 下午 cn.ycx.ycxtomcat.catalina.HttpProcessor error
ERROR: this is a deliberately created exception
java.lang.RuntimeException: this is a deliberately created exception
	at cn.ycx.ycxtomcat.servlets.DefaultServlet.service(DefaultServlet.java:29)
	at cn.ycx.ycxtomcat.catalina.HttpProcessor.execute(HttpProcessor.java:34)
	at cn.ycx.ycxtomcat.catalina.Connector.lambda$run$0(Connector.java:44)
	at java.util.concurrent.ThreadPoolExecutor.runWorker(ThreadPoolExecutor.java:1149)
	at java.util.concurrent.ThreadPoolExecutor$Worker.run(ThreadPoolExecutor.java:624)
	at java.lang.Thread.run(Thread.java:748)
04 23, 2021 21:08:49 下午 cn.ycx.ycxtomcat.catalina.Context <init>
INFO : Deploying web application directory /Users/chuancey/Idea-Workspace/YcxTomcat/webapps/a
04 23, 2021 21:08:49 下午 cn.ycx.ycxtomcat.catalina.Context <init>
INFO : Deployment of web application directory /Users/chuancey/Idea-Workspace/YcxTomcat/webapps/a has finished in 237 ms.
04 23, 2021 21:08:49 下午 cn.ycx.ycxtomcat.catalina.Context <init>
INFO : Deploying web application directory /Users/chuancey/Idea-Workspace/YcxTomcat/webapps/b
04 23, 2021 21:08:49 下午 cn.ycx.ycxtomcat.catalina.Context <init>
INFO : Deployment of web application directory /Users/chuancey/Idea-Workspace/YcxTomcat/webapps/b has finished in 2 ms.
04 23, 2021 21:08:49 下午 cn.ycx.ycxtomcat.catalina.Context <init>
INFO : Deploying web application directory /Users/chuancey/Idea-Workspace/YcxTomcat/webapps/ROOT
04 23, 2021 21:08:49 下午 cn.ycx.ycxtomcat.catalina.Context <init>
INFO : Deployment of web application directory /Users/chuancey/Idea-Workspace/YcxTomcat/webapps/ROOT has finished in 12 ms.
04 23, 2021 21:08:49 下午 cn.ycx.ycxtomcat.catalina.Context <init>
INFO : Deploying web application directory /Users/chuancey/Idea-Workspace/YcxTomcat/webapps/b
04 23, 2021 21:08:49 下午 cn.ycx.ycxtomcat.catalina.Context <init>
INFO : Deployment of web application directory /Users/chuancey/Idea-Workspace/YcxTomcat/webapps/b has finished in 5 ms.
04 23, 2021 21:08:49 下午 cn.ycx.ycxtomcat.catalina.Context <init>
INFO : Deploying web application directory /Users/chuancey/Idea-Workspace/webforycxtomcat/web
04 23, 2021 21:08:49 下午 cn.ycx.ycxtomcat.catalina.Context <init>
INFO : Deployment of web application directory /Users/chuancey/Idea-Workspace/webforycxtomcat/web has finished in 7 ms.
04 23, 2021 21:08:49 下午 cn.ycx.ycxtomcat.catalina.Server logJVM
INFO : OS Version:		10.12.6
04 23, 2021 21:08:49 下午 cn.ycx.ycxtomcat.catalina.Server logJVM
INFO : OS Name	:		Mac OS X
04 23, 2021 21:08:49 下午 cn.ycx.ycxtomcat.catalina.Server logJVM
INFO : Architecture:		x86_64
04 23, 2021 21:08:49 下午 cn.ycx.ycxtomcat.catalina.Server logJVM
INFO : Server version:		Ycx DiyTomcat/1.0.1
04 23, 2021 21:08:49 下午 cn.ycx.ycxtomcat.catalina.Server logJVM
INFO : Server built:		2020-04-08 10:20:22
04 23, 2021 21:08:49 下午 cn.ycx.ycxtomcat.catalina.Server logJVM
INFO : Java Home:		/Library/Java/JavaVirtualMachines/jdk1.8.0_144.jdk/Contents/Home/jre
04 23, 2021 21:08:49 下午 cn.ycx.ycxtomcat.catalina.Server logJVM
INFO : JVM Version:		1.8.0_144-b01
04 23, 2021 21:08:49 下午 cn.ycx.ycxtomcat.catalina.Server logJVM
INFO : JVM Vendor:		Oracle Corporation
04 23, 2021 21:08:49 下午 cn.ycx.ycxtomcat.catalina.Server logJVM
INFO : Server number:		1.0.1
04 23, 2021 21:08:49 下午 cn.ycx.ycxtomcat.catalina.Connector init
INFO : Initializing ProtocolHandler [http-bio-18080]
04 23, 2021 21:08:49 下午 cn.ycx.ycxtomcat.catalina.Connector init
INFO : Initializing ProtocolHandler [http-bio-18081]
04 23, 2021 21:08:49 下午 cn.ycx.ycxtomcat.catalina.Connector init
INFO : Initializing ProtocolHandler [http-bio-18082]
04 23, 2021 21:08:49 下午 cn.ycx.ycxtomcat.catalina.Service init
INFO : Initialization processed in 4 ms
04 23, 2021 21:08:49 下午 cn.ycx.ycxtomcat.catalina.Connector start
INFO : Starting ProtocolHandler [http-bio-18080]
04 23, 2021 21:08:49 下午 cn.ycx.ycxtomcat.catalina.Connector start
INFO : Starting ProtocolHandler [http-bio-18081]
04 23, 2021 21:08:49 下午 cn.ycx.ycxtomcat.catalina.Connector start
INFO : Starting ProtocolHandler [http-bio-18082]
04 23, 2021 21:08:49 下午 cn.ycx.ycxtomcat.catalina.Server start
INFO : Server startup in 14 ms
04 23, 2021 21:19:34 下午 cn.ycx.ycxtomcat.catalina.Context <init>
INFO : Deploying web application directory /Users/chuancey/Idea-Workspace/YcxTomcat/webapps/a
04 23, 2021 21:19:34 下午 cn.ycx.ycxtomcat.catalina.Context <init>
INFO : Deployment of web application directory /Users/chuancey/Idea-Workspace/YcxTomcat/webapps/a has finished in 265 ms.
04 23, 2021 21:19:34 下午 cn.ycx.ycxtomcat.catalina.Context <init>
INFO : Deploying web application directory /Users/chuancey/Idea-Workspace/YcxTomcat/webapps/b
04 23, 2021 21:19:34 下午 cn.ycx.ycxtomcat.catalina.Context <init>
INFO : Deployment of web application directory /Users/chuancey/Idea-Workspace/YcxTomcat/webapps/b has finished in 9 ms.
04 23, 2021 21:19:34 下午 cn.ycx.ycxtomcat.catalina.Context <init>
INFO : Deploying web application directory /Users/chuancey/Idea-Workspace/YcxTomcat/webapps/ROOT
04 23, 2021 21:19:34 下午 cn.ycx.ycxtomcat.catalina.Context <init>
INFO : Deployment of web application directory /Users/chuancey/Idea-Workspace/YcxTomcat/webapps/ROOT has finished in 17 ms.
04 23, 2021 21:19:34 下午 cn.ycx.ycxtomcat.catalina.Context <init>
INFO : Deploying web application directory /Users/chuancey/Idea-Workspace/YcxTomcat/webapps/b
04 23, 2021 21:19:34 下午 cn.ycx.ycxtomcat.catalina.Context <init>
INFO : Deployment of web application directory /Users/chuancey/Idea-Workspace/YcxTomcat/webapps/b has finished in 2 ms.
04 23, 2021 21:19:34 下午 cn.ycx.ycxtomcat.catalina.Context <init>
INFO : Deploying web application directory /Users/chuancey/Idea-Workspace/webforycxtomcat/web
04 23, 2021 21:19:34 下午 cn.ycx.ycxtomcat.catalina.Context <init>
INFO : Deployment of web application directory /Users/chuancey/Idea-Workspace/webforycxtomcat/web has finished in 11 ms.
04 23, 2021 21:19:34 下午 cn.ycx.ycxtomcat.catalina.Server logJVM
INFO : OS Version:		10.12.6
04 23, 2021 21:19:34 下午 cn.ycx.ycxtomcat.catalina.Server logJVM
INFO : OS Name	:		Mac OS X
04 23, 2021 21:19:34 下午 cn.ycx.ycxtomcat.catalina.Server logJVM
INFO : Architecture:		x86_64
04 23, 2021 21:19:34 下午 cn.ycx.ycxtomcat.catalina.Server logJVM
INFO : Server version:		Ycx DiyTomcat/1.0.1
04 23, 2021 21:19:34 下午 cn.ycx.ycxtomcat.catalina.Server logJVM
INFO : Server built:		2020-04-08 10:20:22
04 23, 2021 21:19:34 下午 cn.ycx.ycxtomcat.catalina.Server logJVM
INFO : Java Home:		/Library/Java/JavaVirtualMachines/jdk1.8.0_144.jdk/Contents/Home/jre
04 23, 2021 21:19:34 下午 cn.ycx.ycxtomcat.catalina.Server logJVM
INFO : JVM Version:		1.8.0_144-b01
04 23, 2021 21:19:34 下午 cn.ycx.ycxtomcat.catalina.Server logJVM
INFO : JVM Vendor:		Oracle Corporation
04 23, 2021 21:19:34 下午 cn.ycx.ycxtomcat.catalina.Server logJVM
INFO : Server number:		1.0.1
04 23, 2021 21:19:34 下午 cn.ycx.ycxtomcat.catalina.Connector init
INFO : Initializing ProtocolHandler [http-bio-18080]
04 23, 2021 21:19:34 下午 cn.ycx.ycxtomcat.catalina.Connector init
INFO : Initializing ProtocolHandler [http-bio-18081]
04 23, 2021 21:19:34 下午 cn.ycx.ycxtomcat.catalina.Connector init
INFO : Initializing ProtocolHandler [http-bio-18082]
04 23, 2021 21:19:34 下午 cn.ycx.ycxtomcat.catalina.Service init
INFO : Initialization processed in 2 ms
04 23, 2021 21:19:34 下午 cn.ycx.ycxtomcat.catalina.Connector start
INFO : Starting ProtocolHandler [http-bio-18080]
04 23, 2021 21:19:34 下午 cn.ycx.ycxtomcat.catalina.Connector start
INFO : Starting ProtocolHandler [http-bio-18081]
04 23, 2021 21:19:34 下午 cn.ycx.ycxtomcat.catalina.Connector start
INFO : Starting ProtocolHandler [http-bio-18082]
04 23, 2021 21:19:34 下午 cn.ycx.ycxtomcat.catalina.Server start
INFO : Server startup in 21 ms
04 23, 2021 21:31:06 下午 cn.ycx.ycxtomcat.catalina.Context <init>
INFO : Deploying web application directory /Users/chuancey/Idea-Workspace/YcxTomcat/webapps/a
04 23, 2021 21:31:06 下午 cn.ycx.ycxtomcat.catalina.Context <init>
INFO : Deployment of web application directory /Users/chuancey/Idea-Workspace/YcxTomcat/webapps/a has finished in 223 ms.
04 23, 2021 21:31:06 下午 cn.ycx.ycxtomcat.catalina.Context <init>
INFO : Deploying web application directory /Users/chuancey/Idea-Workspace/YcxTomcat/webapps/b
04 23, 2021 21:31:06 下午 cn.ycx.ycxtomcat.catalina.Context <init>
INFO : Deployment of web application directory /Users/chuancey/Idea-Workspace/YcxTomcat/webapps/b has finished in 3 ms.
04 23, 2021 21:31:06 下午 cn.ycx.ycxtomcat.catalina.Context <init>
INFO : Deploying web application directory /Users/chuancey/Idea-Workspace/YcxTomcat/webapps/ROOT
04 23, 2021 21:31:06 下午 cn.ycx.ycxtomcat.catalina.Context <init>
INFO : Deployment of web application directory /Users/chuancey/Idea-Workspace/YcxTomcat/webapps/ROOT has finished in 14 ms.
04 23, 2021 21:31:06 下午 cn.ycx.ycxtomcat.catalina.Context <init>
INFO : Deploying web application directory /Users/chuancey/Idea-Workspace/YcxTomcat/webapps/b
04 23, 2021 21:31:06 下午 cn.ycx.ycxtomcat.catalina.Context <init>
INFO : Deployment of web application directory /Users/chuancey/Idea-Workspace/YcxTomcat/webapps/b has finished in 1 ms.
04 23, 2021 21:31:06 下午 cn.ycx.ycxtomcat.catalina.Context <init>
INFO : Deploying web application directory /Users/chuancey/Idea-Workspace/webforycxtomcat/web
04 23, 2021 21:31:06 下午 cn.ycx.ycxtomcat.catalina.Context <init>
INFO : Deployment of web application directory /Users/chuancey/Idea-Workspace/webforycxtomcat/web has finished in 8 ms.
04 23, 2021 21:31:06 下午 cn.ycx.ycxtomcat.catalina.Server logJVM
INFO : OS Version:		10.12.6
04 23, 2021 21:31:06 下午 cn.ycx.ycxtomcat.catalina.Server logJVM
INFO : OS Name	:		Mac OS X
04 23, 2021 21:31:06 下午 cn.ycx.ycxtomcat.catalina.Server logJVM
INFO : Architecture:		x86_64
04 23, 2021 21:31:06 下午 cn.ycx.ycxtomcat.catalina.Server logJVM
INFO : Server version:		Ycx DiyTomcat/1.0.1
04 23, 2021 21:31:06 下午 cn.ycx.ycxtomcat.catalina.Server logJVM
INFO : Server built:		2020-04-08 10:20:22
04 23, 2021 21:31:06 下午 cn.ycx.ycxtomcat.catalina.Server logJVM
INFO : Java Home:		/Library/Java/JavaVirtualMachines/jdk1.8.0_144.jdk/Contents/Home/jre
04 23, 2021 21:31:06 下午 cn.ycx.ycxtomcat.catalina.Server logJVM
INFO : JVM Version:		1.8.0_144-b01
04 23, 2021 21:31:06 下午 cn.ycx.ycxtomcat.catalina.Server logJVM
INFO : JVM Vendor:		Oracle Corporation
04 23, 2021 21:31:06 下午 cn.ycx.ycxtomcat.catalina.Server logJVM
INFO : Server number:		1.0.1
04 23, 2021 21:31:06 下午 cn.ycx.ycxtomcat.catalina.Connector init
INFO : Initializing ProtocolHandler [http-bio-18080]
04 23, 2021 21:31:06 下午 cn.ycx.ycxtomcat.catalina.Connector init
INFO : Initializing ProtocolHandler [http-bio-18081]
04 23, 2021 21:31:06 下午 cn.ycx.ycxtomcat.catalina.Connector init
INFO : Initializing ProtocolHandler [http-bio-18082]
04 23, 2021 21:31:06 下午 cn.ycx.ycxtomcat.catalina.Service init
INFO : Initialization processed in 2 ms
04 23, 2021 21:31:06 下午 cn.ycx.ycxtomcat.catalina.Connector start
INFO : Starting ProtocolHandler [http-bio-18080]
04 23, 2021 21:31:06 下午 cn.ycx.ycxtomcat.catalina.Connector start
INFO : Starting ProtocolHandler [http-bio-18081]
04 23, 2021 21:31:06 下午 cn.ycx.ycxtomcat.catalina.Connector start
INFO : Starting ProtocolHandler [http-bio-18082]
04 23, 2021 21:31:06 下午 cn.ycx.ycxtomcat.catalina.Server start
INFO : Server startup in 14 ms
