04 21, 2021 11:08:27 上午 cn.ycx.ycxtomcat.catalina.Context <init>
INFO : Deploying web application directory /Users/chuancey/Idea-Workspace/YcxTomcat/webapps/a
04 21, 2021 11:08:27 上午 cn.ycx.ycxtomcat.catalina.Context deploy
INFO : Deployment of web application directory /Users/chuancey/Idea-Workspace/YcxTomcat/webapps/a has finished in 0 ms.
04 21, 2021 11:08:27 上午 cn.ycx.ycxtomcat.catalina.Context <init>
INFO : Deployment of web application directory /Users/chuancey/Idea-Workspace/YcxTomcat/webapps/a has finished in 234 ms
04 21, 2021 11:08:27 上午 cn.ycx.ycxtomcat.catalina.Context <init>
INFO : Deploying web application directory /Users/chuancey/Idea-Workspace/YcxTomcat/webapps/b
04 21, 2021 11:08:27 上午 cn.ycx.ycxtomcat.catalina.Context deploy
INFO : Deployment of web application directory /Users/chuancey/Idea-Workspace/YcxTomcat/webapps/b has finished in 0 ms.
04 21, 2021 11:08:27 上午 cn.ycx.ycxtomcat.catalina.Context <init>
INFO : Deployment of web application directory /Users/chuancey/Idea-Workspace/YcxTomcat/webapps/b has finished in 2 ms
04 21, 2021 11:08:27 上午 cn.ycx.ycxtomcat.catalina.Context <init>
INFO : Deploying web application directory /Users/chuancey/Idea-Workspace/YcxTomcat/webapps/ROOT
04 21, 2021 11:08:27 上午 cn.ycx.ycxtomcat.catalina.Context deploy
INFO : Deployment of web application directory /Users/chuancey/Idea-Workspace/YcxTomcat/webapps/ROOT has finished in 8 ms.
04 21, 2021 11:08:27 上午 cn.ycx.ycxtomcat.catalina.Context <init>
INFO : Deployment of web application directory /Users/chuancey/Idea-Workspace/YcxTomcat/webapps/ROOT has finished in 11 ms
04 21, 2021 11:08:27 上午 cn.ycx.ycxtomcat.catalina.Context <init>
INFO : Deploying web application directory /Users/chuancey/Idea-Workspace/YcxTomcat/webapps/b
04 21, 2021 11:08:27 上午 cn.ycx.ycxtomcat.catalina.Context deploy
INFO : Deployment of web application directory /Users/chuancey/Idea-Workspace/YcxTomcat/webapps/b has finished in 0 ms.
04 21, 2021 11:08:27 上午 cn.ycx.ycxtomcat.catalina.Context <init>
INFO : Deployment of web application directory /Users/chuancey/Idea-Workspace/YcxTomcat/webapps/b has finished in 2 ms
04 21, 2021 11:08:27 上午 cn.ycx.ycxtomcat.catalina.Context <init>
INFO : Deploying web application directory /Users/chuancey/Idea-Workspace/webforycxtomcat/src/cn/ycx/javaweb
04 21, 2021 11:08:27 上午 cn.ycx.ycxtomcat.catalina.Context deploy
INFO : Deployment of web application directory /Users/chuancey/Idea-Workspace/webforycxtomcat/src/cn/ycx/javaweb has finished in 0 ms.
04 21, 2021 11:08:27 上午 cn.ycx.ycxtomcat.catalina.Context <init>
INFO : Deployment of web application directory /Users/chuancey/Idea-Workspace/webforycxtomcat/src/cn/ycx/javaweb has finished in 3 ms
04 21, 2021 11:08:27 上午 cn.ycx.ycxtomcat.catalina.Server logJVM
INFO : OS Version:		10.12.6
04 21, 2021 11:08:27 上午 cn.ycx.ycxtomcat.catalina.Server logJVM
INFO : OS Name	:		Mac OS X
04 21, 2021 11:08:27 上午 cn.ycx.ycxtomcat.catalina.Server logJVM
INFO : Architecture:		x86_64
04 21, 2021 11:08:27 上午 cn.ycx.ycxtomcat.catalina.Server logJVM
INFO : Server version:		Ycx DiyTomcat/1.0.1
04 21, 2021 11:08:27 上午 cn.ycx.ycxtomcat.catalina.Server logJVM
INFO : Server built:		2020-04-08 10:20:22
04 21, 2021 11:08:27 上午 cn.ycx.ycxtomcat.catalina.Server logJVM
INFO : Java Home:		/Library/Java/JavaVirtualMachines/jdk1.8.0_144.jdk/Contents/Home/jre
04 21, 2021 11:08:27 上午 cn.ycx.ycxtomcat.catalina.Server logJVM
INFO : JVM Version:		1.8.0_144-b01
04 21, 2021 11:08:27 上午 cn.ycx.ycxtomcat.catalina.Server logJVM
INFO : JVM Vendor:		Oracle Corporation
04 21, 2021 11:08:27 上午 cn.ycx.ycxtomcat.catalina.Server logJVM
INFO : Server number:		1.0.1
04 21, 2021 11:08:27 上午 cn.ycx.ycxtomcat.catalina.Connector init
INFO : Initializing ProtocolHandler [http-bio-18080]
04 21, 2021 11:08:27 上午 cn.ycx.ycxtomcat.catalina.Connector init
INFO : Initializing ProtocolHandler [http-bio-18081]
04 21, 2021 11:08:27 上午 cn.ycx.ycxtomcat.catalina.Connector init
INFO : Initializing ProtocolHandler [http-bio-18082]
04 21, 2021 11:08:27 上午 cn.ycx.ycxtomcat.catalina.Service init
INFO : Initialization processed in 1 ms
04 21, 2021 11:08:27 上午 cn.ycx.ycxtomcat.catalina.Connector start
INFO : Starting ProtocolHandler [http-bio-18080]
04 21, 2021 11:08:27 上午 cn.ycx.ycxtomcat.catalina.Connector start
INFO : Starting ProtocolHandler [http-bio-18081]
04 21, 2021 11:08:27 上午 cn.ycx.ycxtomcat.catalina.Connector start
INFO : Starting ProtocolHandler [http-bio-18082]
04 21, 2021 11:08:27 上午 cn.ycx.ycxtomcat.catalina.Server start
INFO : Server startup in 16 ms
04 21, 2021 11:08:39 上午 cn.ycx.ycxtomcat.catalina.HttpProcessor error
ERROR: this is a deliberately created exception
java.lang.RuntimeException: this is a deliberately created exception
	at cn.ycx.ycxtomcat.servlets.DefaultServlet.service(DefaultServlet.java:29)
	at cn.ycx.ycxtomcat.catalina.HttpProcessor.execute(HttpProcessor.java:34)
	at cn.ycx.ycxtomcat.catalina.Connector.lambda$run$0(Connector.java:44)
	at java.util.concurrent.ThreadPoolExecutor.runWorker(ThreadPoolExecutor.java:1149)
	at java.util.concurrent.ThreadPoolExecutor$Worker.run(ThreadPoolExecutor.java:624)
	at java.lang.Thread.run(Thread.java:748)
04 21, 2021 11:21:20 上午 cn.ycx.ycxtomcat.catalina.Context <init>
INFO : Deploying web application directory /Users/chuancey/Idea-Workspace/YcxTomcat/webapps/a
04 21, 2021 11:21:20 上午 cn.ycx.ycxtomcat.catalina.Context deploy
INFO : Deployment of web application directory /Users/chuancey/Idea-Workspace/YcxTomcat/webapps/a has finished in 0 ms.
04 21, 2021 11:21:20 上午 cn.ycx.ycxtomcat.catalina.Context <init>
INFO : Deployment of web application directory /Users/chuancey/Idea-Workspace/YcxTomcat/webapps/a has finished in 339 ms
04 21, 2021 11:21:20 上午 cn.ycx.ycxtomcat.catalina.Context <init>
INFO : Deploying web application directory /Users/chuancey/Idea-Workspace/YcxTomcat/webapps/b
04 21, 2021 11:21:20 上午 cn.ycx.ycxtomcat.catalina.Context deploy
INFO : Deployment of web application directory /Users/chuancey/Idea-Workspace/YcxTomcat/webapps/b has finished in 0 ms.
04 21, 2021 11:21:20 上午 cn.ycx.ycxtomcat.catalina.Context <init>
INFO : Deployment of web application directory /Users/chuancey/Idea-Workspace/YcxTomcat/webapps/b has finished in 4 ms
04 21, 2021 11:21:20 上午 cn.ycx.ycxtomcat.catalina.Context <init>
INFO : Deploying web application directory /Users/chuancey/Idea-Workspace/YcxTomcat/webapps/ROOT
04 21, 2021 11:21:20 上午 cn.ycx.ycxtomcat.catalina.Context deploy
INFO : Deployment of web application directory /Users/chuancey/Idea-Workspace/YcxTomcat/webapps/ROOT has finished in 7 ms.
04 21, 2021 11:21:20 上午 cn.ycx.ycxtomcat.catalina.Context <init>
INFO : Deployment of web application directory /Users/chuancey/Idea-Workspace/YcxTomcat/webapps/ROOT has finished in 10 ms
04 21, 2021 11:21:20 上午 cn.ycx.ycxtomcat.catalina.Context <init>
INFO : Deploying web application directory /Users/chuancey/Idea-Workspace/YcxTomcat/webapps/b
04 21, 2021 11:21:20 上午 cn.ycx.ycxtomcat.catalina.Context deploy
INFO : Deployment of web application directory /Users/chuancey/Idea-Workspace/YcxTomcat/webapps/b has finished in 0 ms.
04 21, 2021 11:21:20 上午 cn.ycx.ycxtomcat.catalina.Context <init>
INFO : Deployment of web application directory /Users/chuancey/Idea-Workspace/YcxTomcat/webapps/b has finished in 2 ms
04 21, 2021 11:21:20 上午 cn.ycx.ycxtomcat.catalina.Context <init>
INFO : Deploying web application directory /Users/chuancey/Idea-Workspace/webforycxtomcat/web
04 21, 2021 11:21:20 上午 cn.ycx.ycxtomcat.catalina.Context deploy
INFO : Deployment of web application directory /Users/chuancey/Idea-Workspace/webforycxtomcat/web has finished in 4 ms.
04 21, 2021 11:21:20 上午 cn.ycx.ycxtomcat.catalina.Context <init>
INFO : Deployment of web application directory /Users/chuancey/Idea-Workspace/webforycxtomcat/web has finished in 5 ms
04 21, 2021 11:21:20 上午 cn.ycx.ycxtomcat.catalina.Server logJVM
INFO : OS Version:		10.12.6
04 21, 2021 11:21:20 上午 cn.ycx.ycxtomcat.catalina.Server logJVM
INFO : OS Name	:		Mac OS X
04 21, 2021 11:21:20 上午 cn.ycx.ycxtomcat.catalina.Server logJVM
INFO : Architecture:		x86_64
04 21, 2021 11:21:20 上午 cn.ycx.ycxtomcat.catalina.Server logJVM
INFO : Server version:		Ycx DiyTomcat/1.0.1
04 21, 2021 11:21:20 上午 cn.ycx.ycxtomcat.catalina.Server logJVM
INFO : Server built:		2020-04-08 10:20:22
04 21, 2021 11:21:20 上午 cn.ycx.ycxtomcat.catalina.Server logJVM
INFO : Java Home:		/Library/Java/JavaVirtualMachines/jdk1.8.0_144.jdk/Contents/Home/jre
04 21, 2021 11:21:20 上午 cn.ycx.ycxtomcat.catalina.Server logJVM
INFO : JVM Version:		1.8.0_144-b01
04 21, 2021 11:21:20 上午 cn.ycx.ycxtomcat.catalina.Server logJVM
INFO : JVM Vendor:		Oracle Corporation
04 21, 2021 11:21:20 上午 cn.ycx.ycxtomcat.catalina.Server logJVM
INFO : Server number:		1.0.1
04 21, 2021 11:21:20 上午 cn.ycx.ycxtomcat.catalina.Connector init
INFO : Initializing ProtocolHandler [http-bio-18080]
04 21, 2021 11:21:20 上午 cn.ycx.ycxtomcat.catalina.Connector init
INFO : Initializing ProtocolHandler [http-bio-18081]
04 21, 2021 11:21:20 上午 cn.ycx.ycxtomcat.catalina.Connector init
INFO : Initializing ProtocolHandler [http-bio-18082]
04 21, 2021 11:21:20 上午 cn.ycx.ycxtomcat.catalina.Service init
INFO : Initialization processed in 2 ms
04 21, 2021 11:21:20 上午 cn.ycx.ycxtomcat.catalina.Connector start
INFO : Starting ProtocolHandler [http-bio-18080]
04 21, 2021 11:21:20 上午 cn.ycx.ycxtomcat.catalina.Connector start
INFO : Starting ProtocolHandler [http-bio-18081]
04 21, 2021 11:21:20 上午 cn.ycx.ycxtomcat.catalina.Connector start
INFO : Starting ProtocolHandler [http-bio-18082]
04 21, 2021 11:21:20 上午 cn.ycx.ycxtomcat.catalina.Server start
INFO : Server startup in 21 ms
04 21, 2021 11:23:29 上午 cn.ycx.ycxtomcat.catalina.Context <init>
INFO : Deploying web application directory /Users/chuancey/Idea-Workspace/YcxTomcat/webapps/a
04 21, 2021 11:23:29 上午 cn.ycx.ycxtomcat.catalina.Context deploy
INFO : Deployment of web application directory /Users/chuancey/Idea-Workspace/YcxTomcat/webapps/a has finished in 0 ms.
04 21, 2021 11:23:29 上午 cn.ycx.ycxtomcat.catalina.Context <init>
INFO : Deployment of web application directory /Users/chuancey/Idea-Workspace/YcxTomcat/webapps/a has finished in 287 ms
04 21, 2021 11:23:29 上午 cn.ycx.ycxtomcat.catalina.Context <init>
INFO : Deploying web application directory /Users/chuancey/Idea-Workspace/YcxTomcat/webapps/b
04 21, 2021 11:23:29 上午 cn.ycx.ycxtomcat.catalina.Context deploy
INFO : Deployment of web application directory /Users/chuancey/Idea-Workspace/YcxTomcat/webapps/b has finished in 0 ms.
04 21, 2021 11:23:29 上午 cn.ycx.ycxtomcat.catalina.Context <init>
INFO : Deployment of web application directory /Users/chuancey/Idea-Workspace/YcxTomcat/webapps/b has finished in 2 ms
04 21, 2021 11:23:29 上午 cn.ycx.ycxtomcat.catalina.Context <init>
INFO : Deploying web application directory /Users/chuancey/Idea-Workspace/YcxTomcat/webapps/ROOT
04 21, 2021 11:23:29 上午 cn.ycx.ycxtomcat.catalina.Context deploy
INFO : Deployment of web application directory /Users/chuancey/Idea-Workspace/YcxTomcat/webapps/ROOT has finished in 6 ms.
04 21, 2021 11:23:29 上午 cn.ycx.ycxtomcat.catalina.Context <init>
INFO : Deployment of web application directory /Users/chuancey/Idea-Workspace/YcxTomcat/webapps/ROOT has finished in 12 ms
04 21, 2021 11:23:29 上午 cn.ycx.ycxtomcat.catalina.Context <init>
INFO : Deploying web application directory /Users/chuancey/Idea-Workspace/YcxTomcat/webapps/b
04 21, 2021 11:23:29 上午 cn.ycx.ycxtomcat.catalina.Context deploy
INFO : Deployment of web application directory /Users/chuancey/Idea-Workspace/YcxTomcat/webapps/b has finished in 0 ms.
04 21, 2021 11:23:29 上午 cn.ycx.ycxtomcat.catalina.Context <init>
INFO : Deployment of web application directory /Users/chuancey/Idea-Workspace/YcxTomcat/webapps/b has finished in 1 ms
04 21, 2021 11:23:29 上午 cn.ycx.ycxtomcat.catalina.Context <init>
INFO : Deploying web application directory /Users/chuancey/Idea-Workspace/webforycxtomcat/web
04 21, 2021 11:23:29 上午 cn.ycx.ycxtomcat.catalina.Context deploy
INFO : Deployment of web application directory /Users/chuancey/Idea-Workspace/webforycxtomcat/web has finished in 4 ms.
04 21, 2021 11:23:29 上午 cn.ycx.ycxtomcat.catalina.Context <init>
INFO : Deployment of web application directory /Users/chuancey/Idea-Workspace/webforycxtomcat/web has finished in 7 ms
04 21, 2021 11:23:29 上午 cn.ycx.ycxtomcat.catalina.Server logJVM
INFO : OS Version:		10.12.6
04 21, 2021 11:23:29 上午 cn.ycx.ycxtomcat.catalina.Server logJVM
INFO : OS Name	:		Mac OS X
04 21, 2021 11:23:29 上午 cn.ycx.ycxtomcat.catalina.Server logJVM
INFO : Architecture:		x86_64
04 21, 2021 11:23:29 上午 cn.ycx.ycxtomcat.catalina.Server logJVM
INFO : Server version:		Ycx DiyTomcat/1.0.1
04 21, 2021 11:23:29 上午 cn.ycx.ycxtomcat.catalina.Server logJVM
INFO : Server built:		2020-04-08 10:20:22
04 21, 2021 11:23:29 上午 cn.ycx.ycxtomcat.catalina.Server logJVM
INFO : Java Home:		/Library/Java/JavaVirtualMachines/jdk1.8.0_144.jdk/Contents/Home/jre
04 21, 2021 11:23:29 上午 cn.ycx.ycxtomcat.catalina.Server logJVM
INFO : JVM Version:		1.8.0_144-b01
04 21, 2021 11:23:29 上午 cn.ycx.ycxtomcat.catalina.Server logJVM
INFO : JVM Vendor:		Oracle Corporation
04 21, 2021 11:23:29 上午 cn.ycx.ycxtomcat.catalina.Server logJVM
INFO : Server number:		1.0.1
04 21, 2021 11:23:29 上午 cn.ycx.ycxtomcat.catalina.Connector init
INFO : Initializing ProtocolHandler [http-bio-18080]
04 21, 2021 11:23:29 上午 cn.ycx.ycxtomcat.catalina.Connector init
INFO : Initializing ProtocolHandler [http-bio-18081]
04 21, 2021 11:23:29 上午 cn.ycx.ycxtomcat.catalina.Connector init
INFO : Initializing ProtocolHandler [http-bio-18082]
04 21, 2021 11:23:29 上午 cn.ycx.ycxtomcat.catalina.Service init
INFO : Initialization processed in 5 ms
04 21, 2021 11:23:29 上午 cn.ycx.ycxtomcat.catalina.Connector start
INFO : Starting ProtocolHandler [http-bio-18080]
04 21, 2021 11:23:29 上午 cn.ycx.ycxtomcat.catalina.Connector start
INFO : Starting ProtocolHandler [http-bio-18081]
04 21, 2021 11:23:29 上午 cn.ycx.ycxtomcat.catalina.Connector start
INFO : Starting ProtocolHandler [http-bio-18082]
04 21, 2021 11:23:29 上午 cn.ycx.ycxtomcat.catalina.Server start
INFO : Server startup in 26 ms
04 21, 2021 18:58:49 下午 cn.ycx.ycxtomcat.catalina.Context <init>
INFO : Deploying web application directory /Users/chuancey/Idea-Workspace/YcxTomcat/webapps/a
04 21, 2021 18:58:50 下午 cn.ycx.ycxtomcat.catalina.Context deploy
INFO : Deployment of web application directory /Users/chuancey/Idea-Workspace/YcxTomcat/webapps/a has finished in 1 ms.
04 21, 2021 18:58:50 下午 cn.ycx.ycxtomcat.catalina.Context <init>
INFO : Deployment of web application directory /Users/chuancey/Idea-Workspace/YcxTomcat/webapps/a has finished in 384 ms
04 21, 2021 18:58:50 下午 cn.ycx.ycxtomcat.catalina.Context <init>
INFO : Deploying web application directory /Users/chuancey/Idea-Workspace/YcxTomcat/webapps/b
04 21, 2021 18:58:50 下午 cn.ycx.ycxtomcat.catalina.Context deploy
INFO : Deployment of web application directory /Users/chuancey/Idea-Workspace/YcxTomcat/webapps/b has finished in 0 ms.
04 21, 2021 18:58:50 下午 cn.ycx.ycxtomcat.catalina.Context <init>
INFO : Deployment of web application directory /Users/chuancey/Idea-Workspace/YcxTomcat/webapps/b has finished in 3 ms
04 21, 2021 18:58:50 下午 cn.ycx.ycxtomcat.catalina.Context <init>
INFO : Deploying web application directory /Users/chuancey/Idea-Workspace/YcxTomcat/webapps/ROOT
04 21, 2021 18:58:50 下午 cn.ycx.ycxtomcat.catalina.Context deploy
INFO : Deployment of web application directory /Users/chuancey/Idea-Workspace/YcxTomcat/webapps/ROOT has finished in 7 ms.
04 21, 2021 18:58:50 下午 cn.ycx.ycxtomcat.catalina.Context <init>
INFO : Deployment of web application directory /Users/chuancey/Idea-Workspace/YcxTomcat/webapps/ROOT has finished in 10 ms
04 21, 2021 18:58:50 下午 cn.ycx.ycxtomcat.catalina.Context <init>
INFO : Deploying web application directory /Users/chuancey/Idea-Workspace/YcxTomcat/webapps/b
04 21, 2021 18:58:50 下午 cn.ycx.ycxtomcat.catalina.Context deploy
INFO : Deployment of web application directory /Users/chuancey/Idea-Workspace/YcxTomcat/webapps/b has finished in 0 ms.
04 21, 2021 18:58:50 下午 cn.ycx.ycxtomcat.catalina.Context <init>
INFO : Deployment of web application directory /Users/chuancey/Idea-Workspace/YcxTomcat/webapps/b has finished in 2 ms
04 21, 2021 18:58:50 下午 cn.ycx.ycxtomcat.catalina.Context <init>
INFO : Deploying web application directory /Users/chuancey/Idea-Workspace/webforycxtomcat/web
04 21, 2021 18:58:50 下午 cn.ycx.ycxtomcat.catalina.Context deploy
INFO : Deployment of web application directory /Users/chuancey/Idea-Workspace/webforycxtomcat/web has finished in 5 ms.
04 21, 2021 18:58:50 下午 cn.ycx.ycxtomcat.catalina.Context <init>
INFO : Deployment of web application directory /Users/chuancey/Idea-Workspace/webforycxtomcat/web has finished in 7 ms
04 21, 2021 18:58:50 下午 cn.ycx.ycxtomcat.catalina.Server logJVM
INFO : OS Version:		10.12.6
04 21, 2021 18:58:50 下午 cn.ycx.ycxtomcat.catalina.Server logJVM
INFO : OS Name	:		Mac OS X
04 21, 2021 18:58:50 下午 cn.ycx.ycxtomcat.catalina.Server logJVM
INFO : Architecture:		x86_64
04 21, 2021 18:58:50 下午 cn.ycx.ycxtomcat.catalina.Server logJVM
INFO : Server version:		Ycx DiyTomcat/1.0.1
04 21, 2021 18:58:50 下午 cn.ycx.ycxtomcat.catalina.Server logJVM
INFO : Server built:		2020-04-08 10:20:22
04 21, 2021 18:58:50 下午 cn.ycx.ycxtomcat.catalina.Server logJVM
INFO : Java Home:		/Library/Java/JavaVirtualMachines/jdk1.8.0_144.jdk/Contents/Home/jre
04 21, 2021 18:58:50 下午 cn.ycx.ycxtomcat.catalina.Server logJVM
INFO : JVM Version:		1.8.0_144-b01
04 21, 2021 18:58:50 下午 cn.ycx.ycxtomcat.catalina.Server logJVM
INFO : JVM Vendor:		Oracle Corporation
04 21, 2021 18:58:50 下午 cn.ycx.ycxtomcat.catalina.Server logJVM
INFO : Server number:		1.0.1
04 21, 2021 18:58:50 下午 cn.ycx.ycxtomcat.catalina.Connector init
INFO : Initializing ProtocolHandler [http-bio-18080]
04 21, 2021 18:58:50 下午 cn.ycx.ycxtomcat.catalina.Connector init
INFO : Initializing ProtocolHandler [http-bio-18081]
04 21, 2021 18:58:50 下午 cn.ycx.ycxtomcat.catalina.Connector init
INFO : Initializing ProtocolHandler [http-bio-18082]
04 21, 2021 18:58:50 下午 cn.ycx.ycxtomcat.catalina.Service init
INFO : Initialization processed in 2 ms
04 21, 2021 18:58:50 下午 cn.ycx.ycxtomcat.catalina.Connector start
INFO : Starting ProtocolHandler [http-bio-18080]
04 21, 2021 18:58:50 下午 cn.ycx.ycxtomcat.catalina.Connector start
INFO : Starting ProtocolHandler [http-bio-18081]
04 21, 2021 18:58:50 下午 cn.ycx.ycxtomcat.catalina.Connector start
INFO : Starting ProtocolHandler [http-bio-18082]
04 21, 2021 18:58:50 下午 cn.ycx.ycxtomcat.catalina.Server start
INFO : Server startup in 16 ms
04 21, 2021 18:59:21 下午 cn.ycx.ycxtomcat.catalina.HttpProcessor error
ERROR: this is a deliberately created exception
java.lang.RuntimeException: this is a deliberately created exception
	at cn.ycx.ycxtomcat.servlets.DefaultServlet.service(DefaultServlet.java:29)
	at cn.ycx.ycxtomcat.catalina.HttpProcessor.execute(HttpProcessor.java:34)
	at cn.ycx.ycxtomcat.catalina.Connector.lambda$run$0(Connector.java:44)
	at java.util.concurrent.ThreadPoolExecutor.runWorker(ThreadPoolExecutor.java:1149)
	at java.util.concurrent.ThreadPoolExecutor$Worker.run(ThreadPoolExecutor.java:624)
	at java.lang.Thread.run(Thread.java:748)
04 21, 2021 19:00:26 下午 cn.ycx.ycxtomcat.catalina.Context <init>
INFO : Deploying web application directory /Users/chuancey/Idea-Workspace/YcxTomcat/webapps/a
04 21, 2021 19:00:26 下午 cn.ycx.ycxtomcat.catalina.Context deploy
INFO : Deployment of web application directory /Users/chuancey/Idea-Workspace/YcxTomcat/webapps/a has finished in 0 ms.
04 21, 2021 19:00:26 下午 cn.ycx.ycxtomcat.catalina.Context <init>
INFO : Deployment of web application directory /Users/chuancey/Idea-Workspace/YcxTomcat/webapps/a has finished in 382 ms
04 21, 2021 19:00:26 下午 cn.ycx.ycxtomcat.catalina.Context <init>
INFO : Deploying web application directory /Users/chuancey/Idea-Workspace/YcxTomcat/webapps/b
04 21, 2021 19:00:26 下午 cn.ycx.ycxtomcat.catalina.Context deploy
INFO : Deployment of web application directory /Users/chuancey/Idea-Workspace/YcxTomcat/webapps/b has finished in 0 ms.
04 21, 2021 19:00:26 下午 cn.ycx.ycxtomcat.catalina.Context <init>
INFO : Deployment of web application directory /Users/chuancey/Idea-Workspace/YcxTomcat/webapps/b has finished in 4 ms
04 21, 2021 19:00:26 下午 cn.ycx.ycxtomcat.catalina.Context <init>
INFO : Deploying web application directory /Users/chuancey/Idea-Workspace/YcxTomcat/webapps/ROOT
04 21, 2021 19:00:26 下午 cn.ycx.ycxtomcat.catalina.Context deploy
INFO : Deployment of web application directory /Users/chuancey/Idea-Workspace/YcxTomcat/webapps/ROOT has finished in 23 ms.
04 21, 2021 19:00:26 下午 cn.ycx.ycxtomcat.catalina.Context <init>
INFO : Deployment of web application directory /Users/chuancey/Idea-Workspace/YcxTomcat/webapps/ROOT has finished in 25 ms
04 21, 2021 19:00:26 下午 cn.ycx.ycxtomcat.catalina.Context <init>
INFO : Deploying web application directory /Users/chuancey/Idea-Workspace/YcxTomcat/webapps/b
04 21, 2021 19:00:26 下午 cn.ycx.ycxtomcat.catalina.Context deploy
INFO : Deployment of web application directory /Users/chuancey/Idea-Workspace/YcxTomcat/webapps/b has finished in 0 ms.
04 21, 2021 19:00:26 下午 cn.ycx.ycxtomcat.catalina.Context <init>
INFO : Deployment of web application directory /Users/chuancey/Idea-Workspace/YcxTomcat/webapps/b has finished in 3 ms
04 21, 2021 19:00:26 下午 cn.ycx.ycxtomcat.catalina.Context <init>
INFO : Deploying web application directory /Users/chuancey/Idea-Workspace/webforycxtomcat/web
04 21, 2021 19:00:26 下午 cn.ycx.ycxtomcat.catalina.Context deploy
INFO : Deployment of web application directory /Users/chuancey/Idea-Workspace/webforycxtomcat/web has finished in 4 ms.
04 21, 2021 19:00:26 下午 cn.ycx.ycxtomcat.catalina.Context <init>
INFO : Deployment of web application directory /Users/chuancey/Idea-Workspace/webforycxtomcat/web has finished in 7 ms
04 21, 2021 19:00:26 下午 cn.ycx.ycxtomcat.catalina.Server logJVM
INFO : OS Version:		10.12.6
04 21, 2021 19:00:26 下午 cn.ycx.ycxtomcat.catalina.Server logJVM
INFO : OS Name	:		Mac OS X
04 21, 2021 19:00:26 下午 cn.ycx.ycxtomcat.catalina.Server logJVM
INFO : Architecture:		x86_64
04 21, 2021 19:00:26 下午 cn.ycx.ycxtomcat.catalina.Server logJVM
INFO : Server version:		Ycx DiyTomcat/1.0.1
04 21, 2021 19:00:26 下午 cn.ycx.ycxtomcat.catalina.Server logJVM
INFO : Server built:		2020-04-08 10:20:22
04 21, 2021 19:00:26 下午 cn.ycx.ycxtomcat.catalina.Server logJVM
INFO : Java Home:		/Library/Java/JavaVirtualMachines/jdk1.8.0_144.jdk/Contents/Home/jre
04 21, 2021 19:00:26 下午 cn.ycx.ycxtomcat.catalina.Server logJVM
INFO : JVM Version:		1.8.0_144-b01
04 21, 2021 19:00:26 下午 cn.ycx.ycxtomcat.catalina.Server logJVM
INFO : JVM Vendor:		Oracle Corporation
04 21, 2021 19:00:26 下午 cn.ycx.ycxtomcat.catalina.Server logJVM
INFO : Server number:		1.0.1
04 21, 2021 19:00:26 下午 cn.ycx.ycxtomcat.catalina.Connector init
INFO : Initializing ProtocolHandler [http-bio-18080]
04 21, 2021 19:00:26 下午 cn.ycx.ycxtomcat.catalina.Connector init
INFO : Initializing ProtocolHandler [http-bio-18081]
04 21, 2021 19:00:26 下午 cn.ycx.ycxtomcat.catalina.Connector init
INFO : Initializing ProtocolHandler [http-bio-18082]
04 21, 2021 19:00:26 下午 cn.ycx.ycxtomcat.catalina.Service init
INFO : Initialization processed in 1 ms
04 21, 2021 19:00:26 下午 cn.ycx.ycxtomcat.catalina.Connector start
INFO : Starting ProtocolHandler [http-bio-18080]
04 21, 2021 19:00:26 下午 cn.ycx.ycxtomcat.catalina.Connector start
INFO : Starting ProtocolHandler [http-bio-18081]
04 21, 2021 19:00:26 下午 cn.ycx.ycxtomcat.catalina.Connector start
INFO : Starting ProtocolHandler [http-bio-18082]
04 21, 2021 19:00:26 下午 cn.ycx.ycxtomcat.catalina.Server start
INFO : Server startup in 11 ms
04 21, 2021 19:01:42 下午 cn.ycx.ycxtomcat.catalina.Context <init>
INFO : Deploying web application directory /Users/chuancey/Idea-Workspace/YcxTomcat/webapps/a
04 21, 2021 19:01:42 下午 cn.ycx.ycxtomcat.catalina.Context deploy
INFO : Deployment of web application directory /Users/chuancey/Idea-Workspace/YcxTomcat/webapps/a has finished in 0 ms.
04 21, 2021 19:01:42 下午 cn.ycx.ycxtomcat.catalina.Context <init>
INFO : Deployment of web application directory /Users/chuancey/Idea-Workspace/YcxTomcat/webapps/a has finished in 279 ms
04 21, 2021 19:01:42 下午 cn.ycx.ycxtomcat.catalina.Context <init>
INFO : Deploying web application directory /Users/chuancey/Idea-Workspace/YcxTomcat/webapps/b
04 21, 2021 19:01:42 下午 cn.ycx.ycxtomcat.catalina.Context deploy
INFO : Deployment of web application directory /Users/chuancey/Idea-Workspace/YcxTomcat/webapps/b has finished in 0 ms.
04 21, 2021 19:01:42 下午 cn.ycx.ycxtomcat.catalina.Context <init>
INFO : Deployment of web application directory /Users/chuancey/Idea-Workspace/YcxTomcat/webapps/b has finished in 7 ms
04 21, 2021 19:01:42 下午 cn.ycx.ycxtomcat.catalina.Context <init>
INFO : Deploying web application directory /Users/chuancey/Idea-Workspace/YcxTomcat/webapps/ROOT
04 21, 2021 19:01:42 下午 cn.ycx.ycxtomcat.catalina.Context deploy
INFO : Deployment of web application directory /Users/chuancey/Idea-Workspace/YcxTomcat/webapps/ROOT has finished in 11 ms.
04 21, 2021 19:01:42 下午 cn.ycx.ycxtomcat.catalina.Context <init>
INFO : Deployment of web application directory /Users/chuancey/Idea-Workspace/YcxTomcat/webapps/ROOT has finished in 15 ms
04 21, 2021 19:01:42 下午 cn.ycx.ycxtomcat.catalina.Context <init>
INFO : Deploying web application directory /Users/chuancey/Idea-Workspace/YcxTomcat/webapps/b
04 21, 2021 19:01:42 下午 cn.ycx.ycxtomcat.catalina.Context deploy
INFO : Deployment of web application directory /Users/chuancey/Idea-Workspace/YcxTomcat/webapps/b has finished in 0 ms.
04 21, 2021 19:01:42 下午 cn.ycx.ycxtomcat.catalina.Context <init>
INFO : Deployment of web application directory /Users/chuancey/Idea-Workspace/YcxTomcat/webapps/b has finished in 8 ms
04 21, 2021 19:01:42 下午 cn.ycx.ycxtomcat.catalina.Context <init>
INFO : Deploying web application directory /Users/chuancey/Idea-Workspace/webforycxtomcat/web
04 21, 2021 19:01:42 下午 cn.ycx.ycxtomcat.catalina.Context deploy
INFO : Deployment of web application directory /Users/chuancey/Idea-Workspace/webforycxtomcat/web has finished in 6 ms.
04 21, 2021 19:01:42 下午 cn.ycx.ycxtomcat.catalina.Context <init>
INFO : Deployment of web application directory /Users/chuancey/Idea-Workspace/webforycxtomcat/web has finished in 8 ms
04 21, 2021 19:01:42 下午 cn.ycx.ycxtomcat.catalina.Server logJVM
INFO : OS Version:		10.12.6
04 21, 2021 19:01:42 下午 cn.ycx.ycxtomcat.catalina.Server logJVM
INFO : OS Name	:		Mac OS X
04 21, 2021 19:01:42 下午 cn.ycx.ycxtomcat.catalina.Server logJVM
INFO : Architecture:		x86_64
04 21, 2021 19:01:42 下午 cn.ycx.ycxtomcat.catalina.Server logJVM
INFO : Server version:		Ycx DiyTomcat/1.0.1
04 21, 2021 19:01:42 下午 cn.ycx.ycxtomcat.catalina.Server logJVM
INFO : Server built:		2020-04-08 10:20:22
04 21, 2021 19:01:42 下午 cn.ycx.ycxtomcat.catalina.Server logJVM
INFO : Java Home:		/Library/Java/JavaVirtualMachines/jdk1.8.0_144.jdk/Contents/Home/jre
04 21, 2021 19:01:42 下午 cn.ycx.ycxtomcat.catalina.Server logJVM
INFO : JVM Version:		1.8.0_144-b01
04 21, 2021 19:01:42 下午 cn.ycx.ycxtomcat.catalina.Server logJVM
INFO : JVM Vendor:		Oracle Corporation
04 21, 2021 19:01:42 下午 cn.ycx.ycxtomcat.catalina.Server logJVM
INFO : Server number:		1.0.1
04 21, 2021 19:01:42 下午 cn.ycx.ycxtomcat.catalina.Connector init
INFO : Initializing ProtocolHandler [http-bio-18080]
04 21, 2021 19:01:42 下午 cn.ycx.ycxtomcat.catalina.Connector init
INFO : Initializing ProtocolHandler [http-bio-18081]
04 21, 2021 19:01:42 下午 cn.ycx.ycxtomcat.catalina.Connector init
INFO : Initializing ProtocolHandler [http-bio-18082]
04 21, 2021 19:01:42 下午 cn.ycx.ycxtomcat.catalina.Service init
INFO : Initialization processed in 4 ms
04 21, 2021 19:01:42 下午 cn.ycx.ycxtomcat.catalina.Connector start
INFO : Starting ProtocolHandler [http-bio-18080]
04 21, 2021 19:01:42 下午 cn.ycx.ycxtomcat.catalina.Connector start
INFO : Starting ProtocolHandler [http-bio-18081]
04 21, 2021 19:01:42 下午 cn.ycx.ycxtomcat.catalina.Connector start
INFO : Starting ProtocolHandler [http-bio-18082]
04 21, 2021 19:01:42 下午 cn.ycx.ycxtomcat.catalina.Server start
INFO : Server startup in 31 ms
04 21, 2021 19:01:52 下午 cn.ycx.ycxtomcat.catalina.HttpProcessor error
ERROR: Instance class [cn.ycx.javaweb.HelloServlet] error!
cn.hutool.core.exceptions.UtilException: Instance class [cn.ycx.javaweb.HelloServlet] error!
	at cn.hutool.core.util.ReflectUtil.newInstance(ReflectUtil.java:594)
	at cn.ycx.ycxtomcat.servlets.InvokerServlet.service(InvokerServlet.java:32)
	at cn.ycx.ycxtomcat.catalina.HttpProcessor.execute(HttpProcessor.java:32)
	at cn.ycx.ycxtomcat.catalina.Connector.lambda$run$0(Connector.java:44)
	at java.util.concurrent.ThreadPoolExecutor.runWorker(ThreadPoolExecutor.java:1149)
	at java.util.concurrent.ThreadPoolExecutor$Worker.run(ThreadPoolExecutor.java:624)
	at java.lang.Thread.run(Thread.java:748)
Caused by: java.lang.ClassNotFoundException: cn.ycx.javaweb.HelloServlet
	at java.net.URLClassLoader.findClass(URLClassLoader.java:381)
	at java.lang.ClassLoader.loadClass(ClassLoader.java:424)
	at sun.misc.Launcher$AppClassLoader.loadClass(Launcher.java:335)
	at java.lang.ClassLoader.loadClass(ClassLoader.java:357)
	at java.lang.Class.forName0(Native Method)
	at java.lang.Class.forName(Class.java:264)
	at cn.hutool.core.util.ReflectUtil.newInstance(ReflectUtil.java:592)
	... 6 more
04 21, 2021 19:08:46 下午 cn.ycx.ycxtomcat.catalina.Context <init>
INFO : Deploying web application directory /Users/chuancey/Idea-Workspace/YcxTomcat/webapps/a
04 21, 2021 19:08:46 下午 cn.ycx.ycxtomcat.catalina.Context deploy
INFO : Deployment of web application directory /Users/chuancey/Idea-Workspace/YcxTomcat/webapps/a has finished in 1 ms.
04 21, 2021 19:08:46 下午 cn.ycx.ycxtomcat.catalina.Context <init>
INFO : Deployment of web application directory /Users/chuancey/Idea-Workspace/YcxTomcat/webapps/a has finished in 458 ms
04 21, 2021 19:08:46 下午 cn.ycx.ycxtomcat.catalina.Context <init>
INFO : Deploying web application directory /Users/chuancey/Idea-Workspace/YcxTomcat/webapps/b
04 21, 2021 19:08:46 下午 cn.ycx.ycxtomcat.catalina.Context deploy
INFO : Deployment of web application directory /Users/chuancey/Idea-Workspace/YcxTomcat/webapps/b has finished in 1 ms.
04 21, 2021 19:08:46 下午 cn.ycx.ycxtomcat.catalina.Context <init>
INFO : Deployment of web application directory /Users/chuancey/Idea-Workspace/YcxTomcat/webapps/b has finished in 2 ms
04 21, 2021 19:08:46 下午 cn.ycx.ycxtomcat.catalina.Context <init>
INFO : Deploying web application directory /Users/chuancey/Idea-Workspace/YcxTomcat/webapps/ROOT
04 21, 2021 19:08:46 下午 cn.ycx.ycxtomcat.catalina.Context deploy
INFO : Deployment of web application directory /Users/chuancey/Idea-Workspace/YcxTomcat/webapps/ROOT has finished in 9 ms.
04 21, 2021 19:08:46 下午 cn.ycx.ycxtomcat.catalina.Context <init>
INFO : Deployment of web application directory /Users/chuancey/Idea-Workspace/YcxTomcat/webapps/ROOT has finished in 11 ms
04 21, 2021 19:08:46 下午 cn.ycx.ycxtomcat.catalina.Context <init>
INFO : Deploying web application directory /Users/chuancey/Idea-Workspace/YcxTomcat/webapps/b
04 21, 2021 19:08:46 下午 cn.ycx.ycxtomcat.catalina.Context deploy
INFO : Deployment of web application directory /Users/chuancey/Idea-Workspace/YcxTomcat/webapps/b has finished in 0 ms.
04 21, 2021 19:08:46 下午 cn.ycx.ycxtomcat.catalina.Context <init>
INFO : Deployment of web application directory /Users/chuancey/Idea-Workspace/YcxTomcat/webapps/b has finished in 3 ms
04 21, 2021 19:08:46 下午 cn.ycx.ycxtomcat.catalina.Context <init>
INFO : Deploying web application directory /Users/chuancey/Idea-Workspace/webforycxtomcat/web
04 21, 2021 19:08:46 下午 cn.ycx.ycxtomcat.catalina.Context deploy
INFO : Deployment of web application directory /Users/chuancey/Idea-Workspace/webforycxtomcat/web has finished in 13 ms.
04 21, 2021 19:08:46 下午 cn.ycx.ycxtomcat.catalina.Context <init>
INFO : Deployment of web application directory /Users/chuancey/Idea-Workspace/webforycxtomcat/web has finished in 16 ms
04 21, 2021 19:08:46 下午 cn.ycx.ycxtomcat.catalina.Server logJVM
INFO : OS Version:		10.12.6
04 21, 2021 19:08:46 下午 cn.ycx.ycxtomcat.catalina.Server logJVM
INFO : OS Name	:		Mac OS X
04 21, 2021 19:08:46 下午 cn.ycx.ycxtomcat.catalina.Server logJVM
INFO : Architecture:		x86_64
04 21, 2021 19:08:46 下午 cn.ycx.ycxtomcat.catalina.Server logJVM
INFO : Server version:		Ycx DiyTomcat/1.0.1
04 21, 2021 19:08:46 下午 cn.ycx.ycxtomcat.catalina.Server logJVM
INFO : Server built:		2020-04-08 10:20:22
04 21, 2021 19:08:46 下午 cn.ycx.ycxtomcat.catalina.Server logJVM
INFO : Java Home:		/Library/Java/JavaVirtualMachines/jdk1.8.0_144.jdk/Contents/Home/jre
04 21, 2021 19:08:46 下午 cn.ycx.ycxtomcat.catalina.Server logJVM
INFO : JVM Version:		1.8.0_144-b01
04 21, 2021 19:08:46 下午 cn.ycx.ycxtomcat.catalina.Server logJVM
INFO : JVM Vendor:		Oracle Corporation
04 21, 2021 19:08:46 下午 cn.ycx.ycxtomcat.catalina.Server logJVM
INFO : Server number:		1.0.1
04 21, 2021 19:08:46 下午 cn.ycx.ycxtomcat.catalina.Connector init
INFO : Initializing ProtocolHandler [http-bio-18080]
04 21, 2021 19:08:46 下午 cn.ycx.ycxtomcat.catalina.Connector init
INFO : Initializing ProtocolHandler [http-bio-18081]
04 21, 2021 19:08:46 下午 cn.ycx.ycxtomcat.catalina.Connector init
INFO : Initializing ProtocolHandler [http-bio-18082]
04 21, 2021 19:08:46 下午 cn.ycx.ycxtomcat.catalina.Service init
INFO : Initialization processed in 94 ms
04 21, 2021 19:08:46 下午 cn.ycx.ycxtomcat.catalina.Connector start
INFO : Starting ProtocolHandler [http-bio-18080]
04 21, 2021 19:08:46 下午 cn.ycx.ycxtomcat.catalina.Connector start
INFO : Starting ProtocolHandler [http-bio-18081]
04 21, 2021 19:08:46 下午 cn.ycx.ycxtomcat.catalina.Connector start
INFO : Starting ProtocolHandler [http-bio-18082]
04 21, 2021 19:08:46 下午 cn.ycx.ycxtomcat.catalina.Server start
INFO : Server startup in 150 ms
04 21, 2021 19:16:36 下午 cn.ycx.ycxtomcat.catalina.HttpProcessor error
ERROR: Instance class [cn.ycx.javaweb.HelloServlet] error!
cn.hutool.core.exceptions.UtilException: Instance class [cn.ycx.javaweb.HelloServlet] error!
	at cn.hutool.core.util.ReflectUtil.newInstance(ReflectUtil.java:594)
	at cn.ycx.ycxtomcat.servlets.InvokerServlet.service(InvokerServlet.java:32)
	at cn.ycx.ycxtomcat.catalina.HttpProcessor.execute(HttpProcessor.java:32)
	at cn.ycx.ycxtomcat.catalina.Connector.lambda$run$0(Connector.java:44)
	at java.util.concurrent.ThreadPoolExecutor.runWorker(ThreadPoolExecutor.java:1149)
	at java.util.concurrent.ThreadPoolExecutor$Worker.run(ThreadPoolExecutor.java:624)
	at java.lang.Thread.run(Thread.java:748)
Caused by: java.lang.ClassNotFoundException: cn.ycx.javaweb.HelloServlet
	at java.net.URLClassLoader.findClass(URLClassLoader.java:381)
	at java.lang.ClassLoader.loadClass(ClassLoader.java:424)
	at sun.misc.Launcher$AppClassLoader.loadClass(Launcher.java:335)
	at java.lang.ClassLoader.loadClass(ClassLoader.java:357)
	at java.lang.Class.forName0(Native Method)
	at java.lang.Class.forName(Class.java:264)
	at cn.hutool.core.util.ReflectUtil.newInstance(ReflectUtil.java:592)
	... 6 more
04 21, 2021 19:16:51 下午 cn.ycx.ycxtomcat.catalina.Context <init>
INFO : Deploying web application directory /Users/chuancey/Idea-Workspace/YcxTomcat/webapps/a
04 21, 2021 19:16:51 下午 cn.ycx.ycxtomcat.catalina.Context deploy
INFO : Deployment of web application directory /Users/chuancey/Idea-Workspace/YcxTomcat/webapps/a has finished in 0 ms.
04 21, 2021 19:16:51 下午 cn.ycx.ycxtomcat.catalina.Context <init>
INFO : Deployment of web application directory /Users/chuancey/Idea-Workspace/YcxTomcat/webapps/a has finished in 256 ms
04 21, 2021 19:16:51 下午 cn.ycx.ycxtomcat.catalina.Context <init>
INFO : Deploying web application directory /Users/chuancey/Idea-Workspace/YcxTomcat/webapps/b
04 21, 2021 19:16:51 下午 cn.ycx.ycxtomcat.catalina.Context deploy
INFO : Deployment of web application directory /Users/chuancey/Idea-Workspace/YcxTomcat/webapps/b has finished in 0 ms.
04 21, 2021 19:16:51 下午 cn.ycx.ycxtomcat.catalina.Context <init>
INFO : Deployment of web application directory /Users/chuancey/Idea-Workspace/YcxTomcat/webapps/b has finished in 3 ms
04 21, 2021 19:16:51 下午 cn.ycx.ycxtomcat.catalina.Context <init>
INFO : Deploying web application directory /Users/chuancey/Idea-Workspace/YcxTomcat/webapps/ROOT
04 21, 2021 19:16:51 下午 cn.ycx.ycxtomcat.catalina.Context deploy
INFO : Deployment of web application directory /Users/chuancey/Idea-Workspace/YcxTomcat/webapps/ROOT has finished in 7 ms.
04 21, 2021 19:16:51 下午 cn.ycx.ycxtomcat.catalina.Context <init>
INFO : Deployment of web application directory /Users/chuancey/Idea-Workspace/YcxTomcat/webapps/ROOT has finished in 10 ms
04 21, 2021 19:16:51 下午 cn.ycx.ycxtomcat.catalina.Context <init>
INFO : Deploying web application directory /Users/chuancey/Idea-Workspace/YcxTomcat/webapps/b
04 21, 2021 19:16:51 下午 cn.ycx.ycxtomcat.catalina.Context deploy
INFO : Deployment of web application directory /Users/chuancey/Idea-Workspace/YcxTomcat/webapps/b has finished in 0 ms.
04 21, 2021 19:16:51 下午 cn.ycx.ycxtomcat.catalina.Context <init>
INFO : Deployment of web application directory /Users/chuancey/Idea-Workspace/YcxTomcat/webapps/b has finished in 8 ms
04 21, 2021 19:16:51 下午 cn.ycx.ycxtomcat.catalina.Context <init>
INFO : Deploying web application directory /Users/chuancey/Idea-Workspace/webforycxtomcat/web
04 21, 2021 19:16:51 下午 cn.ycx.ycxtomcat.catalina.Context deploy
INFO : Deployment of web application directory /Users/chuancey/Idea-Workspace/webforycxtomcat/web has finished in 5 ms.
04 21, 2021 19:16:51 下午 cn.ycx.ycxtomcat.catalina.Context <init>
INFO : Deployment of web application directory /Users/chuancey/Idea-Workspace/webforycxtomcat/web has finished in 9 ms
04 21, 2021 19:16:52 下午 cn.ycx.ycxtomcat.catalina.Server logJVM
INFO : OS Version:		10.12.6
04 21, 2021 19:16:52 下午 cn.ycx.ycxtomcat.catalina.Server logJVM
INFO : OS Name	:		Mac OS X
04 21, 2021 19:16:52 下午 cn.ycx.ycxtomcat.catalina.Server logJVM
INFO : Architecture:		x86_64
04 21, 2021 19:16:52 下午 cn.ycx.ycxtomcat.catalina.Server logJVM
INFO : Server version:		Ycx DiyTomcat/1.0.1
04 21, 2021 19:16:52 下午 cn.ycx.ycxtomcat.catalina.Server logJVM
INFO : Server built:		2020-04-08 10:20:22
04 21, 2021 19:16:52 下午 cn.ycx.ycxtomcat.catalina.Server logJVM
INFO : Java Home:		/Library/Java/JavaVirtualMachines/jdk1.8.0_144.jdk/Contents/Home/jre
04 21, 2021 19:16:52 下午 cn.ycx.ycxtomcat.catalina.Server logJVM
INFO : JVM Version:		1.8.0_144-b01
04 21, 2021 19:16:52 下午 cn.ycx.ycxtomcat.catalina.Server logJVM
INFO : JVM Vendor:		Oracle Corporation
04 21, 2021 19:16:52 下午 cn.ycx.ycxtomcat.catalina.Server logJVM
INFO : Server number:		1.0.1
04 21, 2021 19:16:52 下午 cn.ycx.ycxtomcat.catalina.Connector init
INFO : Initializing ProtocolHandler [http-bio-18080]
04 21, 2021 19:16:52 下午 cn.ycx.ycxtomcat.catalina.Connector init
INFO : Initializing ProtocolHandler [http-bio-18081]
04 21, 2021 19:16:52 下午 cn.ycx.ycxtomcat.catalina.Connector init
INFO : Initializing ProtocolHandler [http-bio-18082]
04 21, 2021 19:16:52 下午 cn.ycx.ycxtomcat.catalina.Service init
INFO : Initialization processed in 1 ms
04 21, 2021 19:16:52 下午 cn.ycx.ycxtomcat.catalina.Connector start
INFO : Starting ProtocolHandler [http-bio-18080]
04 21, 2021 19:16:52 下午 cn.ycx.ycxtomcat.catalina.Connector start
INFO : Starting ProtocolHandler [http-bio-18081]
04 21, 2021 19:16:52 下午 cn.ycx.ycxtomcat.catalina.Connector start
INFO : Starting ProtocolHandler [http-bio-18082]
04 21, 2021 19:16:52 下午 cn.ycx.ycxtomcat.catalina.Server start
INFO : Server startup in 11 ms
04 21, 2021 19:17:45 下午 cn.ycx.ycxtomcat.catalina.Context <init>
INFO : Deploying web application directory /Users/chuancey/Idea-Workspace/YcxTomcat/webapps/a
04 21, 2021 19:17:45 下午 cn.ycx.ycxtomcat.catalina.Context deploy
INFO : Deployment of web application directory /Users/chuancey/Idea-Workspace/YcxTomcat/webapps/a has finished in 0 ms.
04 21, 2021 19:17:45 下午 cn.ycx.ycxtomcat.catalina.Context <init>
INFO : Deployment of web application directory /Users/chuancey/Idea-Workspace/YcxTomcat/webapps/a has finished in 375 ms
04 21, 2021 19:17:45 下午 cn.ycx.ycxtomcat.catalina.Context <init>
INFO : Deploying web application directory /Users/chuancey/Idea-Workspace/YcxTomcat/webapps/b
04 21, 2021 19:17:45 下午 cn.ycx.ycxtomcat.catalina.Context deploy
INFO : Deployment of web application directory /Users/chuancey/Idea-Workspace/YcxTomcat/webapps/b has finished in 0 ms.
04 21, 2021 19:17:45 下午 cn.ycx.ycxtomcat.catalina.Context <init>
INFO : Deployment of web application directory /Users/chuancey/Idea-Workspace/YcxTomcat/webapps/b has finished in 2 ms
04 21, 2021 19:17:45 下午 cn.ycx.ycxtomcat.catalina.Context <init>
INFO : Deploying web application directory /Users/chuancey/Idea-Workspace/YcxTomcat/webapps/ROOT
04 21, 2021 19:17:45 下午 cn.ycx.ycxtomcat.catalina.Context deploy
INFO : Deployment of web application directory /Users/chuancey/Idea-Workspace/YcxTomcat/webapps/ROOT has finished in 8 ms.
04 21, 2021 19:17:45 下午 cn.ycx.ycxtomcat.catalina.Context <init>
INFO : Deployment of web application directory /Users/chuancey/Idea-Workspace/YcxTomcat/webapps/ROOT has finished in 11 ms
04 21, 2021 19:17:45 下午 cn.ycx.ycxtomcat.catalina.Context <init>
INFO : Deploying web application directory /Users/chuancey/Idea-Workspace/YcxTomcat/webapps/b
04 21, 2021 19:17:45 下午 cn.ycx.ycxtomcat.catalina.Context deploy
INFO : Deployment of web application directory /Users/chuancey/Idea-Workspace/YcxTomcat/webapps/b has finished in 0 ms.
04 21, 2021 19:17:45 下午 cn.ycx.ycxtomcat.catalina.Context <init>
INFO : Deployment of web application directory /Users/chuancey/Idea-Workspace/YcxTomcat/webapps/b has finished in 2 ms
04 21, 2021 19:17:45 下午 cn.ycx.ycxtomcat.catalina.Context <init>
INFO : Deploying web application directory /Users/chuancey/Idea-Workspace/webforycxtomcat/web
04 21, 2021 19:17:45 下午 cn.ycx.ycxtomcat.catalina.Context deploy
INFO : Deployment of web application directory /Users/chuancey/Idea-Workspace/webforycxtomcat/web has finished in 5 ms.
04 21, 2021 19:17:45 下午 cn.ycx.ycxtomcat.catalina.Context <init>
INFO : Deployment of web application directory /Users/chuancey/Idea-Workspace/webforycxtomcat/web has finished in 6 ms
04 21, 2021 19:17:45 下午 cn.ycx.ycxtomcat.catalina.Server logJVM
INFO : OS Version:		10.12.6
04 21, 2021 19:17:45 下午 cn.ycx.ycxtomcat.catalina.Server logJVM
INFO : OS Name	:		Mac OS X
04 21, 2021 19:17:45 下午 cn.ycx.ycxtomcat.catalina.Server logJVM
INFO : Architecture:		x86_64
04 21, 2021 19:17:45 下午 cn.ycx.ycxtomcat.catalina.Server logJVM
INFO : Server version:		Ycx DiyTomcat/1.0.1
04 21, 2021 19:17:45 下午 cn.ycx.ycxtomcat.catalina.Server logJVM
INFO : Server built:		2020-04-08 10:20:22
04 21, 2021 19:17:45 下午 cn.ycx.ycxtomcat.catalina.Server logJVM
INFO : Java Home:		/Library/Java/JavaVirtualMachines/jdk1.8.0_144.jdk/Contents/Home/jre
04 21, 2021 19:17:45 下午 cn.ycx.ycxtomcat.catalina.Server logJVM
INFO : JVM Version:		1.8.0_144-b01
04 21, 2021 19:17:45 下午 cn.ycx.ycxtomcat.catalina.Server logJVM
INFO : JVM Vendor:		Oracle Corporation
04 21, 2021 19:17:45 下午 cn.ycx.ycxtomcat.catalina.Server logJVM
INFO : Server number:		1.0.1
04 21, 2021 19:17:45 下午 cn.ycx.ycxtomcat.catalina.Connector init
INFO : Initializing ProtocolHandler [http-bio-18080]
04 21, 2021 19:17:45 下午 cn.ycx.ycxtomcat.catalina.Connector init
INFO : Initializing ProtocolHandler [http-bio-18081]
04 21, 2021 19:17:45 下午 cn.ycx.ycxtomcat.catalina.Connector init
INFO : Initializing ProtocolHandler [http-bio-18082]
04 21, 2021 19:17:45 下午 cn.ycx.ycxtomcat.catalina.Service init
INFO : Initialization processed in 3 ms
04 21, 2021 19:17:45 下午 cn.ycx.ycxtomcat.catalina.Connector start
INFO : Starting ProtocolHandler [http-bio-18080]
04 21, 2021 19:17:45 下午 cn.ycx.ycxtomcat.catalina.Connector start
INFO : Starting ProtocolHandler [http-bio-18081]
04 21, 2021 19:17:45 下午 cn.ycx.ycxtomcat.catalina.Connector start
INFO : Starting ProtocolHandler [http-bio-18082]
04 21, 2021 19:17:45 下午 cn.ycx.ycxtomcat.catalina.Server start
INFO : Server startup in 15 ms
04 21, 2021 19:17:55 下午 cn.ycx.ycxtomcat.catalina.HttpProcessor error
ERROR: this is a deliberately created exception
java.lang.RuntimeException: this is a deliberately created exception
	at cn.ycx.ycxtomcat.servlets.DefaultServlet.service(DefaultServlet.java:29)
	at cn.ycx.ycxtomcat.catalina.HttpProcessor.execute(HttpProcessor.java:34)
	at cn.ycx.ycxtomcat.catalina.Connector.lambda$run$0(Connector.java:44)
	at java.util.concurrent.ThreadPoolExecutor.runWorker(ThreadPoolExecutor.java:1149)
	at java.util.concurrent.ThreadPoolExecutor$Worker.run(ThreadPoolExecutor.java:624)
	at java.lang.Thread.run(Thread.java:748)
04 21, 2021 19:19:29 下午 cn.ycx.ycxtomcat.catalina.Context <init>
INFO : Deploying web application directory /Users/chuancey/Idea-Workspace/YcxTomcat/webapps/a
04 21, 2021 19:19:29 下午 cn.ycx.ycxtomcat.catalina.Context deploy
INFO : Deployment of web application directory /Users/chuancey/Idea-Workspace/YcxTomcat/webapps/a has finished in 0 ms.
04 21, 2021 19:19:29 下午 cn.ycx.ycxtomcat.catalina.Context <init>
INFO : Deployment of web application directory /Users/chuancey/Idea-Workspace/YcxTomcat/webapps/a has finished in 295 ms
04 21, 2021 19:19:29 下午 cn.ycx.ycxtomcat.catalina.Context <init>
INFO : Deploying web application directory /Users/chuancey/Idea-Workspace/YcxTomcat/webapps/b
04 21, 2021 19:19:29 下午 cn.ycx.ycxtomcat.catalina.Context deploy
INFO : Deployment of web application directory /Users/chuancey/Idea-Workspace/YcxTomcat/webapps/b has finished in 0 ms.
04 21, 2021 19:19:29 下午 cn.ycx.ycxtomcat.catalina.Context <init>
INFO : Deployment of web application directory /Users/chuancey/Idea-Workspace/YcxTomcat/webapps/b has finished in 4 ms
04 21, 2021 19:19:29 下午 cn.ycx.ycxtomcat.catalina.Context <init>
INFO : Deploying web application directory /Users/chuancey/Idea-Workspace/YcxTomcat/webapps/ROOT
04 21, 2021 19:19:29 下午 cn.ycx.ycxtomcat.catalina.Context deploy
INFO : Deployment of web application directory /Users/chuancey/Idea-Workspace/YcxTomcat/webapps/ROOT has finished in 9 ms.
04 21, 2021 19:19:29 下午 cn.ycx.ycxtomcat.catalina.Context <init>
INFO : Deployment of web application directory /Users/chuancey/Idea-Workspace/YcxTomcat/webapps/ROOT has finished in 11 ms
04 21, 2021 19:19:29 下午 cn.ycx.ycxtomcat.catalina.Context <init>
INFO : Deploying web application directory /Users/chuancey/Idea-Workspace/YcxTomcat/webapps/b
04 21, 2021 19:19:29 下午 cn.ycx.ycxtomcat.catalina.Context deploy
INFO : Deployment of web application directory /Users/chuancey/Idea-Workspace/YcxTomcat/webapps/b has finished in 0 ms.
04 21, 2021 19:19:29 下午 cn.ycx.ycxtomcat.catalina.Context <init>
INFO : Deployment of web application directory /Users/chuancey/Idea-Workspace/YcxTomcat/webapps/b has finished in 2 ms
04 21, 2021 19:19:29 下午 cn.ycx.ycxtomcat.catalina.Context <init>
INFO : Deploying web application directory /Users/chuancey/Idea-Workspace/webforycxtomcat/web
04 21, 2021 19:19:29 下午 cn.ycx.ycxtomcat.catalina.Context deploy
INFO : Deployment of web application directory /Users/chuancey/Idea-Workspace/webforycxtomcat/web has finished in 4 ms.
04 21, 2021 19:19:29 下午 cn.ycx.ycxtomcat.catalina.Context <init>
INFO : Deployment of web application directory /Users/chuancey/Idea-Workspace/webforycxtomcat/web has finished in 7 ms
04 21, 2021 19:19:29 下午 cn.ycx.ycxtomcat.catalina.Server logJVM
INFO : OS Version:		10.12.6
04 21, 2021 19:19:29 下午 cn.ycx.ycxtomcat.catalina.Server logJVM
INFO : OS Name	:		Mac OS X
04 21, 2021 19:19:29 下午 cn.ycx.ycxtomcat.catalina.Server logJVM
INFO : Architecture:		x86_64
04 21, 2021 19:19:29 下午 cn.ycx.ycxtomcat.catalina.Server logJVM
INFO : Server version:		Ycx DiyTomcat/1.0.1
04 21, 2021 19:19:29 下午 cn.ycx.ycxtomcat.catalina.Server logJVM
INFO : Server built:		2020-04-08 10:20:22
04 21, 2021 19:19:29 下午 cn.ycx.ycxtomcat.catalina.Server logJVM
INFO : Java Home:		/Library/Java/JavaVirtualMachines/jdk1.8.0_144.jdk/Contents/Home/jre
04 21, 2021 19:19:29 下午 cn.ycx.ycxtomcat.catalina.Server logJVM
INFO : JVM Version:		1.8.0_144-b01
04 21, 2021 19:19:29 下午 cn.ycx.ycxtomcat.catalina.Server logJVM
INFO : JVM Vendor:		Oracle Corporation
04 21, 2021 19:19:29 下午 cn.ycx.ycxtomcat.catalina.Server logJVM
INFO : Server number:		1.0.1
04 21, 2021 19:19:29 下午 cn.ycx.ycxtomcat.catalina.Connector init
INFO : Initializing ProtocolHandler [http-bio-18080]
04 21, 2021 19:19:29 下午 cn.ycx.ycxtomcat.catalina.Connector init
INFO : Initializing ProtocolHandler [http-bio-18081]
04 21, 2021 19:19:29 下午 cn.ycx.ycxtomcat.catalina.Connector init
INFO : Initializing ProtocolHandler [http-bio-18082]
04 21, 2021 19:19:29 下午 cn.ycx.ycxtomcat.catalina.Service init
INFO : Initialization processed in 3 ms
04 21, 2021 19:19:29 下午 cn.ycx.ycxtomcat.catalina.Connector start
INFO : Starting ProtocolHandler [http-bio-18080]
04 21, 2021 19:19:29 下午 cn.ycx.ycxtomcat.catalina.Connector start
INFO : Starting ProtocolHandler [http-bio-18081]
04 21, 2021 19:19:29 下午 cn.ycx.ycxtomcat.catalina.Connector start
INFO : Starting ProtocolHandler [http-bio-18082]
04 21, 2021 19:19:29 下午 cn.ycx.ycxtomcat.catalina.Server start
INFO : Server startup in 15 ms
04 21, 2021 19:29:14 下午 cn.ycx.ycxtomcat.catalina.Context <init>
INFO : Deploying web application directory /Users/chuancey/Idea-Workspace/YcxTomcat/webapps/a
04 21, 2021 19:29:14 下午 cn.ycx.ycxtomcat.catalina.Context deploy
INFO : Deployment of web application directory /Users/chuancey/Idea-Workspace/YcxTomcat/webapps/a has finished in 0 ms.
04 21, 2021 19:29:17 下午 cn.ycx.ycxtomcat.catalina.Context <init>
INFO : Deploying web application directory /Users/chuancey/Idea-Workspace/YcxTomcat/webapps/b
04 21, 2021 19:29:17 下午 cn.ycx.ycxtomcat.catalina.Context deploy
INFO : Deployment of web application directory /Users/chuancey/Idea-Workspace/YcxTomcat/webapps/b has finished in 0 ms.
04 21, 2021 19:29:18 下午 cn.ycx.ycxtomcat.catalina.Context <init>
INFO : Deploying web application directory /Users/chuancey/Idea-Workspace/YcxTomcat/webapps/ROOT
04 21, 2021 19:29:18 下午 cn.ycx.ycxtomcat.catalina.Context deploy
INFO : Deployment of web application directory /Users/chuancey/Idea-Workspace/YcxTomcat/webapps/ROOT has finished in 15 ms.
04 21, 2021 19:29:26 下午 cn.ycx.ycxtomcat.catalina.Context <init>
INFO : Deploying web application directory /Users/chuancey/Idea-Workspace/YcxTomcat/webapps/b
04 21, 2021 19:29:26 下午 cn.ycx.ycxtomcat.catalina.Context deploy
INFO : Deployment of web application directory /Users/chuancey/Idea-Workspace/YcxTomcat/webapps/b has finished in 1 ms.
04 21, 2021 19:37:26 下午 cn.ycx.ycxtomcat.catalina.Context <init>
INFO : Deploying web application directory /Users/chuancey/Idea-Workspace/webforycxtomcat/web
04 21, 2021 19:37:26 下午 cn.ycx.ycxtomcat.catalina.Context deploy
INFO : Deployment of web application directory /Users/chuancey/Idea-Workspace/webforycxtomcat/web has finished in 10 ms.
04 21, 2021 19:37:26 下午 cn.ycx.ycxtomcat.catalina.Server logJVM
INFO : OS Version:		10.12.6
04 21, 2021 19:37:26 下午 cn.ycx.ycxtomcat.catalina.Server logJVM
INFO : OS Name	:		Mac OS X
04 21, 2021 19:37:26 下午 cn.ycx.ycxtomcat.catalina.Server logJVM
INFO : Architecture:		x86_64
04 21, 2021 19:37:26 下午 cn.ycx.ycxtomcat.catalina.Server logJVM
INFO : Server version:		Ycx DiyTomcat/1.0.1
04 21, 2021 19:37:26 下午 cn.ycx.ycxtomcat.catalina.Server logJVM
INFO : Server built:		2020-04-08 10:20:22
04 21, 2021 19:37:26 下午 cn.ycx.ycxtomcat.catalina.Server logJVM
INFO : Java Home:		/Library/Java/JavaVirtualMachines/jdk1.8.0_144.jdk/Contents/Home/jre
04 21, 2021 19:37:26 下午 cn.ycx.ycxtomcat.catalina.Server logJVM
INFO : JVM Version:		1.8.0_144-b01
04 21, 2021 19:37:26 下午 cn.ycx.ycxtomcat.catalina.Server logJVM
INFO : JVM Vendor:		Oracle Corporation
04 21, 2021 19:37:26 下午 cn.ycx.ycxtomcat.catalina.Server logJVM
INFO : Server number:		1.0.1
04 21, 2021 19:37:26 下午 cn.ycx.ycxtomcat.catalina.Connector init
INFO : Initializing ProtocolHandler [http-bio-18080]
04 21, 2021 19:37:26 下午 cn.ycx.ycxtomcat.catalina.Connector init
INFO : Initializing ProtocolHandler [http-bio-18081]
04 21, 2021 19:37:26 下午 cn.ycx.ycxtomcat.catalina.Connector init
INFO : Initializing ProtocolHandler [http-bio-18082]
04 21, 2021 19:37:26 下午 cn.ycx.ycxtomcat.catalina.Service init
INFO : Initialization processed in 1 ms
04 21, 2021 19:37:26 下午 cn.ycx.ycxtomcat.catalina.Connector start
INFO : Starting ProtocolHandler [http-bio-18080]
04 21, 2021 19:37:26 下午 cn.ycx.ycxtomcat.catalina.Connector start
INFO : Starting ProtocolHandler [http-bio-18081]
04 21, 2021 19:37:26 下午 cn.ycx.ycxtomcat.catalina.Connector start
INFO : Starting ProtocolHandler [http-bio-18082]
04 21, 2021 19:37:26 下午 cn.ycx.ycxtomcat.catalina.Server start
INFO : Server startup in 11 ms
04 21, 2021 19:40:45 下午 cn.ycx.ycxtomcat.catalina.Context <init>
INFO : Deploying web application directory /Users/chuancey/Idea-Workspace/YcxTomcat/webapps/a
04 21, 2021 19:40:45 下午 cn.ycx.ycxtomcat.catalina.Context deploy
INFO : Deployment of web application directory /Users/chuancey/Idea-Workspace/YcxTomcat/webapps/a has finished in 0 ms.
04 21, 2021 19:40:45 下午 cn.ycx.ycxtomcat.catalina.Context <init>
INFO : Deploying web application directory /Users/chuancey/Idea-Workspace/YcxTomcat/webapps/b
04 21, 2021 19:40:45 下午 cn.ycx.ycxtomcat.catalina.Context deploy
INFO : Deployment of web application directory /Users/chuancey/Idea-Workspace/YcxTomcat/webapps/b has finished in 0 ms.
04 21, 2021 19:40:45 下午 cn.ycx.ycxtomcat.catalina.Context <init>
INFO : Deploying web application directory /Users/chuancey/Idea-Workspace/YcxTomcat/webapps/ROOT
04 21, 2021 19:40:45 下午 cn.ycx.ycxtomcat.catalina.Context deploy
INFO : Deployment of web application directory /Users/chuancey/Idea-Workspace/YcxTomcat/webapps/ROOT has finished in 5 ms.
04 21, 2021 19:40:45 下午 cn.ycx.ycxtomcat.catalina.Context <init>
INFO : Deploying web application directory /Users/chuancey/Idea-Workspace/YcxTomcat/webapps/b
04 21, 2021 19:40:45 下午 cn.ycx.ycxtomcat.catalina.Context deploy
INFO : Deployment of web application directory /Users/chuancey/Idea-Workspace/YcxTomcat/webapps/b has finished in 0 ms.
04 21, 2021 19:40:45 下午 cn.ycx.ycxtomcat.catalina.Context <init>
INFO : Deploying web application directory /Users/chuancey/Idea-Workspace/webforycxtomcat/web
04 21, 2021 19:40:45 下午 cn.ycx.ycxtomcat.catalina.Context deploy
INFO : Deployment of web application directory /Users/chuancey/Idea-Workspace/webforycxtomcat/web has finished in 3 ms.
04 21, 2021 19:40:45 下午 cn.ycx.ycxtomcat.catalina.Server logJVM
INFO : OS Version:		10.12.6
04 21, 2021 19:40:45 下午 cn.ycx.ycxtomcat.catalina.Server logJVM
INFO : OS Name	:		Mac OS X
04 21, 2021 19:40:45 下午 cn.ycx.ycxtomcat.catalina.Server logJVM
INFO : Architecture:		x86_64
04 21, 2021 19:40:45 下午 cn.ycx.ycxtomcat.catalina.Server logJVM
INFO : Server version:		Ycx DiyTomcat/1.0.1
04 21, 2021 19:40:45 下午 cn.ycx.ycxtomcat.catalina.Server logJVM
INFO : Server built:		2020-04-08 10:20:22
04 21, 2021 19:40:45 下午 cn.ycx.ycxtomcat.catalina.Server logJVM
INFO : Java Home:		/Library/Java/JavaVirtualMachines/jdk1.8.0_144.jdk/Contents/Home/jre
04 21, 2021 19:40:45 下午 cn.ycx.ycxtomcat.catalina.Server logJVM
INFO : JVM Version:		1.8.0_144-b01
04 21, 2021 19:40:45 下午 cn.ycx.ycxtomcat.catalina.Server logJVM
INFO : JVM Vendor:		Oracle Corporation
04 21, 2021 19:40:45 下午 cn.ycx.ycxtomcat.catalina.Server logJVM
INFO : Server number:		1.0.1
04 21, 2021 19:40:45 下午 cn.ycx.ycxtomcat.catalina.Connector init
INFO : Initializing ProtocolHandler [http-bio-18080]
04 21, 2021 19:40:45 下午 cn.ycx.ycxtomcat.catalina.Connector init
INFO : Initializing ProtocolHandler [http-bio-18081]
04 21, 2021 19:40:45 下午 cn.ycx.ycxtomcat.catalina.Connector init
INFO : Initializing ProtocolHandler [http-bio-18082]
04 21, 2021 19:40:45 下午 cn.ycx.ycxtomcat.catalina.Service init
INFO : Initialization processed in 1 ms
04 21, 2021 19:40:45 下午 cn.ycx.ycxtomcat.catalina.Connector start
INFO : Starting ProtocolHandler [http-bio-18080]
04 21, 2021 19:40:45 下午 cn.ycx.ycxtomcat.catalina.Connector start
INFO : Starting ProtocolHandler [http-bio-18081]
04 21, 2021 19:40:45 下午 cn.ycx.ycxtomcat.catalina.Connector start
INFO : Starting ProtocolHandler [http-bio-18082]
04 21, 2021 19:40:45 下午 cn.ycx.ycxtomcat.catalina.Server start
INFO : Server startup in 12 ms
04 21, 2021 19:45:04 下午 cn.ycx.ycxtomcat.catalina.Context <init>
INFO : Deploying web application directory /Users/chuancey/Idea-Workspace/YcxTomcat/webapps/a
04 21, 2021 19:45:04 下午 cn.ycx.ycxtomcat.catalina.Context deploy
INFO : Deployment of web application directory /Users/chuancey/Idea-Workspace/YcxTomcat/webapps/a has finished in 0 ms.
04 21, 2021 19:45:04 下午 cn.ycx.ycxtomcat.catalina.Context <init>
INFO : Deploying web application directory /Users/chuancey/Idea-Workspace/YcxTomcat/webapps/b
04 21, 2021 19:45:04 下午 cn.ycx.ycxtomcat.catalina.Context deploy
INFO : Deployment of web application directory /Users/chuancey/Idea-Workspace/YcxTomcat/webapps/b has finished in 0 ms.
04 21, 2021 19:45:04 下午 cn.ycx.ycxtomcat.catalina.Context <init>
INFO : Deploying web application directory /Users/chuancey/Idea-Workspace/YcxTomcat/webapps/ROOT
04 21, 2021 19:45:04 下午 cn.ycx.ycxtomcat.catalina.Context deploy
INFO : Deployment of web application directory /Users/chuancey/Idea-Workspace/YcxTomcat/webapps/ROOT has finished in 6 ms.
04 21, 2021 19:45:04 下午 cn.ycx.ycxtomcat.catalina.Context <init>
INFO : Deploying web application directory /Users/chuancey/Idea-Workspace/YcxTomcat/webapps/b
04 21, 2021 19:45:04 下午 cn.ycx.ycxtomcat.catalina.Context deploy
INFO : Deployment of web application directory /Users/chuancey/Idea-Workspace/YcxTomcat/webapps/b has finished in 0 ms.
04 21, 2021 19:45:04 下午 cn.ycx.ycxtomcat.catalina.Context <init>
INFO : Deploying web application directory /Users/chuancey/Idea-Workspace/webforycxtomcat/web
04 21, 2021 19:45:04 下午 cn.ycx.ycxtomcat.catalina.Context deploy
INFO : Deployment of web application directory /Users/chuancey/Idea-Workspace/webforycxtomcat/web has finished in 4 ms.
04 21, 2021 19:45:04 下午 cn.ycx.ycxtomcat.catalina.Server logJVM
INFO : OS Version:		10.12.6
04 21, 2021 19:45:04 下午 cn.ycx.ycxtomcat.catalina.Server logJVM
INFO : OS Name	:		Mac OS X
04 21, 2021 19:45:04 下午 cn.ycx.ycxtomcat.catalina.Server logJVM
INFO : Architecture:		x86_64
04 21, 2021 19:45:04 下午 cn.ycx.ycxtomcat.catalina.Server logJVM
INFO : Server version:		Ycx DiyTomcat/1.0.1
04 21, 2021 19:45:04 下午 cn.ycx.ycxtomcat.catalina.Server logJVM
INFO : Server built:		2020-04-08 10:20:22
04 21, 2021 19:45:04 下午 cn.ycx.ycxtomcat.catalina.Server logJVM
INFO : Java Home:		/Library/Java/JavaVirtualMachines/jdk1.8.0_144.jdk/Contents/Home/jre
04 21, 2021 19:45:04 下午 cn.ycx.ycxtomcat.catalina.Server logJVM
INFO : JVM Version:		1.8.0_144-b01
04 21, 2021 19:45:04 下午 cn.ycx.ycxtomcat.catalina.Server logJVM
INFO : JVM Vendor:		Oracle Corporation
04 21, 2021 19:45:04 下午 cn.ycx.ycxtomcat.catalina.Server logJVM
INFO : Server number:		1.0.1
04 21, 2021 19:45:04 下午 cn.ycx.ycxtomcat.catalina.Connector init
INFO : Initializing ProtocolHandler [http-bio-18080]
04 21, 2021 19:45:04 下午 cn.ycx.ycxtomcat.catalina.Connector init
INFO : Initializing ProtocolHandler [http-bio-18081]
04 21, 2021 19:45:04 下午 cn.ycx.ycxtomcat.catalina.Connector init
INFO : Initializing ProtocolHandler [http-bio-18082]
04 21, 2021 19:45:04 下午 cn.ycx.ycxtomcat.catalina.Service init
INFO : Initialization processed in 1 ms
04 21, 2021 19:45:04 下午 cn.ycx.ycxtomcat.catalina.Connector start
INFO : Starting ProtocolHandler [http-bio-18080]
04 21, 2021 19:45:04 下午 cn.ycx.ycxtomcat.catalina.Connector start
INFO : Starting ProtocolHandler [http-bio-18081]
04 21, 2021 19:45:04 下午 cn.ycx.ycxtomcat.catalina.Connector start
INFO : Starting ProtocolHandler [http-bio-18082]
04 21, 2021 19:45:04 下午 cn.ycx.ycxtomcat.catalina.Server start
INFO : Server startup in 16 ms
04 21, 2021 19:45:14 下午 cn.ycx.ycxtomcat.catalina.HttpProcessor error
ERROR: this is a deliberately created exception
java.lang.RuntimeException: this is a deliberately created exception
	at cn.ycx.ycxtomcat.servlets.DefaultServlet.service(DefaultServlet.java:29)
	at cn.ycx.ycxtomcat.catalina.HttpProcessor.execute(HttpProcessor.java:34)
	at cn.ycx.ycxtomcat.catalina.Connector.lambda$run$0(Connector.java:44)
	at java.util.concurrent.ThreadPoolExecutor.runWorker(ThreadPoolExecutor.java:1149)
	at java.util.concurrent.ThreadPoolExecutor$Worker.run(ThreadPoolExecutor.java:624)
	at java.lang.Thread.run(Thread.java:748)
04 21, 2021 19:48:04 下午 cn.ycx.ycxtomcat.catalina.Context <init>
INFO : Deploying web application directory /Users/chuancey/Idea-Workspace/YcxTomcat/webapps/a
04 21, 2021 19:48:04 下午 cn.ycx.ycxtomcat.catalina.Context deploy
INFO : Deployment of web application directory /Users/chuancey/Idea-Workspace/YcxTomcat/webapps/a has finished in 0 ms.
04 21, 2021 19:48:04 下午 cn.ycx.ycxtomcat.catalina.Context <init>
INFO : Deploying web application directory /Users/chuancey/Idea-Workspace/YcxTomcat/webapps/b
04 21, 2021 19:48:04 下午 cn.ycx.ycxtomcat.catalina.Context deploy
INFO : Deployment of web application directory /Users/chuancey/Idea-Workspace/YcxTomcat/webapps/b has finished in 0 ms.
04 21, 2021 19:48:04 下午 cn.ycx.ycxtomcat.catalina.Context <init>
INFO : Deploying web application directory /Users/chuancey/Idea-Workspace/YcxTomcat/webapps/ROOT
04 21, 2021 19:48:04 下午 cn.ycx.ycxtomcat.catalina.Context deploy
INFO : Deployment of web application directory /Users/chuancey/Idea-Workspace/YcxTomcat/webapps/ROOT has finished in 7 ms.
04 21, 2021 19:48:04 下午 cn.ycx.ycxtomcat.catalina.Context <init>
INFO : Deploying web application directory /Users/chuancey/Idea-Workspace/YcxTomcat/webapps/b
04 21, 2021 19:48:04 下午 cn.ycx.ycxtomcat.catalina.Context deploy
INFO : Deployment of web application directory /Users/chuancey/Idea-Workspace/YcxTomcat/webapps/b has finished in 0 ms.
04 21, 2021 19:48:04 下午 cn.ycx.ycxtomcat.catalina.Context <init>
INFO : Deploying web application directory /Users/chuancey/Idea-Workspace/webforycxtomcat/web
04 21, 2021 19:48:04 下午 cn.ycx.ycxtomcat.catalina.Context deploy
INFO : Deployment of web application directory /Users/chuancey/Idea-Workspace/webforycxtomcat/web has finished in 3 ms.
04 21, 2021 19:48:04 下午 cn.ycx.ycxtomcat.catalina.Server logJVM
INFO : OS Version:		10.12.6
04 21, 2021 19:48:04 下午 cn.ycx.ycxtomcat.catalina.Server logJVM
INFO : OS Name	:		Mac OS X
04 21, 2021 19:48:04 下午 cn.ycx.ycxtomcat.catalina.Server logJVM
INFO : Architecture:		x86_64
04 21, 2021 19:48:04 下午 cn.ycx.ycxtomcat.catalina.Server logJVM
INFO : Server version:		Ycx DiyTomcat/1.0.1
04 21, 2021 19:48:04 下午 cn.ycx.ycxtomcat.catalina.Server logJVM
INFO : Server built:		2020-04-08 10:20:22
04 21, 2021 19:48:04 下午 cn.ycx.ycxtomcat.catalina.Server logJVM
INFO : Java Home:		/Library/Java/JavaVirtualMachines/jdk1.8.0_144.jdk/Contents/Home/jre
04 21, 2021 19:48:04 下午 cn.ycx.ycxtomcat.catalina.Server logJVM
INFO : JVM Version:		1.8.0_144-b01
04 21, 2021 19:48:04 下午 cn.ycx.ycxtomcat.catalina.Server logJVM
INFO : JVM Vendor:		Oracle Corporation
04 21, 2021 19:48:04 下午 cn.ycx.ycxtomcat.catalina.Server logJVM
INFO : Server number:		1.0.1
04 21, 2021 19:48:04 下午 cn.ycx.ycxtomcat.catalina.Connector init
INFO : Initializing ProtocolHandler [http-bio-18080]
04 21, 2021 19:48:04 下午 cn.ycx.ycxtomcat.catalina.Connector init
INFO : Initializing ProtocolHandler [http-bio-18081]
04 21, 2021 19:48:04 下午 cn.ycx.ycxtomcat.catalina.Connector init
INFO : Initializing ProtocolHandler [http-bio-18082]
04 21, 2021 19:48:04 下午 cn.ycx.ycxtomcat.catalina.Service init
INFO : Initialization processed in 1 ms
04 21, 2021 19:48:04 下午 cn.ycx.ycxtomcat.catalina.Connector start
INFO : Starting ProtocolHandler [http-bio-18080]
04 21, 2021 19:48:04 下午 cn.ycx.ycxtomcat.catalina.Connector start
INFO : Starting ProtocolHandler [http-bio-18081]
04 21, 2021 19:48:04 下午 cn.ycx.ycxtomcat.catalina.Connector start
INFO : Starting ProtocolHandler [http-bio-18082]
04 21, 2021 19:48:04 下午 cn.ycx.ycxtomcat.catalina.Server start
INFO : Server startup in 9 ms
04 21, 2021 19:48:17 下午 cn.ycx.ycxtomcat.catalina.HttpProcessor error
ERROR: this is a deliberately created exception
java.lang.RuntimeException: this is a deliberately created exception
	at cn.ycx.ycxtomcat.servlets.DefaultServlet.service(DefaultServlet.java:29)
	at cn.ycx.ycxtomcat.catalina.HttpProcessor.execute(HttpProcessor.java:34)
	at cn.ycx.ycxtomcat.catalina.Connector.lambda$run$0(Connector.java:44)
	at java.util.concurrent.ThreadPoolExecutor.runWorker(ThreadPoolExecutor.java:1149)
	at java.util.concurrent.ThreadPoolExecutor$Worker.run(ThreadPoolExecutor.java:624)
	at java.lang.Thread.run(Thread.java:748)
04 21, 2021 19:52:46 下午 cn.ycx.ycxtomcat.catalina.Context <init>
INFO : Deploying web application directory /Users/chuancey/Idea-Workspace/YcxTomcat/webapps/a
04 21, 2021 19:52:46 下午 cn.ycx.ycxtomcat.catalina.Context deploy
INFO : Deployment of web application directory /Users/chuancey/Idea-Workspace/YcxTomcat/webapps/a has finished in 0 ms.
04 21, 2021 19:52:46 下午 cn.ycx.ycxtomcat.catalina.Context <init>
INFO : Deploying web application directory /Users/chuancey/Idea-Workspace/YcxTomcat/webapps/b
04 21, 2021 19:52:46 下午 cn.ycx.ycxtomcat.catalina.Context deploy
INFO : Deployment of web application directory /Users/chuancey/Idea-Workspace/YcxTomcat/webapps/b has finished in 0 ms.
04 21, 2021 19:52:46 下午 cn.ycx.ycxtomcat.catalina.Context <init>
INFO : Deploying web application directory /Users/chuancey/Idea-Workspace/YcxTomcat/webapps/ROOT
04 21, 2021 19:52:46 下午 cn.ycx.ycxtomcat.catalina.Context deploy
INFO : Deployment of web application directory /Users/chuancey/Idea-Workspace/YcxTomcat/webapps/ROOT has finished in 7 ms.
04 21, 2021 19:52:46 下午 cn.ycx.ycxtomcat.catalina.Context <init>
INFO : Deploying web application directory /Users/chuancey/Idea-Workspace/YcxTomcat/webapps/b
04 21, 2021 19:52:46 下午 cn.ycx.ycxtomcat.catalina.Context deploy
INFO : Deployment of web application directory /Users/chuancey/Idea-Workspace/YcxTomcat/webapps/b has finished in 0 ms.
04 21, 2021 19:52:46 下午 cn.ycx.ycxtomcat.catalina.Context <init>
INFO : Deploying web application directory /Users/chuancey/Idea-Workspace/webforycxtomcat/web
04 21, 2021 19:52:46 下午 cn.ycx.ycxtomcat.catalina.Context deploy
INFO : Deployment of web application directory /Users/chuancey/Idea-Workspace/webforycxtomcat/web has finished in 3 ms.
04 21, 2021 19:52:46 下午 cn.ycx.ycxtomcat.catalina.Server logJVM
INFO : OS Version:		10.12.6
04 21, 2021 19:52:46 下午 cn.ycx.ycxtomcat.catalina.Server logJVM
INFO : OS Name	:		Mac OS X
04 21, 2021 19:52:46 下午 cn.ycx.ycxtomcat.catalina.Server logJVM
INFO : Architecture:		x86_64
04 21, 2021 19:52:46 下午 cn.ycx.ycxtomcat.catalina.Server logJVM
INFO : Server version:		Ycx DiyTomcat/1.0.1
04 21, 2021 19:52:46 下午 cn.ycx.ycxtomcat.catalina.Server logJVM
INFO : Server built:		2020-04-08 10:20:22
04 21, 2021 19:52:46 下午 cn.ycx.ycxtomcat.catalina.Server logJVM
INFO : Java Home:		/Library/Java/JavaVirtualMachines/jdk1.8.0_144.jdk/Contents/Home/jre
04 21, 2021 19:52:46 下午 cn.ycx.ycxtomcat.catalina.Server logJVM
INFO : JVM Version:		1.8.0_144-b01
04 21, 2021 19:52:46 下午 cn.ycx.ycxtomcat.catalina.Server logJVM
INFO : JVM Vendor:		Oracle Corporation
04 21, 2021 19:52:46 下午 cn.ycx.ycxtomcat.catalina.Server logJVM
INFO : Server number:		1.0.1
04 21, 2021 19:52:46 下午 cn.ycx.ycxtomcat.catalina.Connector init
INFO : Initializing ProtocolHandler [http-bio-18080]
04 21, 2021 19:52:46 下午 cn.ycx.ycxtomcat.catalina.Connector init
INFO : Initializing ProtocolHandler [http-bio-18081]
04 21, 2021 19:52:46 下午 cn.ycx.ycxtomcat.catalina.Connector init
INFO : Initializing ProtocolHandler [http-bio-18082]
04 21, 2021 19:52:46 下午 cn.ycx.ycxtomcat.catalina.Service init
INFO : Initialization processed in 1 ms
04 21, 2021 19:52:46 下午 cn.ycx.ycxtomcat.catalina.Connector start
INFO : Starting ProtocolHandler [http-bio-18080]
04 21, 2021 19:52:46 下午 cn.ycx.ycxtomcat.catalina.Connector start
INFO : Starting ProtocolHandler [http-bio-18081]
04 21, 2021 19:52:46 下午 cn.ycx.ycxtomcat.catalina.Connector start
INFO : Starting ProtocolHandler [http-bio-18082]
04 21, 2021 19:52:46 下午 cn.ycx.ycxtomcat.catalina.Server start
INFO : Server startup in 10 ms
04 21, 2021 19:52:56 下午 cn.ycx.ycxtomcat.catalina.Context <init>
INFO : Deploying web application directory /Users/chuancey/Idea-Workspace/YcxTomcat/webapps/a
04 21, 2021 19:52:56 下午 cn.ycx.ycxtomcat.catalina.Context deploy
INFO : Deployment of web application directory /Users/chuancey/Idea-Workspace/YcxTomcat/webapps/a has finished in 0 ms.
04 21, 2021 19:52:56 下午 cn.ycx.ycxtomcat.catalina.Context <init>
INFO : Deploying web application directory /Users/chuancey/Idea-Workspace/YcxTomcat/webapps/b
04 21, 2021 19:52:56 下午 cn.ycx.ycxtomcat.catalina.Context deploy
INFO : Deployment of web application directory /Users/chuancey/Idea-Workspace/YcxTomcat/webapps/b has finished in 0 ms.
04 21, 2021 19:52:56 下午 cn.ycx.ycxtomcat.catalina.Context <init>
INFO : Deploying web application directory /Users/chuancey/Idea-Workspace/YcxTomcat/webapps/ROOT
04 21, 2021 19:52:57 下午 cn.ycx.ycxtomcat.catalina.Context deploy
INFO : Deployment of web application directory /Users/chuancey/Idea-Workspace/YcxTomcat/webapps/ROOT has finished in 11 ms.
04 21, 2021 19:52:57 下午 cn.ycx.ycxtomcat.catalina.Context <init>
INFO : Deploying web application directory /Users/chuancey/Idea-Workspace/YcxTomcat/webapps/b
04 21, 2021 19:52:57 下午 cn.ycx.ycxtomcat.catalina.Context deploy
INFO : Deployment of web application directory /Users/chuancey/Idea-Workspace/YcxTomcat/webapps/b has finished in 0 ms.
04 21, 2021 19:52:57 下午 cn.ycx.ycxtomcat.catalina.Context <init>
INFO : Deploying web application directory /Users/chuancey/Idea-Workspace/webforycxtomcat/web
04 21, 2021 19:52:57 下午 cn.ycx.ycxtomcat.catalina.Context deploy
INFO : Deployment of web application directory /Users/chuancey/Idea-Workspace/webforycxtomcat/web has finished in 4 ms.
04 21, 2021 19:52:57 下午 cn.ycx.ycxtomcat.catalina.Server logJVM
INFO : OS Version:		10.12.6
04 21, 2021 19:52:57 下午 cn.ycx.ycxtomcat.catalina.Server logJVM
INFO : OS Name	:		Mac OS X
04 21, 2021 19:52:57 下午 cn.ycx.ycxtomcat.catalina.Server logJVM
INFO : Architecture:		x86_64
04 21, 2021 19:52:57 下午 cn.ycx.ycxtomcat.catalina.Server logJVM
INFO : Server version:		Ycx DiyTomcat/1.0.1
04 21, 2021 19:52:57 下午 cn.ycx.ycxtomcat.catalina.Server logJVM
INFO : Server built:		2020-04-08 10:20:22
04 21, 2021 19:52:57 下午 cn.ycx.ycxtomcat.catalina.Server logJVM
INFO : Java Home:		/Library/Java/JavaVirtualMachines/jdk1.8.0_144.jdk/Contents/Home/jre
04 21, 2021 19:52:57 下午 cn.ycx.ycxtomcat.catalina.Server logJVM
INFO : JVM Version:		1.8.0_144-b01
04 21, 2021 19:52:57 下午 cn.ycx.ycxtomcat.catalina.Server logJVM
INFO : JVM Vendor:		Oracle Corporation
04 21, 2021 19:52:57 下午 cn.ycx.ycxtomcat.catalina.Server logJVM
INFO : Server number:		1.0.1
04 21, 2021 19:52:57 下午 cn.ycx.ycxtomcat.catalina.Connector init
INFO : Initializing ProtocolHandler [http-bio-18080]
04 21, 2021 19:52:57 下午 cn.ycx.ycxtomcat.catalina.Connector init
INFO : Initializing ProtocolHandler [http-bio-18081]
04 21, 2021 19:52:57 下午 cn.ycx.ycxtomcat.catalina.Connector init
INFO : Initializing ProtocolHandler [http-bio-18082]
04 21, 2021 19:52:57 下午 cn.ycx.ycxtomcat.catalina.Service init
INFO : Initialization processed in 3 ms
04 21, 2021 19:52:57 下午 cn.ycx.ycxtomcat.catalina.Connector start
INFO : Starting ProtocolHandler [http-bio-18080]
04 21, 2021 19:52:57 下午 cn.ycx.ycxtomcat.catalina.Connector start
INFO : Starting ProtocolHandler [http-bio-18081]
04 21, 2021 19:52:57 下午 cn.ycx.ycxtomcat.catalina.Connector start
INFO : Starting ProtocolHandler [http-bio-18082]
04 21, 2021 19:52:57 下午 cn.ycx.ycxtomcat.catalina.Server start
INFO : Server startup in 27 ms
04 21, 2021 19:53:38 下午 cn.ycx.ycxtomcat.catalina.Context <init>
INFO : Deploying web application directory /Users/chuancey/Idea-Workspace/YcxTomcat/webapps/a
04 21, 2021 19:53:38 下午 cn.ycx.ycxtomcat.catalina.Context deploy
INFO : Deployment of web application directory /Users/chuancey/Idea-Workspace/YcxTomcat/webapps/a has finished in 0 ms.
04 21, 2021 19:53:38 下午 cn.ycx.ycxtomcat.catalina.Context <init>
INFO : Deploying web application directory /Users/chuancey/Idea-Workspace/YcxTomcat/webapps/b
04 21, 2021 19:53:38 下午 cn.ycx.ycxtomcat.catalina.Context deploy
INFO : Deployment of web application directory /Users/chuancey/Idea-Workspace/YcxTomcat/webapps/b has finished in 0 ms.
04 21, 2021 19:53:38 下午 cn.ycx.ycxtomcat.catalina.Context <init>
INFO : Deploying web application directory /Users/chuancey/Idea-Workspace/YcxTomcat/webapps/ROOT
04 21, 2021 19:53:38 下午 cn.ycx.ycxtomcat.catalina.Context deploy
INFO : Deployment of web application directory /Users/chuancey/Idea-Workspace/YcxTomcat/webapps/ROOT has finished in 7 ms.
04 21, 2021 19:53:38 下午 cn.ycx.ycxtomcat.catalina.Context <init>
INFO : Deploying web application directory /Users/chuancey/Idea-Workspace/YcxTomcat/webapps/b
04 21, 2021 19:53:38 下午 cn.ycx.ycxtomcat.catalina.Context deploy
INFO : Deployment of web application directory /Users/chuancey/Idea-Workspace/YcxTomcat/webapps/b has finished in 0 ms.
04 21, 2021 19:53:38 下午 cn.ycx.ycxtomcat.catalina.Context <init>
INFO : Deploying web application directory /Users/chuancey/Idea-Workspace/webforycxtomcat/web
04 21, 2021 19:53:38 下午 cn.ycx.ycxtomcat.catalina.Context deploy
INFO : Deployment of web application directory /Users/chuancey/Idea-Workspace/webforycxtomcat/web has finished in 5 ms.
04 21, 2021 19:53:38 下午 cn.ycx.ycxtomcat.catalina.Server logJVM
INFO : OS Version:		10.12.6
04 21, 2021 19:53:38 下午 cn.ycx.ycxtomcat.catalina.Server logJVM
INFO : OS Name	:		Mac OS X
04 21, 2021 19:53:38 下午 cn.ycx.ycxtomcat.catalina.Server logJVM
INFO : Architecture:		x86_64
04 21, 2021 19:53:38 下午 cn.ycx.ycxtomcat.catalina.Server logJVM
INFO : Server version:		Ycx DiyTomcat/1.0.1
04 21, 2021 19:53:38 下午 cn.ycx.ycxtomcat.catalina.Server logJVM
INFO : Server built:		2020-04-08 10:20:22
04 21, 2021 19:53:38 下午 cn.ycx.ycxtomcat.catalina.Server logJVM
INFO : Java Home:		/Library/Java/JavaVirtualMachines/jdk1.8.0_144.jdk/Contents/Home/jre
04 21, 2021 19:53:38 下午 cn.ycx.ycxtomcat.catalina.Server logJVM
INFO : JVM Version:		1.8.0_144-b01
04 21, 2021 19:53:38 下午 cn.ycx.ycxtomcat.catalina.Server logJVM
INFO : JVM Vendor:		Oracle Corporation
04 21, 2021 19:53:38 下午 cn.ycx.ycxtomcat.catalina.Server logJVM
INFO : Server number:		1.0.1
04 21, 2021 19:53:38 下午 cn.ycx.ycxtomcat.catalina.Connector init
INFO : Initializing ProtocolHandler [http-bio-18080]
04 21, 2021 19:53:38 下午 cn.ycx.ycxtomcat.catalina.Connector init
INFO : Initializing ProtocolHandler [http-bio-18081]
04 21, 2021 19:53:38 下午 cn.ycx.ycxtomcat.catalina.Connector init
INFO : Initializing ProtocolHandler [http-bio-18082]
04 21, 2021 19:53:38 下午 cn.ycx.ycxtomcat.catalina.Service init
INFO : Initialization processed in 1 ms
04 21, 2021 19:53:38 下午 cn.ycx.ycxtomcat.catalina.Connector start
INFO : Starting ProtocolHandler [http-bio-18080]
04 21, 2021 19:53:38 下午 cn.ycx.ycxtomcat.catalina.Connector start
INFO : Starting ProtocolHandler [http-bio-18081]
04 21, 2021 19:53:38 下午 cn.ycx.ycxtomcat.catalina.Connector start
INFO : Starting ProtocolHandler [http-bio-18082]
04 21, 2021 19:53:38 下午 cn.ycx.ycxtomcat.catalina.Server start
INFO : Server startup in 10 ms
04 21, 2021 19:53:50 下午 cn.ycx.ycxtomcat.catalina.HttpProcessor error
ERROR: this is a deliberately created exception
java.lang.RuntimeException: this is a deliberately created exception
	at cn.ycx.ycxtomcat.servlets.DefaultServlet.service(DefaultServlet.java:29)
	at cn.ycx.ycxtomcat.catalina.HttpProcessor.execute(HttpProcessor.java:34)
	at cn.ycx.ycxtomcat.catalina.Connector.lambda$run$0(Connector.java:44)
	at java.util.concurrent.ThreadPoolExecutor.runWorker(ThreadPoolExecutor.java:1149)
	at java.util.concurrent.ThreadPoolExecutor$Worker.run(ThreadPoolExecutor.java:624)
	at java.lang.Thread.run(Thread.java:748)
04 21, 2021 20:57:13 下午 cn.ycx.ycxtomcat.catalina.Context <init>
INFO : Deploying web application directory /Users/chuancey/Idea-Workspace/YcxTomcat/webapps/a
04 21, 2021 20:57:13 下午 cn.ycx.ycxtomcat.catalina.Context <init>
INFO : Deployment of web application directory /Users/chuancey/Idea-Workspace/YcxTomcat/webapps/a has finished in 280 ms.
04 21, 2021 20:57:13 下午 cn.ycx.ycxtomcat.catalina.Context <init>
INFO : Deploying web application directory /Users/chuancey/Idea-Workspace/YcxTomcat/webapps/b
04 21, 2021 20:57:13 下午 cn.ycx.ycxtomcat.catalina.Context <init>
INFO : Deployment of web application directory /Users/chuancey/Idea-Workspace/YcxTomcat/webapps/b has finished in 3 ms.
04 21, 2021 20:57:13 下午 cn.ycx.ycxtomcat.catalina.Context <init>
INFO : Deploying web application directory /Users/chuancey/Idea-Workspace/YcxTomcat/webapps/ROOT
04 21, 2021 20:57:13 下午 cn.ycx.ycxtomcat.catalina.Context <init>
INFO : Deployment of web application directory /Users/chuancey/Idea-Workspace/YcxTomcat/webapps/ROOT has finished in 10 ms.
04 21, 2021 20:57:13 下午 cn.ycx.ycxtomcat.catalina.Context <init>
INFO : Deploying web application directory /Users/chuancey/Idea-Workspace/YcxTomcat/webapps/b
04 21, 2021 20:57:13 下午 cn.ycx.ycxtomcat.catalina.Context <init>
INFO : Deployment of web application directory /Users/chuancey/Idea-Workspace/YcxTomcat/webapps/b has finished in 2 ms.
04 21, 2021 20:57:13 下午 cn.ycx.ycxtomcat.catalina.Context <init>
INFO : Deploying web application directory /Users/chuancey/Idea-Workspace/webforycxtomcat/web
04 21, 2021 20:57:13 下午 cn.ycx.ycxtomcat.catalina.Context <init>
INFO : Deployment of web application directory /Users/chuancey/Idea-Workspace/webforycxtomcat/web has finished in 7 ms.
04 21, 2021 20:57:13 下午 cn.ycx.ycxtomcat.catalina.Server logJVM
INFO : OS Version:		10.12.6
04 21, 2021 20:57:13 下午 cn.ycx.ycxtomcat.catalina.Server logJVM
INFO : OS Name	:		Mac OS X
04 21, 2021 20:57:13 下午 cn.ycx.ycxtomcat.catalina.Server logJVM
INFO : Architecture:		x86_64
04 21, 2021 20:57:13 下午 cn.ycx.ycxtomcat.catalina.Server logJVM
INFO : Server version:		Ycx DiyTomcat/1.0.1
04 21, 2021 20:57:13 下午 cn.ycx.ycxtomcat.catalina.Server logJVM
INFO : Server built:		2020-04-08 10:20:22
04 21, 2021 20:57:13 下午 cn.ycx.ycxtomcat.catalina.Server logJVM
INFO : Java Home:		/Library/Java/JavaVirtualMachines/jdk1.8.0_144.jdk/Contents/Home/jre
04 21, 2021 20:57:13 下午 cn.ycx.ycxtomcat.catalina.Server logJVM
INFO : JVM Version:		1.8.0_144-b01
04 21, 2021 20:57:13 下午 cn.ycx.ycxtomcat.catalina.Server logJVM
INFO : JVM Vendor:		Oracle Corporation
04 21, 2021 20:57:13 下午 cn.ycx.ycxtomcat.catalina.Server logJVM
INFO : Server number:		1.0.1
04 21, 2021 20:57:13 下午 cn.ycx.ycxtomcat.catalina.Connector init
INFO : Initializing ProtocolHandler [http-bio-18080]
04 21, 2021 20:57:13 下午 cn.ycx.ycxtomcat.catalina.Connector init
INFO : Initializing ProtocolHandler [http-bio-18081]
04 21, 2021 20:57:13 下午 cn.ycx.ycxtomcat.catalina.Connector init
INFO : Initializing ProtocolHandler [http-bio-18082]
04 21, 2021 20:57:13 下午 cn.ycx.ycxtomcat.catalina.Service init
INFO : Initialization processed in 3 ms
04 21, 2021 20:57:13 下午 cn.ycx.ycxtomcat.catalina.Connector start
INFO : Starting ProtocolHandler [http-bio-18080]
04 21, 2021 20:57:13 下午 cn.ycx.ycxtomcat.catalina.Connector start
INFO : Starting ProtocolHandler [http-bio-18081]
04 21, 2021 20:57:13 下午 cn.ycx.ycxtomcat.catalina.Connector start
INFO : Starting ProtocolHandler [http-bio-18082]
04 21, 2021 20:57:13 下午 cn.ycx.ycxtomcat.catalina.Server start
INFO : Server startup in 21 ms
04 21, 2021 20:59:13 下午 cn.ycx.ycxtomcat.catalina.Context <init>
INFO : Deploying web application directory /Users/chuancey/Idea-Workspace/YcxTomcat/webapps/a
04 21, 2021 20:59:13 下午 cn.ycx.ycxtomcat.catalina.Context <init>
INFO : Deployment of web application directory /Users/chuancey/Idea-Workspace/YcxTomcat/webapps/a has finished in 199 ms.
04 21, 2021 20:59:13 下午 cn.ycx.ycxtomcat.catalina.Context <init>
INFO : Deploying web application directory /Users/chuancey/Idea-Workspace/YcxTomcat/webapps/b
04 21, 2021 20:59:13 下午 cn.ycx.ycxtomcat.catalina.Context <init>
INFO : Deployment of web application directory /Users/chuancey/Idea-Workspace/YcxTomcat/webapps/b has finished in 2 ms.
04 21, 2021 20:59:13 下午 cn.ycx.ycxtomcat.catalina.Context <init>
INFO : Deploying web application directory /Users/chuancey/Idea-Workspace/YcxTomcat/webapps/ROOT
04 21, 2021 20:59:13 下午 cn.ycx.ycxtomcat.catalina.Context <init>
INFO : Deployment of web application directory /Users/chuancey/Idea-Workspace/YcxTomcat/webapps/ROOT has finished in 9 ms.
04 21, 2021 20:59:13 下午 cn.ycx.ycxtomcat.catalina.Context <init>
INFO : Deploying web application directory /Users/chuancey/Idea-Workspace/YcxTomcat/webapps/b
04 21, 2021 20:59:13 下午 cn.ycx.ycxtomcat.catalina.Context <init>
INFO : Deployment of web application directory /Users/chuancey/Idea-Workspace/YcxTomcat/webapps/b has finished in 3 ms.
04 21, 2021 20:59:13 下午 cn.ycx.ycxtomcat.catalina.Context <init>
INFO : Deploying web application directory /Users/chuancey/Idea-Workspace/webforycxtomcat/web
04 21, 2021 20:59:13 下午 cn.ycx.ycxtomcat.catalina.Context <init>
INFO : Deployment of web application directory /Users/chuancey/Idea-Workspace/webforycxtomcat/web has finished in 7 ms.
04 21, 2021 20:59:13 下午 cn.ycx.ycxtomcat.catalina.Server logJVM
INFO : OS Version:		10.12.6
04 21, 2021 20:59:13 下午 cn.ycx.ycxtomcat.catalina.Server logJVM
INFO : OS Name	:		Mac OS X
04 21, 2021 20:59:13 下午 cn.ycx.ycxtomcat.catalina.Server logJVM
INFO : Architecture:		x86_64
04 21, 2021 20:59:13 下午 cn.ycx.ycxtomcat.catalina.Server logJVM
INFO : Server version:		Ycx DiyTomcat/1.0.1
04 21, 2021 20:59:13 下午 cn.ycx.ycxtomcat.catalina.Server logJVM
INFO : Server built:		2020-04-08 10:20:22
04 21, 2021 20:59:13 下午 cn.ycx.ycxtomcat.catalina.Server logJVM
INFO : Java Home:		/Library/Java/JavaVirtualMachines/jdk1.8.0_144.jdk/Contents/Home/jre
04 21, 2021 20:59:13 下午 cn.ycx.ycxtomcat.catalina.Server logJVM
INFO : JVM Version:		1.8.0_144-b01
04 21, 2021 20:59:13 下午 cn.ycx.ycxtomcat.catalina.Server logJVM
INFO : JVM Vendor:		Oracle Corporation
04 21, 2021 20:59:13 下午 cn.ycx.ycxtomcat.catalina.Server logJVM
INFO : Server number:		1.0.1
04 21, 2021 20:59:13 下午 cn.ycx.ycxtomcat.catalina.Connector init
INFO : Initializing ProtocolHandler [http-bio-18080]
04 21, 2021 20:59:13 下午 cn.ycx.ycxtomcat.catalina.Connector init
INFO : Initializing ProtocolHandler [http-bio-18081]
04 21, 2021 20:59:13 下午 cn.ycx.ycxtomcat.catalina.Connector init
INFO : Initializing ProtocolHandler [http-bio-18082]
04 21, 2021 20:59:13 下午 cn.ycx.ycxtomcat.catalina.Service init
INFO : Initialization processed in 4 ms
04 21, 2021 20:59:13 下午 cn.ycx.ycxtomcat.catalina.Connector start
INFO : Starting ProtocolHandler [http-bio-18080]
04 21, 2021 20:59:13 下午 cn.ycx.ycxtomcat.catalina.Connector start
INFO : Starting ProtocolHandler [http-bio-18081]
04 21, 2021 20:59:13 下午 cn.ycx.ycxtomcat.catalina.Connector start
INFO : Starting ProtocolHandler [http-bio-18082]
04 21, 2021 20:59:13 下午 cn.ycx.ycxtomcat.catalina.Server start
INFO : Server startup in 27 ms
04 21, 2021 21:11:16 下午 cn.ycx.ycxtomcat.catalina.Context <init>
INFO : Deploying web application directory /Users/chuancey/Idea-Workspace/YcxTomcat/webapps/a
04 21, 2021 21:11:16 下午 cn.ycx.ycxtomcat.catalina.Context <init>
INFO : Deployment of web application directory /Users/chuancey/Idea-Workspace/YcxTomcat/webapps/a has finished in 288 ms.
04 21, 2021 21:11:16 下午 cn.ycx.ycxtomcat.catalina.Context <init>
INFO : Deploying web application directory /Users/chuancey/Idea-Workspace/YcxTomcat/webapps/b
04 21, 2021 21:11:16 下午 cn.ycx.ycxtomcat.catalina.Context <init>
INFO : Deployment of web application directory /Users/chuancey/Idea-Workspace/YcxTomcat/webapps/b has finished in 7 ms.
04 21, 2021 21:11:16 下午 cn.ycx.ycxtomcat.catalina.Context <init>
INFO : Deploying web application directory /Users/chuancey/Idea-Workspace/YcxTomcat/webapps/ROOT
04 21, 2021 21:11:17 下午 cn.ycx.ycxtomcat.catalina.Context <init>
INFO : Deployment of web application directory /Users/chuancey/Idea-Workspace/YcxTomcat/webapps/ROOT has finished in 15 ms.
04 21, 2021 21:11:17 下午 cn.ycx.ycxtomcat.catalina.Context <init>
INFO : Deploying web application directory /Users/chuancey/Idea-Workspace/YcxTomcat/webapps/b
04 21, 2021 21:11:17 下午 cn.ycx.ycxtomcat.catalina.Context <init>
INFO : Deployment of web application directory /Users/chuancey/Idea-Workspace/YcxTomcat/webapps/b has finished in 1 ms.
04 21, 2021 21:11:17 下午 cn.ycx.ycxtomcat.catalina.Context <init>
INFO : Deploying web application directory /Users/chuancey/Idea-Workspace/webforycxtomcat/web
04 21, 2021 21:11:17 下午 cn.ycx.ycxtomcat.catalina.Context <init>
INFO : Deployment of web application directory /Users/chuancey/Idea-Workspace/webforycxtomcat/web has finished in 6 ms.
04 21, 2021 21:11:17 下午 cn.ycx.ycxtomcat.catalina.Server logJVM
INFO : OS Version:		10.12.6
04 21, 2021 21:11:17 下午 cn.ycx.ycxtomcat.catalina.Server logJVM
INFO : OS Name	:		Mac OS X
04 21, 2021 21:11:17 下午 cn.ycx.ycxtomcat.catalina.Server logJVM
INFO : Architecture:		x86_64
04 21, 2021 21:11:17 下午 cn.ycx.ycxtomcat.catalina.Server logJVM
INFO : Server version:		Ycx DiyTomcat/1.0.1
04 21, 2021 21:11:17 下午 cn.ycx.ycxtomcat.catalina.Server logJVM
INFO : Server built:		2020-04-08 10:20:22
04 21, 2021 21:11:17 下午 cn.ycx.ycxtomcat.catalina.Server logJVM
INFO : Java Home:		/Library/Java/JavaVirtualMachines/jdk1.8.0_144.jdk/Contents/Home/jre
04 21, 2021 21:11:17 下午 cn.ycx.ycxtomcat.catalina.Server logJVM
INFO : JVM Version:		1.8.0_144-b01
04 21, 2021 21:11:17 下午 cn.ycx.ycxtomcat.catalina.Server logJVM
INFO : JVM Vendor:		Oracle Corporation
04 21, 2021 21:11:17 下午 cn.ycx.ycxtomcat.catalina.Server logJVM
INFO : Server number:		1.0.1
04 21, 2021 21:11:17 下午 cn.ycx.ycxtomcat.catalina.Connector init
INFO : Initializing ProtocolHandler [http-bio-18080]
04 21, 2021 21:11:17 下午 cn.ycx.ycxtomcat.catalina.Connector init
INFO : Initializing ProtocolHandler [http-bio-18081]
04 21, 2021 21:11:17 下午 cn.ycx.ycxtomcat.catalina.Connector init
INFO : Initializing ProtocolHandler [http-bio-18082]
04 21, 2021 21:11:17 下午 cn.ycx.ycxtomcat.catalina.Service init
INFO : Initialization processed in 2 ms
04 21, 2021 21:11:17 下午 cn.ycx.ycxtomcat.catalina.Connector start
INFO : Starting ProtocolHandler [http-bio-18080]
04 21, 2021 21:11:17 下午 cn.ycx.ycxtomcat.catalina.Connector start
INFO : Starting ProtocolHandler [http-bio-18081]
04 21, 2021 21:11:17 下午 cn.ycx.ycxtomcat.catalina.Connector start
INFO : Starting ProtocolHandler [http-bio-18082]
04 21, 2021 21:11:17 下午 cn.ycx.ycxtomcat.catalina.Server start
INFO : Server startup in 15 ms
04 21, 2021 21:18:50 下午 cn.ycx.ycxtomcat.catalina.Context <init>
INFO : Deploying web application directory /Users/chuancey/Idea-Workspace/YcxTomcat/webapps/a
04 21, 2021 21:18:50 下午 cn.ycx.ycxtomcat.catalina.Context <init>
INFO : Deployment of web application directory /Users/chuancey/Idea-Workspace/YcxTomcat/webapps/a has finished in 279 ms.
04 21, 2021 21:18:50 下午 cn.ycx.ycxtomcat.catalina.Context <init>
INFO : Deploying web application directory /Users/chuancey/Idea-Workspace/YcxTomcat/webapps/b
04 21, 2021 21:18:50 下午 cn.ycx.ycxtomcat.catalina.Context <init>
INFO : Deployment of web application directory /Users/chuancey/Idea-Workspace/YcxTomcat/webapps/b has finished in 1 ms.
04 21, 2021 21:18:50 下午 cn.ycx.ycxtomcat.catalina.Context <init>
INFO : Deploying web application directory /Users/chuancey/Idea-Workspace/YcxTomcat/webapps/ROOT
04 21, 2021 21:18:50 下午 cn.ycx.ycxtomcat.catalina.Context <init>
INFO : Deployment of web application directory /Users/chuancey/Idea-Workspace/YcxTomcat/webapps/ROOT has finished in 10 ms.
04 21, 2021 21:18:50 下午 cn.ycx.ycxtomcat.catalina.Context <init>
INFO : Deploying web application directory /Users/chuancey/Idea-Workspace/YcxTomcat/webapps/b
04 21, 2021 21:18:50 下午 cn.ycx.ycxtomcat.catalina.Context <init>
INFO : Deployment of web application directory /Users/chuancey/Idea-Workspace/YcxTomcat/webapps/b has finished in 2 ms.
04 21, 2021 21:18:50 下午 cn.ycx.ycxtomcat.catalina.Context <init>
INFO : Deploying web application directory /Users/chuancey/Idea-Workspace/webforycxtomcat/web
04 21, 2021 21:18:50 下午 cn.ycx.ycxtomcat.catalina.Context <init>
INFO : Deployment of web application directory /Users/chuancey/Idea-Workspace/webforycxtomcat/web has finished in 9 ms.
04 21, 2021 21:18:50 下午 cn.ycx.ycxtomcat.catalina.Server logJVM
INFO : OS Version:		10.12.6
04 21, 2021 21:18:50 下午 cn.ycx.ycxtomcat.catalina.Server logJVM
INFO : OS Name	:		Mac OS X
04 21, 2021 21:18:50 下午 cn.ycx.ycxtomcat.catalina.Server logJVM
INFO : Architecture:		x86_64
04 21, 2021 21:18:50 下午 cn.ycx.ycxtomcat.catalina.Server logJVM
INFO : Server version:		Ycx DiyTomcat/1.0.1
04 21, 2021 21:18:50 下午 cn.ycx.ycxtomcat.catalina.Server logJVM
INFO : Server built:		2020-04-08 10:20:22
04 21, 2021 21:18:50 下午 cn.ycx.ycxtomcat.catalina.Server logJVM
INFO : Java Home:		/Library/Java/JavaVirtualMachines/jdk1.8.0_144.jdk/Contents/Home/jre
04 21, 2021 21:18:50 下午 cn.ycx.ycxtomcat.catalina.Server logJVM
INFO : JVM Version:		1.8.0_144-b01
04 21, 2021 21:18:50 下午 cn.ycx.ycxtomcat.catalina.Server logJVM
INFO : JVM Vendor:		Oracle Corporation
04 21, 2021 21:18:50 下午 cn.ycx.ycxtomcat.catalina.Server logJVM
INFO : Server number:		1.0.1
04 21, 2021 21:18:50 下午 cn.ycx.ycxtomcat.catalina.Connector init
INFO : Initializing ProtocolHandler [http-bio-18080]
04 21, 2021 21:18:50 下午 cn.ycx.ycxtomcat.catalina.Connector init
INFO : Initializing ProtocolHandler [http-bio-18081]
04 21, 2021 21:18:50 下午 cn.ycx.ycxtomcat.catalina.Connector init
INFO : Initializing ProtocolHandler [http-bio-18082]
04 21, 2021 21:18:50 下午 cn.ycx.ycxtomcat.catalina.Service init
INFO : Initialization processed in 2 ms
04 21, 2021 21:18:50 下午 cn.ycx.ycxtomcat.catalina.Connector start
INFO : Starting ProtocolHandler [http-bio-18080]
04 21, 2021 21:18:50 下午 cn.ycx.ycxtomcat.catalina.Connector start
INFO : Starting ProtocolHandler [http-bio-18081]
04 21, 2021 21:18:50 下午 cn.ycx.ycxtomcat.catalina.Connector start
INFO : Starting ProtocolHandler [http-bio-18082]
04 21, 2021 21:18:50 下午 cn.ycx.ycxtomcat.catalina.Server start
INFO : Server startup in 14 ms
04 21, 2021 21:23:46 下午 cn.ycx.ycxtomcat.catalina.Context <init>
INFO : Deploying web application directory /Users/chuancey/Idea-Workspace/YcxTomcat/webapps/a
04 21, 2021 21:23:46 下午 cn.ycx.ycxtomcat.catalina.Context <init>
INFO : Deployment of web application directory /Users/chuancey/Idea-Workspace/YcxTomcat/webapps/a has finished in 243 ms.
04 21, 2021 21:23:46 下午 cn.ycx.ycxtomcat.catalina.Context <init>
INFO : Deploying web application directory /Users/chuancey/Idea-Workspace/YcxTomcat/webapps/b
04 21, 2021 21:23:46 下午 cn.ycx.ycxtomcat.catalina.Context <init>
INFO : Deployment of web application directory /Users/chuancey/Idea-Workspace/YcxTomcat/webapps/b has finished in 2 ms.
04 21, 2021 21:23:46 下午 cn.ycx.ycxtomcat.catalina.Context <init>
INFO : Deploying web application directory /Users/chuancey/Idea-Workspace/YcxTomcat/webapps/ROOT
04 21, 2021 21:23:46 下午 cn.ycx.ycxtomcat.catalina.Context <init>
INFO : Deployment of web application directory /Users/chuancey/Idea-Workspace/YcxTomcat/webapps/ROOT has finished in 10 ms.
04 21, 2021 21:23:46 下午 cn.ycx.ycxtomcat.catalina.Context <init>
INFO : Deploying web application directory /Users/chuancey/Idea-Workspace/YcxTomcat/webapps/b
04 21, 2021 21:23:46 下午 cn.ycx.ycxtomcat.catalina.Context <init>
INFO : Deployment of web application directory /Users/chuancey/Idea-Workspace/YcxTomcat/webapps/b has finished in 4 ms.
04 21, 2021 21:23:46 下午 cn.ycx.ycxtomcat.catalina.Context <init>
INFO : Deploying web application directory /Users/chuancey/Idea-Workspace/webforycxtomcat/web
04 21, 2021 21:23:46 下午 cn.ycx.ycxtomcat.catalina.Context <init>
INFO : Deployment of web application directory /Users/chuancey/Idea-Workspace/webforycxtomcat/web has finished in 6 ms.
04 21, 2021 21:23:46 下午 cn.ycx.ycxtomcat.catalina.Server logJVM
INFO : OS Version:		10.12.6
04 21, 2021 21:23:46 下午 cn.ycx.ycxtomcat.catalina.Server logJVM
INFO : OS Name	:		Mac OS X
04 21, 2021 21:23:46 下午 cn.ycx.ycxtomcat.catalina.Server logJVM
INFO : Architecture:		x86_64
04 21, 2021 21:23:46 下午 cn.ycx.ycxtomcat.catalina.Server logJVM
INFO : Server version:		Ycx DiyTomcat/1.0.1
04 21, 2021 21:23:46 下午 cn.ycx.ycxtomcat.catalina.Server logJVM
INFO : Server built:		2020-04-08 10:20:22
04 21, 2021 21:23:46 下午 cn.ycx.ycxtomcat.catalina.Server logJVM
INFO : Java Home:		/Library/Java/JavaVirtualMachines/jdk1.8.0_144.jdk/Contents/Home/jre
04 21, 2021 21:23:46 下午 cn.ycx.ycxtomcat.catalina.Server logJVM
INFO : JVM Version:		1.8.0_144-b01
04 21, 2021 21:23:46 下午 cn.ycx.ycxtomcat.catalina.Server logJVM
INFO : JVM Vendor:		Oracle Corporation
04 21, 2021 21:23:46 下午 cn.ycx.ycxtomcat.catalina.Server logJVM
INFO : Server number:		1.0.1
04 21, 2021 21:23:46 下午 cn.ycx.ycxtomcat.catalina.Connector init
INFO : Initializing ProtocolHandler [http-bio-18080]
04 21, 2021 21:23:46 下午 cn.ycx.ycxtomcat.catalina.Connector init
INFO : Initializing ProtocolHandler [http-bio-18081]
04 21, 2021 21:23:46 下午 cn.ycx.ycxtomcat.catalina.Connector init
INFO : Initializing ProtocolHandler [http-bio-18082]
04 21, 2021 21:23:46 下午 cn.ycx.ycxtomcat.catalina.Service init
INFO : Initialization processed in 1 ms
04 21, 2021 21:23:46 下午 cn.ycx.ycxtomcat.catalina.Connector start
INFO : Starting ProtocolHandler [http-bio-18080]
04 21, 2021 21:23:46 下午 cn.ycx.ycxtomcat.catalina.Connector start
INFO : Starting ProtocolHandler [http-bio-18081]
04 21, 2021 21:23:46 下午 cn.ycx.ycxtomcat.catalina.Connector start
INFO : Starting ProtocolHandler [http-bio-18082]
04 21, 2021 21:23:46 下午 cn.ycx.ycxtomcat.catalina.Server start
INFO : Server startup in 17 ms
04 21, 2021 21:51:24 下午 cn.ycx.ycxtomcat.catalina.Context <init>
INFO : Deploying web application directory /Users/chuancey/Idea-Workspace/YcxTomcat/webapps/a
04 21, 2021 21:51:24 下午 cn.ycx.ycxtomcat.catalina.Context <init>
INFO : Deployment of web application directory /Users/chuancey/Idea-Workspace/YcxTomcat/webapps/a has finished in 405 ms.
04 21, 2021 21:51:24 下午 cn.ycx.ycxtomcat.catalina.Context <init>
INFO : Deploying web application directory /Users/chuancey/Idea-Workspace/YcxTomcat/webapps/b
04 21, 2021 21:51:24 下午 cn.ycx.ycxtomcat.catalina.Context <init>
INFO : Deployment of web application directory /Users/chuancey/Idea-Workspace/YcxTomcat/webapps/b has finished in 2 ms.
04 21, 2021 21:51:24 下午 cn.ycx.ycxtomcat.catalina.Context <init>
INFO : Deploying web application directory /Users/chuancey/Idea-Workspace/YcxTomcat/webapps/ROOT
04 21, 2021 21:51:24 下午 cn.ycx.ycxtomcat.catalina.Context <init>
INFO : Deployment of web application directory /Users/chuancey/Idea-Workspace/YcxTomcat/webapps/ROOT has finished in 57 ms.
04 21, 2021 21:51:24 下午 cn.ycx.ycxtomcat.catalina.Context <init>
INFO : Deploying web application directory /Users/chuancey/Idea-Workspace/YcxTomcat/webapps/b
04 21, 2021 21:51:24 下午 cn.ycx.ycxtomcat.catalina.Context <init>
INFO : Deployment of web application directory /Users/chuancey/Idea-Workspace/YcxTomcat/webapps/b has finished in 2 ms.
04 21, 2021 21:51:24 下午 cn.ycx.ycxtomcat.catalina.Context <init>
INFO : Deploying web application directory /Users/chuancey/Idea-Workspace/webforycxtomcat/web
04 21, 2021 21:51:24 下午 cn.ycx.ycxtomcat.catalina.Context <init>
INFO : Deployment of web application directory /Users/chuancey/Idea-Workspace/webforycxtomcat/web has finished in 8 ms.
04 21, 2021 21:51:24 下午 cn.ycx.ycxtomcat.catalina.Server logJVM
INFO : OS Version:		10.12.6
04 21, 2021 21:51:24 下午 cn.ycx.ycxtomcat.catalina.Server logJVM
INFO : OS Name	:		Mac OS X
04 21, 2021 21:51:24 下午 cn.ycx.ycxtomcat.catalina.Server logJVM
INFO : Architecture:		x86_64
04 21, 2021 21:51:24 下午 cn.ycx.ycxtomcat.catalina.Server logJVM
INFO : Server version:		Ycx DiyTomcat/1.0.1
04 21, 2021 21:51:24 下午 cn.ycx.ycxtomcat.catalina.Server logJVM
INFO : Server built:		2020-04-08 10:20:22
04 21, 2021 21:51:24 下午 cn.ycx.ycxtomcat.catalina.Server logJVM
INFO : Java Home:		/Library/Java/JavaVirtualMachines/jdk1.8.0_144.jdk/Contents/Home/jre
04 21, 2021 21:51:24 下午 cn.ycx.ycxtomcat.catalina.Server logJVM
INFO : JVM Version:		1.8.0_144-b01
04 21, 2021 21:51:24 下午 cn.ycx.ycxtomcat.catalina.Server logJVM
INFO : JVM Vendor:		Oracle Corporation
04 21, 2021 21:51:24 下午 cn.ycx.ycxtomcat.catalina.Server logJVM
INFO : Server number:		1.0.1
04 21, 2021 21:51:24 下午 cn.ycx.ycxtomcat.catalina.Connector init
INFO : Initializing ProtocolHandler [http-bio-18080]
04 21, 2021 21:51:24 下午 cn.ycx.ycxtomcat.catalina.Connector init
INFO : Initializing ProtocolHandler [http-bio-18081]
04 21, 2021 21:51:24 下午 cn.ycx.ycxtomcat.catalina.Connector init
INFO : Initializing ProtocolHandler [http-bio-18082]
04 21, 2021 21:51:24 下午 cn.ycx.ycxtomcat.catalina.Service init
INFO : Initialization processed in 12 ms
04 21, 2021 21:51:24 下午 cn.ycx.ycxtomcat.catalina.Connector start
INFO : Starting ProtocolHandler [http-bio-18080]
04 21, 2021 21:51:24 下午 cn.ycx.ycxtomcat.catalina.Connector start
INFO : Starting ProtocolHandler [http-bio-18081]
04 21, 2021 21:51:24 下午 cn.ycx.ycxtomcat.catalina.Connector start
INFO : Starting ProtocolHandler [http-bio-18082]
04 21, 2021 21:51:24 下午 cn.ycx.ycxtomcat.catalina.Server start
INFO : Server startup in 71 ms
