05 09, 2021 14:16:04 下午 cn.ycx.ycxtomcat.catalina.Context <init>
INFO : Deploying web application directory /Users/chuancey/Idea-Workspace/YcxTomcat/webapps/a
05 09, 2021 14:16:04 下午 cn.ycx.ycxtomcat.catalina.Context <init>
INFO : Deployment of web application directory /Users/chuancey/Idea-Workspace/YcxTomcat/webapps/a has finished in 356 ms.
05 09, 2021 14:16:04 下午 cn.ycx.ycxtomcat.catalina.Context <init>
INFO : Deploying web application directory /Users/chuancey/Idea-Workspace/YcxTomcat/webapps/b
05 09, 2021 14:16:04 下午 cn.ycx.ycxtomcat.catalina.Context <init>
INFO : Deployment of web application directory /Users/chuancey/Idea-Workspace/YcxTomcat/webapps/b has finished in 3 ms.
05 09, 2021 14:16:04 下午 cn.ycx.ycxtomcat.catalina.Context <init>
INFO : Deploying web application directory /Users/chuancey/Idea-Workspace/YcxTomcat/webapps/ROOT
05 09, 2021 14:16:04 下午 cn.ycx.ycxtomcat.catalina.Context <init>
INFO : Deployment of web application directory /Users/chuancey/Idea-Workspace/YcxTomcat/webapps/ROOT has finished in 11 ms.
05 09, 2021 14:16:05 下午 cn.ycx.ycxtomcat.catalina.Context <init>
INFO : Deploying web application directory /Users/chuancey/Idea-Workspace/YcxTomcat/webapps/b
05 09, 2021 14:16:05 下午 cn.ycx.ycxtomcat.catalina.Context <init>
INFO : Deployment of web application directory /Users/chuancey/Idea-Workspace/YcxTomcat/webapps/b has finished in 1 ms.
05 09, 2021 14:16:05 下午 cn.ycx.ycxtomcat.catalina.Context <init>
INFO : Deploying web application directory /Users/chuancey/Idea-Workspace/webforycxtomcat/web
05 09, 2021 14:16:05 下午 cn.ycx.ycxtomcat.catalina.Context <init>
INFO : Deployment of web application directory /Users/chuancey/Idea-Workspace/webforycxtomcat/web has finished in 42 ms.
05 09, 2021 14:16:05 下午 cn.ycx.ycxtomcat.catalina.Server logJVM
INFO : OS Version:		10.12.6
05 09, 2021 14:16:05 下午 cn.ycx.ycxtomcat.catalina.Server logJVM
INFO : OS Name	:		Mac OS X
05 09, 2021 14:16:05 下午 cn.ycx.ycxtomcat.catalina.Server logJVM
INFO : Architecture:		x86_64
05 09, 2021 14:16:05 下午 cn.ycx.ycxtomcat.catalina.Server logJVM
INFO : Server version:		Ycx DiyTomcat/1.0.1
05 09, 2021 14:16:05 下午 cn.ycx.ycxtomcat.catalina.Server logJVM
INFO : Server built:		2020-04-08 10:20:22
05 09, 2021 14:16:05 下午 cn.ycx.ycxtomcat.catalina.Server logJVM
INFO : Java Home:		/Library/Java/JavaVirtualMachines/jdk1.8.0_144.jdk/Contents/Home/jre
05 09, 2021 14:16:05 下午 cn.ycx.ycxtomcat.catalina.Server logJVM
INFO : JVM Version:		1.8.0_144-b01
05 09, 2021 14:16:05 下午 cn.ycx.ycxtomcat.catalina.Server logJVM
INFO : JVM Vendor:		Oracle Corporation
05 09, 2021 14:16:05 下午 cn.ycx.ycxtomcat.catalina.Server logJVM
INFO : Server number:		1.0.1
05 09, 2021 14:16:05 下午 cn.ycx.ycxtomcat.catalina.Connector init
INFO : Initializing ProtocolHandler [http-bio-18080]
05 09, 2021 14:16:05 下午 cn.ycx.ycxtomcat.catalina.Connector init
INFO : Initializing ProtocolHandler [http-bio-18081]
05 09, 2021 14:16:05 下午 cn.ycx.ycxtomcat.catalina.Connector init
INFO : Initializing ProtocolHandler [http-bio-18082]
05 09, 2021 14:16:05 下午 cn.ycx.ycxtomcat.catalina.Service init
INFO : Initialization processed in 4 ms
05 09, 2021 14:16:05 下午 cn.ycx.ycxtomcat.catalina.Connector start
INFO : Starting ProtocolHandler [http-bio-18080]
05 09, 2021 14:16:05 下午 cn.ycx.ycxtomcat.catalina.Connector start
INFO : Starting ProtocolHandler [http-bio-18081]
05 09, 2021 14:16:05 下午 cn.ycx.ycxtomcat.catalina.Connector start
INFO : Starting ProtocolHandler [http-bio-18082]
05 09, 2021 14:16:05 下午 cn.ycx.ycxtomcat.catalina.Server start
INFO : Server startup in 22 ms
05 09, 2021 14:16:22 下午 cn.ycx.ycxtomcat.catalina.HttpProcessor error
ERROR: this is a deliberately created exception
java.lang.RuntimeException: this is a deliberately created exception
	at cn.ycx.ycxtomcat.servlets.DefaultServlet.service(DefaultServlet.java:32)
	at cn.ycx.ycxtomcat.catalina.HttpProcessor.execute(HttpProcessor.java:37)
	at cn.ycx.ycxtomcat.catalina.Connector.lambda$run$0(Connector.java:44)
	at java.util.concurrent.ThreadPoolExecutor.runWorker(ThreadPoolExecutor.java:1149)
	at java.util.concurrent.ThreadPoolExecutor$Worker.run(ThreadPoolExecutor.java:624)
	at java.lang.Thread.run(Thread.java:748)
05 09, 2021 14:39:14 下午 cn.ycx.ycxtomcat.catalina.Context <init>
INFO : Deploying web application directory /Users/chuancey/Idea-Workspace/YcxTomcat/webapps/a
05 09, 2021 14:39:14 下午 cn.ycx.ycxtomcat.catalina.Context <init>
INFO : Deployment of web application directory /Users/chuancey/Idea-Workspace/YcxTomcat/webapps/a has finished in 413 ms.
05 09, 2021 14:39:14 下午 cn.ycx.ycxtomcat.catalina.Context <init>
INFO : Deploying web application directory /Users/chuancey/Idea-Workspace/YcxTomcat/webapps/b
05 09, 2021 14:39:14 下午 cn.ycx.ycxtomcat.catalina.Context <init>
INFO : Deployment of web application directory /Users/chuancey/Idea-Workspace/YcxTomcat/webapps/b has finished in 2 ms.
05 09, 2021 14:39:14 下午 cn.ycx.ycxtomcat.catalina.Context <init>
INFO : Deploying web application directory /Users/chuancey/Idea-Workspace/YcxTomcat/webapps/ROOT
05 09, 2021 14:39:14 下午 cn.ycx.ycxtomcat.catalina.Context <init>
INFO : Deployment of web application directory /Users/chuancey/Idea-Workspace/YcxTomcat/webapps/ROOT has finished in 9 ms.
05 09, 2021 14:39:14 下午 cn.ycx.ycxtomcat.catalina.Context <init>
INFO : Deploying web application directory /Users/chuancey/Idea-Workspace/YcxTomcat/webapps/b
05 09, 2021 14:39:14 下午 cn.ycx.ycxtomcat.catalina.Context <init>
INFO : Deployment of web application directory /Users/chuancey/Idea-Workspace/YcxTomcat/webapps/b has finished in 1 ms.
05 09, 2021 14:39:14 下午 cn.ycx.ycxtomcat.catalina.Context <init>
INFO : Deploying web application directory /Users/chuancey/Idea-Workspace/webforycxtomcat/web
05 09, 2021 14:39:14 下午 cn.ycx.ycxtomcat.catalina.Context <init>
INFO : Deployment of web application directory /Users/chuancey/Idea-Workspace/webforycxtomcat/web has finished in 30 ms.
05 09, 2021 14:39:14 下午 cn.ycx.ycxtomcat.catalina.Server logJVM
INFO : OS Version:		10.12.6
05 09, 2021 14:39:14 下午 cn.ycx.ycxtomcat.catalina.Server logJVM
INFO : OS Name	:		Mac OS X
05 09, 2021 14:39:14 下午 cn.ycx.ycxtomcat.catalina.Server logJVM
INFO : Architecture:		x86_64
05 09, 2021 14:39:14 下午 cn.ycx.ycxtomcat.catalina.Server logJVM
INFO : Server version:		Ycx DiyTomcat/1.0.1
05 09, 2021 14:39:14 下午 cn.ycx.ycxtomcat.catalina.Server logJVM
INFO : Server built:		2020-04-08 10:20:22
05 09, 2021 14:39:14 下午 cn.ycx.ycxtomcat.catalina.Server logJVM
INFO : Java Home:		/Library/Java/JavaVirtualMachines/jdk1.8.0_144.jdk/Contents/Home/jre
05 09, 2021 14:39:14 下午 cn.ycx.ycxtomcat.catalina.Server logJVM
INFO : JVM Version:		1.8.0_144-b01
05 09, 2021 14:39:14 下午 cn.ycx.ycxtomcat.catalina.Server logJVM
INFO : JVM Vendor:		Oracle Corporation
05 09, 2021 14:39:14 下午 cn.ycx.ycxtomcat.catalina.Server logJVM
INFO : Server number:		1.0.1
05 09, 2021 14:39:14 下午 cn.ycx.ycxtomcat.catalina.Connector init
INFO : Initializing ProtocolHandler [http-bio-18080]
05 09, 2021 14:39:14 下午 cn.ycx.ycxtomcat.catalina.Connector init
INFO : Initializing ProtocolHandler [http-bio-18081]
05 09, 2021 14:39:14 下午 cn.ycx.ycxtomcat.catalina.Connector init
INFO : Initializing ProtocolHandler [http-bio-18082]
05 09, 2021 14:39:14 下午 cn.ycx.ycxtomcat.catalina.Service init
INFO : Initialization processed in 1 ms
05 09, 2021 14:39:14 下午 cn.ycx.ycxtomcat.catalina.Connector start
INFO : Starting ProtocolHandler [http-bio-18080]
05 09, 2021 14:39:14 下午 cn.ycx.ycxtomcat.catalina.Connector start
INFO : Starting ProtocolHandler [http-bio-18081]
05 09, 2021 14:39:14 下午 cn.ycx.ycxtomcat.catalina.Connector start
INFO : Starting ProtocolHandler [http-bio-18082]
05 09, 2021 14:39:14 下午 cn.ycx.ycxtomcat.catalina.Server start
INFO : Server startup in 15 ms
05 09, 2021 14:39:29 下午 cn.ycx.ycxtomcat.catalina.HttpProcessor error
ERROR: this is a deliberately created exception
java.lang.RuntimeException: this is a deliberately created exception
	at cn.ycx.ycxtomcat.servlets.DefaultServlet.service(DefaultServlet.java:32)
	at cn.ycx.ycxtomcat.catalina.HttpProcessor.execute(HttpProcessor.java:37)
	at cn.ycx.ycxtomcat.catalina.Connector.lambda$run$0(Connector.java:44)
	at java.util.concurrent.ThreadPoolExecutor.runWorker(ThreadPoolExecutor.java:1149)
	at java.util.concurrent.ThreadPoolExecutor$Worker.run(ThreadPoolExecutor.java:624)
	at java.lang.Thread.run(Thread.java:748)
05 09, 2021 14:59:11 下午 cn.ycx.ycxtomcat.catalina.Context <init>
INFO : Deploying web application directory /Users/chuancey/Idea-Workspace/YcxTomcat/webapps/a
05 09, 2021 14:59:11 下午 cn.ycx.ycxtomcat.catalina.Context <init>
INFO : Deployment of web application directory /Users/chuancey/Idea-Workspace/YcxTomcat/webapps/a has finished in 445 ms.
05 09, 2021 14:59:11 下午 cn.ycx.ycxtomcat.catalina.Context <init>
INFO : Deploying web application directory /Users/chuancey/Idea-Workspace/YcxTomcat/webapps/b
05 09, 2021 14:59:11 下午 cn.ycx.ycxtomcat.catalina.Context <init>
INFO : Deployment of web application directory /Users/chuancey/Idea-Workspace/YcxTomcat/webapps/b has finished in 1 ms.
05 09, 2021 14:59:11 下午 cn.ycx.ycxtomcat.catalina.Context <init>
INFO : Deploying web application directory /Users/chuancey/Idea-Workspace/YcxTomcat/webapps/ROOT
05 09, 2021 14:59:11 下午 cn.ycx.ycxtomcat.catalina.Context <init>
INFO : Deployment of web application directory /Users/chuancey/Idea-Workspace/YcxTomcat/webapps/ROOT has finished in 9 ms.
05 09, 2021 14:59:11 下午 cn.ycx.ycxtomcat.catalina.Context <init>
INFO : Deploying web application directory /Users/chuancey/Idea-Workspace/YcxTomcat/webapps/b
05 09, 2021 14:59:11 下午 cn.ycx.ycxtomcat.catalina.Context <init>
INFO : Deployment of web application directory /Users/chuancey/Idea-Workspace/YcxTomcat/webapps/b has finished in 1 ms.
05 09, 2021 14:59:11 下午 cn.ycx.ycxtomcat.catalina.Context <init>
INFO : Deploying web application directory /Users/chuancey/Idea-Workspace/webforycxtomcat/web
05 09, 2021 14:59:11 下午 cn.ycx.ycxtomcat.catalina.Context <init>
INFO : Deployment of web application directory /Users/chuancey/Idea-Workspace/webforycxtomcat/web has finished in 36 ms.
05 09, 2021 14:59:11 下午 cn.ycx.ycxtomcat.catalina.Server logJVM
INFO : OS Version:		10.12.6
05 09, 2021 14:59:11 下午 cn.ycx.ycxtomcat.catalina.Server logJVM
INFO : OS Name	:		Mac OS X
05 09, 2021 14:59:11 下午 cn.ycx.ycxtomcat.catalina.Server logJVM
INFO : Architecture:		x86_64
05 09, 2021 14:59:11 下午 cn.ycx.ycxtomcat.catalina.Server logJVM
INFO : Server version:		Ycx DiyTomcat/1.0.1
05 09, 2021 14:59:11 下午 cn.ycx.ycxtomcat.catalina.Server logJVM
INFO : Server built:		2020-04-08 10:20:22
05 09, 2021 14:59:11 下午 cn.ycx.ycxtomcat.catalina.Server logJVM
INFO : Java Home:		/Library/Java/JavaVirtualMachines/jdk1.8.0_144.jdk/Contents/Home/jre
05 09, 2021 14:59:11 下午 cn.ycx.ycxtomcat.catalina.Server logJVM
INFO : JVM Version:		1.8.0_144-b01
05 09, 2021 14:59:11 下午 cn.ycx.ycxtomcat.catalina.Server logJVM
INFO : JVM Vendor:		Oracle Corporation
05 09, 2021 14:59:11 下午 cn.ycx.ycxtomcat.catalina.Server logJVM
INFO : Server number:		1.0.1
05 09, 2021 14:59:11 下午 cn.ycx.ycxtomcat.catalina.Connector init
INFO : Initializing ProtocolHandler [http-bio-18080]
05 09, 2021 14:59:11 下午 cn.ycx.ycxtomcat.catalina.Connector init
INFO : Initializing ProtocolHandler [http-bio-18081]
05 09, 2021 14:59:11 下午 cn.ycx.ycxtomcat.catalina.Connector init
INFO : Initializing ProtocolHandler [http-bio-18082]
05 09, 2021 14:59:11 下午 cn.ycx.ycxtomcat.catalina.Service init
INFO : Initialization processed in 1 ms
05 09, 2021 14:59:11 下午 cn.ycx.ycxtomcat.catalina.Connector start
INFO : Starting ProtocolHandler [http-bio-18080]
05 09, 2021 14:59:11 下午 cn.ycx.ycxtomcat.catalina.Connector start
INFO : Starting ProtocolHandler [http-bio-18081]
05 09, 2021 14:59:11 下午 cn.ycx.ycxtomcat.catalina.Connector start
INFO : Starting ProtocolHandler [http-bio-18082]
05 09, 2021 14:59:11 下午 cn.ycx.ycxtomcat.catalina.Server start
INFO : Server startup in 21 ms
05 09, 2021 14:59:29 下午 cn.ycx.ycxtomcat.catalina.HttpProcessor error
ERROR: this is a deliberately created exception
java.lang.RuntimeException: this is a deliberately created exception
	at cn.ycx.ycxtomcat.servlets.DefaultServlet.service(DefaultServlet.java:32)
	at cn.ycx.ycxtomcat.catalina.HttpProcessor.execute(HttpProcessor.java:37)
	at cn.ycx.ycxtomcat.catalina.Connector.lambda$run$0(Connector.java:44)
	at java.util.concurrent.ThreadPoolExecutor.runWorker(ThreadPoolExecutor.java:1149)
	at java.util.concurrent.ThreadPoolExecutor$Worker.run(ThreadPoolExecutor.java:624)
	at java.lang.Thread.run(Thread.java:748)
05 09, 2021 16:08:29 下午 cn.ycx.ycxtomcat.catalina.Context <init>
INFO : Deploying web application directory /Users/chuancey/Idea-Workspace/YcxTomcat/webapps/a
05 09, 2021 16:08:29 下午 cn.ycx.ycxtomcat.catalina.Context <init>
INFO : Deployment of web application directory /Users/chuancey/Idea-Workspace/YcxTomcat/webapps/a has finished in 369 ms.
05 09, 2021 16:08:29 下午 cn.ycx.ycxtomcat.catalina.Context <init>
INFO : Deploying web application directory /Users/chuancey/Idea-Workspace/YcxTomcat/webapps/b
05 09, 2021 16:08:29 下午 cn.ycx.ycxtomcat.catalina.Context <init>
INFO : Deployment of web application directory /Users/chuancey/Idea-Workspace/YcxTomcat/webapps/b has finished in 7 ms.
05 09, 2021 16:08:29 下午 cn.ycx.ycxtomcat.catalina.Context <init>
INFO : Deploying web application directory /Users/chuancey/Idea-Workspace/YcxTomcat/webapps/ROOT
05 09, 2021 16:08:29 下午 cn.ycx.ycxtomcat.catalina.Context <init>
INFO : Deployment of web application directory /Users/chuancey/Idea-Workspace/YcxTomcat/webapps/ROOT has finished in 12 ms.
05 09, 2021 16:08:29 下午 cn.ycx.ycxtomcat.catalina.Context <init>
INFO : Deploying web application directory /Users/chuancey/Idea-Workspace/YcxTomcat/webapps/b
05 09, 2021 16:08:29 下午 cn.ycx.ycxtomcat.catalina.Context <init>
INFO : Deployment of web application directory /Users/chuancey/Idea-Workspace/YcxTomcat/webapps/b has finished in 1 ms.
05 09, 2021 16:08:29 下午 cn.ycx.ycxtomcat.catalina.Context <init>
INFO : Deploying web application directory /Users/chuancey/Idea-Workspace/webforycxtomcat/web
05 09, 2021 16:08:29 下午 cn.ycx.ycxtomcat.catalina.Context <init>
INFO : Deployment of web application directory /Users/chuancey/Idea-Workspace/webforycxtomcat/web has finished in 53 ms.
05 09, 2021 16:08:29 下午 cn.ycx.ycxtomcat.catalina.Server logJVM
INFO : OS Version:		10.12.6
05 09, 2021 16:08:29 下午 cn.ycx.ycxtomcat.catalina.Server logJVM
INFO : OS Name	:		Mac OS X
05 09, 2021 16:08:29 下午 cn.ycx.ycxtomcat.catalina.Server logJVM
INFO : Architecture:		x86_64
05 09, 2021 16:08:29 下午 cn.ycx.ycxtomcat.catalina.Server logJVM
INFO : Server version:		Ycx DiyTomcat/1.0.1
05 09, 2021 16:08:29 下午 cn.ycx.ycxtomcat.catalina.Server logJVM
INFO : Server built:		2020-04-08 10:20:22
05 09, 2021 16:08:29 下午 cn.ycx.ycxtomcat.catalina.Server logJVM
INFO : Java Home:		/Library/Java/JavaVirtualMachines/jdk1.8.0_144.jdk/Contents/Home/jre
05 09, 2021 16:08:29 下午 cn.ycx.ycxtomcat.catalina.Server logJVM
INFO : JVM Version:		1.8.0_144-b01
05 09, 2021 16:08:29 下午 cn.ycx.ycxtomcat.catalina.Server logJVM
INFO : JVM Vendor:		Oracle Corporation
05 09, 2021 16:08:29 下午 cn.ycx.ycxtomcat.catalina.Server logJVM
INFO : Server number:		1.0.1
05 09, 2021 16:08:29 下午 cn.ycx.ycxtomcat.catalina.Connector init
INFO : Initializing ProtocolHandler [http-bio-18080]
05 09, 2021 16:08:29 下午 cn.ycx.ycxtomcat.catalina.Connector init
INFO : Initializing ProtocolHandler [http-bio-18081]
05 09, 2021 16:08:29 下午 cn.ycx.ycxtomcat.catalina.Connector init
INFO : Initializing ProtocolHandler [http-bio-18082]
05 09, 2021 16:08:29 下午 cn.ycx.ycxtomcat.catalina.Service init
INFO : Initialization processed in 1 ms
05 09, 2021 16:08:29 下午 cn.ycx.ycxtomcat.catalina.Connector start
INFO : Starting ProtocolHandler [http-bio-18080]
05 09, 2021 16:08:29 下午 cn.ycx.ycxtomcat.catalina.Connector start
INFO : Starting ProtocolHandler [http-bio-18081]
05 09, 2021 16:08:29 下午 cn.ycx.ycxtomcat.catalina.Connector start
INFO : Starting ProtocolHandler [http-bio-18082]
05 09, 2021 16:08:29 下午 cn.ycx.ycxtomcat.catalina.Server start
INFO : Server startup in 15 ms
05 09, 2021 16:08:34 下午 cn.ycx.ycxtomcat.catalina.HttpProcessor error
ERROR: this is a deliberately created exception
java.lang.RuntimeException: this is a deliberately created exception
	at cn.ycx.ycxtomcat.servlets.DefaultServlet.service(DefaultServlet.java:32)
	at cn.ycx.ycxtomcat.catalina.HttpProcessor.execute(HttpProcessor.java:38)
	at cn.ycx.ycxtomcat.catalina.Connector.lambda$run$0(Connector.java:48)
	at java.util.concurrent.ThreadPoolExecutor.runWorker(ThreadPoolExecutor.java:1149)
	at java.util.concurrent.ThreadPoolExecutor$Worker.run(ThreadPoolExecutor.java:624)
	at java.lang.Thread.run(Thread.java:748)
05 09, 2021 19:15:09 下午 cn.ycx.ycxtomcat.catalina.Context <init>
INFO : Deploying web application directory /Users/chuancey/Idea-Workspace/YcxTomcat/webapps/a
05 09, 2021 19:15:09 下午 cn.ycx.ycxtomcat.catalina.Context <init>
INFO : Deployment of web application directory /Users/chuancey/Idea-Workspace/YcxTomcat/webapps/a has finished in 615 ms.
05 09, 2021 19:15:09 下午 cn.ycx.ycxtomcat.catalina.Context <init>
INFO : Deploying web application directory /Users/chuancey/Idea-Workspace/YcxTomcat/webapps/b
05 09, 2021 19:15:09 下午 cn.ycx.ycxtomcat.catalina.Context <init>
INFO : Deployment of web application directory /Users/chuancey/Idea-Workspace/YcxTomcat/webapps/b has finished in 2 ms.
05 09, 2021 19:15:09 下午 cn.ycx.ycxtomcat.catalina.Context <init>
INFO : Deploying web application directory /Users/chuancey/Idea-Workspace/YcxTomcat/webapps/ROOT
05 09, 2021 19:15:09 下午 cn.ycx.ycxtomcat.catalina.Context <init>
INFO : Deployment of web application directory /Users/chuancey/Idea-Workspace/YcxTomcat/webapps/ROOT has finished in 9 ms.
05 09, 2021 19:15:09 下午 cn.ycx.ycxtomcat.catalina.Context <init>
INFO : Deploying web application directory /Users/chuancey/Idea-Workspace/YcxTomcat/webapps/b
05 09, 2021 19:15:09 下午 cn.ycx.ycxtomcat.catalina.Context <init>
INFO : Deployment of web application directory /Users/chuancey/Idea-Workspace/YcxTomcat/webapps/b has finished in 5 ms.
05 09, 2021 19:15:09 下午 cn.ycx.ycxtomcat.catalina.Context <init>
INFO : Deploying web application directory /Users/chuancey/Idea-Workspace/webforycxtomcat/web
05 09, 2021 19:15:09 下午 cn.ycx.ycxtomcat.catalina.Context <init>
INFO : Deployment of web application directory /Users/chuancey/Idea-Workspace/webforycxtomcat/web has finished in 125 ms.
05 09, 2021 19:15:09 下午 cn.ycx.ycxtomcat.catalina.Server logJVM
INFO : OS Version:		10.12.6
05 09, 2021 19:15:09 下午 cn.ycx.ycxtomcat.catalina.Server logJVM
INFO : OS Name	:		Mac OS X
05 09, 2021 19:15:09 下午 cn.ycx.ycxtomcat.catalina.Server logJVM
INFO : Architecture:		x86_64
05 09, 2021 19:15:09 下午 cn.ycx.ycxtomcat.catalina.Server logJVM
INFO : Server version:		Ycx DiyTomcat/1.0.1
05 09, 2021 19:15:09 下午 cn.ycx.ycxtomcat.catalina.Server logJVM
INFO : Server built:		2020-04-08 10:20:22
05 09, 2021 19:15:09 下午 cn.ycx.ycxtomcat.catalina.Server logJVM
INFO : Java Home:		/Library/Java/JavaVirtualMachines/jdk1.8.0_144.jdk/Contents/Home/jre
05 09, 2021 19:15:09 下午 cn.ycx.ycxtomcat.catalina.Server logJVM
INFO : JVM Version:		1.8.0_144-b01
05 09, 2021 19:15:09 下午 cn.ycx.ycxtomcat.catalina.Server logJVM
INFO : JVM Vendor:		Oracle Corporation
05 09, 2021 19:15:09 下午 cn.ycx.ycxtomcat.catalina.Server logJVM
INFO : Server number:		1.0.1
05 09, 2021 19:15:09 下午 cn.ycx.ycxtomcat.catalina.Connector init
INFO : Initializing ProtocolHandler [http-bio-18080]
05 09, 2021 19:15:09 下午 cn.ycx.ycxtomcat.catalina.Connector init
INFO : Initializing ProtocolHandler [http-bio-18081]
05 09, 2021 19:15:09 下午 cn.ycx.ycxtomcat.catalina.Connector init
INFO : Initializing ProtocolHandler [http-bio-18082]
05 09, 2021 19:15:09 下午 cn.ycx.ycxtomcat.catalina.Service init
INFO : Initialization processed in 1 ms
05 09, 2021 19:15:09 下午 cn.ycx.ycxtomcat.catalina.Connector start
INFO : Starting ProtocolHandler [http-bio-18080]
05 09, 2021 19:15:09 下午 cn.ycx.ycxtomcat.catalina.Connector start
INFO : Starting ProtocolHandler [http-bio-18081]
05 09, 2021 19:15:09 下午 cn.ycx.ycxtomcat.catalina.Connector start
INFO : Starting ProtocolHandler [http-bio-18082]
05 09, 2021 19:15:09 下午 cn.ycx.ycxtomcat.catalina.Server start
INFO : Server startup in 11 ms
05 09, 2021 19:15:27 下午 cn.ycx.ycxtomcat.catalina.HttpProcessor error
ERROR: this is a deliberately created exception
java.lang.RuntimeException: this is a deliberately created exception
	at cn.ycx.ycxtomcat.servlets.DefaultServlet.service(DefaultServlet.java:32)
	at cn.ycx.ycxtomcat.catalina.HttpProcessor.execute(HttpProcessor.java:38)
	at cn.ycx.ycxtomcat.catalina.Connector.lambda$run$0(Connector.java:48)
	at java.util.concurrent.ThreadPoolExecutor.runWorker(ThreadPoolExecutor.java:1149)
	at java.util.concurrent.ThreadPoolExecutor$Worker.run(ThreadPoolExecutor.java:624)
	at java.lang.Thread.run(Thread.java:748)
05 09, 2021 19:36:40 下午 cn.ycx.ycxtomcat.catalina.Context <init>
INFO : Deploying web application directory /Users/chuancey/Idea-Workspace/YcxTomcat/webapps/a
05 09, 2021 19:36:40 下午 cn.ycx.ycxtomcat.catalina.Context <init>
INFO : Deployment of web application directory /Users/chuancey/Idea-Workspace/YcxTomcat/webapps/a has finished in 416 ms.
05 09, 2021 19:36:40 下午 cn.ycx.ycxtomcat.catalina.Context <init>
INFO : Deploying web application directory /Users/chuancey/Idea-Workspace/YcxTomcat/webapps/b
05 09, 2021 19:36:40 下午 cn.ycx.ycxtomcat.catalina.Context <init>
INFO : Deployment of web application directory /Users/chuancey/Idea-Workspace/YcxTomcat/webapps/b has finished in 5 ms.
05 09, 2021 19:36:40 下午 cn.ycx.ycxtomcat.catalina.Context <init>
INFO : Deploying web application directory /Users/chuancey/Idea-Workspace/YcxTomcat/webapps/ROOT
05 09, 2021 19:36:40 下午 cn.ycx.ycxtomcat.catalina.Context <init>
INFO : Deployment of web application directory /Users/chuancey/Idea-Workspace/YcxTomcat/webapps/ROOT has finished in 13 ms.
05 09, 2021 19:36:40 下午 cn.ycx.ycxtomcat.catalina.Context <init>
INFO : Deploying web application directory /Users/chuancey/Idea-Workspace/YcxTomcat/webapps/b
05 09, 2021 19:36:40 下午 cn.ycx.ycxtomcat.catalina.Context <init>
INFO : Deployment of web application directory /Users/chuancey/Idea-Workspace/YcxTomcat/webapps/b has finished in 1 ms.
05 09, 2021 19:36:40 下午 cn.ycx.ycxtomcat.catalina.Context <init>
INFO : Deploying web application directory /Users/chuancey/Idea-Workspace/webforycxtomcat/web
05 09, 2021 19:36:40 下午 cn.ycx.ycxtomcat.catalina.Context <init>
INFO : Deployment of web application directory /Users/chuancey/Idea-Workspace/webforycxtomcat/web has finished in 62 ms.
05 09, 2021 19:36:40 下午 cn.ycx.ycxtomcat.catalina.Server logJVM
INFO : OS Version:		10.12.6
05 09, 2021 19:36:40 下午 cn.ycx.ycxtomcat.catalina.Server logJVM
INFO : OS Name	:		Mac OS X
05 09, 2021 19:36:40 下午 cn.ycx.ycxtomcat.catalina.Server logJVM
INFO : Architecture:		x86_64
05 09, 2021 19:36:40 下午 cn.ycx.ycxtomcat.catalina.Server logJVM
INFO : Server version:		Ycx DiyTomcat/1.0.1
05 09, 2021 19:36:40 下午 cn.ycx.ycxtomcat.catalina.Server logJVM
INFO : Server built:		2020-04-08 10:20:22
05 09, 2021 19:36:40 下午 cn.ycx.ycxtomcat.catalina.Server logJVM
INFO : Java Home:		/Library/Java/JavaVirtualMachines/jdk1.8.0_144.jdk/Contents/Home/jre
05 09, 2021 19:36:40 下午 cn.ycx.ycxtomcat.catalina.Server logJVM
INFO : JVM Version:		1.8.0_144-b01
05 09, 2021 19:36:40 下午 cn.ycx.ycxtomcat.catalina.Server logJVM
INFO : JVM Vendor:		Oracle Corporation
05 09, 2021 19:36:40 下午 cn.ycx.ycxtomcat.catalina.Server logJVM
INFO : Server number:		1.0.1
05 09, 2021 19:36:40 下午 cn.ycx.ycxtomcat.catalina.Connector init
INFO : Initializing ProtocolHandler [http-bio-18080]
05 09, 2021 19:36:40 下午 cn.ycx.ycxtomcat.catalina.Connector init
INFO : Initializing ProtocolHandler [http-bio-18081]
05 09, 2021 19:36:40 下午 cn.ycx.ycxtomcat.catalina.Connector init
INFO : Initializing ProtocolHandler [http-bio-18082]
05 09, 2021 19:36:40 下午 cn.ycx.ycxtomcat.catalina.Service init
INFO : Initialization processed in 3 ms
05 09, 2021 19:36:40 下午 cn.ycx.ycxtomcat.catalina.Connector start
INFO : Starting ProtocolHandler [http-bio-18080]
05 09, 2021 19:36:40 下午 cn.ycx.ycxtomcat.catalina.Connector start
INFO : Starting ProtocolHandler [http-bio-18081]
05 09, 2021 19:36:40 下午 cn.ycx.ycxtomcat.catalina.Connector start
INFO : Starting ProtocolHandler [http-bio-18082]
05 09, 2021 19:36:40 下午 cn.ycx.ycxtomcat.catalina.Server start
INFO : Server startup in 17 ms
05 09, 2021 19:46:03 下午 cn.ycx.ycxtomcat.catalina.HttpProcessor error
ERROR: this is a deliberately created exception
java.lang.RuntimeException: this is a deliberately created exception
	at cn.ycx.ycxtomcat.servlets.DefaultServlet.service(DefaultServlet.java:32)
	at cn.ycx.ycxtomcat.catalina.HttpProcessor.execute(HttpProcessor.java:38)
	at cn.ycx.ycxtomcat.catalina.Connector.lambda$run$0(Connector.java:48)
	at java.util.concurrent.ThreadPoolExecutor.runWorker(ThreadPoolExecutor.java:1149)
	at java.util.concurrent.ThreadPoolExecutor$Worker.run(ThreadPoolExecutor.java:624)
	at java.lang.Thread.run(Thread.java:748)
05 09, 2021 20:04:43 下午 cn.ycx.ycxtomcat.catalina.Context <init>
INFO : Deploying web application directory /Users/chuancey/Idea-Workspace/YcxTomcat/webapps/a
05 09, 2021 20:04:43 下午 cn.ycx.ycxtomcat.catalina.Context <init>
INFO : Deployment of web application directory /Users/chuancey/Idea-Workspace/YcxTomcat/webapps/a has finished in 322 ms.
05 09, 2021 20:04:43 下午 cn.ycx.ycxtomcat.catalina.Context <init>
INFO : Deploying web application directory /Users/chuancey/Idea-Workspace/YcxTomcat/webapps/b
05 09, 2021 20:04:43 下午 cn.ycx.ycxtomcat.catalina.Context <init>
INFO : Deployment of web application directory /Users/chuancey/Idea-Workspace/YcxTomcat/webapps/b has finished in 2 ms.
05 09, 2021 20:04:43 下午 cn.ycx.ycxtomcat.catalina.Context <init>
INFO : Deploying web application directory /Users/chuancey/Idea-Workspace/YcxTomcat/webapps/ROOT
05 09, 2021 20:04:43 下午 cn.ycx.ycxtomcat.catalina.Context <init>
INFO : Deployment of web application directory /Users/chuancey/Idea-Workspace/YcxTomcat/webapps/ROOT has finished in 10 ms.
05 09, 2021 20:04:43 下午 cn.ycx.ycxtomcat.catalina.Context <init>
INFO : Deploying web application directory /Users/chuancey/Idea-Workspace/YcxTomcat/webapps/b
05 09, 2021 20:04:43 下午 cn.ycx.ycxtomcat.catalina.Context <init>
INFO : Deployment of web application directory /Users/chuancey/Idea-Workspace/YcxTomcat/webapps/b has finished in 1 ms.
05 09, 2021 20:04:43 下午 cn.ycx.ycxtomcat.catalina.Context <init>
INFO : Deploying web application directory /Users/chuancey/Idea-Workspace/webforycxtomcat/web
05 09, 2021 20:04:43 下午 cn.ycx.ycxtomcat.catalina.Context <init>
INFO : Deployment of web application directory /Users/chuancey/Idea-Workspace/webforycxtomcat/web has finished in 37 ms.
05 09, 2021 20:04:43 下午 cn.ycx.ycxtomcat.catalina.Server logJVM
INFO : OS Version:		10.12.6
05 09, 2021 20:04:43 下午 cn.ycx.ycxtomcat.catalina.Server logJVM
INFO : OS Name	:		Mac OS X
05 09, 2021 20:04:43 下午 cn.ycx.ycxtomcat.catalina.Server logJVM
INFO : Architecture:		x86_64
05 09, 2021 20:04:43 下午 cn.ycx.ycxtomcat.catalina.Server logJVM
INFO : Server version:		Ycx DiyTomcat/1.0.1
05 09, 2021 20:04:43 下午 cn.ycx.ycxtomcat.catalina.Server logJVM
INFO : Server built:		2020-04-08 10:20:22
05 09, 2021 20:04:43 下午 cn.ycx.ycxtomcat.catalina.Server logJVM
INFO : Java Home:		/Library/Java/JavaVirtualMachines/jdk1.8.0_144.jdk/Contents/Home/jre
05 09, 2021 20:04:43 下午 cn.ycx.ycxtomcat.catalina.Server logJVM
INFO : JVM Version:		1.8.0_144-b01
05 09, 2021 20:04:43 下午 cn.ycx.ycxtomcat.catalina.Server logJVM
INFO : JVM Vendor:		Oracle Corporation
05 09, 2021 20:04:43 下午 cn.ycx.ycxtomcat.catalina.Server logJVM
INFO : Server number:		1.0.1
05 09, 2021 20:04:43 下午 cn.ycx.ycxtomcat.catalina.Connector init
INFO : Initializing ProtocolHandler [http-bio-18080]
05 09, 2021 20:04:43 下午 cn.ycx.ycxtomcat.catalina.Connector init
INFO : Initializing ProtocolHandler [http-bio-18081]
05 09, 2021 20:04:43 下午 cn.ycx.ycxtomcat.catalina.Connector init
INFO : Initializing ProtocolHandler [http-bio-18082]
05 09, 2021 20:04:43 下午 cn.ycx.ycxtomcat.catalina.Service init
INFO : Initialization processed in 5 ms
05 09, 2021 20:04:43 下午 cn.ycx.ycxtomcat.catalina.Connector start
INFO : Starting ProtocolHandler [http-bio-18080]
05 09, 2021 20:04:43 下午 cn.ycx.ycxtomcat.catalina.Connector start
INFO : Starting ProtocolHandler [http-bio-18081]
05 09, 2021 20:04:43 下午 cn.ycx.ycxtomcat.catalina.Connector start
INFO : Starting ProtocolHandler [http-bio-18082]
05 09, 2021 20:04:43 下午 cn.ycx.ycxtomcat.catalina.Server start
INFO : Server startup in 27 ms
05 09, 2021 20:04:47 下午 cn.ycx.ycxtomcat.catalina.HttpProcessor error
ERROR: this is a deliberately created exception
java.lang.RuntimeException: this is a deliberately created exception
	at cn.ycx.ycxtomcat.servlets.DefaultServlet.service(DefaultServlet.java:32)
	at cn.ycx.ycxtomcat.catalina.HttpProcessor.execute(HttpProcessor.java:38)
	at cn.ycx.ycxtomcat.catalina.Connector.lambda$run$0(Connector.java:48)
	at java.util.concurrent.ThreadPoolExecutor.runWorker(ThreadPoolExecutor.java:1149)
	at java.util.concurrent.ThreadPoolExecutor$Worker.run(ThreadPoolExecutor.java:624)
	at java.lang.Thread.run(Thread.java:748)
05 09, 2021 20:05:24 下午 cn.ycx.ycxtomcat.catalina.Context <init>
INFO : Deploying web application directory /Users/chuancey/Idea-Workspace/YcxTomcat/webapps/a
05 09, 2021 20:05:24 下午 cn.ycx.ycxtomcat.catalina.Context <init>
INFO : Deployment of web application directory /Users/chuancey/Idea-Workspace/YcxTomcat/webapps/a has finished in 507 ms.
05 09, 2021 20:05:24 下午 cn.ycx.ycxtomcat.catalina.Context <init>
INFO : Deploying web application directory /Users/chuancey/Idea-Workspace/YcxTomcat/webapps/b
05 09, 2021 20:05:24 下午 cn.ycx.ycxtomcat.catalina.Context <init>
INFO : Deployment of web application directory /Users/chuancey/Idea-Workspace/YcxTomcat/webapps/b has finished in 2 ms.
05 09, 2021 20:05:24 下午 cn.ycx.ycxtomcat.catalina.Context <init>
INFO : Deploying web application directory /Users/chuancey/Idea-Workspace/YcxTomcat/webapps/ROOT
05 09, 2021 20:05:24 下午 cn.ycx.ycxtomcat.catalina.Context <init>
INFO : Deployment of web application directory /Users/chuancey/Idea-Workspace/YcxTomcat/webapps/ROOT has finished in 21 ms.
05 09, 2021 20:05:24 下午 cn.ycx.ycxtomcat.catalina.Context <init>
INFO : Deploying web application directory /Users/chuancey/Idea-Workspace/YcxTomcat/webapps/b
05 09, 2021 20:05:24 下午 cn.ycx.ycxtomcat.catalina.Context <init>
INFO : Deployment of web application directory /Users/chuancey/Idea-Workspace/YcxTomcat/webapps/b has finished in 10 ms.
05 09, 2021 20:05:24 下午 cn.ycx.ycxtomcat.catalina.Context <init>
INFO : Deploying web application directory /Users/chuancey/Idea-Workspace/webforycxtomcat/web
05 09, 2021 20:05:24 下午 cn.ycx.ycxtomcat.catalina.Context <init>
INFO : Deployment of web application directory /Users/chuancey/Idea-Workspace/webforycxtomcat/web has finished in 125 ms.
05 09, 2021 20:05:24 下午 cn.ycx.ycxtomcat.catalina.Server logJVM
INFO : OS Version:		10.12.6
05 09, 2021 20:05:24 下午 cn.ycx.ycxtomcat.catalina.Server logJVM
INFO : OS Name	:		Mac OS X
05 09, 2021 20:05:24 下午 cn.ycx.ycxtomcat.catalina.Server logJVM
INFO : Architecture:		x86_64
05 09, 2021 20:05:24 下午 cn.ycx.ycxtomcat.catalina.Server logJVM
INFO : Server version:		Ycx DiyTomcat/1.0.1
05 09, 2021 20:05:24 下午 cn.ycx.ycxtomcat.catalina.Server logJVM
INFO : Server built:		2020-04-08 10:20:22
05 09, 2021 20:05:24 下午 cn.ycx.ycxtomcat.catalina.Server logJVM
INFO : Java Home:		/Library/Java/JavaVirtualMachines/jdk1.8.0_144.jdk/Contents/Home/jre
05 09, 2021 20:05:24 下午 cn.ycx.ycxtomcat.catalina.Server logJVM
INFO : JVM Version:		1.8.0_144-b01
05 09, 2021 20:05:24 下午 cn.ycx.ycxtomcat.catalina.Server logJVM
INFO : JVM Vendor:		Oracle Corporation
05 09, 2021 20:05:24 下午 cn.ycx.ycxtomcat.catalina.Server logJVM
INFO : Server number:		1.0.1
05 09, 2021 20:05:24 下午 cn.ycx.ycxtomcat.catalina.Connector init
INFO : Initializing ProtocolHandler [http-bio-18080]
05 09, 2021 20:05:24 下午 cn.ycx.ycxtomcat.catalina.Connector init
INFO : Initializing ProtocolHandler [http-bio-18081]
05 09, 2021 20:05:24 下午 cn.ycx.ycxtomcat.catalina.Connector init
INFO : Initializing ProtocolHandler [http-bio-18082]
05 09, 2021 20:05:24 下午 cn.ycx.ycxtomcat.catalina.Service init
INFO : Initialization processed in 1 ms
05 09, 2021 20:05:24 下午 cn.ycx.ycxtomcat.catalina.Connector start
INFO : Starting ProtocolHandler [http-bio-18080]
05 09, 2021 20:05:24 下午 cn.ycx.ycxtomcat.catalina.Connector start
INFO : Starting ProtocolHandler [http-bio-18081]
05 09, 2021 20:05:24 下午 cn.ycx.ycxtomcat.catalina.Connector start
INFO : Starting ProtocolHandler [http-bio-18082]
05 09, 2021 20:05:24 下午 cn.ycx.ycxtomcat.catalina.Server start
INFO : Server startup in 21 ms
05 09, 2021 20:08:33 下午 cn.ycx.ycxtomcat.catalina.Context <init>
INFO : Deploying web application directory /Users/chuancey/Idea-Workspace/YcxTomcat/webapps/a
05 09, 2021 20:08:33 下午 cn.ycx.ycxtomcat.catalina.Context <init>
INFO : Deployment of web application directory /Users/chuancey/Idea-Workspace/YcxTomcat/webapps/a has finished in 403 ms.
05 09, 2021 20:08:33 下午 cn.ycx.ycxtomcat.catalina.Context <init>
INFO : Deploying web application directory /Users/chuancey/Idea-Workspace/YcxTomcat/webapps/b
05 09, 2021 20:08:33 下午 cn.ycx.ycxtomcat.catalina.Context <init>
INFO : Deployment of web application directory /Users/chuancey/Idea-Workspace/YcxTomcat/webapps/b has finished in 2 ms.
05 09, 2021 20:08:33 下午 cn.ycx.ycxtomcat.catalina.Context <init>
INFO : Deploying web application directory /Users/chuancey/Idea-Workspace/YcxTomcat/webapps/ROOT
05 09, 2021 20:08:33 下午 cn.ycx.ycxtomcat.catalina.Context <init>
INFO : Deployment of web application directory /Users/chuancey/Idea-Workspace/YcxTomcat/webapps/ROOT has finished in 24 ms.
05 09, 2021 20:08:33 下午 cn.ycx.ycxtomcat.catalina.Context <init>
INFO : Deploying web application directory /Users/chuancey/Idea-Workspace/YcxTomcat/webapps/b
05 09, 2021 20:08:33 下午 cn.ycx.ycxtomcat.catalina.Context <init>
INFO : Deployment of web application directory /Users/chuancey/Idea-Workspace/YcxTomcat/webapps/b has finished in 4 ms.
05 09, 2021 20:08:33 下午 cn.ycx.ycxtomcat.catalina.Context <init>
INFO : Deploying web application directory /Users/chuancey/Idea-Workspace/webforycxtomcat/web
05 09, 2021 20:08:33 下午 cn.ycx.ycxtomcat.catalina.Context <init>
INFO : Deployment of web application directory /Users/chuancey/Idea-Workspace/webforycxtomcat/web has finished in 40 ms.
05 09, 2021 20:08:34 下午 cn.ycx.ycxtomcat.catalina.Server logJVM
INFO : OS Version:		10.12.6
05 09, 2021 20:08:34 下午 cn.ycx.ycxtomcat.catalina.Server logJVM
INFO : OS Name	:		Mac OS X
05 09, 2021 20:08:34 下午 cn.ycx.ycxtomcat.catalina.Server logJVM
INFO : Architecture:		x86_64
05 09, 2021 20:08:34 下午 cn.ycx.ycxtomcat.catalina.Server logJVM
INFO : Server version:		Ycx DiyTomcat/1.0.1
05 09, 2021 20:08:34 下午 cn.ycx.ycxtomcat.catalina.Server logJVM
INFO : Server built:		2020-04-08 10:20:22
05 09, 2021 20:08:34 下午 cn.ycx.ycxtomcat.catalina.Server logJVM
INFO : Java Home:		/Library/Java/JavaVirtualMachines/jdk1.8.0_144.jdk/Contents/Home/jre
05 09, 2021 20:08:34 下午 cn.ycx.ycxtomcat.catalina.Server logJVM
INFO : JVM Version:		1.8.0_144-b01
05 09, 2021 20:08:34 下午 cn.ycx.ycxtomcat.catalina.Server logJVM
INFO : JVM Vendor:		Oracle Corporation
05 09, 2021 20:08:34 下午 cn.ycx.ycxtomcat.catalina.Server logJVM
INFO : Server number:		1.0.1
05 09, 2021 20:08:34 下午 cn.ycx.ycxtomcat.catalina.Connector init
INFO : Initializing ProtocolHandler [http-bio-18080]
05 09, 2021 20:08:34 下午 cn.ycx.ycxtomcat.catalina.Connector init
INFO : Initializing ProtocolHandler [http-bio-18081]
05 09, 2021 20:08:34 下午 cn.ycx.ycxtomcat.catalina.Connector init
INFO : Initializing ProtocolHandler [http-bio-18082]
05 09, 2021 20:08:34 下午 cn.ycx.ycxtomcat.catalina.Service init
INFO : Initialization processed in 3 ms
05 09, 2021 20:08:34 下午 cn.ycx.ycxtomcat.catalina.Connector start
INFO : Starting ProtocolHandler [http-bio-18080]
05 09, 2021 20:08:34 下午 cn.ycx.ycxtomcat.catalina.Connector start
INFO : Starting ProtocolHandler [http-bio-18081]
05 09, 2021 20:08:34 下午 cn.ycx.ycxtomcat.catalina.Connector start
INFO : Starting ProtocolHandler [http-bio-18082]
05 09, 2021 20:08:34 下午 cn.ycx.ycxtomcat.catalina.Server start
INFO : Server startup in 31 ms
05 09, 2021 20:08:43 下午 cn.ycx.ycxtomcat.catalina.HttpProcessor error
ERROR: this is a deliberately created exception
java.lang.RuntimeException: this is a deliberately created exception
	at cn.ycx.ycxtomcat.servlets.DefaultServlet.service(DefaultServlet.java:32)
	at cn.ycx.ycxtomcat.catalina.HttpProcessor.execute(HttpProcessor.java:38)
	at cn.ycx.ycxtomcat.catalina.Connector.lambda$run$0(Connector.java:48)
	at java.util.concurrent.ThreadPoolExecutor.runWorker(ThreadPoolExecutor.java:1149)
	at java.util.concurrent.ThreadPoolExecutor$Worker.run(ThreadPoolExecutor.java:624)
	at java.lang.Thread.run(Thread.java:748)
05 09, 2021 20:09:28 下午 cn.ycx.ycxtomcat.catalina.Context <init>
INFO : Deploying web application directory /Users/chuancey/Idea-Workspace/YcxTomcat/webapps/a
05 09, 2021 20:09:28 下午 cn.ycx.ycxtomcat.catalina.Context <init>
INFO : Deployment of web application directory /Users/chuancey/Idea-Workspace/YcxTomcat/webapps/a has finished in 366 ms.
05 09, 2021 20:09:28 下午 cn.ycx.ycxtomcat.catalina.Context <init>
INFO : Deploying web application directory /Users/chuancey/Idea-Workspace/YcxTomcat/webapps/b
05 09, 2021 20:09:28 下午 cn.ycx.ycxtomcat.catalina.Context <init>
INFO : Deployment of web application directory /Users/chuancey/Idea-Workspace/YcxTomcat/webapps/b has finished in 1 ms.
05 09, 2021 20:09:28 下午 cn.ycx.ycxtomcat.catalina.Context <init>
INFO : Deploying web application directory /Users/chuancey/Idea-Workspace/YcxTomcat/webapps/ROOT
05 09, 2021 20:09:28 下午 cn.ycx.ycxtomcat.catalina.Context <init>
INFO : Deployment of web application directory /Users/chuancey/Idea-Workspace/YcxTomcat/webapps/ROOT has finished in 28 ms.
05 09, 2021 20:09:28 下午 cn.ycx.ycxtomcat.catalina.Context <init>
INFO : Deploying web application directory /Users/chuancey/Idea-Workspace/YcxTomcat/webapps/b
05 09, 2021 20:09:28 下午 cn.ycx.ycxtomcat.catalina.Context <init>
INFO : Deployment of web application directory /Users/chuancey/Idea-Workspace/YcxTomcat/webapps/b has finished in 4 ms.
05 09, 2021 20:09:28 下午 cn.ycx.ycxtomcat.catalina.Context <init>
INFO : Deploying web application directory /Users/chuancey/Idea-Workspace/webforycxtomcat/web
05 09, 2021 20:09:28 下午 cn.ycx.ycxtomcat.catalina.Context <init>
INFO : Deployment of web application directory /Users/chuancey/Idea-Workspace/webforycxtomcat/web has finished in 104 ms.
05 09, 2021 20:09:57 下午 cn.ycx.ycxtomcat.catalina.Server logJVM
INFO : OS Version:		10.12.6
05 09, 2021 20:09:57 下午 cn.ycx.ycxtomcat.catalina.Server logJVM
INFO : OS Name	:		Mac OS X
05 09, 2021 20:09:57 下午 cn.ycx.ycxtomcat.catalina.Server logJVM
INFO : Architecture:		x86_64
05 09, 2021 20:09:57 下午 cn.ycx.ycxtomcat.catalina.Server logJVM
INFO : Server version:		Ycx DiyTomcat/1.0.1
05 09, 2021 20:09:57 下午 cn.ycx.ycxtomcat.catalina.Server logJVM
INFO : Server built:		2020-04-08 10:20:22
05 09, 2021 20:09:57 下午 cn.ycx.ycxtomcat.catalina.Server logJVM
INFO : Java Home:		/Library/Java/JavaVirtualMachines/jdk1.8.0_144.jdk/Contents/Home/jre
05 09, 2021 20:09:58 下午 cn.ycx.ycxtomcat.catalina.Server logJVM
INFO : JVM Version:		1.8.0_144-b01
05 09, 2021 20:09:58 下午 cn.ycx.ycxtomcat.catalina.Server logJVM
INFO : JVM Vendor:		Oracle Corporation
05 09, 2021 20:09:58 下午 cn.ycx.ycxtomcat.catalina.Server logJVM
INFO : Server number:		1.0.1
05 09, 2021 20:09:58 下午 cn.ycx.ycxtomcat.catalina.Connector init
INFO : Initializing ProtocolHandler [http-bio-18080]
05 09, 2021 20:09:58 下午 cn.ycx.ycxtomcat.catalina.Connector init
INFO : Initializing ProtocolHandler [http-bio-18081]
05 09, 2021 20:09:58 下午 cn.ycx.ycxtomcat.catalina.Connector init
INFO : Initializing ProtocolHandler [http-bio-18082]
05 09, 2021 20:09:58 下午 cn.ycx.ycxtomcat.catalina.Service init
INFO : Initialization processed in 28 ms
05 09, 2021 20:09:58 下午 cn.ycx.ycxtomcat.catalina.Connector start
INFO : Starting ProtocolHandler [http-bio-18080]
05 09, 2021 20:09:58 下午 cn.ycx.ycxtomcat.catalina.Connector start
INFO : Starting ProtocolHandler [http-bio-18081]
05 09, 2021 20:09:58 下午 cn.ycx.ycxtomcat.catalina.Connector start
INFO : Starting ProtocolHandler [http-bio-18082]
05 09, 2021 20:09:58 下午 cn.ycx.ycxtomcat.catalina.Server start
INFO : Server startup in 513 ms
05 09, 2021 20:13:36 下午 cn.ycx.ycxtomcat.catalina.Context <init>
INFO : Deploying web application directory /Users/chuancey/Idea-Workspace/YcxTomcat/webapps/a
05 09, 2021 20:13:36 下午 cn.ycx.ycxtomcat.catalina.Context <init>
INFO : Deployment of web application directory /Users/chuancey/Idea-Workspace/YcxTomcat/webapps/a has finished in 353 ms.
05 09, 2021 20:13:36 下午 cn.ycx.ycxtomcat.catalina.Context <init>
INFO : Deploying web application directory /Users/chuancey/Idea-Workspace/YcxTomcat/webapps/b
05 09, 2021 20:13:36 下午 cn.ycx.ycxtomcat.catalina.Context <init>
INFO : Deployment of web application directory /Users/chuancey/Idea-Workspace/YcxTomcat/webapps/b has finished in 7 ms.
05 09, 2021 20:13:36 下午 cn.ycx.ycxtomcat.catalina.Context <init>
INFO : Deploying web application directory /Users/chuancey/Idea-Workspace/YcxTomcat/webapps/ROOT
05 09, 2021 20:13:36 下午 cn.ycx.ycxtomcat.catalina.Context <init>
INFO : Deployment of web application directory /Users/chuancey/Idea-Workspace/YcxTomcat/webapps/ROOT has finished in 30 ms.
05 09, 2021 20:13:36 下午 cn.ycx.ycxtomcat.catalina.Context <init>
INFO : Deploying web application directory /Users/chuancey/Idea-Workspace/YcxTomcat/webapps/b
05 09, 2021 20:13:36 下午 cn.ycx.ycxtomcat.catalina.Context <init>
INFO : Deployment of web application directory /Users/chuancey/Idea-Workspace/YcxTomcat/webapps/b has finished in 2 ms.
05 09, 2021 20:13:36 下午 cn.ycx.ycxtomcat.catalina.Context <init>
INFO : Deploying web application directory /Users/chuancey/Idea-Workspace/webforycxtomcat/web
05 09, 2021 20:13:36 下午 cn.ycx.ycxtomcat.catalina.Context <init>
INFO : Deployment of web application directory /Users/chuancey/Idea-Workspace/webforycxtomcat/web has finished in 92 ms.
05 09, 2021 20:13:40 下午 cn.ycx.ycxtomcat.catalina.Server logJVM
INFO : OS Version:		10.12.6
05 09, 2021 20:13:40 下午 cn.ycx.ycxtomcat.catalina.Server logJVM
INFO : OS Name	:		Mac OS X
05 09, 2021 20:13:40 下午 cn.ycx.ycxtomcat.catalina.Server logJVM
INFO : Architecture:		x86_64
05 09, 2021 20:13:40 下午 cn.ycx.ycxtomcat.catalina.Server logJVM
INFO : Server version:		Ycx DiyTomcat/1.0.1
05 09, 2021 20:13:40 下午 cn.ycx.ycxtomcat.catalina.Server logJVM
INFO : Server built:		2020-04-08 10:20:22
05 09, 2021 20:13:40 下午 cn.ycx.ycxtomcat.catalina.Server logJVM
INFO : Java Home:		/Library/Java/JavaVirtualMachines/jdk1.8.0_144.jdk/Contents/Home/jre
05 09, 2021 20:13:41 下午 cn.ycx.ycxtomcat.catalina.Server logJVM
INFO : JVM Version:		1.8.0_144-b01
05 09, 2021 20:13:41 下午 cn.ycx.ycxtomcat.catalina.Server logJVM
INFO : JVM Vendor:		Oracle Corporation
05 09, 2021 20:13:41 下午 cn.ycx.ycxtomcat.catalina.Server logJVM
INFO : Server number:		1.0.1
05 09, 2021 20:13:41 下午 cn.ycx.ycxtomcat.catalina.Connector init
INFO : Initializing ProtocolHandler [http-bio-18080]
05 09, 2021 20:13:41 下午 cn.ycx.ycxtomcat.catalina.Connector init
INFO : Initializing ProtocolHandler [http-bio-18081]
05 09, 2021 20:13:41 下午 cn.ycx.ycxtomcat.catalina.Connector init
INFO : Initializing ProtocolHandler [http-bio-18082]
05 09, 2021 20:13:41 下午 cn.ycx.ycxtomcat.catalina.Service init
INFO : Initialization processed in 19 ms
05 09, 2021 20:13:41 下午 cn.ycx.ycxtomcat.catalina.Connector start
INFO : Starting ProtocolHandler [http-bio-18080]
05 09, 2021 20:13:41 下午 cn.ycx.ycxtomcat.catalina.Connector start
INFO : Starting ProtocolHandler [http-bio-18081]
05 09, 2021 20:13:41 下午 cn.ycx.ycxtomcat.catalina.Connector start
INFO : Starting ProtocolHandler [http-bio-18082]
05 09, 2021 20:13:41 下午 cn.ycx.ycxtomcat.catalina.Server start
INFO : Server startup in 425 ms
05 09, 2021 20:13:51 下午 cn.ycx.ycxtomcat.catalina.Context <init>
INFO : Deploying web application directory /Users/chuancey/Idea-Workspace/YcxTomcat/webapps/a
05 09, 2021 20:13:51 下午 cn.ycx.ycxtomcat.catalina.Context <init>
INFO : Deployment of web application directory /Users/chuancey/Idea-Workspace/YcxTomcat/webapps/a has finished in 448 ms.
05 09, 2021 20:13:51 下午 cn.ycx.ycxtomcat.catalina.Context <init>
INFO : Deploying web application directory /Users/chuancey/Idea-Workspace/YcxTomcat/webapps/b
05 09, 2021 20:13:51 下午 cn.ycx.ycxtomcat.catalina.Context <init>
INFO : Deployment of web application directory /Users/chuancey/Idea-Workspace/YcxTomcat/webapps/b has finished in 4 ms.
05 09, 2021 20:13:51 下午 cn.ycx.ycxtomcat.catalina.Context <init>
INFO : Deploying web application directory /Users/chuancey/Idea-Workspace/YcxTomcat/webapps/ROOT
05 09, 2021 20:13:51 下午 cn.ycx.ycxtomcat.catalina.Context <init>
INFO : Deployment of web application directory /Users/chuancey/Idea-Workspace/YcxTomcat/webapps/ROOT has finished in 15 ms.
05 09, 2021 20:13:51 下午 cn.ycx.ycxtomcat.catalina.Context <init>
INFO : Deploying web application directory /Users/chuancey/Idea-Workspace/YcxTomcat/webapps/b
05 09, 2021 20:13:51 下午 cn.ycx.ycxtomcat.catalina.Context <init>
INFO : Deployment of web application directory /Users/chuancey/Idea-Workspace/YcxTomcat/webapps/b has finished in 21 ms.
05 09, 2021 20:13:51 下午 cn.ycx.ycxtomcat.catalina.Context <init>
INFO : Deploying web application directory /Users/chuancey/Idea-Workspace/webforycxtomcat/web
05 09, 2021 20:13:51 下午 cn.ycx.ycxtomcat.catalina.Context <init>
INFO : Deployment of web application directory /Users/chuancey/Idea-Workspace/webforycxtomcat/web has finished in 63 ms.
05 09, 2021 20:13:53 下午 cn.ycx.ycxtomcat.catalina.Server logJVM
INFO : OS Version:		10.12.6
05 09, 2021 20:13:53 下午 cn.ycx.ycxtomcat.catalina.Server logJVM
INFO : OS Name	:		Mac OS X
05 09, 2021 20:13:53 下午 cn.ycx.ycxtomcat.catalina.Server logJVM
INFO : Architecture:		x86_64
05 09, 2021 20:13:53 下午 cn.ycx.ycxtomcat.catalina.Server logJVM
INFO : Server version:		Ycx DiyTomcat/1.0.1
05 09, 2021 20:13:53 下午 cn.ycx.ycxtomcat.catalina.Server logJVM
INFO : Server built:		2020-04-08 10:20:22
05 09, 2021 20:13:53 下午 cn.ycx.ycxtomcat.catalina.Server logJVM
INFO : Java Home:		/Library/Java/JavaVirtualMachines/jdk1.8.0_144.jdk/Contents/Home/jre
05 09, 2021 20:13:53 下午 cn.ycx.ycxtomcat.catalina.Server logJVM
INFO : JVM Version:		1.8.0_144-b01
05 09, 2021 20:13:53 下午 cn.ycx.ycxtomcat.catalina.Server logJVM
INFO : JVM Vendor:		Oracle Corporation
05 09, 2021 20:13:53 下午 cn.ycx.ycxtomcat.catalina.Server logJVM
INFO : Server number:		1.0.1
05 09, 2021 20:13:53 下午 cn.ycx.ycxtomcat.catalina.Connector init
INFO : Initializing ProtocolHandler [http-bio-18080]
05 09, 2021 20:13:53 下午 cn.ycx.ycxtomcat.catalina.Connector init
INFO : Initializing ProtocolHandler [http-bio-18081]
05 09, 2021 20:13:53 下午 cn.ycx.ycxtomcat.catalina.Connector init
INFO : Initializing ProtocolHandler [http-bio-18082]
05 09, 2021 20:13:53 下午 cn.ycx.ycxtomcat.catalina.Service init
INFO : Initialization processed in 4 ms
05 09, 2021 20:13:53 下午 cn.ycx.ycxtomcat.catalina.Connector start
INFO : Starting ProtocolHandler [http-bio-18080]
05 09, 2021 20:13:53 下午 cn.ycx.ycxtomcat.catalina.Connector start
INFO : Starting ProtocolHandler [http-bio-18081]
05 09, 2021 20:13:53 下午 cn.ycx.ycxtomcat.catalina.Connector start
INFO : Starting ProtocolHandler [http-bio-18082]
05 09, 2021 20:13:53 下午 cn.ycx.ycxtomcat.catalina.Server start
INFO : Server startup in 31 ms
05 09, 2021 20:17:43 下午 cn.ycx.ycxtomcat.catalina.Context <init>
INFO : Deploying web application directory /Users/chuancey/Idea-Workspace/YcxTomcat/webapps/a
05 09, 2021 20:17:43 下午 cn.ycx.ycxtomcat.catalina.Context <init>
INFO : Deployment of web application directory /Users/chuancey/Idea-Workspace/YcxTomcat/webapps/a has finished in 492 ms.
05 09, 2021 20:17:43 下午 cn.ycx.ycxtomcat.catalina.Context <init>
INFO : Deploying web application directory /Users/chuancey/Idea-Workspace/YcxTomcat/webapps/b
05 09, 2021 20:17:43 下午 cn.ycx.ycxtomcat.catalina.Context <init>
INFO : Deployment of web application directory /Users/chuancey/Idea-Workspace/YcxTomcat/webapps/b has finished in 2 ms.
05 09, 2021 20:17:43 下午 cn.ycx.ycxtomcat.catalina.Context <init>
INFO : Deploying web application directory /Users/chuancey/Idea-Workspace/YcxTomcat/webapps/ROOT
05 09, 2021 20:17:43 下午 cn.ycx.ycxtomcat.catalina.Context <init>
INFO : Deployment of web application directory /Users/chuancey/Idea-Workspace/YcxTomcat/webapps/ROOT has finished in 9 ms.
05 09, 2021 20:17:43 下午 cn.ycx.ycxtomcat.catalina.Context <init>
INFO : Deploying web application directory /Users/chuancey/Idea-Workspace/YcxTomcat/webapps/b
05 09, 2021 20:17:43 下午 cn.ycx.ycxtomcat.catalina.Context <init>
INFO : Deployment of web application directory /Users/chuancey/Idea-Workspace/YcxTomcat/webapps/b has finished in 2 ms.
05 09, 2021 20:17:43 下午 cn.ycx.ycxtomcat.catalina.Context <init>
INFO : Deploying web application directory /Users/chuancey/Idea-Workspace/webforycxtomcat/web
05 09, 2021 20:17:43 下午 cn.ycx.ycxtomcat.catalina.Context <init>
INFO : Deployment of web application directory /Users/chuancey/Idea-Workspace/webforycxtomcat/web has finished in 51 ms.
05 09, 2021 20:17:43 下午 cn.ycx.ycxtomcat.catalina.Server logJVM
INFO : OS Version:		10.12.6
05 09, 2021 20:17:43 下午 cn.ycx.ycxtomcat.catalina.Server logJVM
INFO : OS Name	:		Mac OS X
05 09, 2021 20:17:43 下午 cn.ycx.ycxtomcat.catalina.Server logJVM
INFO : Architecture:		x86_64
05 09, 2021 20:17:43 下午 cn.ycx.ycxtomcat.catalina.Server logJVM
INFO : Server version:		Ycx DiyTomcat/1.0.1
05 09, 2021 20:17:43 下午 cn.ycx.ycxtomcat.catalina.Server logJVM
INFO : Server built:		2020-04-08 10:20:22
05 09, 2021 20:17:43 下午 cn.ycx.ycxtomcat.catalina.Server logJVM
INFO : Java Home:		/Library/Java/JavaVirtualMachines/jdk1.8.0_144.jdk/Contents/Home/jre
05 09, 2021 20:17:43 下午 cn.ycx.ycxtomcat.catalina.Server logJVM
INFO : JVM Version:		1.8.0_144-b01
05 09, 2021 20:17:43 下午 cn.ycx.ycxtomcat.catalina.Server logJVM
INFO : JVM Vendor:		Oracle Corporation
05 09, 2021 20:17:43 下午 cn.ycx.ycxtomcat.catalina.Server logJVM
INFO : Server number:		1.0.1
05 09, 2021 20:17:43 下午 cn.ycx.ycxtomcat.catalina.Connector init
INFO : Initializing ProtocolHandler [http-bio-18080]
05 09, 2021 20:17:43 下午 cn.ycx.ycxtomcat.catalina.Connector init
INFO : Initializing ProtocolHandler [http-bio-18081]
05 09, 2021 20:17:43 下午 cn.ycx.ycxtomcat.catalina.Connector init
INFO : Initializing ProtocolHandler [http-bio-18082]
05 09, 2021 20:17:43 下午 cn.ycx.ycxtomcat.catalina.Service init
INFO : Initialization processed in 3 ms
05 09, 2021 20:17:43 下午 cn.ycx.ycxtomcat.catalina.Connector start
INFO : Starting ProtocolHandler [http-bio-18080]
05 09, 2021 20:17:43 下午 cn.ycx.ycxtomcat.catalina.Connector start
INFO : Starting ProtocolHandler [http-bio-18081]
05 09, 2021 20:17:43 下午 cn.ycx.ycxtomcat.catalina.Connector start
INFO : Starting ProtocolHandler [http-bio-18082]
05 09, 2021 20:17:43 下午 cn.ycx.ycxtomcat.catalina.Server start
INFO : Server startup in 40 ms
05 09, 2021 20:20:19 下午 cn.ycx.ycxtomcat.catalina.Context <init>
INFO : Deploying web application directory /Users/chuancey/Idea-Workspace/YcxTomcat/webapps/a
05 09, 2021 20:20:19 下午 cn.ycx.ycxtomcat.catalina.Context <init>
INFO : Deployment of web application directory /Users/chuancey/Idea-Workspace/YcxTomcat/webapps/a has finished in 406 ms.
05 09, 2021 20:20:19 下午 cn.ycx.ycxtomcat.catalina.Context <init>
INFO : Deploying web application directory /Users/chuancey/Idea-Workspace/YcxTomcat/webapps/b
05 09, 2021 20:20:19 下午 cn.ycx.ycxtomcat.catalina.Context <init>
INFO : Deployment of web application directory /Users/chuancey/Idea-Workspace/YcxTomcat/webapps/b has finished in 4 ms.
05 09, 2021 20:20:19 下午 cn.ycx.ycxtomcat.catalina.Context <init>
INFO : Deploying web application directory /Users/chuancey/Idea-Workspace/YcxTomcat/webapps/ROOT
05 09, 2021 20:20:19 下午 cn.ycx.ycxtomcat.catalina.Context <init>
INFO : Deployment of web application directory /Users/chuancey/Idea-Workspace/YcxTomcat/webapps/ROOT has finished in 13 ms.
05 09, 2021 20:20:19 下午 cn.ycx.ycxtomcat.catalina.Context <init>
INFO : Deploying web application directory /Users/chuancey/Idea-Workspace/YcxTomcat/webapps/b
05 09, 2021 20:20:19 下午 cn.ycx.ycxtomcat.catalina.Context <init>
INFO : Deployment of web application directory /Users/chuancey/Idea-Workspace/YcxTomcat/webapps/b has finished in 9 ms.
05 09, 2021 20:20:19 下午 cn.ycx.ycxtomcat.catalina.Context <init>
INFO : Deploying web application directory /Users/chuancey/Idea-Workspace/webforycxtomcat/web
05 09, 2021 20:20:19 下午 cn.ycx.ycxtomcat.catalina.Context <init>
INFO : Deployment of web application directory /Users/chuancey/Idea-Workspace/webforycxtomcat/web has finished in 53 ms.
05 09, 2021 20:20:19 下午 cn.ycx.ycxtomcat.catalina.Server logJVM
INFO : OS Version:		10.12.6
05 09, 2021 20:20:19 下午 cn.ycx.ycxtomcat.catalina.Server logJVM
INFO : OS Name	:		Mac OS X
05 09, 2021 20:20:19 下午 cn.ycx.ycxtomcat.catalina.Server logJVM
INFO : Architecture:		x86_64
05 09, 2021 20:20:19 下午 cn.ycx.ycxtomcat.catalina.Server logJVM
INFO : Server version:		Ycx DiyTomcat/1.0.1
05 09, 2021 20:20:19 下午 cn.ycx.ycxtomcat.catalina.Server logJVM
INFO : Server built:		2020-04-08 10:20:22
05 09, 2021 20:20:19 下午 cn.ycx.ycxtomcat.catalina.Server logJVM
INFO : Java Home:		/Library/Java/JavaVirtualMachines/jdk1.8.0_144.jdk/Contents/Home/jre
05 09, 2021 20:20:19 下午 cn.ycx.ycxtomcat.catalina.Server logJVM
INFO : JVM Version:		1.8.0_144-b01
05 09, 2021 20:20:19 下午 cn.ycx.ycxtomcat.catalina.Server logJVM
INFO : JVM Vendor:		Oracle Corporation
05 09, 2021 20:20:19 下午 cn.ycx.ycxtomcat.catalina.Server logJVM
INFO : Server number:		1.0.1
05 09, 2021 20:20:19 下午 cn.ycx.ycxtomcat.catalina.Connector init
INFO : Initializing ProtocolHandler [http-bio-18080]
05 09, 2021 20:20:19 下午 cn.ycx.ycxtomcat.catalina.Connector init
INFO : Initializing ProtocolHandler [http-bio-18081]
05 09, 2021 20:20:19 下午 cn.ycx.ycxtomcat.catalina.Connector init
INFO : Initializing ProtocolHandler [http-bio-18082]
05 09, 2021 20:20:19 下午 cn.ycx.ycxtomcat.catalina.Service init
INFO : Initialization processed in 2 ms
05 09, 2021 20:20:19 下午 cn.ycx.ycxtomcat.catalina.Connector start
INFO : Starting ProtocolHandler [http-bio-18080]
05 09, 2021 20:20:19 下午 cn.ycx.ycxtomcat.catalina.Connector start
INFO : Starting ProtocolHandler [http-bio-18081]
05 09, 2021 20:20:19 下午 cn.ycx.ycxtomcat.catalina.Connector start
INFO : Starting ProtocolHandler [http-bio-18082]
05 09, 2021 20:20:19 下午 cn.ycx.ycxtomcat.catalina.Server start
INFO : Server startup in 14 ms
05 09, 2021 20:23:58 下午 cn.ycx.ycxtomcat.catalina.Context <init>
INFO : Deploying web application directory /Users/chuancey/Idea-Workspace/YcxTomcat/webapps/a
05 09, 2021 20:23:58 下午 cn.ycx.ycxtomcat.catalina.Context <init>
INFO : Deployment of web application directory /Users/chuancey/Idea-Workspace/YcxTomcat/webapps/a has finished in 341 ms.
05 09, 2021 20:23:58 下午 cn.ycx.ycxtomcat.catalina.Context <init>
INFO : Deploying web application directory /Users/chuancey/Idea-Workspace/YcxTomcat/webapps/b
05 09, 2021 20:23:58 下午 cn.ycx.ycxtomcat.catalina.Context <init>
INFO : Deployment of web application directory /Users/chuancey/Idea-Workspace/YcxTomcat/webapps/b has finished in 3 ms.
05 09, 2021 20:23:58 下午 cn.ycx.ycxtomcat.catalina.Context <init>
INFO : Deploying web application directory /Users/chuancey/Idea-Workspace/YcxTomcat/webapps/ROOT
05 09, 2021 20:23:58 下午 cn.ycx.ycxtomcat.catalina.Context <init>
INFO : Deployment of web application directory /Users/chuancey/Idea-Workspace/YcxTomcat/webapps/ROOT has finished in 10 ms.
05 09, 2021 20:23:58 下午 cn.ycx.ycxtomcat.catalina.Context <init>
INFO : Deploying web application directory /Users/chuancey/Idea-Workspace/YcxTomcat/webapps/b
05 09, 2021 20:23:58 下午 cn.ycx.ycxtomcat.catalina.Context <init>
INFO : Deployment of web application directory /Users/chuancey/Idea-Workspace/YcxTomcat/webapps/b has finished in 3 ms.
05 09, 2021 20:23:58 下午 cn.ycx.ycxtomcat.catalina.Context <init>
INFO : Deploying web application directory /Users/chuancey/Idea-Workspace/webforycxtomcat/web
05 09, 2021 20:23:58 下午 cn.ycx.ycxtomcat.catalina.Context <init>
INFO : Deployment of web application directory /Users/chuancey/Idea-Workspace/webforycxtomcat/web has finished in 118 ms.
05 09, 2021 20:23:58 下午 cn.ycx.ycxtomcat.catalina.Server logJVM
INFO : OS Version:		10.12.6
05 09, 2021 20:23:58 下午 cn.ycx.ycxtomcat.catalina.Server logJVM
INFO : OS Name	:		Mac OS X
05 09, 2021 20:23:58 下午 cn.ycx.ycxtomcat.catalina.Server logJVM
INFO : Architecture:		x86_64
05 09, 2021 20:23:58 下午 cn.ycx.ycxtomcat.catalina.Server logJVM
INFO : Server version:		Ycx DiyTomcat/1.0.1
05 09, 2021 20:23:58 下午 cn.ycx.ycxtomcat.catalina.Server logJVM
INFO : Server built:		2020-04-08 10:20:22
05 09, 2021 20:23:58 下午 cn.ycx.ycxtomcat.catalina.Server logJVM
INFO : Java Home:		/Library/Java/JavaVirtualMachines/jdk1.8.0_144.jdk/Contents/Home/jre
05 09, 2021 20:23:58 下午 cn.ycx.ycxtomcat.catalina.Server logJVM
INFO : JVM Version:		1.8.0_144-b01
05 09, 2021 20:23:58 下午 cn.ycx.ycxtomcat.catalina.Server logJVM
INFO : JVM Vendor:		Oracle Corporation
05 09, 2021 20:23:58 下午 cn.ycx.ycxtomcat.catalina.Server logJVM
INFO : Server number:		1.0.1
05 09, 2021 20:23:58 下午 cn.ycx.ycxtomcat.catalina.Connector init
INFO : Initializing ProtocolHandler [http-bio-18080]
05 09, 2021 20:23:58 下午 cn.ycx.ycxtomcat.catalina.Connector init
INFO : Initializing ProtocolHandler [http-bio-18081]
05 09, 2021 20:23:58 下午 cn.ycx.ycxtomcat.catalina.Connector init
INFO : Initializing ProtocolHandler [http-bio-18082]
05 09, 2021 20:23:58 下午 cn.ycx.ycxtomcat.catalina.Service init
INFO : Initialization processed in 2 ms
05 09, 2021 20:23:58 下午 cn.ycx.ycxtomcat.catalina.Connector start
INFO : Starting ProtocolHandler [http-bio-18080]
05 09, 2021 20:23:58 下午 cn.ycx.ycxtomcat.catalina.Connector start
INFO : Starting ProtocolHandler [http-bio-18081]
05 09, 2021 20:23:58 下午 cn.ycx.ycxtomcat.catalina.Connector start
INFO : Starting ProtocolHandler [http-bio-18082]
05 09, 2021 20:23:58 下午 cn.ycx.ycxtomcat.catalina.Server start
INFO : Server startup in 17 ms
05 09, 2021 20:24:58 下午 cn.ycx.ycxtomcat.catalina.Context <init>
INFO : Deploying web application directory /Users/chuancey/Idea-Workspace/YcxTomcat/webapps/a
05 09, 2021 20:24:58 下午 cn.ycx.ycxtomcat.catalina.Context <init>
INFO : Deployment of web application directory /Users/chuancey/Idea-Workspace/YcxTomcat/webapps/a has finished in 397 ms.
05 09, 2021 20:24:58 下午 cn.ycx.ycxtomcat.catalina.Context <init>
INFO : Deploying web application directory /Users/chuancey/Idea-Workspace/YcxTomcat/webapps/b
05 09, 2021 20:24:58 下午 cn.ycx.ycxtomcat.catalina.Context <init>
INFO : Deployment of web application directory /Users/chuancey/Idea-Workspace/YcxTomcat/webapps/b has finished in 2 ms.
05 09, 2021 20:24:58 下午 cn.ycx.ycxtomcat.catalina.Context <init>
INFO : Deploying web application directory /Users/chuancey/Idea-Workspace/YcxTomcat/webapps/ROOT
05 09, 2021 20:24:58 下午 cn.ycx.ycxtomcat.catalina.Context <init>
INFO : Deployment of web application directory /Users/chuancey/Idea-Workspace/YcxTomcat/webapps/ROOT has finished in 10 ms.
05 09, 2021 20:24:58 下午 cn.ycx.ycxtomcat.catalina.Context <init>
INFO : Deploying web application directory /Users/chuancey/Idea-Workspace/YcxTomcat/webapps/b
05 09, 2021 20:24:58 下午 cn.ycx.ycxtomcat.catalina.Context <init>
INFO : Deployment of web application directory /Users/chuancey/Idea-Workspace/YcxTomcat/webapps/b has finished in 2 ms.
05 09, 2021 20:24:58 下午 cn.ycx.ycxtomcat.catalina.Context <init>
INFO : Deploying web application directory /Users/chuancey/Idea-Workspace/webforycxtomcat/web
05 09, 2021 20:24:58 下午 cn.ycx.ycxtomcat.catalina.Context <init>
INFO : Deployment of web application directory /Users/chuancey/Idea-Workspace/webforycxtomcat/web has finished in 41 ms.
05 09, 2021 20:24:59 下午 cn.ycx.ycxtomcat.catalina.Server logJVM
INFO : OS Version:		10.12.6
05 09, 2021 20:24:59 下午 cn.ycx.ycxtomcat.catalina.Server logJVM
INFO : OS Name	:		Mac OS X
05 09, 2021 20:24:59 下午 cn.ycx.ycxtomcat.catalina.Server logJVM
INFO : Architecture:		x86_64
05 09, 2021 20:24:59 下午 cn.ycx.ycxtomcat.catalina.Server logJVM
INFO : Server version:		Ycx DiyTomcat/1.0.1
05 09, 2021 20:24:59 下午 cn.ycx.ycxtomcat.catalina.Server logJVM
INFO : Server built:		2020-04-08 10:20:22
05 09, 2021 20:24:59 下午 cn.ycx.ycxtomcat.catalina.Server logJVM
INFO : Java Home:		/Library/Java/JavaVirtualMachines/jdk1.8.0_144.jdk/Contents/Home/jre
05 09, 2021 20:24:59 下午 cn.ycx.ycxtomcat.catalina.Server logJVM
INFO : JVM Version:		1.8.0_144-b01
05 09, 2021 20:24:59 下午 cn.ycx.ycxtomcat.catalina.Server logJVM
INFO : JVM Vendor:		Oracle Corporation
05 09, 2021 20:24:59 下午 cn.ycx.ycxtomcat.catalina.Server logJVM
INFO : Server number:		1.0.1
05 09, 2021 20:24:59 下午 cn.ycx.ycxtomcat.catalina.Connector init
INFO : Initializing ProtocolHandler [http-bio-18080]
05 09, 2021 20:24:59 下午 cn.ycx.ycxtomcat.catalina.Connector init
INFO : Initializing ProtocolHandler [http-bio-18081]
05 09, 2021 20:24:59 下午 cn.ycx.ycxtomcat.catalina.Connector init
INFO : Initializing ProtocolHandler [http-bio-18082]
05 09, 2021 20:24:59 下午 cn.ycx.ycxtomcat.catalina.Service init
INFO : Initialization processed in 2 ms
05 09, 2021 20:24:59 下午 cn.ycx.ycxtomcat.catalina.Connector start
INFO : Starting ProtocolHandler [http-bio-18080]
05 09, 2021 20:24:59 下午 cn.ycx.ycxtomcat.catalina.Connector start
INFO : Starting ProtocolHandler [http-bio-18081]
05 09, 2021 20:24:59 下午 cn.ycx.ycxtomcat.catalina.Connector start
INFO : Starting ProtocolHandler [http-bio-18082]
05 09, 2021 20:24:59 下午 cn.ycx.ycxtomcat.catalina.Server start
INFO : Server startup in 11 ms
05 09, 2021 20:49:26 下午 cn.ycx.ycxtomcat.catalina.Context <init>
INFO : Deploying web application directory /Users/chuancey/Idea-Workspace/YcxTomcat/webapps/a
05 09, 2021 20:49:26 下午 cn.ycx.ycxtomcat.catalina.Context <init>
INFO : Deployment of web application directory /Users/chuancey/Idea-Workspace/YcxTomcat/webapps/a has finished in 301 ms.
05 09, 2021 20:49:26 下午 cn.ycx.ycxtomcat.catalina.Context <init>
INFO : Deploying web application directory /Users/chuancey/Idea-Workspace/YcxTomcat/webapps/b
05 09, 2021 20:49:26 下午 cn.ycx.ycxtomcat.catalina.Context <init>
INFO : Deployment of web application directory /Users/chuancey/Idea-Workspace/YcxTomcat/webapps/b has finished in 5 ms.
05 09, 2021 20:49:26 下午 cn.ycx.ycxtomcat.catalina.Context <init>
INFO : Deploying web application directory /Users/chuancey/Idea-Workspace/YcxTomcat/webapps/ROOT
05 09, 2021 20:49:26 下午 cn.ycx.ycxtomcat.catalina.Context <init>
INFO : Deployment of web application directory /Users/chuancey/Idea-Workspace/YcxTomcat/webapps/ROOT has finished in 13 ms.
05 09, 2021 20:49:26 下午 cn.ycx.ycxtomcat.catalina.Context <init>
INFO : Deploying web application directory /Users/chuancey/Idea-Workspace/YcxTomcat/webapps/b
05 09, 2021 20:49:26 下午 cn.ycx.ycxtomcat.catalina.Context <init>
INFO : Deployment of web application directory /Users/chuancey/Idea-Workspace/YcxTomcat/webapps/b has finished in 55 ms.
05 09, 2021 20:49:26 下午 cn.ycx.ycxtomcat.catalina.Context <init>
INFO : Deploying web application directory /Users/chuancey/Idea-Workspace/webforycxtomcat/web
05 09, 2021 20:49:26 下午 cn.ycx.ycxtomcat.catalina.Context <init>
INFO : Deployment of web application directory /Users/chuancey/Idea-Workspace/webforycxtomcat/web has finished in 70 ms.
05 09, 2021 20:49:26 下午 cn.ycx.ycxtomcat.catalina.Server logJVM
INFO : OS Version:		10.12.6
05 09, 2021 20:49:26 下午 cn.ycx.ycxtomcat.catalina.Server logJVM
INFO : OS Name	:		Mac OS X
05 09, 2021 20:49:26 下午 cn.ycx.ycxtomcat.catalina.Server logJVM
INFO : Architecture:		x86_64
05 09, 2021 20:49:26 下午 cn.ycx.ycxtomcat.catalina.Server logJVM
INFO : Server version:		Ycx DiyTomcat/1.0.1
05 09, 2021 20:49:26 下午 cn.ycx.ycxtomcat.catalina.Server logJVM
INFO : Server built:		2020-04-08 10:20:22
05 09, 2021 20:49:26 下午 cn.ycx.ycxtomcat.catalina.Server logJVM
INFO : Java Home:		/Library/Java/JavaVirtualMachines/jdk1.8.0_144.jdk/Contents/Home/jre
05 09, 2021 20:49:26 下午 cn.ycx.ycxtomcat.catalina.Server logJVM
INFO : JVM Version:		1.8.0_144-b01
05 09, 2021 20:49:26 下午 cn.ycx.ycxtomcat.catalina.Server logJVM
INFO : JVM Vendor:		Oracle Corporation
05 09, 2021 20:49:26 下午 cn.ycx.ycxtomcat.catalina.Server logJVM
INFO : Server number:		1.0.1
05 09, 2021 20:49:26 下午 cn.ycx.ycxtomcat.catalina.Connector init
INFO : Initializing ProtocolHandler [http-bio-18080]
05 09, 2021 20:49:26 下午 cn.ycx.ycxtomcat.catalina.Connector init
INFO : Initializing ProtocolHandler [http-bio-18081]
05 09, 2021 20:49:26 下午 cn.ycx.ycxtomcat.catalina.Connector init
INFO : Initializing ProtocolHandler [http-bio-18082]
05 09, 2021 20:49:26 下午 cn.ycx.ycxtomcat.catalina.Service init
INFO : Initialization processed in 1 ms
05 09, 2021 20:49:26 下午 cn.ycx.ycxtomcat.catalina.Connector start
INFO : Starting ProtocolHandler [http-bio-18080]
05 09, 2021 20:49:26 下午 cn.ycx.ycxtomcat.catalina.Connector start
INFO : Starting ProtocolHandler [http-bio-18081]
05 09, 2021 20:49:26 下午 cn.ycx.ycxtomcat.catalina.Connector start
INFO : Starting ProtocolHandler [http-bio-18082]
05 09, 2021 20:49:26 下午 cn.ycx.ycxtomcat.catalina.Server start
INFO : Server startup in 15 ms
05 09, 2021 20:56:49 下午 cn.ycx.ycxtomcat.catalina.Context <init>
INFO : Deploying web application directory /Users/chuancey/Idea-Workspace/YcxTomcat/webapps/a
05 09, 2021 20:56:49 下午 cn.ycx.ycxtomcat.catalina.Context <init>
INFO : Deployment of web application directory /Users/chuancey/Idea-Workspace/YcxTomcat/webapps/a has finished in 394 ms.
05 09, 2021 20:56:49 下午 cn.ycx.ycxtomcat.catalina.Context <init>
INFO : Deploying web application directory /Users/chuancey/Idea-Workspace/YcxTomcat/webapps/b
05 09, 2021 20:56:49 下午 cn.ycx.ycxtomcat.catalina.Context <init>
INFO : Deployment of web application directory /Users/chuancey/Idea-Workspace/YcxTomcat/webapps/b has finished in 2 ms.
05 09, 2021 20:56:49 下午 cn.ycx.ycxtomcat.catalina.Context <init>
INFO : Deploying web application directory /Users/chuancey/Idea-Workspace/YcxTomcat/webapps/ROOT
05 09, 2021 20:56:49 下午 cn.ycx.ycxtomcat.catalina.Context <init>
INFO : Deployment of web application directory /Users/chuancey/Idea-Workspace/YcxTomcat/webapps/ROOT has finished in 11 ms.
05 09, 2021 20:56:49 下午 cn.ycx.ycxtomcat.catalina.Context <init>
INFO : Deploying web application directory /Users/chuancey/Idea-Workspace/YcxTomcat/webapps/b
05 09, 2021 20:56:49 下午 cn.ycx.ycxtomcat.catalina.Context <init>
INFO : Deployment of web application directory /Users/chuancey/Idea-Workspace/YcxTomcat/webapps/b has finished in 1 ms.
05 09, 2021 20:56:49 下午 cn.ycx.ycxtomcat.catalina.Context <init>
INFO : Deploying web application directory /Users/chuancey/Idea-Workspace/webforycxtomcat/web
05 09, 2021 20:56:49 下午 cn.ycx.ycxtomcat.catalina.Context <init>
INFO : Deployment of web application directory /Users/chuancey/Idea-Workspace/webforycxtomcat/web has finished in 136 ms.
05 09, 2021 20:57:13 下午 cn.ycx.ycxtomcat.catalina.Server logJVM
INFO : OS Version:		10.12.6
05 09, 2021 20:57:13 下午 cn.ycx.ycxtomcat.catalina.Server logJVM
INFO : OS Name	:		Mac OS X
05 09, 2021 20:57:14 下午 cn.ycx.ycxtomcat.catalina.Server logJVM
INFO : Architecture:		x86_64
05 09, 2021 20:57:14 下午 cn.ycx.ycxtomcat.catalina.Server logJVM
INFO : Server version:		Ycx DiyTomcat/1.0.1
05 09, 2021 20:57:14 下午 cn.ycx.ycxtomcat.catalina.Server logJVM
INFO : Server built:		2020-04-08 10:20:22
05 09, 2021 20:57:14 下午 cn.ycx.ycxtomcat.catalina.Server logJVM
INFO : Java Home:		/Library/Java/JavaVirtualMachines/jdk1.8.0_144.jdk/Contents/Home/jre
05 09, 2021 20:57:14 下午 cn.ycx.ycxtomcat.catalina.Server logJVM
INFO : JVM Version:		1.8.0_144-b01
05 09, 2021 20:57:14 下午 cn.ycx.ycxtomcat.catalina.Server logJVM
INFO : JVM Vendor:		Oracle Corporation
05 09, 2021 20:57:14 下午 cn.ycx.ycxtomcat.catalina.Server logJVM
INFO : Server number:		1.0.1
05 09, 2021 20:57:14 下午 cn.ycx.ycxtomcat.catalina.Connector init
INFO : Initializing ProtocolHandler [http-bio-18080]
05 09, 2021 20:57:14 下午 cn.ycx.ycxtomcat.catalina.Connector init
INFO : Initializing ProtocolHandler [http-bio-18081]
05 09, 2021 20:57:14 下午 cn.ycx.ycxtomcat.catalina.Connector init
INFO : Initializing ProtocolHandler [http-bio-18082]
05 09, 2021 20:57:14 下午 cn.ycx.ycxtomcat.catalina.Service init
INFO : Initialization processed in 18 ms
05 09, 2021 20:57:14 下午 cn.ycx.ycxtomcat.catalina.Connector start
INFO : Starting ProtocolHandler [http-bio-18080]
05 09, 2021 20:57:14 下午 cn.ycx.ycxtomcat.catalina.Connector start
INFO : Starting ProtocolHandler [http-bio-18081]
05 09, 2021 20:57:14 下午 cn.ycx.ycxtomcat.catalina.Connector start
INFO : Starting ProtocolHandler [http-bio-18082]
05 09, 2021 20:57:14 下午 cn.ycx.ycxtomcat.catalina.Server start
INFO : Server startup in 442 ms
05 09, 2021 20:57:26 下午 cn.ycx.ycxtomcat.catalina.Context <init>
INFO : Deploying web application directory /Users/chuancey/Idea-Workspace/YcxTomcat/webapps/a
05 09, 2021 20:57:26 下午 cn.ycx.ycxtomcat.catalina.Context <init>
INFO : Deployment of web application directory /Users/chuancey/Idea-Workspace/YcxTomcat/webapps/a has finished in 299 ms.
05 09, 2021 20:57:26 下午 cn.ycx.ycxtomcat.catalina.Context <init>
INFO : Deploying web application directory /Users/chuancey/Idea-Workspace/YcxTomcat/webapps/b
05 09, 2021 20:57:26 下午 cn.ycx.ycxtomcat.catalina.Context <init>
INFO : Deployment of web application directory /Users/chuancey/Idea-Workspace/YcxTomcat/webapps/b has finished in 4 ms.
05 09, 2021 20:57:26 下午 cn.ycx.ycxtomcat.catalina.Context <init>
INFO : Deploying web application directory /Users/chuancey/Idea-Workspace/YcxTomcat/webapps/ROOT
05 09, 2021 20:57:26 下午 cn.ycx.ycxtomcat.catalina.Context <init>
INFO : Deployment of web application directory /Users/chuancey/Idea-Workspace/YcxTomcat/webapps/ROOT has finished in 42 ms.
05 09, 2021 20:57:26 下午 cn.ycx.ycxtomcat.catalina.Context <init>
INFO : Deploying web application directory /Users/chuancey/Idea-Workspace/YcxTomcat/webapps/b
05 09, 2021 20:57:26 下午 cn.ycx.ycxtomcat.catalina.Context <init>
INFO : Deployment of web application directory /Users/chuancey/Idea-Workspace/YcxTomcat/webapps/b has finished in 3 ms.
05 09, 2021 20:57:26 下午 cn.ycx.ycxtomcat.catalina.Context <init>
INFO : Deploying web application directory /Users/chuancey/Idea-Workspace/webforycxtomcat/web
05 09, 2021 20:57:26 下午 cn.ycx.ycxtomcat.catalina.Context <init>
INFO : Deployment of web application directory /Users/chuancey/Idea-Workspace/webforycxtomcat/web has finished in 37 ms.
05 09, 2021 20:57:27 下午 cn.ycx.ycxtomcat.catalina.Server logJVM
INFO : OS Version:		10.12.6
05 09, 2021 20:57:27 下午 cn.ycx.ycxtomcat.catalina.Server logJVM
INFO : OS Name	:		Mac OS X
05 09, 2021 20:57:27 下午 cn.ycx.ycxtomcat.catalina.Server logJVM
INFO : Architecture:		x86_64
05 09, 2021 20:57:27 下午 cn.ycx.ycxtomcat.catalina.Server logJVM
INFO : Server version:		Ycx DiyTomcat/1.0.1
05 09, 2021 20:57:27 下午 cn.ycx.ycxtomcat.catalina.Server logJVM
INFO : Server built:		2020-04-08 10:20:22
05 09, 2021 20:57:27 下午 cn.ycx.ycxtomcat.catalina.Server logJVM
INFO : Java Home:		/Library/Java/JavaVirtualMachines/jdk1.8.0_144.jdk/Contents/Home/jre
05 09, 2021 20:57:27 下午 cn.ycx.ycxtomcat.catalina.Server logJVM
INFO : JVM Version:		1.8.0_144-b01
05 09, 2021 20:57:27 下午 cn.ycx.ycxtomcat.catalina.Server logJVM
INFO : JVM Vendor:		Oracle Corporation
05 09, 2021 20:57:27 下午 cn.ycx.ycxtomcat.catalina.Server logJVM
INFO : Server number:		1.0.1
05 09, 2021 20:57:27 下午 cn.ycx.ycxtomcat.catalina.Connector init
INFO : Initializing ProtocolHandler [http-bio-18080]
05 09, 2021 20:57:27 下午 cn.ycx.ycxtomcat.catalina.Connector init
INFO : Initializing ProtocolHandler [http-bio-18081]
05 09, 2021 20:57:27 下午 cn.ycx.ycxtomcat.catalina.Connector init
INFO : Initializing ProtocolHandler [http-bio-18082]
05 09, 2021 20:57:27 下午 cn.ycx.ycxtomcat.catalina.Service init
INFO : Initialization processed in 2 ms
05 09, 2021 20:57:27 下午 cn.ycx.ycxtomcat.catalina.Connector start
INFO : Starting ProtocolHandler [http-bio-18080]
05 09, 2021 20:57:27 下午 cn.ycx.ycxtomcat.catalina.Connector start
INFO : Starting ProtocolHandler [http-bio-18081]
05 09, 2021 20:57:28 下午 cn.ycx.ycxtomcat.catalina.Connector start
INFO : Starting ProtocolHandler [http-bio-18082]
05 09, 2021 20:57:28 下午 cn.ycx.ycxtomcat.catalina.Server start
INFO : Server startup in 30 ms
05 09, 2021 21:00:28 下午 cn.ycx.ycxtomcat.catalina.Context <init>
INFO : Deploying web application directory /Users/chuancey/Idea-Workspace/YcxTomcat/webapps/a
05 09, 2021 21:00:28 下午 cn.ycx.ycxtomcat.catalina.Context <init>
INFO : Deployment of web application directory /Users/chuancey/Idea-Workspace/YcxTomcat/webapps/a has finished in 341 ms.
05 09, 2021 21:00:28 下午 cn.ycx.ycxtomcat.catalina.Context <init>
INFO : Deploying web application directory /Users/chuancey/Idea-Workspace/YcxTomcat/webapps/b
05 09, 2021 21:00:28 下午 cn.ycx.ycxtomcat.catalina.Context <init>
INFO : Deployment of web application directory /Users/chuancey/Idea-Workspace/YcxTomcat/webapps/b has finished in 3 ms.
05 09, 2021 21:00:28 下午 cn.ycx.ycxtomcat.catalina.Context <init>
INFO : Deploying web application directory /Users/chuancey/Idea-Workspace/YcxTomcat/webapps/ROOT
05 09, 2021 21:00:28 下午 cn.ycx.ycxtomcat.catalina.Context <init>
INFO : Deployment of web application directory /Users/chuancey/Idea-Workspace/YcxTomcat/webapps/ROOT has finished in 21 ms.
05 09, 2021 21:00:28 下午 cn.ycx.ycxtomcat.catalina.Context <init>
INFO : Deploying web application directory /Users/chuancey/Idea-Workspace/YcxTomcat/webapps/b
05 09, 2021 21:00:28 下午 cn.ycx.ycxtomcat.catalina.Context <init>
INFO : Deployment of web application directory /Users/chuancey/Idea-Workspace/YcxTomcat/webapps/b has finished in 10 ms.
05 09, 2021 21:00:28 下午 cn.ycx.ycxtomcat.catalina.Context <init>
INFO : Deploying web application directory /Users/chuancey/Idea-Workspace/webforycxtomcat/web
05 09, 2021 21:00:28 下午 cn.ycx.ycxtomcat.catalina.Context <init>
INFO : Deployment of web application directory /Users/chuancey/Idea-Workspace/webforycxtomcat/web has finished in 41 ms.
05 09, 2021 21:00:33 下午 cn.ycx.ycxtomcat.catalina.Server logJVM
INFO : OS Version:		10.12.6
05 09, 2021 21:00:33 下午 cn.ycx.ycxtomcat.catalina.Server logJVM
INFO : OS Name	:		Mac OS X
05 09, 2021 21:00:33 下午 cn.ycx.ycxtomcat.catalina.Server logJVM
INFO : Architecture:		x86_64
05 09, 2021 21:00:33 下午 cn.ycx.ycxtomcat.catalina.Server logJVM
INFO : Server version:		Ycx DiyTomcat/1.0.1
05 09, 2021 21:00:33 下午 cn.ycx.ycxtomcat.catalina.Server logJVM
INFO : Server built:		2020-04-08 10:20:22
05 09, 2021 21:00:33 下午 cn.ycx.ycxtomcat.catalina.Server logJVM
INFO : Java Home:		/Library/Java/JavaVirtualMachines/jdk1.8.0_144.jdk/Contents/Home/jre
05 09, 2021 21:00:33 下午 cn.ycx.ycxtomcat.catalina.Server logJVM
INFO : JVM Version:		1.8.0_144-b01
05 09, 2021 21:00:33 下午 cn.ycx.ycxtomcat.catalina.Server logJVM
INFO : JVM Vendor:		Oracle Corporation
05 09, 2021 21:00:33 下午 cn.ycx.ycxtomcat.catalina.Server logJVM
INFO : Server number:		1.0.1
05 09, 2021 21:00:33 下午 cn.ycx.ycxtomcat.catalina.Connector init
INFO : Initializing ProtocolHandler [http-bio-18080]
05 09, 2021 21:00:33 下午 cn.ycx.ycxtomcat.catalina.Connector init
INFO : Initializing ProtocolHandler [http-bio-18081]
05 09, 2021 21:00:33 下午 cn.ycx.ycxtomcat.catalina.Connector init
INFO : Initializing ProtocolHandler [http-bio-18082]
05 09, 2021 21:00:33 下午 cn.ycx.ycxtomcat.catalina.Service init
INFO : Initialization processed in 2 ms
05 09, 2021 21:00:33 下午 cn.ycx.ycxtomcat.catalina.Connector start
INFO : Starting ProtocolHandler [http-bio-18080]
05 09, 2021 21:00:33 下午 cn.ycx.ycxtomcat.catalina.Connector start
INFO : Starting ProtocolHandler [http-bio-18081]
05 09, 2021 21:00:33 下午 cn.ycx.ycxtomcat.catalina.Connector start
INFO : Starting ProtocolHandler [http-bio-18082]
05 09, 2021 21:00:33 下午 cn.ycx.ycxtomcat.catalina.Server start
INFO : Server startup in 28 ms
05 09, 2021 21:47:57 下午 cn.ycx.ycxtomcat.catalina.Context <init>
INFO : Deploying web application directory /Users/chuancey/Idea-Workspace/YcxTomcat/webapps/a
05 09, 2021 21:47:57 下午 cn.ycx.ycxtomcat.catalina.Context <init>
INFO : Deployment of web application directory /Users/chuancey/Idea-Workspace/YcxTomcat/webapps/a has finished in 382 ms.
05 09, 2021 21:47:57 下午 cn.ycx.ycxtomcat.catalina.Context <init>
INFO : Deploying web application directory /Users/chuancey/Idea-Workspace/YcxTomcat/webapps/b
05 09, 2021 21:47:57 下午 cn.ycx.ycxtomcat.catalina.Context <init>
INFO : Deployment of web application directory /Users/chuancey/Idea-Workspace/YcxTomcat/webapps/b has finished in 2 ms.
05 09, 2021 21:47:57 下午 cn.ycx.ycxtomcat.catalina.Context <init>
INFO : Deploying web application directory /Users/chuancey/Idea-Workspace/YcxTomcat/webapps/ROOT
05 09, 2021 21:47:57 下午 cn.ycx.ycxtomcat.catalina.Context <init>
INFO : Deployment of web application directory /Users/chuancey/Idea-Workspace/YcxTomcat/webapps/ROOT has finished in 11 ms.
05 09, 2021 21:47:57 下午 cn.ycx.ycxtomcat.catalina.Context <init>
INFO : Deploying web application directory /Users/chuancey/Idea-Workspace/YcxTomcat/webapps/b
05 09, 2021 21:47:57 下午 cn.ycx.ycxtomcat.catalina.Context <init>
INFO : Deployment of web application directory /Users/chuancey/Idea-Workspace/YcxTomcat/webapps/b has finished in 1 ms.
05 09, 2021 21:47:57 下午 cn.ycx.ycxtomcat.catalina.Context <init>
INFO : Deploying web application directory /Users/chuancey/Idea-Workspace/webforycxtomcat/web
05 09, 2021 21:47:57 下午 cn.ycx.ycxtomcat.catalina.Context <init>
INFO : Deployment of web application directory /Users/chuancey/Idea-Workspace/webforycxtomcat/web has finished in 53 ms.
05 09, 2021 21:47:57 下午 cn.ycx.ycxtomcat.catalina.Server logJVM
INFO : OS Version:		10.12.6
05 09, 2021 21:47:57 下午 cn.ycx.ycxtomcat.catalina.Server logJVM
INFO : OS Name	:		Mac OS X
05 09, 2021 21:47:57 下午 cn.ycx.ycxtomcat.catalina.Server logJVM
INFO : Architecture:		x86_64
05 09, 2021 21:47:57 下午 cn.ycx.ycxtomcat.catalina.Server logJVM
INFO : Server version:		Ycx DiyTomcat/1.0.1
05 09, 2021 21:47:57 下午 cn.ycx.ycxtomcat.catalina.Server logJVM
INFO : Server built:		2020-04-08 10:20:22
05 09, 2021 21:47:57 下午 cn.ycx.ycxtomcat.catalina.Server logJVM
INFO : Java Home:		/Library/Java/JavaVirtualMachines/jdk1.8.0_144.jdk/Contents/Home/jre
05 09, 2021 21:47:57 下午 cn.ycx.ycxtomcat.catalina.Server logJVM
INFO : JVM Version:		1.8.0_144-b01
05 09, 2021 21:47:57 下午 cn.ycx.ycxtomcat.catalina.Server logJVM
INFO : JVM Vendor:		Oracle Corporation
05 09, 2021 21:47:57 下午 cn.ycx.ycxtomcat.catalina.Server logJVM
INFO : Server number:		1.0.1
05 09, 2021 21:47:57 下午 cn.ycx.ycxtomcat.catalina.Connector init
INFO : Initializing ProtocolHandler [http-bio-18080]
05 09, 2021 21:47:57 下午 cn.ycx.ycxtomcat.catalina.Connector init
INFO : Initializing ProtocolHandler [http-bio-18081]
05 09, 2021 21:47:57 下午 cn.ycx.ycxtomcat.catalina.Connector init
INFO : Initializing ProtocolHandler [http-bio-18082]
05 09, 2021 21:47:57 下午 cn.ycx.ycxtomcat.catalina.Service init
INFO : Initialization processed in 6 ms
05 09, 2021 21:47:57 下午 cn.ycx.ycxtomcat.catalina.Connector start
INFO : Starting ProtocolHandler [http-bio-18080]
05 09, 2021 21:47:57 下午 cn.ycx.ycxtomcat.catalina.Connector start
INFO : Starting ProtocolHandler [http-bio-18081]
05 09, 2021 21:47:57 下午 cn.ycx.ycxtomcat.catalina.Connector start
INFO : Starting ProtocolHandler [http-bio-18082]
05 09, 2021 21:47:58 下午 cn.ycx.ycxtomcat.catalina.Server start
INFO : Server startup in 34 ms
05 09, 2021 21:48:05 下午 cn.ycx.ycxtomcat.catalina.HttpProcessor error
ERROR: this is a deliberately created exception
java.lang.RuntimeException: this is a deliberately created exception
	at cn.ycx.ycxtomcat.servlets.DefaultServlet.service(DefaultServlet.java:32)
	at cn.ycx.ycxtomcat.catalina.HttpProcessor.execute(HttpProcessor.java:38)
	at cn.ycx.ycxtomcat.catalina.Connector.lambda$run$0(Connector.java:48)
	at java.util.concurrent.ThreadPoolExecutor.runWorker(ThreadPoolExecutor.java:1149)
	at java.util.concurrent.ThreadPoolExecutor$Worker.run(ThreadPoolExecutor.java:624)
	at java.lang.Thread.run(Thread.java:748)
05 09, 2021 21:49:09 下午 cn.ycx.ycxtomcat.catalina.Context <init>
INFO : Deploying web application directory /Users/chuancey/Idea-Workspace/YcxTomcat/webapps/a
05 09, 2021 21:49:09 下午 cn.ycx.ycxtomcat.catalina.Context <init>
INFO : Deployment of web application directory /Users/chuancey/Idea-Workspace/YcxTomcat/webapps/a has finished in 277 ms.
05 09, 2021 21:49:09 下午 cn.ycx.ycxtomcat.catalina.Context <init>
INFO : Deploying web application directory /Users/chuancey/Idea-Workspace/YcxTomcat/webapps/b
05 09, 2021 21:49:09 下午 cn.ycx.ycxtomcat.catalina.Context <init>
INFO : Deployment of web application directory /Users/chuancey/Idea-Workspace/YcxTomcat/webapps/b has finished in 2 ms.
05 09, 2021 21:49:09 下午 cn.ycx.ycxtomcat.catalina.Context <init>
INFO : Deploying web application directory /Users/chuancey/Idea-Workspace/YcxTomcat/webapps/ROOT
05 09, 2021 21:49:09 下午 cn.ycx.ycxtomcat.catalina.Context <init>
INFO : Deployment of web application directory /Users/chuancey/Idea-Workspace/YcxTomcat/webapps/ROOT has finished in 13 ms.
05 09, 2021 21:49:09 下午 cn.ycx.ycxtomcat.catalina.Context <init>
INFO : Deploying web application directory /Users/chuancey/Idea-Workspace/YcxTomcat/webapps/b
05 09, 2021 21:49:09 下午 cn.ycx.ycxtomcat.catalina.Context <init>
INFO : Deployment of web application directory /Users/chuancey/Idea-Workspace/YcxTomcat/webapps/b has finished in 3 ms.
05 09, 2021 21:49:09 下午 cn.ycx.ycxtomcat.catalina.Context <init>
INFO : Deploying web application directory /Users/chuancey/Idea-Workspace/webforycxtomcat/web
05 09, 2021 21:49:10 下午 cn.ycx.ycxtomcat.catalina.Context <init>
INFO : Deployment of web application directory /Users/chuancey/Idea-Workspace/webforycxtomcat/web has finished in 137 ms.
05 09, 2021 21:49:10 下午 cn.ycx.ycxtomcat.catalina.Server logJVM
INFO : OS Version:		10.12.6
05 09, 2021 21:49:10 下午 cn.ycx.ycxtomcat.catalina.Server logJVM
INFO : OS Name	:		Mac OS X
05 09, 2021 21:49:10 下午 cn.ycx.ycxtomcat.catalina.Server logJVM
INFO : Architecture:		x86_64
05 09, 2021 21:49:10 下午 cn.ycx.ycxtomcat.catalina.Server logJVM
INFO : Server version:		Ycx DiyTomcat/1.0.1
05 09, 2021 21:49:10 下午 cn.ycx.ycxtomcat.catalina.Server logJVM
INFO : Server built:		2020-04-08 10:20:22
05 09, 2021 21:49:10 下午 cn.ycx.ycxtomcat.catalina.Server logJVM
INFO : Java Home:		/Library/Java/JavaVirtualMachines/jdk1.8.0_144.jdk/Contents/Home/jre
05 09, 2021 21:49:10 下午 cn.ycx.ycxtomcat.catalina.Server logJVM
INFO : JVM Version:		1.8.0_144-b01
05 09, 2021 21:49:10 下午 cn.ycx.ycxtomcat.catalina.Server logJVM
INFO : JVM Vendor:		Oracle Corporation
05 09, 2021 21:49:10 下午 cn.ycx.ycxtomcat.catalina.Server logJVM
INFO : Server number:		1.0.1
05 09, 2021 21:49:10 下午 cn.ycx.ycxtomcat.catalina.Connector init
INFO : Initializing ProtocolHandler [http-bio-18080]
05 09, 2021 21:49:10 下午 cn.ycx.ycxtomcat.catalina.Connector init
INFO : Initializing ProtocolHandler [http-bio-18081]
05 09, 2021 21:49:10 下午 cn.ycx.ycxtomcat.catalina.Connector init
INFO : Initializing ProtocolHandler [http-bio-18082]
05 09, 2021 21:49:10 下午 cn.ycx.ycxtomcat.catalina.Service init
INFO : Initialization processed in 2 ms
05 09, 2021 21:49:10 下午 cn.ycx.ycxtomcat.catalina.Connector start
INFO : Starting ProtocolHandler [http-bio-18080]
05 09, 2021 21:49:10 下午 cn.ycx.ycxtomcat.catalina.Connector start
INFO : Starting ProtocolHandler [http-bio-18081]
05 09, 2021 21:49:10 下午 cn.ycx.ycxtomcat.catalina.Connector start
INFO : Starting ProtocolHandler [http-bio-18082]
05 09, 2021 21:49:10 下午 cn.ycx.ycxtomcat.catalina.Server start
INFO : Server startup in 15 ms
05 09, 2021 21:49:18 下午 cn.ycx.ycxtomcat.catalina.HttpProcessor error
ERROR: this is a deliberately created exception
java.lang.RuntimeException: this is a deliberately created exception
	at cn.ycx.ycxtomcat.servlets.DefaultServlet.service(DefaultServlet.java:32)
	at cn.ycx.ycxtomcat.catalina.HttpProcessor.execute(HttpProcessor.java:38)
	at cn.ycx.ycxtomcat.catalina.Connector.lambda$run$0(Connector.java:48)
	at java.util.concurrent.ThreadPoolExecutor.runWorker(ThreadPoolExecutor.java:1149)
	at java.util.concurrent.ThreadPoolExecutor$Worker.run(ThreadPoolExecutor.java:624)
	at java.lang.Thread.run(Thread.java:748)
